[2021-09-29 05:45:54,901] {processor.py:162} INFO - Started process (PID=238) to work on /home/airflow/.local/lib/python3.6/site-packages/airflow/example_dags/example_skip_dag.py
[2021-09-29 05:45:54,902] {processor.py:613} INFO - Processing file /home/airflow/.local/lib/python3.6/site-packages/airflow/example_dags/example_skip_dag.py for tasks to queue
[2021-09-29 05:45:54,902] {logging_mixin.py:109} INFO - [2021-09-29 05:45:54,902] {dagbag.py:496} INFO - Filling up the DagBag from /home/airflow/.local/lib/python3.6/site-packages/airflow/example_dags/example_skip_dag.py
[2021-09-29 05:45:54,925] {processor.py:623} INFO - DAG(s) dict_keys(['example_skip_dag']) retrieved from /home/airflow/.local/lib/python3.6/site-packages/airflow/example_dags/example_skip_dag.py
[2021-09-29 05:45:57,592] {logging_mixin.py:109} INFO - [2021-09-29 05:45:57,590] {dag.py:1833} INFO - Sync 1 DAGs
[2021-09-29 05:45:57,603] {logging_mixin.py:109} INFO - [2021-09-29 05:45:57,602] {dag.py:1852} INFO - Creating ORM DAG for example_skip_dag
[2021-09-29 05:45:57,610] {logging_mixin.py:109} INFO - [2021-09-29 05:45:57,610] {dag.py:2306} INFO - Setting next_dagrun for example_skip_dag to 2021-09-27 00:00:00+00:00
[2021-09-29 05:45:57,634] {processor.py:170} INFO - Processing /home/airflow/.local/lib/python3.6/site-packages/airflow/example_dags/example_skip_dag.py took 2.737 seconds
[2021-09-29 05:46:27,868] {processor.py:162} INFO - Started process (PID=408) to work on /home/airflow/.local/lib/python3.6/site-packages/airflow/example_dags/example_skip_dag.py
[2021-09-29 05:46:27,869] {processor.py:613} INFO - Processing file /home/airflow/.local/lib/python3.6/site-packages/airflow/example_dags/example_skip_dag.py for tasks to queue
[2021-09-29 05:46:27,870] {logging_mixin.py:109} INFO - [2021-09-29 05:46:27,870] {dagbag.py:496} INFO - Filling up the DagBag from /home/airflow/.local/lib/python3.6/site-packages/airflow/example_dags/example_skip_dag.py
[2021-09-29 05:46:27,881] {processor.py:623} INFO - DAG(s) dict_keys(['example_skip_dag']) retrieved from /home/airflow/.local/lib/python3.6/site-packages/airflow/example_dags/example_skip_dag.py
[2021-09-29 05:46:27,907] {logging_mixin.py:109} INFO - [2021-09-29 05:46:27,907] {dag.py:1833} INFO - Sync 1 DAGs
[2021-09-29 05:46:27,928] {logging_mixin.py:109} INFO - [2021-09-29 05:46:27,928] {dag.py:2306} INFO - Setting next_dagrun for example_skip_dag to 2021-09-27 00:00:00+00:00
[2021-09-29 05:46:27,941] {processor.py:170} INFO - Processing /home/airflow/.local/lib/python3.6/site-packages/airflow/example_dags/example_skip_dag.py took 0.075 seconds
[2021-09-29 05:46:58,519] {processor.py:162} INFO - Started process (PID=471) to work on /home/airflow/.local/lib/python3.6/site-packages/airflow/example_dags/example_skip_dag.py
[2021-09-29 05:46:58,520] {processor.py:613} INFO - Processing file /home/airflow/.local/lib/python3.6/site-packages/airflow/example_dags/example_skip_dag.py for tasks to queue
[2021-09-29 05:46:58,520] {logging_mixin.py:109} INFO - [2021-09-29 05:46:58,520] {dagbag.py:496} INFO - Filling up the DagBag from /home/airflow/.local/lib/python3.6/site-packages/airflow/example_dags/example_skip_dag.py
[2021-09-29 05:46:58,533] {processor.py:623} INFO - DAG(s) dict_keys(['example_skip_dag']) retrieved from /home/airflow/.local/lib/python3.6/site-packages/airflow/example_dags/example_skip_dag.py
[2021-09-29 05:46:58,556] {logging_mixin.py:109} INFO - [2021-09-29 05:46:58,556] {dag.py:1833} INFO - Sync 1 DAGs
[2021-09-29 05:46:58,575] {logging_mixin.py:109} INFO - [2021-09-29 05:46:58,575] {dag.py:2306} INFO - Setting next_dagrun for example_skip_dag to 2021-09-27 00:00:00+00:00
[2021-09-29 05:46:58,588] {processor.py:170} INFO - Processing /home/airflow/.local/lib/python3.6/site-packages/airflow/example_dags/example_skip_dag.py took 0.072 seconds
[2021-09-29 05:47:28,951] {processor.py:162} INFO - Started process (PID=524) to work on /home/airflow/.local/lib/python3.6/site-packages/airflow/example_dags/example_skip_dag.py
[2021-09-29 05:47:28,952] {processor.py:613} INFO - Processing file /home/airflow/.local/lib/python3.6/site-packages/airflow/example_dags/example_skip_dag.py for tasks to queue
[2021-09-29 05:47:28,953] {logging_mixin.py:109} INFO - [2021-09-29 05:47:28,953] {dagbag.py:496} INFO - Filling up the DagBag from /home/airflow/.local/lib/python3.6/site-packages/airflow/example_dags/example_skip_dag.py
[2021-09-29 05:47:28,962] {processor.py:623} INFO - DAG(s) dict_keys(['example_skip_dag']) retrieved from /home/airflow/.local/lib/python3.6/site-packages/airflow/example_dags/example_skip_dag.py
[2021-09-29 05:47:28,980] {logging_mixin.py:109} INFO - [2021-09-29 05:47:28,980] {dag.py:1833} INFO - Sync 1 DAGs
[2021-09-29 05:47:28,997] {logging_mixin.py:109} INFO - [2021-09-29 05:47:28,997] {dag.py:2306} INFO - Setting next_dagrun for example_skip_dag to 2021-09-27 00:00:00+00:00
[2021-09-29 05:47:29,006] {processor.py:170} INFO - Processing /home/airflow/.local/lib/python3.6/site-packages/airflow/example_dags/example_skip_dag.py took 0.057 seconds
[2021-09-29 05:47:59,266] {processor.py:162} INFO - Started process (PID=586) to work on /home/airflow/.local/lib/python3.6/site-packages/airflow/example_dags/example_skip_dag.py
[2021-09-29 05:47:59,266] {processor.py:613} INFO - Processing file /home/airflow/.local/lib/python3.6/site-packages/airflow/example_dags/example_skip_dag.py for tasks to queue
[2021-09-29 05:47:59,267] {logging_mixin.py:109} INFO - [2021-09-29 05:47:59,267] {dagbag.py:496} INFO - Filling up the DagBag from /home/airflow/.local/lib/python3.6/site-packages/airflow/example_dags/example_skip_dag.py
[2021-09-29 05:47:59,276] {processor.py:623} INFO - DAG(s) dict_keys(['example_skip_dag']) retrieved from /home/airflow/.local/lib/python3.6/site-packages/airflow/example_dags/example_skip_dag.py
[2021-09-29 05:47:59,296] {logging_mixin.py:109} INFO - [2021-09-29 05:47:59,295] {dag.py:1833} INFO - Sync 1 DAGs
[2021-09-29 05:47:59,308] {logging_mixin.py:109} INFO - [2021-09-29 05:47:59,308] {dag.py:2306} INFO - Setting next_dagrun for example_skip_dag to 2021-09-27 00:00:00+00:00
[2021-09-29 05:47:59,317] {processor.py:170} INFO - Processing /home/airflow/.local/lib/python3.6/site-packages/airflow/example_dags/example_skip_dag.py took 0.053 seconds
[2021-09-29 05:48:29,608] {processor.py:162} INFO - Started process (PID=639) to work on /home/airflow/.local/lib/python3.6/site-packages/airflow/example_dags/example_skip_dag.py
[2021-09-29 05:48:29,608] {processor.py:613} INFO - Processing file /home/airflow/.local/lib/python3.6/site-packages/airflow/example_dags/example_skip_dag.py for tasks to queue
[2021-09-29 05:48:29,609] {logging_mixin.py:109} INFO - [2021-09-29 05:48:29,609] {dagbag.py:496} INFO - Filling up the DagBag from /home/airflow/.local/lib/python3.6/site-packages/airflow/example_dags/example_skip_dag.py
[2021-09-29 05:48:29,617] {processor.py:623} INFO - DAG(s) dict_keys(['example_skip_dag']) retrieved from /home/airflow/.local/lib/python3.6/site-packages/airflow/example_dags/example_skip_dag.py
[2021-09-29 05:48:29,636] {logging_mixin.py:109} INFO - [2021-09-29 05:48:29,636] {dag.py:1833} INFO - Sync 1 DAGs
[2021-09-29 05:48:29,650] {logging_mixin.py:109} INFO - [2021-09-29 05:48:29,649] {dag.py:2306} INFO - Setting next_dagrun for example_skip_dag to 2021-09-27 00:00:00+00:00
[2021-09-29 05:48:29,659] {processor.py:170} INFO - Processing /home/airflow/.local/lib/python3.6/site-packages/airflow/example_dags/example_skip_dag.py took 0.053 seconds
[2021-09-29 05:48:59,998] {processor.py:162} INFO - Started process (PID=701) to work on /home/airflow/.local/lib/python3.6/site-packages/airflow/example_dags/example_skip_dag.py
[2021-09-29 05:48:59,998] {processor.py:613} INFO - Processing file /home/airflow/.local/lib/python3.6/site-packages/airflow/example_dags/example_skip_dag.py for tasks to queue
[2021-09-29 05:48:59,999] {logging_mixin.py:109} INFO - [2021-09-29 05:48:59,999] {dagbag.py:496} INFO - Filling up the DagBag from /home/airflow/.local/lib/python3.6/site-packages/airflow/example_dags/example_skip_dag.py
[2021-09-29 05:49:00,008] {processor.py:623} INFO - DAG(s) dict_keys(['example_skip_dag']) retrieved from /home/airflow/.local/lib/python3.6/site-packages/airflow/example_dags/example_skip_dag.py
[2021-09-29 05:49:00,028] {logging_mixin.py:109} INFO - [2021-09-29 05:49:00,028] {dag.py:1833} INFO - Sync 1 DAGs
[2021-09-29 05:49:00,042] {logging_mixin.py:109} INFO - [2021-09-29 05:49:00,042] {dag.py:2306} INFO - Setting next_dagrun for example_skip_dag to 2021-09-27 00:00:00+00:00
[2021-09-29 05:49:00,050] {processor.py:170} INFO - Processing /home/airflow/.local/lib/python3.6/site-packages/airflow/example_dags/example_skip_dag.py took 0.054 seconds
[2021-09-29 05:49:30,451] {processor.py:162} INFO - Started process (PID=755) to work on /home/airflow/.local/lib/python3.6/site-packages/airflow/example_dags/example_skip_dag.py
[2021-09-29 05:49:30,451] {processor.py:613} INFO - Processing file /home/airflow/.local/lib/python3.6/site-packages/airflow/example_dags/example_skip_dag.py for tasks to queue
[2021-09-29 05:49:30,452] {logging_mixin.py:109} INFO - [2021-09-29 05:49:30,452] {dagbag.py:496} INFO - Filling up the DagBag from /home/airflow/.local/lib/python3.6/site-packages/airflow/example_dags/example_skip_dag.py
[2021-09-29 05:49:30,461] {processor.py:623} INFO - DAG(s) dict_keys(['example_skip_dag']) retrieved from /home/airflow/.local/lib/python3.6/site-packages/airflow/example_dags/example_skip_dag.py
[2021-09-29 05:49:30,482] {logging_mixin.py:109} INFO - [2021-09-29 05:49:30,482] {dag.py:1833} INFO - Sync 1 DAGs
[2021-09-29 05:49:30,495] {logging_mixin.py:109} INFO - [2021-09-29 05:49:30,495] {dag.py:2306} INFO - Setting next_dagrun for example_skip_dag to 2021-09-27 00:00:00+00:00
[2021-09-29 05:49:30,504] {processor.py:170} INFO - Processing /home/airflow/.local/lib/python3.6/site-packages/airflow/example_dags/example_skip_dag.py took 0.056 seconds
[2021-09-29 05:54:04,442] {processor.py:162} INFO - Started process (PID=237) to work on /home/airflow/.local/lib/python3.6/site-packages/airflow/example_dags/example_skip_dag.py
[2021-09-29 05:54:04,443] {processor.py:613} INFO - Processing file /home/airflow/.local/lib/python3.6/site-packages/airflow/example_dags/example_skip_dag.py for tasks to queue
[2021-09-29 05:54:04,444] {logging_mixin.py:109} INFO - [2021-09-29 05:54:04,443] {dagbag.py:496} INFO - Filling up the DagBag from /home/airflow/.local/lib/python3.6/site-packages/airflow/example_dags/example_skip_dag.py
[2021-09-29 05:54:04,454] {processor.py:623} INFO - DAG(s) dict_keys(['example_skip_dag']) retrieved from /home/airflow/.local/lib/python3.6/site-packages/airflow/example_dags/example_skip_dag.py
[2021-09-29 05:54:06,986] {logging_mixin.py:109} INFO - [2021-09-29 05:54:06,985] {dag.py:1833} INFO - Sync 1 DAGs
[2021-09-29 05:54:06,995] {logging_mixin.py:109} INFO - [2021-09-29 05:54:06,994] {dag.py:1852} INFO - Creating ORM DAG for example_skip_dag
[2021-09-29 05:54:07,000] {logging_mixin.py:109} INFO - [2021-09-29 05:54:06,999] {dag.py:2306} INFO - Setting next_dagrun for example_skip_dag to 2021-09-27 00:00:00+00:00
[2021-09-29 05:54:07,011] {processor.py:170} INFO - Processing /home/airflow/.local/lib/python3.6/site-packages/airflow/example_dags/example_skip_dag.py took 2.571 seconds
[2021-09-29 05:54:37,929] {processor.py:162} INFO - Started process (PID=414) to work on /home/airflow/.local/lib/python3.6/site-packages/airflow/example_dags/example_skip_dag.py
[2021-09-29 05:54:37,929] {processor.py:613} INFO - Processing file /home/airflow/.local/lib/python3.6/site-packages/airflow/example_dags/example_skip_dag.py for tasks to queue
[2021-09-29 05:54:37,930] {logging_mixin.py:109} INFO - [2021-09-29 05:54:37,930] {dagbag.py:496} INFO - Filling up the DagBag from /home/airflow/.local/lib/python3.6/site-packages/airflow/example_dags/example_skip_dag.py
[2021-09-29 05:54:37,938] {processor.py:623} INFO - DAG(s) dict_keys(['example_skip_dag']) retrieved from /home/airflow/.local/lib/python3.6/site-packages/airflow/example_dags/example_skip_dag.py
[2021-09-29 05:54:37,958] {logging_mixin.py:109} INFO - [2021-09-29 05:54:37,958] {dag.py:1833} INFO - Sync 1 DAGs
[2021-09-29 05:54:37,978] {logging_mixin.py:109} INFO - [2021-09-29 05:54:37,978] {dag.py:2306} INFO - Setting next_dagrun for example_skip_dag to 2021-09-27 00:00:00+00:00
[2021-09-29 05:54:37,988] {processor.py:170} INFO - Processing /home/airflow/.local/lib/python3.6/site-packages/airflow/example_dags/example_skip_dag.py took 0.062 seconds
[2021-09-29 05:55:08,487] {processor.py:162} INFO - Started process (PID=467) to work on /home/airflow/.local/lib/python3.6/site-packages/airflow/example_dags/example_skip_dag.py
[2021-09-29 05:55:08,487] {processor.py:613} INFO - Processing file /home/airflow/.local/lib/python3.6/site-packages/airflow/example_dags/example_skip_dag.py for tasks to queue
[2021-09-29 05:55:08,488] {logging_mixin.py:109} INFO - [2021-09-29 05:55:08,488] {dagbag.py:496} INFO - Filling up the DagBag from /home/airflow/.local/lib/python3.6/site-packages/airflow/example_dags/example_skip_dag.py
[2021-09-29 05:55:08,496] {processor.py:623} INFO - DAG(s) dict_keys(['example_skip_dag']) retrieved from /home/airflow/.local/lib/python3.6/site-packages/airflow/example_dags/example_skip_dag.py
[2021-09-29 05:55:08,513] {logging_mixin.py:109} INFO - [2021-09-29 05:55:08,513] {dag.py:1833} INFO - Sync 1 DAGs
[2021-09-29 05:55:08,529] {logging_mixin.py:109} INFO - [2021-09-29 05:55:08,529] {dag.py:2306} INFO - Setting next_dagrun for example_skip_dag to 2021-09-27 00:00:00+00:00
[2021-09-29 05:55:08,545] {processor.py:170} INFO - Processing /home/airflow/.local/lib/python3.6/site-packages/airflow/example_dags/example_skip_dag.py took 0.060 seconds
[2021-09-29 05:55:38,973] {processor.py:162} INFO - Started process (PID=530) to work on /home/airflow/.local/lib/python3.6/site-packages/airflow/example_dags/example_skip_dag.py
[2021-09-29 05:55:38,973] {processor.py:613} INFO - Processing file /home/airflow/.local/lib/python3.6/site-packages/airflow/example_dags/example_skip_dag.py for tasks to queue
[2021-09-29 05:55:38,974] {logging_mixin.py:109} INFO - [2021-09-29 05:55:38,974] {dagbag.py:496} INFO - Filling up the DagBag from /home/airflow/.local/lib/python3.6/site-packages/airflow/example_dags/example_skip_dag.py
[2021-09-29 05:55:38,982] {processor.py:623} INFO - DAG(s) dict_keys(['example_skip_dag']) retrieved from /home/airflow/.local/lib/python3.6/site-packages/airflow/example_dags/example_skip_dag.py
[2021-09-29 05:55:38,998] {logging_mixin.py:109} INFO - [2021-09-29 05:55:38,998] {dag.py:1833} INFO - Sync 1 DAGs
[2021-09-29 05:55:39,012] {logging_mixin.py:109} INFO - [2021-09-29 05:55:39,011] {dag.py:2306} INFO - Setting next_dagrun for example_skip_dag to 2021-09-27 00:00:00+00:00
[2021-09-29 05:55:39,020] {processor.py:170} INFO - Processing /home/airflow/.local/lib/python3.6/site-packages/airflow/example_dags/example_skip_dag.py took 0.049 seconds
[2021-09-29 05:56:09,322] {processor.py:162} INFO - Started process (PID=593) to work on /home/airflow/.local/lib/python3.6/site-packages/airflow/example_dags/example_skip_dag.py
[2021-09-29 05:56:09,323] {processor.py:613} INFO - Processing file /home/airflow/.local/lib/python3.6/site-packages/airflow/example_dags/example_skip_dag.py for tasks to queue
[2021-09-29 05:56:09,323] {logging_mixin.py:109} INFO - [2021-09-29 05:56:09,323] {dagbag.py:496} INFO - Filling up the DagBag from /home/airflow/.local/lib/python3.6/site-packages/airflow/example_dags/example_skip_dag.py
[2021-09-29 05:56:09,333] {processor.py:623} INFO - DAG(s) dict_keys(['example_skip_dag']) retrieved from /home/airflow/.local/lib/python3.6/site-packages/airflow/example_dags/example_skip_dag.py
[2021-09-29 05:56:09,353] {logging_mixin.py:109} INFO - [2021-09-29 05:56:09,353] {dag.py:1833} INFO - Sync 1 DAGs
[2021-09-29 05:56:09,368] {logging_mixin.py:109} INFO - [2021-09-29 05:56:09,368] {dag.py:2306} INFO - Setting next_dagrun for example_skip_dag to 2021-09-27 00:00:00+00:00
[2021-09-29 05:56:09,376] {processor.py:170} INFO - Processing /home/airflow/.local/lib/python3.6/site-packages/airflow/example_dags/example_skip_dag.py took 0.056 seconds
[2021-09-29 05:56:39,611] {processor.py:162} INFO - Started process (PID=646) to work on /home/airflow/.local/lib/python3.6/site-packages/airflow/example_dags/example_skip_dag.py
[2021-09-29 05:56:39,611] {processor.py:613} INFO - Processing file /home/airflow/.local/lib/python3.6/site-packages/airflow/example_dags/example_skip_dag.py for tasks to queue
[2021-09-29 05:56:39,612] {logging_mixin.py:109} INFO - [2021-09-29 05:56:39,612] {dagbag.py:496} INFO - Filling up the DagBag from /home/airflow/.local/lib/python3.6/site-packages/airflow/example_dags/example_skip_dag.py
[2021-09-29 05:56:39,623] {processor.py:623} INFO - DAG(s) dict_keys(['example_skip_dag']) retrieved from /home/airflow/.local/lib/python3.6/site-packages/airflow/example_dags/example_skip_dag.py
[2021-09-29 05:56:39,643] {logging_mixin.py:109} INFO - [2021-09-29 05:56:39,643] {dag.py:1833} INFO - Sync 1 DAGs
[2021-09-29 05:56:39,659] {logging_mixin.py:109} INFO - [2021-09-29 05:56:39,659] {dag.py:2306} INFO - Setting next_dagrun for example_skip_dag to 2021-09-27 00:00:00+00:00
[2021-09-29 05:56:39,668] {processor.py:170} INFO - Processing /home/airflow/.local/lib/python3.6/site-packages/airflow/example_dags/example_skip_dag.py took 0.060 seconds
[2021-09-29 06:00:03,867] {processor.py:162} INFO - Started process (PID=255) to work on /home/airflow/.local/lib/python3.6/site-packages/airflow/example_dags/example_skip_dag.py
[2021-09-29 06:00:03,868] {processor.py:613} INFO - Processing file /home/airflow/.local/lib/python3.6/site-packages/airflow/example_dags/example_skip_dag.py for tasks to queue
[2021-09-29 06:00:03,869] {logging_mixin.py:109} INFO - [2021-09-29 06:00:03,869] {dagbag.py:496} INFO - Filling up the DagBag from /home/airflow/.local/lib/python3.6/site-packages/airflow/example_dags/example_skip_dag.py
[2021-09-29 06:00:03,882] {processor.py:623} INFO - DAG(s) dict_keys(['example_skip_dag']) retrieved from /home/airflow/.local/lib/python3.6/site-packages/airflow/example_dags/example_skip_dag.py
[2021-09-29 06:00:06,358] {logging_mixin.py:109} INFO - [2021-09-29 06:00:06,356] {dag.py:1833} INFO - Sync 1 DAGs
[2021-09-29 06:00:06,371] {logging_mixin.py:109} INFO - [2021-09-29 06:00:06,369] {dag.py:1852} INFO - Creating ORM DAG for example_skip_dag
[2021-09-29 06:00:06,377] {logging_mixin.py:109} INFO - [2021-09-29 06:00:06,376] {dag.py:2306} INFO - Setting next_dagrun for example_skip_dag to 2021-09-27 00:00:00+00:00
[2021-09-29 06:00:06,389] {processor.py:170} INFO - Processing /home/airflow/.local/lib/python3.6/site-packages/airflow/example_dags/example_skip_dag.py took 2.525 seconds
[2021-09-29 06:00:36,825] {processor.py:162} INFO - Started process (PID=421) to work on /home/airflow/.local/lib/python3.6/site-packages/airflow/example_dags/example_skip_dag.py
[2021-09-29 06:00:36,826] {processor.py:613} INFO - Processing file /home/airflow/.local/lib/python3.6/site-packages/airflow/example_dags/example_skip_dag.py for tasks to queue
[2021-09-29 06:00:36,826] {logging_mixin.py:109} INFO - [2021-09-29 06:00:36,826] {dagbag.py:496} INFO - Filling up the DagBag from /home/airflow/.local/lib/python3.6/site-packages/airflow/example_dags/example_skip_dag.py
[2021-09-29 06:00:36,837] {processor.py:623} INFO - DAG(s) dict_keys(['example_skip_dag']) retrieved from /home/airflow/.local/lib/python3.6/site-packages/airflow/example_dags/example_skip_dag.py
[2021-09-29 06:00:36,858] {logging_mixin.py:109} INFO - [2021-09-29 06:00:36,858] {dag.py:1833} INFO - Sync 1 DAGs
[2021-09-29 06:00:36,877] {logging_mixin.py:109} INFO - [2021-09-29 06:00:36,877] {dag.py:2306} INFO - Setting next_dagrun for example_skip_dag to 2021-09-27 00:00:00+00:00
[2021-09-29 06:00:36,890] {processor.py:170} INFO - Processing /home/airflow/.local/lib/python3.6/site-packages/airflow/example_dags/example_skip_dag.py took 0.067 seconds
[2021-09-29 06:01:07,583] {processor.py:162} INFO - Started process (PID=486) to work on /home/airflow/.local/lib/python3.6/site-packages/airflow/example_dags/example_skip_dag.py
[2021-09-29 06:01:07,584] {processor.py:613} INFO - Processing file /home/airflow/.local/lib/python3.6/site-packages/airflow/example_dags/example_skip_dag.py for tasks to queue
[2021-09-29 06:01:07,584] {logging_mixin.py:109} INFO - [2021-09-29 06:01:07,584] {dagbag.py:496} INFO - Filling up the DagBag from /home/airflow/.local/lib/python3.6/site-packages/airflow/example_dags/example_skip_dag.py
[2021-09-29 06:01:07,593] {processor.py:623} INFO - DAG(s) dict_keys(['example_skip_dag']) retrieved from /home/airflow/.local/lib/python3.6/site-packages/airflow/example_dags/example_skip_dag.py
[2021-09-29 06:01:07,613] {logging_mixin.py:109} INFO - [2021-09-29 06:01:07,612] {dag.py:1833} INFO - Sync 1 DAGs
[2021-09-29 06:01:07,630] {logging_mixin.py:109} INFO - [2021-09-29 06:01:07,630] {dag.py:2306} INFO - Setting next_dagrun for example_skip_dag to 2021-09-27 00:00:00+00:00
[2021-09-29 06:01:07,640] {processor.py:170} INFO - Processing /home/airflow/.local/lib/python3.6/site-packages/airflow/example_dags/example_skip_dag.py took 0.060 seconds
[2021-09-29 06:01:38,144] {processor.py:162} INFO - Started process (PID=538) to work on /home/airflow/.local/lib/python3.6/site-packages/airflow/example_dags/example_skip_dag.py
[2021-09-29 06:01:38,145] {processor.py:613} INFO - Processing file /home/airflow/.local/lib/python3.6/site-packages/airflow/example_dags/example_skip_dag.py for tasks to queue
[2021-09-29 06:01:38,146] {logging_mixin.py:109} INFO - [2021-09-29 06:01:38,146] {dagbag.py:496} INFO - Filling up the DagBag from /home/airflow/.local/lib/python3.6/site-packages/airflow/example_dags/example_skip_dag.py
[2021-09-29 06:01:38,156] {processor.py:623} INFO - DAG(s) dict_keys(['example_skip_dag']) retrieved from /home/airflow/.local/lib/python3.6/site-packages/airflow/example_dags/example_skip_dag.py
[2021-09-29 06:01:38,177] {logging_mixin.py:109} INFO - [2021-09-29 06:01:38,177] {dag.py:1833} INFO - Sync 1 DAGs
[2021-09-29 06:01:38,192] {logging_mixin.py:109} INFO - [2021-09-29 06:01:38,192] {dag.py:2306} INFO - Setting next_dagrun for example_skip_dag to 2021-09-27 00:00:00+00:00
[2021-09-29 06:01:38,201] {processor.py:170} INFO - Processing /home/airflow/.local/lib/python3.6/site-packages/airflow/example_dags/example_skip_dag.py took 0.059 seconds
[2021-09-29 06:02:08,396] {processor.py:162} INFO - Started process (PID=601) to work on /home/airflow/.local/lib/python3.6/site-packages/airflow/example_dags/example_skip_dag.py
[2021-09-29 06:02:08,397] {processor.py:613} INFO - Processing file /home/airflow/.local/lib/python3.6/site-packages/airflow/example_dags/example_skip_dag.py for tasks to queue
[2021-09-29 06:02:08,398] {logging_mixin.py:109} INFO - [2021-09-29 06:02:08,398] {dagbag.py:496} INFO - Filling up the DagBag from /home/airflow/.local/lib/python3.6/site-packages/airflow/example_dags/example_skip_dag.py
[2021-09-29 06:02:08,409] {processor.py:623} INFO - DAG(s) dict_keys(['example_skip_dag']) retrieved from /home/airflow/.local/lib/python3.6/site-packages/airflow/example_dags/example_skip_dag.py
[2021-09-29 06:02:08,437] {logging_mixin.py:109} INFO - [2021-09-29 06:02:08,437] {dag.py:1833} INFO - Sync 1 DAGs
[2021-09-29 06:02:08,455] {logging_mixin.py:109} INFO - [2021-09-29 06:02:08,454] {dag.py:2306} INFO - Setting next_dagrun for example_skip_dag to 2021-09-27 00:00:00+00:00
[2021-09-29 06:02:08,466] {processor.py:170} INFO - Processing /home/airflow/.local/lib/python3.6/site-packages/airflow/example_dags/example_skip_dag.py took 0.072 seconds
[2021-09-29 06:02:38,842] {processor.py:162} INFO - Started process (PID=669) to work on /home/airflow/.local/lib/python3.6/site-packages/airflow/example_dags/example_skip_dag.py
[2021-09-29 06:02:38,843] {processor.py:613} INFO - Processing file /home/airflow/.local/lib/python3.6/site-packages/airflow/example_dags/example_skip_dag.py for tasks to queue
[2021-09-29 06:02:38,843] {logging_mixin.py:109} INFO - [2021-09-29 06:02:38,843] {dagbag.py:496} INFO - Filling up the DagBag from /home/airflow/.local/lib/python3.6/site-packages/airflow/example_dags/example_skip_dag.py
[2021-09-29 06:02:38,854] {processor.py:623} INFO - DAG(s) dict_keys(['example_skip_dag']) retrieved from /home/airflow/.local/lib/python3.6/site-packages/airflow/example_dags/example_skip_dag.py
[2021-09-29 06:02:38,876] {logging_mixin.py:109} INFO - [2021-09-29 06:02:38,876] {dag.py:1833} INFO - Sync 1 DAGs
[2021-09-29 06:02:38,891] {logging_mixin.py:109} INFO - [2021-09-29 06:02:38,890] {dag.py:2306} INFO - Setting next_dagrun for example_skip_dag to 2021-09-27 00:00:00+00:00
[2021-09-29 06:02:38,901] {processor.py:170} INFO - Processing /home/airflow/.local/lib/python3.6/site-packages/airflow/example_dags/example_skip_dag.py took 0.061 seconds
[2021-09-29 06:03:09,317] {processor.py:162} INFO - Started process (PID=724) to work on /home/airflow/.local/lib/python3.6/site-packages/airflow/example_dags/example_skip_dag.py
[2021-09-29 06:03:09,317] {processor.py:613} INFO - Processing file /home/airflow/.local/lib/python3.6/site-packages/airflow/example_dags/example_skip_dag.py for tasks to queue
[2021-09-29 06:03:09,318] {logging_mixin.py:109} INFO - [2021-09-29 06:03:09,318] {dagbag.py:496} INFO - Filling up the DagBag from /home/airflow/.local/lib/python3.6/site-packages/airflow/example_dags/example_skip_dag.py
[2021-09-29 06:03:09,328] {processor.py:623} INFO - DAG(s) dict_keys(['example_skip_dag']) retrieved from /home/airflow/.local/lib/python3.6/site-packages/airflow/example_dags/example_skip_dag.py
[2021-09-29 06:03:09,350] {logging_mixin.py:109} INFO - [2021-09-29 06:03:09,349] {dag.py:1833} INFO - Sync 1 DAGs
[2021-09-29 06:03:09,362] {logging_mixin.py:109} INFO - [2021-09-29 06:03:09,362] {dag.py:2306} INFO - Setting next_dagrun for example_skip_dag to 2021-09-27 00:00:00+00:00
[2021-09-29 06:03:09,372] {processor.py:170} INFO - Processing /home/airflow/.local/lib/python3.6/site-packages/airflow/example_dags/example_skip_dag.py took 0.057 seconds
[2021-09-29 06:03:39,776] {processor.py:162} INFO - Started process (PID=787) to work on /home/airflow/.local/lib/python3.6/site-packages/airflow/example_dags/example_skip_dag.py
[2021-09-29 06:03:39,777] {processor.py:613} INFO - Processing file /home/airflow/.local/lib/python3.6/site-packages/airflow/example_dags/example_skip_dag.py for tasks to queue
[2021-09-29 06:03:39,777] {logging_mixin.py:109} INFO - [2021-09-29 06:03:39,777] {dagbag.py:496} INFO - Filling up the DagBag from /home/airflow/.local/lib/python3.6/site-packages/airflow/example_dags/example_skip_dag.py
[2021-09-29 06:03:39,789] {processor.py:623} INFO - DAG(s) dict_keys(['example_skip_dag']) retrieved from /home/airflow/.local/lib/python3.6/site-packages/airflow/example_dags/example_skip_dag.py
[2021-09-29 06:03:39,818] {logging_mixin.py:109} INFO - [2021-09-29 06:03:39,818] {dag.py:1833} INFO - Sync 1 DAGs
[2021-09-29 06:03:39,834] {logging_mixin.py:109} INFO - [2021-09-29 06:03:39,834] {dag.py:2306} INFO - Setting next_dagrun for example_skip_dag to 2021-09-27 00:00:00+00:00
[2021-09-29 06:03:39,843] {processor.py:170} INFO - Processing /home/airflow/.local/lib/python3.6/site-packages/airflow/example_dags/example_skip_dag.py took 0.070 seconds
[2021-09-29 06:04:10,244] {processor.py:162} INFO - Started process (PID=840) to work on /home/airflow/.local/lib/python3.6/site-packages/airflow/example_dags/example_skip_dag.py
[2021-09-29 06:04:10,245] {processor.py:613} INFO - Processing file /home/airflow/.local/lib/python3.6/site-packages/airflow/example_dags/example_skip_dag.py for tasks to queue
[2021-09-29 06:04:10,246] {logging_mixin.py:109} INFO - [2021-09-29 06:04:10,246] {dagbag.py:496} INFO - Filling up the DagBag from /home/airflow/.local/lib/python3.6/site-packages/airflow/example_dags/example_skip_dag.py
[2021-09-29 06:04:10,263] {processor.py:623} INFO - DAG(s) dict_keys(['example_skip_dag']) retrieved from /home/airflow/.local/lib/python3.6/site-packages/airflow/example_dags/example_skip_dag.py
[2021-09-29 06:04:10,285] {logging_mixin.py:109} INFO - [2021-09-29 06:04:10,285] {dag.py:1833} INFO - Sync 1 DAGs
[2021-09-29 06:04:10,298] {logging_mixin.py:109} INFO - [2021-09-29 06:04:10,298] {dag.py:2306} INFO - Setting next_dagrun for example_skip_dag to 2021-09-27 00:00:00+00:00
[2021-09-29 06:04:10,307] {processor.py:170} INFO - Processing /home/airflow/.local/lib/python3.6/site-packages/airflow/example_dags/example_skip_dag.py took 0.067 seconds
[2021-09-29 06:04:40,756] {processor.py:162} INFO - Started process (PID=902) to work on /home/airflow/.local/lib/python3.6/site-packages/airflow/example_dags/example_skip_dag.py
[2021-09-29 06:04:40,756] {processor.py:613} INFO - Processing file /home/airflow/.local/lib/python3.6/site-packages/airflow/example_dags/example_skip_dag.py for tasks to queue
[2021-09-29 06:04:40,757] {logging_mixin.py:109} INFO - [2021-09-29 06:04:40,757] {dagbag.py:496} INFO - Filling up the DagBag from /home/airflow/.local/lib/python3.6/site-packages/airflow/example_dags/example_skip_dag.py
[2021-09-29 06:04:40,767] {processor.py:623} INFO - DAG(s) dict_keys(['example_skip_dag']) retrieved from /home/airflow/.local/lib/python3.6/site-packages/airflow/example_dags/example_skip_dag.py
[2021-09-29 06:04:40,787] {logging_mixin.py:109} INFO - [2021-09-29 06:04:40,786] {dag.py:1833} INFO - Sync 1 DAGs
[2021-09-29 06:04:40,800] {logging_mixin.py:109} INFO - [2021-09-29 06:04:40,799] {dag.py:2306} INFO - Setting next_dagrun for example_skip_dag to 2021-09-27 00:00:00+00:00
[2021-09-29 06:04:40,808] {processor.py:170} INFO - Processing /home/airflow/.local/lib/python3.6/site-packages/airflow/example_dags/example_skip_dag.py took 0.055 seconds
[2021-09-29 06:05:11,337] {processor.py:162} INFO - Started process (PID=955) to work on /home/airflow/.local/lib/python3.6/site-packages/airflow/example_dags/example_skip_dag.py
[2021-09-29 06:05:11,338] {processor.py:613} INFO - Processing file /home/airflow/.local/lib/python3.6/site-packages/airflow/example_dags/example_skip_dag.py for tasks to queue
[2021-09-29 06:05:11,338] {logging_mixin.py:109} INFO - [2021-09-29 06:05:11,338] {dagbag.py:496} INFO - Filling up the DagBag from /home/airflow/.local/lib/python3.6/site-packages/airflow/example_dags/example_skip_dag.py
[2021-09-29 06:05:11,356] {processor.py:623} INFO - DAG(s) dict_keys(['example_skip_dag']) retrieved from /home/airflow/.local/lib/python3.6/site-packages/airflow/example_dags/example_skip_dag.py
[2021-09-29 06:05:11,381] {logging_mixin.py:109} INFO - [2021-09-29 06:05:11,380] {dag.py:1833} INFO - Sync 1 DAGs
[2021-09-29 06:05:11,398] {logging_mixin.py:109} INFO - [2021-09-29 06:05:11,398] {dag.py:2306} INFO - Setting next_dagrun for example_skip_dag to 2021-09-27 00:00:00+00:00
[2021-09-29 06:05:11,415] {processor.py:170} INFO - Processing /home/airflow/.local/lib/python3.6/site-packages/airflow/example_dags/example_skip_dag.py took 0.082 seconds
[2021-09-29 06:05:41,945] {processor.py:162} INFO - Started process (PID=1018) to work on /home/airflow/.local/lib/python3.6/site-packages/airflow/example_dags/example_skip_dag.py
[2021-09-29 06:05:41,947] {processor.py:613} INFO - Processing file /home/airflow/.local/lib/python3.6/site-packages/airflow/example_dags/example_skip_dag.py for tasks to queue
[2021-09-29 06:05:41,948] {logging_mixin.py:109} INFO - [2021-09-29 06:05:41,948] {dagbag.py:496} INFO - Filling up the DagBag from /home/airflow/.local/lib/python3.6/site-packages/airflow/example_dags/example_skip_dag.py
[2021-09-29 06:05:41,968] {processor.py:623} INFO - DAG(s) dict_keys(['example_skip_dag']) retrieved from /home/airflow/.local/lib/python3.6/site-packages/airflow/example_dags/example_skip_dag.py
[2021-09-29 06:05:41,999] {logging_mixin.py:109} INFO - [2021-09-29 06:05:41,999] {dag.py:1833} INFO - Sync 1 DAGs
[2021-09-29 06:05:42,022] {logging_mixin.py:109} INFO - [2021-09-29 06:05:42,021] {dag.py:2306} INFO - Setting next_dagrun for example_skip_dag to 2021-09-27 00:00:00+00:00
[2021-09-29 06:05:42,047] {processor.py:170} INFO - Processing /home/airflow/.local/lib/python3.6/site-packages/airflow/example_dags/example_skip_dag.py took 0.105 seconds
[2021-09-29 06:06:12,327] {processor.py:162} INFO - Started process (PID=1072) to work on /home/airflow/.local/lib/python3.6/site-packages/airflow/example_dags/example_skip_dag.py
[2021-09-29 06:06:12,336] {processor.py:613} INFO - Processing file /home/airflow/.local/lib/python3.6/site-packages/airflow/example_dags/example_skip_dag.py for tasks to queue
[2021-09-29 06:06:12,337] {logging_mixin.py:109} INFO - [2021-09-29 06:06:12,337] {dagbag.py:496} INFO - Filling up the DagBag from /home/airflow/.local/lib/python3.6/site-packages/airflow/example_dags/example_skip_dag.py
[2021-09-29 06:06:12,351] {processor.py:623} INFO - DAG(s) dict_keys(['example_skip_dag']) retrieved from /home/airflow/.local/lib/python3.6/site-packages/airflow/example_dags/example_skip_dag.py
[2021-09-29 06:06:12,382] {logging_mixin.py:109} INFO - [2021-09-29 06:06:12,382] {dag.py:1833} INFO - Sync 1 DAGs
[2021-09-29 06:06:12,396] {logging_mixin.py:109} INFO - [2021-09-29 06:06:12,396] {dag.py:2306} INFO - Setting next_dagrun for example_skip_dag to 2021-09-27 00:00:00+00:00
[2021-09-29 06:06:12,409] {processor.py:170} INFO - Processing /home/airflow/.local/lib/python3.6/site-packages/airflow/example_dags/example_skip_dag.py took 0.086 seconds
[2021-09-29 06:06:43,101] {processor.py:162} INFO - Started process (PID=1135) to work on /home/airflow/.local/lib/python3.6/site-packages/airflow/example_dags/example_skip_dag.py
[2021-09-29 06:06:43,101] {processor.py:613} INFO - Processing file /home/airflow/.local/lib/python3.6/site-packages/airflow/example_dags/example_skip_dag.py for tasks to queue
[2021-09-29 06:06:43,102] {logging_mixin.py:109} INFO - [2021-09-29 06:06:43,102] {dagbag.py:496} INFO - Filling up the DagBag from /home/airflow/.local/lib/python3.6/site-packages/airflow/example_dags/example_skip_dag.py
[2021-09-29 06:06:43,109] {processor.py:623} INFO - DAG(s) dict_keys(['example_skip_dag']) retrieved from /home/airflow/.local/lib/python3.6/site-packages/airflow/example_dags/example_skip_dag.py
[2021-09-29 06:06:43,128] {logging_mixin.py:109} INFO - [2021-09-29 06:06:43,127] {dag.py:1833} INFO - Sync 1 DAGs
[2021-09-29 06:06:43,140] {logging_mixin.py:109} INFO - [2021-09-29 06:06:43,140] {dag.py:2306} INFO - Setting next_dagrun for example_skip_dag to 2021-09-27 00:00:00+00:00
[2021-09-29 06:06:43,154] {processor.py:170} INFO - Processing /home/airflow/.local/lib/python3.6/site-packages/airflow/example_dags/example_skip_dag.py took 0.055 seconds
[2021-09-29 06:07:13,193] {processor.py:162} INFO - Started process (PID=1197) to work on /home/airflow/.local/lib/python3.6/site-packages/airflow/example_dags/example_skip_dag.py
[2021-09-29 06:07:13,194] {processor.py:613} INFO - Processing file /home/airflow/.local/lib/python3.6/site-packages/airflow/example_dags/example_skip_dag.py for tasks to queue
[2021-09-29 06:07:13,195] {logging_mixin.py:109} INFO - [2021-09-29 06:07:13,195] {dagbag.py:496} INFO - Filling up the DagBag from /home/airflow/.local/lib/python3.6/site-packages/airflow/example_dags/example_skip_dag.py
[2021-09-29 06:07:13,203] {processor.py:623} INFO - DAG(s) dict_keys(['example_skip_dag']) retrieved from /home/airflow/.local/lib/python3.6/site-packages/airflow/example_dags/example_skip_dag.py
[2021-09-29 06:07:13,219] {logging_mixin.py:109} INFO - [2021-09-29 06:07:13,219] {dag.py:1833} INFO - Sync 1 DAGs
[2021-09-29 06:07:13,232] {logging_mixin.py:109} INFO - [2021-09-29 06:07:13,232] {dag.py:2306} INFO - Setting next_dagrun for example_skip_dag to 2021-09-27 00:00:00+00:00
[2021-09-29 06:07:13,241] {processor.py:170} INFO - Processing /home/airflow/.local/lib/python3.6/site-packages/airflow/example_dags/example_skip_dag.py took 0.050 seconds
[2021-09-29 06:07:43,410] {processor.py:162} INFO - Started process (PID=1250) to work on /home/airflow/.local/lib/python3.6/site-packages/airflow/example_dags/example_skip_dag.py
[2021-09-29 06:07:43,411] {processor.py:613} INFO - Processing file /home/airflow/.local/lib/python3.6/site-packages/airflow/example_dags/example_skip_dag.py for tasks to queue
[2021-09-29 06:07:43,412] {logging_mixin.py:109} INFO - [2021-09-29 06:07:43,412] {dagbag.py:496} INFO - Filling up the DagBag from /home/airflow/.local/lib/python3.6/site-packages/airflow/example_dags/example_skip_dag.py
[2021-09-29 06:07:43,420] {processor.py:623} INFO - DAG(s) dict_keys(['example_skip_dag']) retrieved from /home/airflow/.local/lib/python3.6/site-packages/airflow/example_dags/example_skip_dag.py
[2021-09-29 06:07:43,439] {logging_mixin.py:109} INFO - [2021-09-29 06:07:43,439] {dag.py:1833} INFO - Sync 1 DAGs
[2021-09-29 06:07:43,452] {logging_mixin.py:109} INFO - [2021-09-29 06:07:43,452] {dag.py:2306} INFO - Setting next_dagrun for example_skip_dag to 2021-09-27 00:00:00+00:00
[2021-09-29 06:07:43,465] {processor.py:170} INFO - Processing /home/airflow/.local/lib/python3.6/site-packages/airflow/example_dags/example_skip_dag.py took 0.057 seconds
[2021-09-29 06:08:13,512] {processor.py:162} INFO - Started process (PID=1313) to work on /home/airflow/.local/lib/python3.6/site-packages/airflow/example_dags/example_skip_dag.py
[2021-09-29 06:08:13,512] {processor.py:613} INFO - Processing file /home/airflow/.local/lib/python3.6/site-packages/airflow/example_dags/example_skip_dag.py for tasks to queue
[2021-09-29 06:08:13,513] {logging_mixin.py:109} INFO - [2021-09-29 06:08:13,513] {dagbag.py:496} INFO - Filling up the DagBag from /home/airflow/.local/lib/python3.6/site-packages/airflow/example_dags/example_skip_dag.py
[2021-09-29 06:08:13,523] {processor.py:623} INFO - DAG(s) dict_keys(['example_skip_dag']) retrieved from /home/airflow/.local/lib/python3.6/site-packages/airflow/example_dags/example_skip_dag.py
[2021-09-29 06:08:13,545] {logging_mixin.py:109} INFO - [2021-09-29 06:08:13,544] {dag.py:1833} INFO - Sync 1 DAGs
[2021-09-29 06:08:13,564] {logging_mixin.py:109} INFO - [2021-09-29 06:08:13,564] {dag.py:2306} INFO - Setting next_dagrun for example_skip_dag to 2021-09-27 00:00:00+00:00
[2021-09-29 06:08:13,581] {processor.py:170} INFO - Processing /home/airflow/.local/lib/python3.6/site-packages/airflow/example_dags/example_skip_dag.py took 0.071 seconds
[2021-09-29 06:08:43,988] {processor.py:162} INFO - Started process (PID=1366) to work on /home/airflow/.local/lib/python3.6/site-packages/airflow/example_dags/example_skip_dag.py
[2021-09-29 06:08:43,989] {processor.py:613} INFO - Processing file /home/airflow/.local/lib/python3.6/site-packages/airflow/example_dags/example_skip_dag.py for tasks to queue
[2021-09-29 06:08:43,989] {logging_mixin.py:109} INFO - [2021-09-29 06:08:43,989] {dagbag.py:496} INFO - Filling up the DagBag from /home/airflow/.local/lib/python3.6/site-packages/airflow/example_dags/example_skip_dag.py
[2021-09-29 06:08:44,000] {processor.py:623} INFO - DAG(s) dict_keys(['example_skip_dag']) retrieved from /home/airflow/.local/lib/python3.6/site-packages/airflow/example_dags/example_skip_dag.py
[2021-09-29 06:08:44,027] {logging_mixin.py:109} INFO - [2021-09-29 06:08:44,027] {dag.py:1833} INFO - Sync 1 DAGs
[2021-09-29 06:08:44,044] {logging_mixin.py:109} INFO - [2021-09-29 06:08:44,044] {dag.py:2306} INFO - Setting next_dagrun for example_skip_dag to 2021-09-27 00:00:00+00:00
[2021-09-29 06:08:44,063] {processor.py:170} INFO - Processing /home/airflow/.local/lib/python3.6/site-packages/airflow/example_dags/example_skip_dag.py took 0.079 seconds
[2021-09-29 06:09:14,464] {processor.py:162} INFO - Started process (PID=1428) to work on /home/airflow/.local/lib/python3.6/site-packages/airflow/example_dags/example_skip_dag.py
[2021-09-29 06:09:14,465] {processor.py:613} INFO - Processing file /home/airflow/.local/lib/python3.6/site-packages/airflow/example_dags/example_skip_dag.py for tasks to queue
[2021-09-29 06:09:14,465] {logging_mixin.py:109} INFO - [2021-09-29 06:09:14,465] {dagbag.py:496} INFO - Filling up the DagBag from /home/airflow/.local/lib/python3.6/site-packages/airflow/example_dags/example_skip_dag.py
[2021-09-29 06:09:14,473] {processor.py:623} INFO - DAG(s) dict_keys(['example_skip_dag']) retrieved from /home/airflow/.local/lib/python3.6/site-packages/airflow/example_dags/example_skip_dag.py
[2021-09-29 06:09:14,494] {logging_mixin.py:109} INFO - [2021-09-29 06:09:14,494] {dag.py:1833} INFO - Sync 1 DAGs
[2021-09-29 06:09:14,510] {logging_mixin.py:109} INFO - [2021-09-29 06:09:14,510] {dag.py:2306} INFO - Setting next_dagrun for example_skip_dag to 2021-09-27 00:00:00+00:00
[2021-09-29 06:09:14,520] {processor.py:170} INFO - Processing /home/airflow/.local/lib/python3.6/site-packages/airflow/example_dags/example_skip_dag.py took 0.059 seconds
[2021-09-29 06:09:44,616] {processor.py:162} INFO - Started process (PID=1491) to work on /home/airflow/.local/lib/python3.6/site-packages/airflow/example_dags/example_skip_dag.py
[2021-09-29 06:09:44,617] {processor.py:613} INFO - Processing file /home/airflow/.local/lib/python3.6/site-packages/airflow/example_dags/example_skip_dag.py for tasks to queue
[2021-09-29 06:09:44,617] {logging_mixin.py:109} INFO - [2021-09-29 06:09:44,617] {dagbag.py:496} INFO - Filling up the DagBag from /home/airflow/.local/lib/python3.6/site-packages/airflow/example_dags/example_skip_dag.py
[2021-09-29 06:09:44,627] {processor.py:623} INFO - DAG(s) dict_keys(['example_skip_dag']) retrieved from /home/airflow/.local/lib/python3.6/site-packages/airflow/example_dags/example_skip_dag.py
[2021-09-29 06:09:44,647] {logging_mixin.py:109} INFO - [2021-09-29 06:09:44,647] {dag.py:1833} INFO - Sync 1 DAGs
[2021-09-29 06:09:44,660] {logging_mixin.py:109} INFO - [2021-09-29 06:09:44,660] {dag.py:2306} INFO - Setting next_dagrun for example_skip_dag to 2021-09-27 00:00:00+00:00
[2021-09-29 06:09:44,676] {processor.py:170} INFO - Processing /home/airflow/.local/lib/python3.6/site-packages/airflow/example_dags/example_skip_dag.py took 0.062 seconds
[2021-09-29 06:10:14,943] {processor.py:162} INFO - Started process (PID=1544) to work on /home/airflow/.local/lib/python3.6/site-packages/airflow/example_dags/example_skip_dag.py
[2021-09-29 06:10:14,944] {processor.py:613} INFO - Processing file /home/airflow/.local/lib/python3.6/site-packages/airflow/example_dags/example_skip_dag.py for tasks to queue
[2021-09-29 06:10:14,944] {logging_mixin.py:109} INFO - [2021-09-29 06:10:14,944] {dagbag.py:496} INFO - Filling up the DagBag from /home/airflow/.local/lib/python3.6/site-packages/airflow/example_dags/example_skip_dag.py
[2021-09-29 06:10:14,955] {processor.py:623} INFO - DAG(s) dict_keys(['example_skip_dag']) retrieved from /home/airflow/.local/lib/python3.6/site-packages/airflow/example_dags/example_skip_dag.py
[2021-09-29 06:10:14,976] {logging_mixin.py:109} INFO - [2021-09-29 06:10:14,976] {dag.py:1833} INFO - Sync 1 DAGs
[2021-09-29 06:10:14,994] {logging_mixin.py:109} INFO - [2021-09-29 06:10:14,993] {dag.py:2306} INFO - Setting next_dagrun for example_skip_dag to 2021-09-27 00:00:00+00:00
[2021-09-29 06:10:15,006] {processor.py:170} INFO - Processing /home/airflow/.local/lib/python3.6/site-packages/airflow/example_dags/example_skip_dag.py took 0.065 seconds
[2021-09-29 06:10:45,327] {processor.py:162} INFO - Started process (PID=1607) to work on /home/airflow/.local/lib/python3.6/site-packages/airflow/example_dags/example_skip_dag.py
[2021-09-29 06:10:45,328] {processor.py:613} INFO - Processing file /home/airflow/.local/lib/python3.6/site-packages/airflow/example_dags/example_skip_dag.py for tasks to queue
[2021-09-29 06:10:45,328] {logging_mixin.py:109} INFO - [2021-09-29 06:10:45,328] {dagbag.py:496} INFO - Filling up the DagBag from /home/airflow/.local/lib/python3.6/site-packages/airflow/example_dags/example_skip_dag.py
[2021-09-29 06:10:45,340] {processor.py:623} INFO - DAG(s) dict_keys(['example_skip_dag']) retrieved from /home/airflow/.local/lib/python3.6/site-packages/airflow/example_dags/example_skip_dag.py
[2021-09-29 06:10:45,358] {logging_mixin.py:109} INFO - [2021-09-29 06:10:45,358] {dag.py:1833} INFO - Sync 1 DAGs
[2021-09-29 06:10:45,371] {logging_mixin.py:109} INFO - [2021-09-29 06:10:45,371] {dag.py:2306} INFO - Setting next_dagrun for example_skip_dag to 2021-09-27 00:00:00+00:00
[2021-09-29 06:10:45,381] {processor.py:170} INFO - Processing /home/airflow/.local/lib/python3.6/site-packages/airflow/example_dags/example_skip_dag.py took 0.056 seconds
[2021-09-29 06:11:15,632] {processor.py:162} INFO - Started process (PID=1659) to work on /home/airflow/.local/lib/python3.6/site-packages/airflow/example_dags/example_skip_dag.py
[2021-09-29 06:11:15,633] {processor.py:613} INFO - Processing file /home/airflow/.local/lib/python3.6/site-packages/airflow/example_dags/example_skip_dag.py for tasks to queue
[2021-09-29 06:11:15,633] {logging_mixin.py:109} INFO - [2021-09-29 06:11:15,633] {dagbag.py:496} INFO - Filling up the DagBag from /home/airflow/.local/lib/python3.6/site-packages/airflow/example_dags/example_skip_dag.py
[2021-09-29 06:11:15,643] {processor.py:623} INFO - DAG(s) dict_keys(['example_skip_dag']) retrieved from /home/airflow/.local/lib/python3.6/site-packages/airflow/example_dags/example_skip_dag.py
[2021-09-29 06:11:15,662] {logging_mixin.py:109} INFO - [2021-09-29 06:11:15,661] {dag.py:1833} INFO - Sync 1 DAGs
[2021-09-29 06:11:15,678] {logging_mixin.py:109} INFO - [2021-09-29 06:11:15,678] {dag.py:2306} INFO - Setting next_dagrun for example_skip_dag to 2021-09-27 00:00:00+00:00
[2021-09-29 06:11:15,688] {processor.py:170} INFO - Processing /home/airflow/.local/lib/python3.6/site-packages/airflow/example_dags/example_skip_dag.py took 0.058 seconds
[2021-09-29 06:11:45,981] {processor.py:162} INFO - Started process (PID=1722) to work on /home/airflow/.local/lib/python3.6/site-packages/airflow/example_dags/example_skip_dag.py
[2021-09-29 06:11:45,982] {processor.py:613} INFO - Processing file /home/airflow/.local/lib/python3.6/site-packages/airflow/example_dags/example_skip_dag.py for tasks to queue
[2021-09-29 06:11:45,983] {logging_mixin.py:109} INFO - [2021-09-29 06:11:45,983] {dagbag.py:496} INFO - Filling up the DagBag from /home/airflow/.local/lib/python3.6/site-packages/airflow/example_dags/example_skip_dag.py
[2021-09-29 06:11:45,991] {processor.py:623} INFO - DAG(s) dict_keys(['example_skip_dag']) retrieved from /home/airflow/.local/lib/python3.6/site-packages/airflow/example_dags/example_skip_dag.py
[2021-09-29 06:11:46,007] {logging_mixin.py:109} INFO - [2021-09-29 06:11:46,007] {dag.py:1833} INFO - Sync 1 DAGs
[2021-09-29 06:11:46,019] {logging_mixin.py:109} INFO - [2021-09-29 06:11:46,019] {dag.py:2306} INFO - Setting next_dagrun for example_skip_dag to 2021-09-27 00:00:00+00:00
[2021-09-29 06:11:46,027] {processor.py:170} INFO - Processing /home/airflow/.local/lib/python3.6/site-packages/airflow/example_dags/example_skip_dag.py took 0.048 seconds
[2021-09-29 06:12:16,251] {processor.py:162} INFO - Started process (PID=1784) to work on /home/airflow/.local/lib/python3.6/site-packages/airflow/example_dags/example_skip_dag.py
[2021-09-29 06:12:16,252] {processor.py:613} INFO - Processing file /home/airflow/.local/lib/python3.6/site-packages/airflow/example_dags/example_skip_dag.py for tasks to queue
[2021-09-29 06:12:16,252] {logging_mixin.py:109} INFO - [2021-09-29 06:12:16,252] {dagbag.py:496} INFO - Filling up the DagBag from /home/airflow/.local/lib/python3.6/site-packages/airflow/example_dags/example_skip_dag.py
[2021-09-29 06:12:16,260] {processor.py:623} INFO - DAG(s) dict_keys(['example_skip_dag']) retrieved from /home/airflow/.local/lib/python3.6/site-packages/airflow/example_dags/example_skip_dag.py
[2021-09-29 06:12:16,282] {logging_mixin.py:109} INFO - [2021-09-29 06:12:16,282] {dag.py:1833} INFO - Sync 1 DAGs
[2021-09-29 06:12:16,302] {logging_mixin.py:109} INFO - [2021-09-29 06:12:16,302] {dag.py:2306} INFO - Setting next_dagrun for example_skip_dag to 2021-09-27 00:00:00+00:00
[2021-09-29 06:12:16,314] {processor.py:170} INFO - Processing /home/airflow/.local/lib/python3.6/site-packages/airflow/example_dags/example_skip_dag.py took 0.065 seconds
[2021-09-29 06:12:46,459] {processor.py:162} INFO - Started process (PID=1837) to work on /home/airflow/.local/lib/python3.6/site-packages/airflow/example_dags/example_skip_dag.py
[2021-09-29 06:12:46,460] {processor.py:613} INFO - Processing file /home/airflow/.local/lib/python3.6/site-packages/airflow/example_dags/example_skip_dag.py for tasks to queue
[2021-09-29 06:12:46,460] {logging_mixin.py:109} INFO - [2021-09-29 06:12:46,460] {dagbag.py:496} INFO - Filling up the DagBag from /home/airflow/.local/lib/python3.6/site-packages/airflow/example_dags/example_skip_dag.py
[2021-09-29 06:12:46,470] {processor.py:623} INFO - DAG(s) dict_keys(['example_skip_dag']) retrieved from /home/airflow/.local/lib/python3.6/site-packages/airflow/example_dags/example_skip_dag.py
[2021-09-29 06:12:46,491] {logging_mixin.py:109} INFO - [2021-09-29 06:12:46,491] {dag.py:1833} INFO - Sync 1 DAGs
[2021-09-29 06:12:46,505] {logging_mixin.py:109} INFO - [2021-09-29 06:12:46,505] {dag.py:2306} INFO - Setting next_dagrun for example_skip_dag to 2021-09-27 00:00:00+00:00
[2021-09-29 06:12:46,514] {processor.py:170} INFO - Processing /home/airflow/.local/lib/python3.6/site-packages/airflow/example_dags/example_skip_dag.py took 0.057 seconds
