[2021-09-29 05:45:45,949] {processor.py:162} INFO - Started process (PID=177) to work on /home/airflow/.local/lib/python3.6/site-packages/airflow/example_dags/example_latest_only.py
[2021-09-29 05:45:45,950] {processor.py:613} INFO - Processing file /home/airflow/.local/lib/python3.6/site-packages/airflow/example_dags/example_latest_only.py for tasks to queue
[2021-09-29 05:45:45,950] {logging_mixin.py:109} INFO - [2021-09-29 05:45:45,950] {dagbag.py:496} INFO - Filling up the DagBag from /home/airflow/.local/lib/python3.6/site-packages/airflow/example_dags/example_latest_only.py
[2021-09-29 05:45:45,968] {processor.py:623} INFO - DAG(s) dict_keys(['latest_only']) retrieved from /home/airflow/.local/lib/python3.6/site-packages/airflow/example_dags/example_latest_only.py
[2021-09-29 05:45:49,015] {logging_mixin.py:109} INFO - [2021-09-29 05:45:49,013] {dag.py:1833} INFO - Sync 1 DAGs
[2021-09-29 05:45:49,029] {logging_mixin.py:109} INFO - [2021-09-29 05:45:49,028] {dag.py:1852} INFO - Creating ORM DAG for latest_only
[2021-09-29 05:45:49,037] {logging_mixin.py:109} INFO - [2021-09-29 05:45:49,037] {dag.py:2306} INFO - Setting next_dagrun for latest_only to 2021-09-27 00:00:00+00:00
[2021-09-29 05:45:49,052] {processor.py:170} INFO - Processing /home/airflow/.local/lib/python3.6/site-packages/airflow/example_dags/example_latest_only.py took 3.107 seconds
[2021-09-29 05:46:19,638] {processor.py:162} INFO - Started process (PID=391) to work on /home/airflow/.local/lib/python3.6/site-packages/airflow/example_dags/example_latest_only.py
[2021-09-29 05:46:19,639] {processor.py:613} INFO - Processing file /home/airflow/.local/lib/python3.6/site-packages/airflow/example_dags/example_latest_only.py for tasks to queue
[2021-09-29 05:46:19,640] {logging_mixin.py:109} INFO - [2021-09-29 05:46:19,639] {dagbag.py:496} INFO - Filling up the DagBag from /home/airflow/.local/lib/python3.6/site-packages/airflow/example_dags/example_latest_only.py
[2021-09-29 05:46:19,652] {processor.py:623} INFO - DAG(s) dict_keys(['latest_only']) retrieved from /home/airflow/.local/lib/python3.6/site-packages/airflow/example_dags/example_latest_only.py
[2021-09-29 05:46:19,671] {logging_mixin.py:109} INFO - [2021-09-29 05:46:19,671] {dag.py:1833} INFO - Sync 1 DAGs
[2021-09-29 05:46:19,686] {logging_mixin.py:109} INFO - [2021-09-29 05:46:19,686] {dag.py:2306} INFO - Setting next_dagrun for latest_only to 2021-09-27 00:00:00+00:00
[2021-09-29 05:46:19,695] {processor.py:170} INFO - Processing /home/airflow/.local/lib/python3.6/site-packages/airflow/example_dags/example_latest_only.py took 0.060 seconds
[2021-09-29 05:46:50,258] {processor.py:162} INFO - Started process (PID=455) to work on /home/airflow/.local/lib/python3.6/site-packages/airflow/example_dags/example_latest_only.py
[2021-09-29 05:46:50,259] {processor.py:613} INFO - Processing file /home/airflow/.local/lib/python3.6/site-packages/airflow/example_dags/example_latest_only.py for tasks to queue
[2021-09-29 05:46:50,259] {logging_mixin.py:109} INFO - [2021-09-29 05:46:50,259] {dagbag.py:496} INFO - Filling up the DagBag from /home/airflow/.local/lib/python3.6/site-packages/airflow/example_dags/example_latest_only.py
[2021-09-29 05:46:50,267] {processor.py:623} INFO - DAG(s) dict_keys(['latest_only']) retrieved from /home/airflow/.local/lib/python3.6/site-packages/airflow/example_dags/example_latest_only.py
[2021-09-29 05:46:50,286] {logging_mixin.py:109} INFO - [2021-09-29 05:46:50,286] {dag.py:1833} INFO - Sync 1 DAGs
[2021-09-29 05:46:50,305] {logging_mixin.py:109} INFO - [2021-09-29 05:46:50,305] {dag.py:2306} INFO - Setting next_dagrun for latest_only to 2021-09-27 00:00:00+00:00
[2021-09-29 05:46:50,316] {processor.py:170} INFO - Processing /home/airflow/.local/lib/python3.6/site-packages/airflow/example_dags/example_latest_only.py took 0.060 seconds
[2021-09-29 05:47:20,613] {processor.py:162} INFO - Started process (PID=517) to work on /home/airflow/.local/lib/python3.6/site-packages/airflow/example_dags/example_latest_only.py
[2021-09-29 05:47:20,614] {processor.py:613} INFO - Processing file /home/airflow/.local/lib/python3.6/site-packages/airflow/example_dags/example_latest_only.py for tasks to queue
[2021-09-29 05:47:20,615] {logging_mixin.py:109} INFO - [2021-09-29 05:47:20,615] {dagbag.py:496} INFO - Filling up the DagBag from /home/airflow/.local/lib/python3.6/site-packages/airflow/example_dags/example_latest_only.py
[2021-09-29 05:47:20,634] {processor.py:623} INFO - DAG(s) dict_keys(['latest_only']) retrieved from /home/airflow/.local/lib/python3.6/site-packages/airflow/example_dags/example_latest_only.py
[2021-09-29 05:47:20,672] {logging_mixin.py:109} INFO - [2021-09-29 05:47:20,672] {dag.py:1833} INFO - Sync 1 DAGs
[2021-09-29 05:47:20,698] {logging_mixin.py:109} INFO - [2021-09-29 05:47:20,698] {dag.py:2306} INFO - Setting next_dagrun for latest_only to 2021-09-27 00:00:00+00:00
[2021-09-29 05:47:20,710] {processor.py:170} INFO - Processing /home/airflow/.local/lib/python3.6/site-packages/airflow/example_dags/example_latest_only.py took 0.102 seconds
[2021-09-29 05:47:51,088] {processor.py:162} INFO - Started process (PID=570) to work on /home/airflow/.local/lib/python3.6/site-packages/airflow/example_dags/example_latest_only.py
[2021-09-29 05:47:51,089] {processor.py:613} INFO - Processing file /home/airflow/.local/lib/python3.6/site-packages/airflow/example_dags/example_latest_only.py for tasks to queue
[2021-09-29 05:47:51,089] {logging_mixin.py:109} INFO - [2021-09-29 05:47:51,089] {dagbag.py:496} INFO - Filling up the DagBag from /home/airflow/.local/lib/python3.6/site-packages/airflow/example_dags/example_latest_only.py
[2021-09-29 05:47:51,098] {processor.py:623} INFO - DAG(s) dict_keys(['latest_only']) retrieved from /home/airflow/.local/lib/python3.6/site-packages/airflow/example_dags/example_latest_only.py
[2021-09-29 05:47:51,120] {logging_mixin.py:109} INFO - [2021-09-29 05:47:51,119] {dag.py:1833} INFO - Sync 1 DAGs
[2021-09-29 05:47:51,138] {logging_mixin.py:109} INFO - [2021-09-29 05:47:51,138] {dag.py:2306} INFO - Setting next_dagrun for latest_only to 2021-09-27 00:00:00+00:00
[2021-09-29 05:47:51,149] {processor.py:170} INFO - Processing /home/airflow/.local/lib/python3.6/site-packages/airflow/example_dags/example_latest_only.py took 0.063 seconds
[2021-09-29 05:48:21,285] {processor.py:162} INFO - Started process (PID=633) to work on /home/airflow/.local/lib/python3.6/site-packages/airflow/example_dags/example_latest_only.py
[2021-09-29 05:48:21,286] {processor.py:613} INFO - Processing file /home/airflow/.local/lib/python3.6/site-packages/airflow/example_dags/example_latest_only.py for tasks to queue
[2021-09-29 05:48:21,287] {logging_mixin.py:109} INFO - [2021-09-29 05:48:21,287] {dagbag.py:496} INFO - Filling up the DagBag from /home/airflow/.local/lib/python3.6/site-packages/airflow/example_dags/example_latest_only.py
[2021-09-29 05:48:21,302] {processor.py:623} INFO - DAG(s) dict_keys(['latest_only']) retrieved from /home/airflow/.local/lib/python3.6/site-packages/airflow/example_dags/example_latest_only.py
[2021-09-29 05:48:21,339] {logging_mixin.py:109} INFO - [2021-09-29 05:48:21,339] {dag.py:1833} INFO - Sync 1 DAGs
[2021-09-29 05:48:21,362] {logging_mixin.py:109} INFO - [2021-09-29 05:48:21,362] {dag.py:2306} INFO - Setting next_dagrun for latest_only to 2021-09-27 00:00:00+00:00
[2021-09-29 05:48:21,378] {processor.py:170} INFO - Processing /home/airflow/.local/lib/python3.6/site-packages/airflow/example_dags/example_latest_only.py took 0.096 seconds
[2021-09-29 05:48:51,750] {processor.py:162} INFO - Started process (PID=685) to work on /home/airflow/.local/lib/python3.6/site-packages/airflow/example_dags/example_latest_only.py
[2021-09-29 05:48:51,750] {processor.py:613} INFO - Processing file /home/airflow/.local/lib/python3.6/site-packages/airflow/example_dags/example_latest_only.py for tasks to queue
[2021-09-29 05:48:51,751] {logging_mixin.py:109} INFO - [2021-09-29 05:48:51,751] {dagbag.py:496} INFO - Filling up the DagBag from /home/airflow/.local/lib/python3.6/site-packages/airflow/example_dags/example_latest_only.py
[2021-09-29 05:48:51,760] {processor.py:623} INFO - DAG(s) dict_keys(['latest_only']) retrieved from /home/airflow/.local/lib/python3.6/site-packages/airflow/example_dags/example_latest_only.py
[2021-09-29 05:48:51,780] {logging_mixin.py:109} INFO - [2021-09-29 05:48:51,780] {dag.py:1833} INFO - Sync 1 DAGs
[2021-09-29 05:48:51,795] {logging_mixin.py:109} INFO - [2021-09-29 05:48:51,795] {dag.py:2306} INFO - Setting next_dagrun for latest_only to 2021-09-27 00:00:00+00:00
[2021-09-29 05:48:51,807] {processor.py:170} INFO - Processing /home/airflow/.local/lib/python3.6/site-packages/airflow/example_dags/example_latest_only.py took 0.059 seconds
[2021-09-29 05:49:22,228] {processor.py:162} INFO - Started process (PID=749) to work on /home/airflow/.local/lib/python3.6/site-packages/airflow/example_dags/example_latest_only.py
[2021-09-29 05:49:22,229] {processor.py:613} INFO - Processing file /home/airflow/.local/lib/python3.6/site-packages/airflow/example_dags/example_latest_only.py for tasks to queue
[2021-09-29 05:49:22,229] {logging_mixin.py:109} INFO - [2021-09-29 05:49:22,229] {dagbag.py:496} INFO - Filling up the DagBag from /home/airflow/.local/lib/python3.6/site-packages/airflow/example_dags/example_latest_only.py
[2021-09-29 05:49:22,238] {processor.py:623} INFO - DAG(s) dict_keys(['latest_only']) retrieved from /home/airflow/.local/lib/python3.6/site-packages/airflow/example_dags/example_latest_only.py
[2021-09-29 05:49:22,259] {logging_mixin.py:109} INFO - [2021-09-29 05:49:22,259] {dag.py:1833} INFO - Sync 1 DAGs
[2021-09-29 05:49:22,272] {logging_mixin.py:109} INFO - [2021-09-29 05:49:22,272] {dag.py:2306} INFO - Setting next_dagrun for latest_only to 2021-09-27 00:00:00+00:00
[2021-09-29 05:49:22,282] {processor.py:170} INFO - Processing /home/airflow/.local/lib/python3.6/site-packages/airflow/example_dags/example_latest_only.py took 0.056 seconds
[2021-09-29 05:49:52,627] {processor.py:162} INFO - Started process (PID=802) to work on /home/airflow/.local/lib/python3.6/site-packages/airflow/example_dags/example_latest_only.py
[2021-09-29 05:49:52,628] {processor.py:613} INFO - Processing file /home/airflow/.local/lib/python3.6/site-packages/airflow/example_dags/example_latest_only.py for tasks to queue
[2021-09-29 05:49:52,628] {logging_mixin.py:109} INFO - [2021-09-29 05:49:52,628] {dagbag.py:496} INFO - Filling up the DagBag from /home/airflow/.local/lib/python3.6/site-packages/airflow/example_dags/example_latest_only.py
[2021-09-29 05:49:52,636] {processor.py:623} INFO - DAG(s) dict_keys(['latest_only']) retrieved from /home/airflow/.local/lib/python3.6/site-packages/airflow/example_dags/example_latest_only.py
[2021-09-29 05:49:52,655] {logging_mixin.py:109} INFO - [2021-09-29 05:49:52,655] {dag.py:1833} INFO - Sync 1 DAGs
[2021-09-29 05:49:52,668] {logging_mixin.py:109} INFO - [2021-09-29 05:49:52,668] {dag.py:2306} INFO - Setting next_dagrun for latest_only to 2021-09-27 00:00:00+00:00
[2021-09-29 05:49:52,680] {processor.py:170} INFO - Processing /home/airflow/.local/lib/python3.6/site-packages/airflow/example_dags/example_latest_only.py took 0.055 seconds
[2021-09-29 05:53:54,216] {processor.py:162} INFO - Started process (PID=172) to work on /home/airflow/.local/lib/python3.6/site-packages/airflow/example_dags/example_latest_only.py
[2021-09-29 05:53:54,218] {processor.py:613} INFO - Processing file /home/airflow/.local/lib/python3.6/site-packages/airflow/example_dags/example_latest_only.py for tasks to queue
[2021-09-29 05:53:54,218] {logging_mixin.py:109} INFO - [2021-09-29 05:53:54,218] {dagbag.py:496} INFO - Filling up the DagBag from /home/airflow/.local/lib/python3.6/site-packages/airflow/example_dags/example_latest_only.py
[2021-09-29 05:53:54,241] {processor.py:623} INFO - DAG(s) dict_keys(['latest_only']) retrieved from /home/airflow/.local/lib/python3.6/site-packages/airflow/example_dags/example_latest_only.py
[2021-09-29 05:53:58,974] {logging_mixin.py:109} INFO - [2021-09-29 05:53:58,970] {dag.py:1833} INFO - Sync 1 DAGs
[2021-09-29 05:53:59,001] {logging_mixin.py:109} INFO - [2021-09-29 05:53:58,999] {dag.py:1852} INFO - Creating ORM DAG for latest_only
[2021-09-29 05:53:59,008] {logging_mixin.py:109} INFO - [2021-09-29 05:53:59,007] {dag.py:2306} INFO - Setting next_dagrun for latest_only to 2021-09-27 00:00:00+00:00
[2021-09-29 05:53:59,032] {processor.py:170} INFO - Processing /home/airflow/.local/lib/python3.6/site-packages/airflow/example_dags/example_latest_only.py took 4.819 seconds
[2021-09-29 05:54:29,559] {processor.py:162} INFO - Started process (PID=396) to work on /home/airflow/.local/lib/python3.6/site-packages/airflow/example_dags/example_latest_only.py
[2021-09-29 05:54:29,560] {processor.py:613} INFO - Processing file /home/airflow/.local/lib/python3.6/site-packages/airflow/example_dags/example_latest_only.py for tasks to queue
[2021-09-29 05:54:29,561] {logging_mixin.py:109} INFO - [2021-09-29 05:54:29,561] {dagbag.py:496} INFO - Filling up the DagBag from /home/airflow/.local/lib/python3.6/site-packages/airflow/example_dags/example_latest_only.py
[2021-09-29 05:54:29,576] {processor.py:623} INFO - DAG(s) dict_keys(['latest_only']) retrieved from /home/airflow/.local/lib/python3.6/site-packages/airflow/example_dags/example_latest_only.py
[2021-09-29 05:54:29,599] {logging_mixin.py:109} INFO - [2021-09-29 05:54:29,599] {dag.py:1833} INFO - Sync 1 DAGs
[2021-09-29 05:54:29,616] {logging_mixin.py:109} INFO - [2021-09-29 05:54:29,616] {dag.py:2306} INFO - Setting next_dagrun for latest_only to 2021-09-27 00:00:00+00:00
[2021-09-29 05:54:29,625] {processor.py:170} INFO - Processing /home/airflow/.local/lib/python3.6/site-packages/airflow/example_dags/example_latest_only.py took 0.068 seconds
[2021-09-29 05:55:00,282] {processor.py:162} INFO - Started process (PID=461) to work on /home/airflow/.local/lib/python3.6/site-packages/airflow/example_dags/example_latest_only.py
[2021-09-29 05:55:00,282] {processor.py:613} INFO - Processing file /home/airflow/.local/lib/python3.6/site-packages/airflow/example_dags/example_latest_only.py for tasks to queue
[2021-09-29 05:55:00,283] {logging_mixin.py:109} INFO - [2021-09-29 05:55:00,283] {dagbag.py:496} INFO - Filling up the DagBag from /home/airflow/.local/lib/python3.6/site-packages/airflow/example_dags/example_latest_only.py
[2021-09-29 05:55:00,291] {processor.py:623} INFO - DAG(s) dict_keys(['latest_only']) retrieved from /home/airflow/.local/lib/python3.6/site-packages/airflow/example_dags/example_latest_only.py
[2021-09-29 05:55:00,311] {logging_mixin.py:109} INFO - [2021-09-29 05:55:00,311] {dag.py:1833} INFO - Sync 1 DAGs
[2021-09-29 05:55:00,326] {logging_mixin.py:109} INFO - [2021-09-29 05:55:00,326] {dag.py:2306} INFO - Setting next_dagrun for latest_only to 2021-09-27 00:00:00+00:00
[2021-09-29 05:55:00,335] {processor.py:170} INFO - Processing /home/airflow/.local/lib/python3.6/site-packages/airflow/example_dags/example_latest_only.py took 0.056 seconds
[2021-09-29 05:55:30,704] {processor.py:162} INFO - Started process (PID=514) to work on /home/airflow/.local/lib/python3.6/site-packages/airflow/example_dags/example_latest_only.py
[2021-09-29 05:55:30,704] {processor.py:613} INFO - Processing file /home/airflow/.local/lib/python3.6/site-packages/airflow/example_dags/example_latest_only.py for tasks to queue
[2021-09-29 05:55:30,705] {logging_mixin.py:109} INFO - [2021-09-29 05:55:30,705] {dagbag.py:496} INFO - Filling up the DagBag from /home/airflow/.local/lib/python3.6/site-packages/airflow/example_dags/example_latest_only.py
[2021-09-29 05:55:30,714] {processor.py:623} INFO - DAG(s) dict_keys(['latest_only']) retrieved from /home/airflow/.local/lib/python3.6/site-packages/airflow/example_dags/example_latest_only.py
[2021-09-29 05:55:30,734] {logging_mixin.py:109} INFO - [2021-09-29 05:55:30,734] {dag.py:1833} INFO - Sync 1 DAGs
[2021-09-29 05:55:30,752] {logging_mixin.py:109} INFO - [2021-09-29 05:55:30,752] {dag.py:2306} INFO - Setting next_dagrun for latest_only to 2021-09-27 00:00:00+00:00
[2021-09-29 05:55:30,762] {processor.py:170} INFO - Processing /home/airflow/.local/lib/python3.6/site-packages/airflow/example_dags/example_latest_only.py took 0.061 seconds
[2021-09-29 05:56:01,017] {processor.py:162} INFO - Started process (PID=576) to work on /home/airflow/.local/lib/python3.6/site-packages/airflow/example_dags/example_latest_only.py
[2021-09-29 05:56:01,018] {processor.py:613} INFO - Processing file /home/airflow/.local/lib/python3.6/site-packages/airflow/example_dags/example_latest_only.py for tasks to queue
[2021-09-29 05:56:01,019] {logging_mixin.py:109} INFO - [2021-09-29 05:56:01,018] {dagbag.py:496} INFO - Filling up the DagBag from /home/airflow/.local/lib/python3.6/site-packages/airflow/example_dags/example_latest_only.py
[2021-09-29 05:56:01,027] {processor.py:623} INFO - DAG(s) dict_keys(['latest_only']) retrieved from /home/airflow/.local/lib/python3.6/site-packages/airflow/example_dags/example_latest_only.py
[2021-09-29 05:56:01,046] {logging_mixin.py:109} INFO - [2021-09-29 05:56:01,045] {dag.py:1833} INFO - Sync 1 DAGs
[2021-09-29 05:56:01,059] {logging_mixin.py:109} INFO - [2021-09-29 05:56:01,059] {dag.py:2306} INFO - Setting next_dagrun for latest_only to 2021-09-27 00:00:00+00:00
[2021-09-29 05:56:01,068] {processor.py:170} INFO - Processing /home/airflow/.local/lib/python3.6/site-packages/airflow/example_dags/example_latest_only.py took 0.052 seconds
[2021-09-29 05:56:31,329] {processor.py:162} INFO - Started process (PID=629) to work on /home/airflow/.local/lib/python3.6/site-packages/airflow/example_dags/example_latest_only.py
[2021-09-29 05:56:31,330] {processor.py:613} INFO - Processing file /home/airflow/.local/lib/python3.6/site-packages/airflow/example_dags/example_latest_only.py for tasks to queue
[2021-09-29 05:56:31,331] {logging_mixin.py:109} INFO - [2021-09-29 05:56:31,331] {dagbag.py:496} INFO - Filling up the DagBag from /home/airflow/.local/lib/python3.6/site-packages/airflow/example_dags/example_latest_only.py
[2021-09-29 05:56:31,341] {processor.py:623} INFO - DAG(s) dict_keys(['latest_only']) retrieved from /home/airflow/.local/lib/python3.6/site-packages/airflow/example_dags/example_latest_only.py
[2021-09-29 05:56:31,364] {logging_mixin.py:109} INFO - [2021-09-29 05:56:31,364] {dag.py:1833} INFO - Sync 1 DAGs
[2021-09-29 05:56:31,378] {logging_mixin.py:109} INFO - [2021-09-29 05:56:31,377] {dag.py:2306} INFO - Setting next_dagrun for latest_only to 2021-09-27 00:00:00+00:00
[2021-09-29 05:56:31,388] {processor.py:170} INFO - Processing /home/airflow/.local/lib/python3.6/site-packages/airflow/example_dags/example_latest_only.py took 0.061 seconds
[2021-09-29 05:59:55,826] {processor.py:162} INFO - Started process (PID=197) to work on /home/airflow/.local/lib/python3.6/site-packages/airflow/example_dags/example_latest_only.py
[2021-09-29 05:59:55,827] {processor.py:613} INFO - Processing file /home/airflow/.local/lib/python3.6/site-packages/airflow/example_dags/example_latest_only.py for tasks to queue
[2021-09-29 05:59:55,828] {logging_mixin.py:109} INFO - [2021-09-29 05:59:55,828] {dagbag.py:496} INFO - Filling up the DagBag from /home/airflow/.local/lib/python3.6/site-packages/airflow/example_dags/example_latest_only.py
[2021-09-29 05:59:55,841] {processor.py:623} INFO - DAG(s) dict_keys(['latest_only']) retrieved from /home/airflow/.local/lib/python3.6/site-packages/airflow/example_dags/example_latest_only.py
[2021-09-29 05:59:58,202] {logging_mixin.py:109} INFO - [2021-09-29 05:59:58,201] {dag.py:1833} INFO - Sync 1 DAGs
[2021-09-29 05:59:58,213] {logging_mixin.py:109} INFO - [2021-09-29 05:59:58,212] {dag.py:1852} INFO - Creating ORM DAG for latest_only
[2021-09-29 05:59:58,219] {logging_mixin.py:109} INFO - [2021-09-29 05:59:58,218] {dag.py:2306} INFO - Setting next_dagrun for latest_only to 2021-09-27 00:00:00+00:00
[2021-09-29 05:59:58,230] {processor.py:170} INFO - Processing /home/airflow/.local/lib/python3.6/site-packages/airflow/example_dags/example_latest_only.py took 2.407 seconds
[2021-09-29 06:00:28,573] {processor.py:162} INFO - Started process (PID=415) to work on /home/airflow/.local/lib/python3.6/site-packages/airflow/example_dags/example_latest_only.py
[2021-09-29 06:00:28,574] {processor.py:613} INFO - Processing file /home/airflow/.local/lib/python3.6/site-packages/airflow/example_dags/example_latest_only.py for tasks to queue
[2021-09-29 06:00:28,575] {logging_mixin.py:109} INFO - [2021-09-29 06:00:28,575] {dagbag.py:496} INFO - Filling up the DagBag from /home/airflow/.local/lib/python3.6/site-packages/airflow/example_dags/example_latest_only.py
[2021-09-29 06:00:28,588] {processor.py:623} INFO - DAG(s) dict_keys(['latest_only']) retrieved from /home/airflow/.local/lib/python3.6/site-packages/airflow/example_dags/example_latest_only.py
[2021-09-29 06:00:28,610] {logging_mixin.py:109} INFO - [2021-09-29 06:00:28,610] {dag.py:1833} INFO - Sync 1 DAGs
[2021-09-29 06:00:28,633] {logging_mixin.py:109} INFO - [2021-09-29 06:00:28,633] {dag.py:2306} INFO - Setting next_dagrun for latest_only to 2021-09-27 00:00:00+00:00
[2021-09-29 06:00:28,645] {processor.py:170} INFO - Processing /home/airflow/.local/lib/python3.6/site-packages/airflow/example_dags/example_latest_only.py took 0.074 seconds
[2021-09-29 06:00:59,285] {processor.py:162} INFO - Started process (PID=468) to work on /home/airflow/.local/lib/python3.6/site-packages/airflow/example_dags/example_latest_only.py
[2021-09-29 06:00:59,286] {processor.py:613} INFO - Processing file /home/airflow/.local/lib/python3.6/site-packages/airflow/example_dags/example_latest_only.py for tasks to queue
[2021-09-29 06:00:59,287] {logging_mixin.py:109} INFO - [2021-09-29 06:00:59,286] {dagbag.py:496} INFO - Filling up the DagBag from /home/airflow/.local/lib/python3.6/site-packages/airflow/example_dags/example_latest_only.py
[2021-09-29 06:00:59,300] {processor.py:623} INFO - DAG(s) dict_keys(['latest_only']) retrieved from /home/airflow/.local/lib/python3.6/site-packages/airflow/example_dags/example_latest_only.py
[2021-09-29 06:00:59,328] {logging_mixin.py:109} INFO - [2021-09-29 06:00:59,328] {dag.py:1833} INFO - Sync 1 DAGs
[2021-09-29 06:00:59,352] {logging_mixin.py:109} INFO - [2021-09-29 06:00:59,352] {dag.py:2306} INFO - Setting next_dagrun for latest_only to 2021-09-27 00:00:00+00:00
[2021-09-29 06:00:59,365] {processor.py:170} INFO - Processing /home/airflow/.local/lib/python3.6/site-packages/airflow/example_dags/example_latest_only.py took 0.083 seconds
[2021-09-29 06:01:29,941] {processor.py:162} INFO - Started process (PID=532) to work on /home/airflow/.local/lib/python3.6/site-packages/airflow/example_dags/example_latest_only.py
[2021-09-29 06:01:29,942] {processor.py:613} INFO - Processing file /home/airflow/.local/lib/python3.6/site-packages/airflow/example_dags/example_latest_only.py for tasks to queue
[2021-09-29 06:01:29,943] {logging_mixin.py:109} INFO - [2021-09-29 06:01:29,943] {dagbag.py:496} INFO - Filling up the DagBag from /home/airflow/.local/lib/python3.6/site-packages/airflow/example_dags/example_latest_only.py
[2021-09-29 06:01:29,956] {processor.py:623} INFO - DAG(s) dict_keys(['latest_only']) retrieved from /home/airflow/.local/lib/python3.6/site-packages/airflow/example_dags/example_latest_only.py
[2021-09-29 06:01:29,976] {logging_mixin.py:109} INFO - [2021-09-29 06:01:29,976] {dag.py:1833} INFO - Sync 1 DAGs
[2021-09-29 06:01:29,993] {logging_mixin.py:109} INFO - [2021-09-29 06:01:29,993] {dag.py:2306} INFO - Setting next_dagrun for latest_only to 2021-09-27 00:00:00+00:00
[2021-09-29 06:01:30,009] {processor.py:170} INFO - Processing /home/airflow/.local/lib/python3.6/site-packages/airflow/example_dags/example_latest_only.py took 0.071 seconds
[2021-09-29 06:02:00,204] {processor.py:162} INFO - Started process (PID=585) to work on /home/airflow/.local/lib/python3.6/site-packages/airflow/example_dags/example_latest_only.py
[2021-09-29 06:02:00,205] {processor.py:613} INFO - Processing file /home/airflow/.local/lib/python3.6/site-packages/airflow/example_dags/example_latest_only.py for tasks to queue
[2021-09-29 06:02:00,205] {logging_mixin.py:109} INFO - [2021-09-29 06:02:00,205] {dagbag.py:496} INFO - Filling up the DagBag from /home/airflow/.local/lib/python3.6/site-packages/airflow/example_dags/example_latest_only.py
[2021-09-29 06:02:00,214] {processor.py:623} INFO - DAG(s) dict_keys(['latest_only']) retrieved from /home/airflow/.local/lib/python3.6/site-packages/airflow/example_dags/example_latest_only.py
[2021-09-29 06:02:00,236] {logging_mixin.py:109} INFO - [2021-09-29 06:02:00,236] {dag.py:1833} INFO - Sync 1 DAGs
[2021-09-29 06:02:00,250] {logging_mixin.py:109} INFO - [2021-09-29 06:02:00,250] {dag.py:2306} INFO - Setting next_dagrun for latest_only to 2021-09-27 00:00:00+00:00
[2021-09-29 06:02:00,266] {processor.py:170} INFO - Processing /home/airflow/.local/lib/python3.6/site-packages/airflow/example_dags/example_latest_only.py took 0.065 seconds
[2021-09-29 06:02:30,650] {processor.py:162} INFO - Started process (PID=656) to work on /home/airflow/.local/lib/python3.6/site-packages/airflow/example_dags/example_latest_only.py
[2021-09-29 06:02:30,651] {processor.py:613} INFO - Processing file /home/airflow/.local/lib/python3.6/site-packages/airflow/example_dags/example_latest_only.py for tasks to queue
[2021-09-29 06:02:30,652] {logging_mixin.py:109} INFO - [2021-09-29 06:02:30,652] {dagbag.py:496} INFO - Filling up the DagBag from /home/airflow/.local/lib/python3.6/site-packages/airflow/example_dags/example_latest_only.py
[2021-09-29 06:02:30,665] {processor.py:623} INFO - DAG(s) dict_keys(['latest_only']) retrieved from /home/airflow/.local/lib/python3.6/site-packages/airflow/example_dags/example_latest_only.py
[2021-09-29 06:02:30,692] {logging_mixin.py:109} INFO - [2021-09-29 06:02:30,692] {dag.py:1833} INFO - Sync 1 DAGs
[2021-09-29 06:02:30,708] {logging_mixin.py:109} INFO - [2021-09-29 06:02:30,708] {dag.py:2306} INFO - Setting next_dagrun for latest_only to 2021-09-27 00:00:00+00:00
[2021-09-29 06:02:30,719] {processor.py:170} INFO - Processing /home/airflow/.local/lib/python3.6/site-packages/airflow/example_dags/example_latest_only.py took 0.071 seconds
[2021-09-29 06:03:01,067] {processor.py:162} INFO - Started process (PID=708) to work on /home/airflow/.local/lib/python3.6/site-packages/airflow/example_dags/example_latest_only.py
[2021-09-29 06:03:01,068] {processor.py:613} INFO - Processing file /home/airflow/.local/lib/python3.6/site-packages/airflow/example_dags/example_latest_only.py for tasks to queue
[2021-09-29 06:03:01,069] {logging_mixin.py:109} INFO - [2021-09-29 06:03:01,069] {dagbag.py:496} INFO - Filling up the DagBag from /home/airflow/.local/lib/python3.6/site-packages/airflow/example_dags/example_latest_only.py
[2021-09-29 06:03:01,078] {processor.py:623} INFO - DAG(s) dict_keys(['latest_only']) retrieved from /home/airflow/.local/lib/python3.6/site-packages/airflow/example_dags/example_latest_only.py
[2021-09-29 06:03:01,097] {logging_mixin.py:109} INFO - [2021-09-29 06:03:01,097] {dag.py:1833} INFO - Sync 1 DAGs
[2021-09-29 06:03:01,111] {logging_mixin.py:109} INFO - [2021-09-29 06:03:01,111] {dag.py:2306} INFO - Setting next_dagrun for latest_only to 2021-09-27 00:00:00+00:00
[2021-09-29 06:03:01,122] {processor.py:170} INFO - Processing /home/airflow/.local/lib/python3.6/site-packages/airflow/example_dags/example_latest_only.py took 0.057 seconds
[2021-09-29 06:03:31,528] {processor.py:162} INFO - Started process (PID=770) to work on /home/airflow/.local/lib/python3.6/site-packages/airflow/example_dags/example_latest_only.py
[2021-09-29 06:03:31,529] {processor.py:613} INFO - Processing file /home/airflow/.local/lib/python3.6/site-packages/airflow/example_dags/example_latest_only.py for tasks to queue
[2021-09-29 06:03:31,529] {logging_mixin.py:109} INFO - [2021-09-29 06:03:31,529] {dagbag.py:496} INFO - Filling up the DagBag from /home/airflow/.local/lib/python3.6/site-packages/airflow/example_dags/example_latest_only.py
[2021-09-29 06:03:31,537] {processor.py:623} INFO - DAG(s) dict_keys(['latest_only']) retrieved from /home/airflow/.local/lib/python3.6/site-packages/airflow/example_dags/example_latest_only.py
[2021-09-29 06:03:31,556] {logging_mixin.py:109} INFO - [2021-09-29 06:03:31,556] {dag.py:1833} INFO - Sync 1 DAGs
[2021-09-29 06:03:31,569] {logging_mixin.py:109} INFO - [2021-09-29 06:03:31,569] {dag.py:2306} INFO - Setting next_dagrun for latest_only to 2021-09-27 00:00:00+00:00
[2021-09-29 06:03:31,586] {processor.py:170} INFO - Processing /home/airflow/.local/lib/python3.6/site-packages/airflow/example_dags/example_latest_only.py took 0.059 seconds
[2021-09-29 06:04:01,945] {processor.py:162} INFO - Started process (PID=824) to work on /home/airflow/.local/lib/python3.6/site-packages/airflow/example_dags/example_latest_only.py
[2021-09-29 06:04:01,946] {processor.py:613} INFO - Processing file /home/airflow/.local/lib/python3.6/site-packages/airflow/example_dags/example_latest_only.py for tasks to queue
[2021-09-29 06:04:01,946] {logging_mixin.py:109} INFO - [2021-09-29 06:04:01,946] {dagbag.py:496} INFO - Filling up the DagBag from /home/airflow/.local/lib/python3.6/site-packages/airflow/example_dags/example_latest_only.py
[2021-09-29 06:04:01,960] {processor.py:623} INFO - DAG(s) dict_keys(['latest_only']) retrieved from /home/airflow/.local/lib/python3.6/site-packages/airflow/example_dags/example_latest_only.py
[2021-09-29 06:04:02,002] {logging_mixin.py:109} INFO - [2021-09-29 06:04:02,002] {dag.py:1833} INFO - Sync 1 DAGs
[2021-09-29 06:04:02,021] {logging_mixin.py:109} INFO - [2021-09-29 06:04:02,021] {dag.py:2306} INFO - Setting next_dagrun for latest_only to 2021-09-27 00:00:00+00:00
[2021-09-29 06:04:02,044] {processor.py:170} INFO - Processing /home/airflow/.local/lib/python3.6/site-packages/airflow/example_dags/example_latest_only.py took 0.102 seconds
[2021-09-29 06:04:32,552] {processor.py:162} INFO - Started process (PID=886) to work on /home/airflow/.local/lib/python3.6/site-packages/airflow/example_dags/example_latest_only.py
[2021-09-29 06:04:32,553] {processor.py:613} INFO - Processing file /home/airflow/.local/lib/python3.6/site-packages/airflow/example_dags/example_latest_only.py for tasks to queue
[2021-09-29 06:04:32,553] {logging_mixin.py:109} INFO - [2021-09-29 06:04:32,553] {dagbag.py:496} INFO - Filling up the DagBag from /home/airflow/.local/lib/python3.6/site-packages/airflow/example_dags/example_latest_only.py
[2021-09-29 06:04:32,564] {processor.py:623} INFO - DAG(s) dict_keys(['latest_only']) retrieved from /home/airflow/.local/lib/python3.6/site-packages/airflow/example_dags/example_latest_only.py
[2021-09-29 06:04:32,579] {logging_mixin.py:109} INFO - [2021-09-29 06:04:32,579] {dag.py:1833} INFO - Sync 1 DAGs
[2021-09-29 06:04:32,592] {logging_mixin.py:109} INFO - [2021-09-29 06:04:32,592] {dag.py:2306} INFO - Setting next_dagrun for latest_only to 2021-09-27 00:00:00+00:00
[2021-09-29 06:04:32,609] {processor.py:170} INFO - Processing /home/airflow/.local/lib/python3.6/site-packages/airflow/example_dags/example_latest_only.py took 0.058 seconds
[2021-09-29 06:05:03,022] {processor.py:162} INFO - Started process (PID=949) to work on /home/airflow/.local/lib/python3.6/site-packages/airflow/example_dags/example_latest_only.py
[2021-09-29 06:05:03,023] {processor.py:613} INFO - Processing file /home/airflow/.local/lib/python3.6/site-packages/airflow/example_dags/example_latest_only.py for tasks to queue
[2021-09-29 06:05:03,024] {logging_mixin.py:109} INFO - [2021-09-29 06:05:03,023] {dagbag.py:496} INFO - Filling up the DagBag from /home/airflow/.local/lib/python3.6/site-packages/airflow/example_dags/example_latest_only.py
[2021-09-29 06:05:03,036] {processor.py:623} INFO - DAG(s) dict_keys(['latest_only']) retrieved from /home/airflow/.local/lib/python3.6/site-packages/airflow/example_dags/example_latest_only.py
[2021-09-29 06:05:03,062] {logging_mixin.py:109} INFO - [2021-09-29 06:05:03,062] {dag.py:1833} INFO - Sync 1 DAGs
[2021-09-29 06:05:03,083] {logging_mixin.py:109} INFO - [2021-09-29 06:05:03,083] {dag.py:2306} INFO - Setting next_dagrun for latest_only to 2021-09-27 00:00:00+00:00
[2021-09-29 06:05:03,095] {processor.py:170} INFO - Processing /home/airflow/.local/lib/python3.6/site-packages/airflow/example_dags/example_latest_only.py took 0.076 seconds
[2021-09-29 06:05:33,702] {processor.py:162} INFO - Started process (PID=1001) to work on /home/airflow/.local/lib/python3.6/site-packages/airflow/example_dags/example_latest_only.py
[2021-09-29 06:05:33,703] {processor.py:613} INFO - Processing file /home/airflow/.local/lib/python3.6/site-packages/airflow/example_dags/example_latest_only.py for tasks to queue
[2021-09-29 06:05:33,704] {logging_mixin.py:109} INFO - [2021-09-29 06:05:33,704] {dagbag.py:496} INFO - Filling up the DagBag from /home/airflow/.local/lib/python3.6/site-packages/airflow/example_dags/example_latest_only.py
[2021-09-29 06:05:33,718] {processor.py:623} INFO - DAG(s) dict_keys(['latest_only']) retrieved from /home/airflow/.local/lib/python3.6/site-packages/airflow/example_dags/example_latest_only.py
[2021-09-29 06:05:33,738] {logging_mixin.py:109} INFO - [2021-09-29 06:05:33,737] {dag.py:1833} INFO - Sync 1 DAGs
[2021-09-29 06:05:33,752] {logging_mixin.py:109} INFO - [2021-09-29 06:05:33,752] {dag.py:2306} INFO - Setting next_dagrun for latest_only to 2021-09-27 00:00:00+00:00
[2021-09-29 06:05:33,769] {processor.py:170} INFO - Processing /home/airflow/.local/lib/python3.6/site-packages/airflow/example_dags/example_latest_only.py took 0.069 seconds
[2021-09-29 06:06:04,178] {processor.py:162} INFO - Started process (PID=1066) to work on /home/airflow/.local/lib/python3.6/site-packages/airflow/example_dags/example_latest_only.py
[2021-09-29 06:06:04,179] {processor.py:613} INFO - Processing file /home/airflow/.local/lib/python3.6/site-packages/airflow/example_dags/example_latest_only.py for tasks to queue
[2021-09-29 06:06:04,180] {logging_mixin.py:109} INFO - [2021-09-29 06:06:04,180] {dagbag.py:496} INFO - Filling up the DagBag from /home/airflow/.local/lib/python3.6/site-packages/airflow/example_dags/example_latest_only.py
[2021-09-29 06:06:04,200] {processor.py:623} INFO - DAG(s) dict_keys(['latest_only']) retrieved from /home/airflow/.local/lib/python3.6/site-packages/airflow/example_dags/example_latest_only.py
[2021-09-29 06:06:04,228] {logging_mixin.py:109} INFO - [2021-09-29 06:06:04,228] {dag.py:1833} INFO - Sync 1 DAGs
[2021-09-29 06:06:04,250] {logging_mixin.py:109} INFO - [2021-09-29 06:06:04,250] {dag.py:2306} INFO - Setting next_dagrun for latest_only to 2021-09-27 00:00:00+00:00
[2021-09-29 06:06:04,270] {processor.py:170} INFO - Processing /home/airflow/.local/lib/python3.6/site-packages/airflow/example_dags/example_latest_only.py took 0.096 seconds
[2021-09-29 06:06:34,784] {processor.py:162} INFO - Started process (PID=1119) to work on /home/airflow/.local/lib/python3.6/site-packages/airflow/example_dags/example_latest_only.py
[2021-09-29 06:06:34,785] {processor.py:613} INFO - Processing file /home/airflow/.local/lib/python3.6/site-packages/airflow/example_dags/example_latest_only.py for tasks to queue
[2021-09-29 06:06:34,786] {logging_mixin.py:109} INFO - [2021-09-29 06:06:34,786] {dagbag.py:496} INFO - Filling up the DagBag from /home/airflow/.local/lib/python3.6/site-packages/airflow/example_dags/example_latest_only.py
[2021-09-29 06:06:34,807] {processor.py:623} INFO - DAG(s) dict_keys(['latest_only']) retrieved from /home/airflow/.local/lib/python3.6/site-packages/airflow/example_dags/example_latest_only.py
[2021-09-29 06:06:34,849] {logging_mixin.py:109} INFO - [2021-09-29 06:06:34,848] {dag.py:1833} INFO - Sync 1 DAGs
[2021-09-29 06:06:34,882] {logging_mixin.py:109} INFO - [2021-09-29 06:06:34,882] {dag.py:2306} INFO - Setting next_dagrun for latest_only to 2021-09-27 00:00:00+00:00
[2021-09-29 06:06:34,908] {processor.py:170} INFO - Processing /home/airflow/.local/lib/python3.6/site-packages/airflow/example_dags/example_latest_only.py took 0.135 seconds
[2021-09-29 06:07:05,019] {processor.py:162} INFO - Started process (PID=1181) to work on /home/airflow/.local/lib/python3.6/site-packages/airflow/example_dags/example_latest_only.py
[2021-09-29 06:07:05,020] {processor.py:613} INFO - Processing file /home/airflow/.local/lib/python3.6/site-packages/airflow/example_dags/example_latest_only.py for tasks to queue
[2021-09-29 06:07:05,020] {logging_mixin.py:109} INFO - [2021-09-29 06:07:05,020] {dagbag.py:496} INFO - Filling up the DagBag from /home/airflow/.local/lib/python3.6/site-packages/airflow/example_dags/example_latest_only.py
[2021-09-29 06:07:05,029] {processor.py:623} INFO - DAG(s) dict_keys(['latest_only']) retrieved from /home/airflow/.local/lib/python3.6/site-packages/airflow/example_dags/example_latest_only.py
[2021-09-29 06:07:05,045] {logging_mixin.py:109} INFO - [2021-09-29 06:07:05,045] {dag.py:1833} INFO - Sync 1 DAGs
[2021-09-29 06:07:05,057] {logging_mixin.py:109} INFO - [2021-09-29 06:07:05,057] {dag.py:2306} INFO - Setting next_dagrun for latest_only to 2021-09-27 00:00:00+00:00
[2021-09-29 06:07:05,066] {processor.py:170} INFO - Processing /home/airflow/.local/lib/python3.6/site-packages/airflow/example_dags/example_latest_only.py took 0.049 seconds
[2021-09-29 06:07:35,230] {processor.py:162} INFO - Started process (PID=1244) to work on /home/airflow/.local/lib/python3.6/site-packages/airflow/example_dags/example_latest_only.py
[2021-09-29 06:07:35,231] {processor.py:613} INFO - Processing file /home/airflow/.local/lib/python3.6/site-packages/airflow/example_dags/example_latest_only.py for tasks to queue
[2021-09-29 06:07:35,232] {logging_mixin.py:109} INFO - [2021-09-29 06:07:35,232] {dagbag.py:496} INFO - Filling up the DagBag from /home/airflow/.local/lib/python3.6/site-packages/airflow/example_dags/example_latest_only.py
[2021-09-29 06:07:35,245] {processor.py:623} INFO - DAG(s) dict_keys(['latest_only']) retrieved from /home/airflow/.local/lib/python3.6/site-packages/airflow/example_dags/example_latest_only.py
[2021-09-29 06:07:35,268] {logging_mixin.py:109} INFO - [2021-09-29 06:07:35,267] {dag.py:1833} INFO - Sync 1 DAGs
[2021-09-29 06:07:35,285] {logging_mixin.py:109} INFO - [2021-09-29 06:07:35,285] {dag.py:2306} INFO - Setting next_dagrun for latest_only to 2021-09-27 00:00:00+00:00
[2021-09-29 06:07:35,295] {processor.py:170} INFO - Processing /home/airflow/.local/lib/python3.6/site-packages/airflow/example_dags/example_latest_only.py took 0.069 seconds
[2021-09-29 06:08:05,363] {processor.py:162} INFO - Started process (PID=1296) to work on /home/airflow/.local/lib/python3.6/site-packages/airflow/example_dags/example_latest_only.py
[2021-09-29 06:08:05,364] {processor.py:613} INFO - Processing file /home/airflow/.local/lib/python3.6/site-packages/airflow/example_dags/example_latest_only.py for tasks to queue
[2021-09-29 06:08:05,365] {logging_mixin.py:109} INFO - [2021-09-29 06:08:05,365] {dagbag.py:496} INFO - Filling up the DagBag from /home/airflow/.local/lib/python3.6/site-packages/airflow/example_dags/example_latest_only.py
[2021-09-29 06:08:05,373] {processor.py:623} INFO - DAG(s) dict_keys(['latest_only']) retrieved from /home/airflow/.local/lib/python3.6/site-packages/airflow/example_dags/example_latest_only.py
[2021-09-29 06:08:05,388] {logging_mixin.py:109} INFO - [2021-09-29 06:08:05,388] {dag.py:1833} INFO - Sync 1 DAGs
[2021-09-29 06:08:05,401] {logging_mixin.py:109} INFO - [2021-09-29 06:08:05,401] {dag.py:2306} INFO - Setting next_dagrun for latest_only to 2021-09-27 00:00:00+00:00
[2021-09-29 06:08:05,410] {processor.py:170} INFO - Processing /home/airflow/.local/lib/python3.6/site-packages/airflow/example_dags/example_latest_only.py took 0.049 seconds
[2021-09-29 06:08:35,753] {processor.py:162} INFO - Started process (PID=1360) to work on /home/airflow/.local/lib/python3.6/site-packages/airflow/example_dags/example_latest_only.py
[2021-09-29 06:08:35,754] {processor.py:613} INFO - Processing file /home/airflow/.local/lib/python3.6/site-packages/airflow/example_dags/example_latest_only.py for tasks to queue
[2021-09-29 06:08:35,754] {logging_mixin.py:109} INFO - [2021-09-29 06:08:35,754] {dagbag.py:496} INFO - Filling up the DagBag from /home/airflow/.local/lib/python3.6/site-packages/airflow/example_dags/example_latest_only.py
[2021-09-29 06:08:35,762] {processor.py:623} INFO - DAG(s) dict_keys(['latest_only']) retrieved from /home/airflow/.local/lib/python3.6/site-packages/airflow/example_dags/example_latest_only.py
[2021-09-29 06:08:35,781] {logging_mixin.py:109} INFO - [2021-09-29 06:08:35,780] {dag.py:1833} INFO - Sync 1 DAGs
[2021-09-29 06:08:35,795] {logging_mixin.py:109} INFO - [2021-09-29 06:08:35,794] {dag.py:2306} INFO - Setting next_dagrun for latest_only to 2021-09-27 00:00:00+00:00
[2021-09-29 06:08:35,816] {processor.py:170} INFO - Processing /home/airflow/.local/lib/python3.6/site-packages/airflow/example_dags/example_latest_only.py took 0.065 seconds
[2021-09-29 06:09:06,232] {processor.py:162} INFO - Started process (PID=1412) to work on /home/airflow/.local/lib/python3.6/site-packages/airflow/example_dags/example_latest_only.py
[2021-09-29 06:09:06,233] {processor.py:613} INFO - Processing file /home/airflow/.local/lib/python3.6/site-packages/airflow/example_dags/example_latest_only.py for tasks to queue
[2021-09-29 06:09:06,234] {logging_mixin.py:109} INFO - [2021-09-29 06:09:06,233] {dagbag.py:496} INFO - Filling up the DagBag from /home/airflow/.local/lib/python3.6/site-packages/airflow/example_dags/example_latest_only.py
[2021-09-29 06:09:06,250] {processor.py:623} INFO - DAG(s) dict_keys(['latest_only']) retrieved from /home/airflow/.local/lib/python3.6/site-packages/airflow/example_dags/example_latest_only.py
[2021-09-29 06:09:06,283] {logging_mixin.py:109} INFO - [2021-09-29 06:09:06,282] {dag.py:1833} INFO - Sync 1 DAGs
[2021-09-29 06:09:06,305] {logging_mixin.py:109} INFO - [2021-09-29 06:09:06,305] {dag.py:2306} INFO - Setting next_dagrun for latest_only to 2021-09-27 00:00:00+00:00
[2021-09-29 06:09:06,320] {processor.py:170} INFO - Processing /home/airflow/.local/lib/python3.6/site-packages/airflow/example_dags/example_latest_only.py took 0.092 seconds
[2021-09-29 06:09:36,426] {processor.py:162} INFO - Started process (PID=1475) to work on /home/airflow/.local/lib/python3.6/site-packages/airflow/example_dags/example_latest_only.py
[2021-09-29 06:09:36,427] {processor.py:613} INFO - Processing file /home/airflow/.local/lib/python3.6/site-packages/airflow/example_dags/example_latest_only.py for tasks to queue
[2021-09-29 06:09:36,428] {logging_mixin.py:109} INFO - [2021-09-29 06:09:36,428] {dagbag.py:496} INFO - Filling up the DagBag from /home/airflow/.local/lib/python3.6/site-packages/airflow/example_dags/example_latest_only.py
[2021-09-29 06:09:36,442] {processor.py:623} INFO - DAG(s) dict_keys(['latest_only']) retrieved from /home/airflow/.local/lib/python3.6/site-packages/airflow/example_dags/example_latest_only.py
[2021-09-29 06:09:36,466] {logging_mixin.py:109} INFO - [2021-09-29 06:09:36,466] {dag.py:1833} INFO - Sync 1 DAGs
[2021-09-29 06:09:36,484] {logging_mixin.py:109} INFO - [2021-09-29 06:09:36,484] {dag.py:2306} INFO - Setting next_dagrun for latest_only to 2021-09-27 00:00:00+00:00
[2021-09-29 06:09:36,499] {processor.py:170} INFO - Processing /home/airflow/.local/lib/python3.6/site-packages/airflow/example_dags/example_latest_only.py took 0.075 seconds
[2021-09-29 06:10:06,728] {processor.py:162} INFO - Started process (PID=1528) to work on /home/airflow/.local/lib/python3.6/site-packages/airflow/example_dags/example_latest_only.py
[2021-09-29 06:10:06,729] {processor.py:613} INFO - Processing file /home/airflow/.local/lib/python3.6/site-packages/airflow/example_dags/example_latest_only.py for tasks to queue
[2021-09-29 06:10:06,730] {logging_mixin.py:109} INFO - [2021-09-29 06:10:06,730] {dagbag.py:496} INFO - Filling up the DagBag from /home/airflow/.local/lib/python3.6/site-packages/airflow/example_dags/example_latest_only.py
[2021-09-29 06:10:06,739] {processor.py:623} INFO - DAG(s) dict_keys(['latest_only']) retrieved from /home/airflow/.local/lib/python3.6/site-packages/airflow/example_dags/example_latest_only.py
[2021-09-29 06:10:06,763] {logging_mixin.py:109} INFO - [2021-09-29 06:10:06,763] {dag.py:1833} INFO - Sync 1 DAGs
[2021-09-29 06:10:06,779] {logging_mixin.py:109} INFO - [2021-09-29 06:10:06,779] {dag.py:2306} INFO - Setting next_dagrun for latest_only to 2021-09-27 00:00:00+00:00
[2021-09-29 06:10:06,790] {processor.py:170} INFO - Processing /home/airflow/.local/lib/python3.6/site-packages/airflow/example_dags/example_latest_only.py took 0.064 seconds
[2021-09-29 06:10:37,141] {processor.py:162} INFO - Started process (PID=1591) to work on /home/airflow/.local/lib/python3.6/site-packages/airflow/example_dags/example_latest_only.py
[2021-09-29 06:10:37,142] {processor.py:613} INFO - Processing file /home/airflow/.local/lib/python3.6/site-packages/airflow/example_dags/example_latest_only.py for tasks to queue
[2021-09-29 06:10:37,142] {logging_mixin.py:109} INFO - [2021-09-29 06:10:37,142] {dagbag.py:496} INFO - Filling up the DagBag from /home/airflow/.local/lib/python3.6/site-packages/airflow/example_dags/example_latest_only.py
[2021-09-29 06:10:37,150] {processor.py:623} INFO - DAG(s) dict_keys(['latest_only']) retrieved from /home/airflow/.local/lib/python3.6/site-packages/airflow/example_dags/example_latest_only.py
[2021-09-29 06:10:37,169] {logging_mixin.py:109} INFO - [2021-09-29 06:10:37,169] {dag.py:1833} INFO - Sync 1 DAGs
[2021-09-29 06:10:37,186] {logging_mixin.py:109} INFO - [2021-09-29 06:10:37,186] {dag.py:2306} INFO - Setting next_dagrun for latest_only to 2021-09-27 00:00:00+00:00
[2021-09-29 06:10:37,196] {processor.py:170} INFO - Processing /home/airflow/.local/lib/python3.6/site-packages/airflow/example_dags/example_latest_only.py took 0.057 seconds
[2021-09-29 06:11:07,433] {processor.py:162} INFO - Started process (PID=1653) to work on /home/airflow/.local/lib/python3.6/site-packages/airflow/example_dags/example_latest_only.py
[2021-09-29 06:11:07,434] {processor.py:613} INFO - Processing file /home/airflow/.local/lib/python3.6/site-packages/airflow/example_dags/example_latest_only.py for tasks to queue
[2021-09-29 06:11:07,435] {logging_mixin.py:109} INFO - [2021-09-29 06:11:07,434] {dagbag.py:496} INFO - Filling up the DagBag from /home/airflow/.local/lib/python3.6/site-packages/airflow/example_dags/example_latest_only.py
[2021-09-29 06:11:07,447] {processor.py:623} INFO - DAG(s) dict_keys(['latest_only']) retrieved from /home/airflow/.local/lib/python3.6/site-packages/airflow/example_dags/example_latest_only.py
[2021-09-29 06:11:07,468] {logging_mixin.py:109} INFO - [2021-09-29 06:11:07,468] {dag.py:1833} INFO - Sync 1 DAGs
[2021-09-29 06:11:07,485] {logging_mixin.py:109} INFO - [2021-09-29 06:11:07,485] {dag.py:2306} INFO - Setting next_dagrun for latest_only to 2021-09-27 00:00:00+00:00
[2021-09-29 06:11:07,498] {processor.py:170} INFO - Processing /home/airflow/.local/lib/python3.6/site-packages/airflow/example_dags/example_latest_only.py took 0.068 seconds
[2021-09-29 06:11:37,831] {processor.py:162} INFO - Started process (PID=1706) to work on /home/airflow/.local/lib/python3.6/site-packages/airflow/example_dags/example_latest_only.py
[2021-09-29 06:11:37,832] {processor.py:613} INFO - Processing file /home/airflow/.local/lib/python3.6/site-packages/airflow/example_dags/example_latest_only.py for tasks to queue
[2021-09-29 06:11:37,832] {logging_mixin.py:109} INFO - [2021-09-29 06:11:37,832] {dagbag.py:496} INFO - Filling up the DagBag from /home/airflow/.local/lib/python3.6/site-packages/airflow/example_dags/example_latest_only.py
[2021-09-29 06:11:37,840] {processor.py:623} INFO - DAG(s) dict_keys(['latest_only']) retrieved from /home/airflow/.local/lib/python3.6/site-packages/airflow/example_dags/example_latest_only.py
[2021-09-29 06:11:37,857] {logging_mixin.py:109} INFO - [2021-09-29 06:11:37,857] {dag.py:1833} INFO - Sync 1 DAGs
[2021-09-29 06:11:37,870] {logging_mixin.py:109} INFO - [2021-09-29 06:11:37,870] {dag.py:2306} INFO - Setting next_dagrun for latest_only to 2021-09-27 00:00:00+00:00
[2021-09-29 06:11:37,878] {processor.py:170} INFO - Processing /home/airflow/.local/lib/python3.6/site-packages/airflow/example_dags/example_latest_only.py took 0.050 seconds
[2021-09-29 06:12:08,039] {processor.py:162} INFO - Started process (PID=1768) to work on /home/airflow/.local/lib/python3.6/site-packages/airflow/example_dags/example_latest_only.py
[2021-09-29 06:12:08,040] {processor.py:613} INFO - Processing file /home/airflow/.local/lib/python3.6/site-packages/airflow/example_dags/example_latest_only.py for tasks to queue
[2021-09-29 06:12:08,040] {logging_mixin.py:109} INFO - [2021-09-29 06:12:08,040] {dagbag.py:496} INFO - Filling up the DagBag from /home/airflow/.local/lib/python3.6/site-packages/airflow/example_dags/example_latest_only.py
[2021-09-29 06:12:08,048] {processor.py:623} INFO - DAG(s) dict_keys(['latest_only']) retrieved from /home/airflow/.local/lib/python3.6/site-packages/airflow/example_dags/example_latest_only.py
[2021-09-29 06:12:08,065] {logging_mixin.py:109} INFO - [2021-09-29 06:12:08,065] {dag.py:1833} INFO - Sync 1 DAGs
[2021-09-29 06:12:08,079] {logging_mixin.py:109} INFO - [2021-09-29 06:12:08,078] {dag.py:2306} INFO - Setting next_dagrun for latest_only to 2021-09-27 00:00:00+00:00
[2021-09-29 06:12:08,088] {processor.py:170} INFO - Processing /home/airflow/.local/lib/python3.6/site-packages/airflow/example_dags/example_latest_only.py took 0.051 seconds
[2021-09-29 06:12:38,268] {processor.py:162} INFO - Started process (PID=1821) to work on /home/airflow/.local/lib/python3.6/site-packages/airflow/example_dags/example_latest_only.py
[2021-09-29 06:12:38,269] {processor.py:613} INFO - Processing file /home/airflow/.local/lib/python3.6/site-packages/airflow/example_dags/example_latest_only.py for tasks to queue
[2021-09-29 06:12:38,269] {logging_mixin.py:109} INFO - [2021-09-29 06:12:38,269] {dagbag.py:496} INFO - Filling up the DagBag from /home/airflow/.local/lib/python3.6/site-packages/airflow/example_dags/example_latest_only.py
[2021-09-29 06:12:38,281] {processor.py:623} INFO - DAG(s) dict_keys(['latest_only']) retrieved from /home/airflow/.local/lib/python3.6/site-packages/airflow/example_dags/example_latest_only.py
[2021-09-29 06:12:38,297] {logging_mixin.py:109} INFO - [2021-09-29 06:12:38,297] {dag.py:1833} INFO - Sync 1 DAGs
[2021-09-29 06:12:38,310] {logging_mixin.py:109} INFO - [2021-09-29 06:12:38,310] {dag.py:2306} INFO - Setting next_dagrun for latest_only to 2021-09-27 00:00:00+00:00
[2021-09-29 06:12:38,321] {processor.py:170} INFO - Processing /home/airflow/.local/lib/python3.6/site-packages/airflow/example_dags/example_latest_only.py took 0.057 seconds
