[2021-09-29 05:45:42,215] {processor.py:162} INFO - Started process (PID=148) to work on /home/airflow/.local/lib/python3.6/site-packages/airflow/example_dags/example_external_task_marker_dag.py
[2021-09-29 05:45:42,216] {processor.py:613} INFO - Processing file /home/airflow/.local/lib/python3.6/site-packages/airflow/example_dags/example_external_task_marker_dag.py for tasks to queue
[2021-09-29 05:45:42,217] {logging_mixin.py:109} INFO - [2021-09-29 05:45:42,216] {dagbag.py:496} INFO - Filling up the DagBag from /home/airflow/.local/lib/python3.6/site-packages/airflow/example_dags/example_external_task_marker_dag.py
[2021-09-29 05:45:42,242] {processor.py:623} INFO - DAG(s) dict_keys(['example_external_task_marker_parent', 'example_external_task_marker_child']) retrieved from /home/airflow/.local/lib/python3.6/site-packages/airflow/example_dags/example_external_task_marker_dag.py
[2021-09-29 05:45:45,666] {logging_mixin.py:109} INFO - [2021-09-29 05:45:45,665] {dag.py:1833} INFO - Sync 2 DAGs
[2021-09-29 05:45:45,679] {logging_mixin.py:109} INFO - [2021-09-29 05:45:45,678] {dag.py:1852} INFO - Creating ORM DAG for example_external_task_marker_parent
[2021-09-29 05:45:45,680] {logging_mixin.py:109} INFO - [2021-09-29 05:45:45,680] {dag.py:1852} INFO - Creating ORM DAG for example_external_task_marker_child
[2021-09-29 05:45:45,684] {logging_mixin.py:109} INFO - [2021-09-29 05:45:45,684] {dag.py:2306} INFO - Setting next_dagrun for example_external_task_marker_child to None
[2021-09-29 05:45:45,685] {logging_mixin.py:109} INFO - [2021-09-29 05:45:45,685] {dag.py:2306} INFO - Setting next_dagrun for example_external_task_marker_parent to None
[2021-09-29 05:45:45,696] {processor.py:170} INFO - Processing /home/airflow/.local/lib/python3.6/site-packages/airflow/example_dags/example_external_task_marker_dag.py took 3.484 seconds
[2021-09-29 05:46:16,619] {processor.py:162} INFO - Started process (PID=388) to work on /home/airflow/.local/lib/python3.6/site-packages/airflow/example_dags/example_external_task_marker_dag.py
[2021-09-29 05:46:16,620] {processor.py:613} INFO - Processing file /home/airflow/.local/lib/python3.6/site-packages/airflow/example_dags/example_external_task_marker_dag.py for tasks to queue
[2021-09-29 05:46:16,620] {logging_mixin.py:109} INFO - [2021-09-29 05:46:16,620] {dagbag.py:496} INFO - Filling up the DagBag from /home/airflow/.local/lib/python3.6/site-packages/airflow/example_dags/example_external_task_marker_dag.py
[2021-09-29 05:46:16,630] {processor.py:623} INFO - DAG(s) dict_keys(['example_external_task_marker_parent', 'example_external_task_marker_child']) retrieved from /home/airflow/.local/lib/python3.6/site-packages/airflow/example_dags/example_external_task_marker_dag.py
[2021-09-29 05:46:16,655] {logging_mixin.py:109} INFO - [2021-09-29 05:46:16,655] {dag.py:1833} INFO - Sync 2 DAGs
[2021-09-29 05:46:16,675] {logging_mixin.py:109} INFO - [2021-09-29 05:46:16,675] {dag.py:2306} INFO - Setting next_dagrun for example_external_task_marker_child to None
[2021-09-29 05:46:16,676] {logging_mixin.py:109} INFO - [2021-09-29 05:46:16,676] {dag.py:2306} INFO - Setting next_dagrun for example_external_task_marker_parent to None
[2021-09-29 05:46:16,690] {processor.py:170} INFO - Processing /home/airflow/.local/lib/python3.6/site-packages/airflow/example_dags/example_external_task_marker_dag.py took 0.073 seconds
[2021-09-29 05:46:47,173] {processor.py:162} INFO - Started process (PID=452) to work on /home/airflow/.local/lib/python3.6/site-packages/airflow/example_dags/example_external_task_marker_dag.py
[2021-09-29 05:46:47,173] {processor.py:613} INFO - Processing file /home/airflow/.local/lib/python3.6/site-packages/airflow/example_dags/example_external_task_marker_dag.py for tasks to queue
[2021-09-29 05:46:47,174] {logging_mixin.py:109} INFO - [2021-09-29 05:46:47,174] {dagbag.py:496} INFO - Filling up the DagBag from /home/airflow/.local/lib/python3.6/site-packages/airflow/example_dags/example_external_task_marker_dag.py
[2021-09-29 05:46:47,183] {processor.py:623} INFO - DAG(s) dict_keys(['example_external_task_marker_parent', 'example_external_task_marker_child']) retrieved from /home/airflow/.local/lib/python3.6/site-packages/airflow/example_dags/example_external_task_marker_dag.py
[2021-09-29 05:46:47,208] {logging_mixin.py:109} INFO - [2021-09-29 05:46:47,207] {dag.py:1833} INFO - Sync 2 DAGs
[2021-09-29 05:46:47,220] {logging_mixin.py:109} INFO - [2021-09-29 05:46:47,220] {dag.py:2306} INFO - Setting next_dagrun for example_external_task_marker_child to None
[2021-09-29 05:46:47,221] {logging_mixin.py:109} INFO - [2021-09-29 05:46:47,221] {dag.py:2306} INFO - Setting next_dagrun for example_external_task_marker_parent to None
[2021-09-29 05:46:47,238] {processor.py:170} INFO - Processing /home/airflow/.local/lib/python3.6/site-packages/airflow/example_dags/example_external_task_marker_dag.py took 0.068 seconds
[2021-09-29 05:47:17,583] {processor.py:162} INFO - Started process (PID=504) to work on /home/airflow/.local/lib/python3.6/site-packages/airflow/example_dags/example_external_task_marker_dag.py
[2021-09-29 05:47:17,584] {processor.py:613} INFO - Processing file /home/airflow/.local/lib/python3.6/site-packages/airflow/example_dags/example_external_task_marker_dag.py for tasks to queue
[2021-09-29 05:47:17,584] {logging_mixin.py:109} INFO - [2021-09-29 05:47:17,584] {dagbag.py:496} INFO - Filling up the DagBag from /home/airflow/.local/lib/python3.6/site-packages/airflow/example_dags/example_external_task_marker_dag.py
[2021-09-29 05:47:17,594] {processor.py:623} INFO - DAG(s) dict_keys(['example_external_task_marker_parent', 'example_external_task_marker_child']) retrieved from /home/airflow/.local/lib/python3.6/site-packages/airflow/example_dags/example_external_task_marker_dag.py
[2021-09-29 05:47:17,619] {logging_mixin.py:109} INFO - [2021-09-29 05:47:17,619] {dag.py:1833} INFO - Sync 2 DAGs
[2021-09-29 05:47:17,632] {logging_mixin.py:109} INFO - [2021-09-29 05:47:17,632] {dag.py:2306} INFO - Setting next_dagrun for example_external_task_marker_child to None
[2021-09-29 05:47:17,633] {logging_mixin.py:109} INFO - [2021-09-29 05:47:17,633] {dag.py:2306} INFO - Setting next_dagrun for example_external_task_marker_parent to None
[2021-09-29 05:47:17,643] {processor.py:170} INFO - Processing /home/airflow/.local/lib/python3.6/site-packages/airflow/example_dags/example_external_task_marker_dag.py took 0.061 seconds
[2021-09-29 05:47:48,000] {processor.py:162} INFO - Started process (PID=567) to work on /home/airflow/.local/lib/python3.6/site-packages/airflow/example_dags/example_external_task_marker_dag.py
[2021-09-29 05:47:48,001] {processor.py:613} INFO - Processing file /home/airflow/.local/lib/python3.6/site-packages/airflow/example_dags/example_external_task_marker_dag.py for tasks to queue
[2021-09-29 05:47:48,002] {logging_mixin.py:109} INFO - [2021-09-29 05:47:48,002] {dagbag.py:496} INFO - Filling up the DagBag from /home/airflow/.local/lib/python3.6/site-packages/airflow/example_dags/example_external_task_marker_dag.py
[2021-09-29 05:47:48,016] {processor.py:623} INFO - DAG(s) dict_keys(['example_external_task_marker_parent', 'example_external_task_marker_child']) retrieved from /home/airflow/.local/lib/python3.6/site-packages/airflow/example_dags/example_external_task_marker_dag.py
[2021-09-29 05:47:48,043] {logging_mixin.py:109} INFO - [2021-09-29 05:47:48,042] {dag.py:1833} INFO - Sync 2 DAGs
[2021-09-29 05:47:48,056] {logging_mixin.py:109} INFO - [2021-09-29 05:47:48,056] {dag.py:2306} INFO - Setting next_dagrun for example_external_task_marker_child to None
[2021-09-29 05:47:48,057] {logging_mixin.py:109} INFO - [2021-09-29 05:47:48,057] {dag.py:2306} INFO - Setting next_dagrun for example_external_task_marker_parent to None
[2021-09-29 05:47:48,067] {processor.py:170} INFO - Processing /home/airflow/.local/lib/python3.6/site-packages/airflow/example_dags/example_external_task_marker_dag.py took 0.069 seconds
[2021-09-29 05:48:18,262] {processor.py:162} INFO - Started process (PID=620) to work on /home/airflow/.local/lib/python3.6/site-packages/airflow/example_dags/example_external_task_marker_dag.py
[2021-09-29 05:48:18,263] {processor.py:613} INFO - Processing file /home/airflow/.local/lib/python3.6/site-packages/airflow/example_dags/example_external_task_marker_dag.py for tasks to queue
[2021-09-29 05:48:18,263] {logging_mixin.py:109} INFO - [2021-09-29 05:48:18,263] {dagbag.py:496} INFO - Filling up the DagBag from /home/airflow/.local/lib/python3.6/site-packages/airflow/example_dags/example_external_task_marker_dag.py
[2021-09-29 05:48:18,273] {processor.py:623} INFO - DAG(s) dict_keys(['example_external_task_marker_parent', 'example_external_task_marker_child']) retrieved from /home/airflow/.local/lib/python3.6/site-packages/airflow/example_dags/example_external_task_marker_dag.py
[2021-09-29 05:48:18,301] {logging_mixin.py:109} INFO - [2021-09-29 05:48:18,301] {dag.py:1833} INFO - Sync 2 DAGs
[2021-09-29 05:48:18,316] {logging_mixin.py:109} INFO - [2021-09-29 05:48:18,316] {dag.py:2306} INFO - Setting next_dagrun for example_external_task_marker_child to None
[2021-09-29 05:48:18,316] {logging_mixin.py:109} INFO - [2021-09-29 05:48:18,316] {dag.py:2306} INFO - Setting next_dagrun for example_external_task_marker_parent to None
[2021-09-29 05:48:18,337] {processor.py:170} INFO - Processing /home/airflow/.local/lib/python3.6/site-packages/airflow/example_dags/example_external_task_marker_dag.py took 0.078 seconds
[2021-09-29 05:48:48,637] {processor.py:162} INFO - Started process (PID=682) to work on /home/airflow/.local/lib/python3.6/site-packages/airflow/example_dags/example_external_task_marker_dag.py
[2021-09-29 05:48:48,638] {processor.py:613} INFO - Processing file /home/airflow/.local/lib/python3.6/site-packages/airflow/example_dags/example_external_task_marker_dag.py for tasks to queue
[2021-09-29 05:48:48,638] {logging_mixin.py:109} INFO - [2021-09-29 05:48:48,638] {dagbag.py:496} INFO - Filling up the DagBag from /home/airflow/.local/lib/python3.6/site-packages/airflow/example_dags/example_external_task_marker_dag.py
[2021-09-29 05:48:48,651] {processor.py:623} INFO - DAG(s) dict_keys(['example_external_task_marker_parent', 'example_external_task_marker_child']) retrieved from /home/airflow/.local/lib/python3.6/site-packages/airflow/example_dags/example_external_task_marker_dag.py
[2021-09-29 05:48:48,689] {logging_mixin.py:109} INFO - [2021-09-29 05:48:48,689] {dag.py:1833} INFO - Sync 2 DAGs
[2021-09-29 05:48:48,713] {logging_mixin.py:109} INFO - [2021-09-29 05:48:48,710] {dag.py:2306} INFO - Setting next_dagrun for example_external_task_marker_child to None
[2021-09-29 05:48:48,714] {logging_mixin.py:109} INFO - [2021-09-29 05:48:48,714] {dag.py:2306} INFO - Setting next_dagrun for example_external_task_marker_parent to None
[2021-09-29 05:48:48,727] {processor.py:170} INFO - Processing /home/airflow/.local/lib/python3.6/site-packages/airflow/example_dags/example_external_task_marker_dag.py took 0.092 seconds
[2021-09-29 05:49:19,134] {processor.py:162} INFO - Started process (PID=736) to work on /home/airflow/.local/lib/python3.6/site-packages/airflow/example_dags/example_external_task_marker_dag.py
[2021-09-29 05:49:19,135] {processor.py:613} INFO - Processing file /home/airflow/.local/lib/python3.6/site-packages/airflow/example_dags/example_external_task_marker_dag.py for tasks to queue
[2021-09-29 05:49:19,136] {logging_mixin.py:109} INFO - [2021-09-29 05:49:19,136] {dagbag.py:496} INFO - Filling up the DagBag from /home/airflow/.local/lib/python3.6/site-packages/airflow/example_dags/example_external_task_marker_dag.py
[2021-09-29 05:49:19,147] {processor.py:623} INFO - DAG(s) dict_keys(['example_external_task_marker_parent', 'example_external_task_marker_child']) retrieved from /home/airflow/.local/lib/python3.6/site-packages/airflow/example_dags/example_external_task_marker_dag.py
[2021-09-29 05:49:19,174] {logging_mixin.py:109} INFO - [2021-09-29 05:49:19,174] {dag.py:1833} INFO - Sync 2 DAGs
[2021-09-29 05:49:19,190] {logging_mixin.py:109} INFO - [2021-09-29 05:49:19,190] {dag.py:2306} INFO - Setting next_dagrun for example_external_task_marker_child to None
[2021-09-29 05:49:19,191] {logging_mixin.py:109} INFO - [2021-09-29 05:49:19,191] {dag.py:2306} INFO - Setting next_dagrun for example_external_task_marker_parent to None
[2021-09-29 05:49:19,203] {processor.py:170} INFO - Processing /home/airflow/.local/lib/python3.6/site-packages/airflow/example_dags/example_external_task_marker_dag.py took 0.071 seconds
[2021-09-29 05:49:49,544] {processor.py:162} INFO - Started process (PID=799) to work on /home/airflow/.local/lib/python3.6/site-packages/airflow/example_dags/example_external_task_marker_dag.py
[2021-09-29 05:49:49,545] {processor.py:613} INFO - Processing file /home/airflow/.local/lib/python3.6/site-packages/airflow/example_dags/example_external_task_marker_dag.py for tasks to queue
[2021-09-29 05:49:49,545] {logging_mixin.py:109} INFO - [2021-09-29 05:49:49,545] {dagbag.py:496} INFO - Filling up the DagBag from /home/airflow/.local/lib/python3.6/site-packages/airflow/example_dags/example_external_task_marker_dag.py
[2021-09-29 05:49:49,554] {processor.py:623} INFO - DAG(s) dict_keys(['example_external_task_marker_parent', 'example_external_task_marker_child']) retrieved from /home/airflow/.local/lib/python3.6/site-packages/airflow/example_dags/example_external_task_marker_dag.py
[2021-09-29 05:49:49,580] {logging_mixin.py:109} INFO - [2021-09-29 05:49:49,579] {dag.py:1833} INFO - Sync 2 DAGs
[2021-09-29 05:49:49,593] {logging_mixin.py:109} INFO - [2021-09-29 05:49:49,593] {dag.py:2306} INFO - Setting next_dagrun for example_external_task_marker_child to None
[2021-09-29 05:49:49,594] {logging_mixin.py:109} INFO - [2021-09-29 05:49:49,594] {dag.py:2306} INFO - Setting next_dagrun for example_external_task_marker_parent to None
[2021-09-29 05:49:49,604] {processor.py:170} INFO - Processing /home/airflow/.local/lib/python3.6/site-packages/airflow/example_dags/example_external_task_marker_dag.py took 0.062 seconds
[2021-09-29 05:53:48,708] {processor.py:162} INFO - Started process (PID=153) to work on /home/airflow/.local/lib/python3.6/site-packages/airflow/example_dags/example_external_task_marker_dag.py
[2021-09-29 05:53:48,710] {processor.py:613} INFO - Processing file /home/airflow/.local/lib/python3.6/site-packages/airflow/example_dags/example_external_task_marker_dag.py for tasks to queue
[2021-09-29 05:53:48,712] {logging_mixin.py:109} INFO - [2021-09-29 05:53:48,712] {dagbag.py:496} INFO - Filling up the DagBag from /home/airflow/.local/lib/python3.6/site-packages/airflow/example_dags/example_external_task_marker_dag.py
[2021-09-29 05:53:48,736] {processor.py:623} INFO - DAG(s) dict_keys(['example_external_task_marker_parent', 'example_external_task_marker_child']) retrieved from /home/airflow/.local/lib/python3.6/site-packages/airflow/example_dags/example_external_task_marker_dag.py
[2021-09-29 05:53:54,070] {logging_mixin.py:109} INFO - [2021-09-29 05:53:54,068] {dag.py:1833} INFO - Sync 2 DAGs
[2021-09-29 05:53:54,095] {logging_mixin.py:109} INFO - [2021-09-29 05:53:54,093] {dag.py:1852} INFO - Creating ORM DAG for example_external_task_marker_child
[2021-09-29 05:53:54,097] {logging_mixin.py:109} INFO - [2021-09-29 05:53:54,097] {dag.py:1852} INFO - Creating ORM DAG for example_external_task_marker_parent
[2021-09-29 05:53:54,113] {logging_mixin.py:109} INFO - [2021-09-29 05:53:54,113] {dag.py:2306} INFO - Setting next_dagrun for example_external_task_marker_child to None
[2021-09-29 05:53:54,114] {logging_mixin.py:109} INFO - [2021-09-29 05:53:54,114] {dag.py:2306} INFO - Setting next_dagrun for example_external_task_marker_parent to None
[2021-09-29 05:53:54,158] {processor.py:170} INFO - Processing /home/airflow/.local/lib/python3.6/site-packages/airflow/example_dags/example_external_task_marker_dag.py took 5.455 seconds
[2021-09-29 05:54:24,460] {processor.py:162} INFO - Started process (PID=393) to work on /home/airflow/.local/lib/python3.6/site-packages/airflow/example_dags/example_external_task_marker_dag.py
[2021-09-29 05:54:24,461] {processor.py:613} INFO - Processing file /home/airflow/.local/lib/python3.6/site-packages/airflow/example_dags/example_external_task_marker_dag.py for tasks to queue
[2021-09-29 05:54:24,461] {logging_mixin.py:109} INFO - [2021-09-29 05:54:24,461] {dagbag.py:496} INFO - Filling up the DagBag from /home/airflow/.local/lib/python3.6/site-packages/airflow/example_dags/example_external_task_marker_dag.py
[2021-09-29 05:54:24,471] {processor.py:623} INFO - DAG(s) dict_keys(['example_external_task_marker_parent', 'example_external_task_marker_child']) retrieved from /home/airflow/.local/lib/python3.6/site-packages/airflow/example_dags/example_external_task_marker_dag.py
[2021-09-29 05:54:24,501] {logging_mixin.py:109} INFO - [2021-09-29 05:54:24,500] {dag.py:1833} INFO - Sync 2 DAGs
[2021-09-29 05:54:24,520] {logging_mixin.py:109} INFO - [2021-09-29 05:54:24,520] {dag.py:2306} INFO - Setting next_dagrun for example_external_task_marker_child to None
[2021-09-29 05:54:24,521] {logging_mixin.py:109} INFO - [2021-09-29 05:54:24,521] {dag.py:2306} INFO - Setting next_dagrun for example_external_task_marker_parent to None
[2021-09-29 05:54:24,531] {processor.py:170} INFO - Processing /home/airflow/.local/lib/python3.6/site-packages/airflow/example_dags/example_external_task_marker_dag.py took 0.075 seconds
[2021-09-29 05:54:55,190] {processor.py:162} INFO - Started process (PID=447) to work on /home/airflow/.local/lib/python3.6/site-packages/airflow/example_dags/example_external_task_marker_dag.py
[2021-09-29 05:54:55,191] {processor.py:613} INFO - Processing file /home/airflow/.local/lib/python3.6/site-packages/airflow/example_dags/example_external_task_marker_dag.py for tasks to queue
[2021-09-29 05:54:55,191] {logging_mixin.py:109} INFO - [2021-09-29 05:54:55,191] {dagbag.py:496} INFO - Filling up the DagBag from /home/airflow/.local/lib/python3.6/site-packages/airflow/example_dags/example_external_task_marker_dag.py
[2021-09-29 05:54:55,201] {processor.py:623} INFO - DAG(s) dict_keys(['example_external_task_marker_parent', 'example_external_task_marker_child']) retrieved from /home/airflow/.local/lib/python3.6/site-packages/airflow/example_dags/example_external_task_marker_dag.py
[2021-09-29 05:54:55,226] {logging_mixin.py:109} INFO - [2021-09-29 05:54:55,225] {dag.py:1833} INFO - Sync 2 DAGs
[2021-09-29 05:54:55,244] {logging_mixin.py:109} INFO - [2021-09-29 05:54:55,244] {dag.py:2306} INFO - Setting next_dagrun for example_external_task_marker_child to None
[2021-09-29 05:54:55,245] {logging_mixin.py:109} INFO - [2021-09-29 05:54:55,245] {dag.py:2306} INFO - Setting next_dagrun for example_external_task_marker_parent to None
[2021-09-29 05:54:55,256] {processor.py:170} INFO - Processing /home/airflow/.local/lib/python3.6/site-packages/airflow/example_dags/example_external_task_marker_dag.py took 0.067 seconds
[2021-09-29 05:55:25,615] {processor.py:162} INFO - Started process (PID=511) to work on /home/airflow/.local/lib/python3.6/site-packages/airflow/example_dags/example_external_task_marker_dag.py
[2021-09-29 05:55:25,616] {processor.py:613} INFO - Processing file /home/airflow/.local/lib/python3.6/site-packages/airflow/example_dags/example_external_task_marker_dag.py for tasks to queue
[2021-09-29 05:55:25,617] {logging_mixin.py:109} INFO - [2021-09-29 05:55:25,616] {dagbag.py:496} INFO - Filling up the DagBag from /home/airflow/.local/lib/python3.6/site-packages/airflow/example_dags/example_external_task_marker_dag.py
[2021-09-29 05:55:25,626] {processor.py:623} INFO - DAG(s) dict_keys(['example_external_task_marker_parent', 'example_external_task_marker_child']) retrieved from /home/airflow/.local/lib/python3.6/site-packages/airflow/example_dags/example_external_task_marker_dag.py
[2021-09-29 05:55:25,657] {logging_mixin.py:109} INFO - [2021-09-29 05:55:25,656] {dag.py:1833} INFO - Sync 2 DAGs
[2021-09-29 05:55:25,675] {logging_mixin.py:109} INFO - [2021-09-29 05:55:25,675] {dag.py:2306} INFO - Setting next_dagrun for example_external_task_marker_child to None
[2021-09-29 05:55:25,676] {logging_mixin.py:109} INFO - [2021-09-29 05:55:25,676] {dag.py:2306} INFO - Setting next_dagrun for example_external_task_marker_parent to None
[2021-09-29 05:55:25,688] {processor.py:170} INFO - Processing /home/airflow/.local/lib/python3.6/site-packages/airflow/example_dags/example_external_task_marker_dag.py took 0.075 seconds
[2021-09-29 05:55:55,925] {processor.py:162} INFO - Started process (PID=563) to work on /home/airflow/.local/lib/python3.6/site-packages/airflow/example_dags/example_external_task_marker_dag.py
[2021-09-29 05:55:55,927] {processor.py:613} INFO - Processing file /home/airflow/.local/lib/python3.6/site-packages/airflow/example_dags/example_external_task_marker_dag.py for tasks to queue
[2021-09-29 05:55:55,927] {logging_mixin.py:109} INFO - [2021-09-29 05:55:55,927] {dagbag.py:496} INFO - Filling up the DagBag from /home/airflow/.local/lib/python3.6/site-packages/airflow/example_dags/example_external_task_marker_dag.py
[2021-09-29 05:55:55,938] {processor.py:623} INFO - DAG(s) dict_keys(['example_external_task_marker_parent', 'example_external_task_marker_child']) retrieved from /home/airflow/.local/lib/python3.6/site-packages/airflow/example_dags/example_external_task_marker_dag.py
[2021-09-29 05:55:55,963] {logging_mixin.py:109} INFO - [2021-09-29 05:55:55,963] {dag.py:1833} INFO - Sync 2 DAGs
[2021-09-29 05:55:55,977] {logging_mixin.py:109} INFO - [2021-09-29 05:55:55,977] {dag.py:2306} INFO - Setting next_dagrun for example_external_task_marker_child to None
[2021-09-29 05:55:55,978] {logging_mixin.py:109} INFO - [2021-09-29 05:55:55,978] {dag.py:2306} INFO - Setting next_dagrun for example_external_task_marker_parent to None
[2021-09-29 05:55:55,988] {processor.py:170} INFO - Processing /home/airflow/.local/lib/python3.6/site-packages/airflow/example_dags/example_external_task_marker_dag.py took 0.065 seconds
[2021-09-29 05:56:26,305] {processor.py:162} INFO - Started process (PID=626) to work on /home/airflow/.local/lib/python3.6/site-packages/airflow/example_dags/example_external_task_marker_dag.py
[2021-09-29 05:56:26,305] {processor.py:613} INFO - Processing file /home/airflow/.local/lib/python3.6/site-packages/airflow/example_dags/example_external_task_marker_dag.py for tasks to queue
[2021-09-29 05:56:26,306] {logging_mixin.py:109} INFO - [2021-09-29 05:56:26,306] {dagbag.py:496} INFO - Filling up the DagBag from /home/airflow/.local/lib/python3.6/site-packages/airflow/example_dags/example_external_task_marker_dag.py
[2021-09-29 05:56:26,317] {processor.py:623} INFO - DAG(s) dict_keys(['example_external_task_marker_parent', 'example_external_task_marker_child']) retrieved from /home/airflow/.local/lib/python3.6/site-packages/airflow/example_dags/example_external_task_marker_dag.py
[2021-09-29 05:56:26,348] {logging_mixin.py:109} INFO - [2021-09-29 05:56:26,347] {dag.py:1833} INFO - Sync 2 DAGs
[2021-09-29 05:56:26,368] {logging_mixin.py:109} INFO - [2021-09-29 05:56:26,368] {dag.py:2306} INFO - Setting next_dagrun for example_external_task_marker_child to None
[2021-09-29 05:56:26,370] {logging_mixin.py:109} INFO - [2021-09-29 05:56:26,369] {dag.py:2306} INFO - Setting next_dagrun for example_external_task_marker_parent to None
[2021-09-29 05:56:26,382] {processor.py:170} INFO - Processing /home/airflow/.local/lib/python3.6/site-packages/airflow/example_dags/example_external_task_marker_dag.py took 0.079 seconds
[2021-09-29 05:59:53,087] {processor.py:162} INFO - Started process (PID=171) to work on /home/airflow/.local/lib/python3.6/site-packages/airflow/example_dags/example_external_task_marker_dag.py
[2021-09-29 05:59:53,088] {processor.py:613} INFO - Processing file /home/airflow/.local/lib/python3.6/site-packages/airflow/example_dags/example_external_task_marker_dag.py for tasks to queue
[2021-09-29 05:59:53,088] {logging_mixin.py:109} INFO - [2021-09-29 05:59:53,088] {dagbag.py:496} INFO - Filling up the DagBag from /home/airflow/.local/lib/python3.6/site-packages/airflow/example_dags/example_external_task_marker_dag.py
[2021-09-29 05:59:53,101] {processor.py:623} INFO - DAG(s) dict_keys(['example_external_task_marker_parent', 'example_external_task_marker_child']) retrieved from /home/airflow/.local/lib/python3.6/site-packages/airflow/example_dags/example_external_task_marker_dag.py
[2021-09-29 05:59:55,413] {logging_mixin.py:109} INFO - [2021-09-29 05:59:55,408] {dag.py:1833} INFO - Sync 2 DAGs
[2021-09-29 05:59:55,429] {logging_mixin.py:109} INFO - [2021-09-29 05:59:55,427] {dag.py:1852} INFO - Creating ORM DAG for example_external_task_marker_parent
[2021-09-29 05:59:55,430] {logging_mixin.py:109} INFO - [2021-09-29 05:59:55,430] {dag.py:1852} INFO - Creating ORM DAG for example_external_task_marker_child
[2021-09-29 05:59:55,437] {logging_mixin.py:109} INFO - [2021-09-29 05:59:55,436] {dag.py:2306} INFO - Setting next_dagrun for example_external_task_marker_child to None
[2021-09-29 05:59:55,437] {logging_mixin.py:109} INFO - [2021-09-29 05:59:55,437] {dag.py:2306} INFO - Setting next_dagrun for example_external_task_marker_parent to None
[2021-09-29 05:59:55,453] {processor.py:170} INFO - Processing /home/airflow/.local/lib/python3.6/site-packages/airflow/example_dags/example_external_task_marker_dag.py took 2.368 seconds
[2021-09-29 06:00:25,489] {processor.py:162} INFO - Started process (PID=401) to work on /home/airflow/.local/lib/python3.6/site-packages/airflow/example_dags/example_external_task_marker_dag.py
[2021-09-29 06:00:25,490] {processor.py:613} INFO - Processing file /home/airflow/.local/lib/python3.6/site-packages/airflow/example_dags/example_external_task_marker_dag.py for tasks to queue
[2021-09-29 06:00:25,490] {logging_mixin.py:109} INFO - [2021-09-29 06:00:25,490] {dagbag.py:496} INFO - Filling up the DagBag from /home/airflow/.local/lib/python3.6/site-packages/airflow/example_dags/example_external_task_marker_dag.py
[2021-09-29 06:00:25,499] {processor.py:623} INFO - DAG(s) dict_keys(['example_external_task_marker_parent', 'example_external_task_marker_child']) retrieved from /home/airflow/.local/lib/python3.6/site-packages/airflow/example_dags/example_external_task_marker_dag.py
[2021-09-29 06:00:25,520] {logging_mixin.py:109} INFO - [2021-09-29 06:00:25,520] {dag.py:1833} INFO - Sync 2 DAGs
[2021-09-29 06:00:25,536] {logging_mixin.py:109} INFO - [2021-09-29 06:00:25,536] {dag.py:2306} INFO - Setting next_dagrun for example_external_task_marker_child to None
[2021-09-29 06:00:25,536] {logging_mixin.py:109} INFO - [2021-09-29 06:00:25,536] {dag.py:2306} INFO - Setting next_dagrun for example_external_task_marker_parent to None
[2021-09-29 06:00:25,546] {processor.py:170} INFO - Processing /home/airflow/.local/lib/python3.6/site-packages/airflow/example_dags/example_external_task_marker_dag.py took 0.059 seconds
[2021-09-29 06:00:56,196] {processor.py:162} INFO - Started process (PID=465) to work on /home/airflow/.local/lib/python3.6/site-packages/airflow/example_dags/example_external_task_marker_dag.py
[2021-09-29 06:00:56,197] {processor.py:613} INFO - Processing file /home/airflow/.local/lib/python3.6/site-packages/airflow/example_dags/example_external_task_marker_dag.py for tasks to queue
[2021-09-29 06:00:56,197] {logging_mixin.py:109} INFO - [2021-09-29 06:00:56,197] {dagbag.py:496} INFO - Filling up the DagBag from /home/airflow/.local/lib/python3.6/site-packages/airflow/example_dags/example_external_task_marker_dag.py
[2021-09-29 06:00:56,206] {processor.py:623} INFO - DAG(s) dict_keys(['example_external_task_marker_parent', 'example_external_task_marker_child']) retrieved from /home/airflow/.local/lib/python3.6/site-packages/airflow/example_dags/example_external_task_marker_dag.py
[2021-09-29 06:00:56,233] {logging_mixin.py:109} INFO - [2021-09-29 06:00:56,233] {dag.py:1833} INFO - Sync 2 DAGs
[2021-09-29 06:00:56,249] {logging_mixin.py:109} INFO - [2021-09-29 06:00:56,249] {dag.py:2306} INFO - Setting next_dagrun for example_external_task_marker_child to None
[2021-09-29 06:00:56,250] {logging_mixin.py:109} INFO - [2021-09-29 06:00:56,250] {dag.py:2306} INFO - Setting next_dagrun for example_external_task_marker_parent to None
[2021-09-29 06:00:56,258] {processor.py:170} INFO - Processing /home/airflow/.local/lib/python3.6/site-packages/airflow/example_dags/example_external_task_marker_dag.py took 0.065 seconds
[2021-09-29 06:01:26,863] {processor.py:162} INFO - Started process (PID=519) to work on /home/airflow/.local/lib/python3.6/site-packages/airflow/example_dags/example_external_task_marker_dag.py
[2021-09-29 06:01:26,864] {processor.py:613} INFO - Processing file /home/airflow/.local/lib/python3.6/site-packages/airflow/example_dags/example_external_task_marker_dag.py for tasks to queue
[2021-09-29 06:01:26,864] {logging_mixin.py:109} INFO - [2021-09-29 06:01:26,864] {dagbag.py:496} INFO - Filling up the DagBag from /home/airflow/.local/lib/python3.6/site-packages/airflow/example_dags/example_external_task_marker_dag.py
[2021-09-29 06:01:26,873] {processor.py:623} INFO - DAG(s) dict_keys(['example_external_task_marker_parent', 'example_external_task_marker_child']) retrieved from /home/airflow/.local/lib/python3.6/site-packages/airflow/example_dags/example_external_task_marker_dag.py
[2021-09-29 06:01:26,894] {logging_mixin.py:109} INFO - [2021-09-29 06:01:26,894] {dag.py:1833} INFO - Sync 2 DAGs
[2021-09-29 06:01:26,907] {logging_mixin.py:109} INFO - [2021-09-29 06:01:26,907] {dag.py:2306} INFO - Setting next_dagrun for example_external_task_marker_child to None
[2021-09-29 06:01:26,907] {logging_mixin.py:109} INFO - [2021-09-29 06:01:26,907] {dag.py:2306} INFO - Setting next_dagrun for example_external_task_marker_parent to None
[2021-09-29 06:01:26,916] {processor.py:170} INFO - Processing /home/airflow/.local/lib/python3.6/site-packages/airflow/example_dags/example_external_task_marker_dag.py took 0.055 seconds
[2021-09-29 06:01:57,186] {processor.py:162} INFO - Started process (PID=582) to work on /home/airflow/.local/lib/python3.6/site-packages/airflow/example_dags/example_external_task_marker_dag.py
[2021-09-29 06:01:57,188] {processor.py:613} INFO - Processing file /home/airflow/.local/lib/python3.6/site-packages/airflow/example_dags/example_external_task_marker_dag.py for tasks to queue
[2021-09-29 06:01:57,188] {logging_mixin.py:109} INFO - [2021-09-29 06:01:57,188] {dagbag.py:496} INFO - Filling up the DagBag from /home/airflow/.local/lib/python3.6/site-packages/airflow/example_dags/example_external_task_marker_dag.py
[2021-09-29 06:01:57,198] {processor.py:623} INFO - DAG(s) dict_keys(['example_external_task_marker_parent', 'example_external_task_marker_child']) retrieved from /home/airflow/.local/lib/python3.6/site-packages/airflow/example_dags/example_external_task_marker_dag.py
[2021-09-29 06:01:57,223] {logging_mixin.py:109} INFO - [2021-09-29 06:01:57,223] {dag.py:1833} INFO - Sync 2 DAGs
[2021-09-29 06:01:57,238] {logging_mixin.py:109} INFO - [2021-09-29 06:01:57,238] {dag.py:2306} INFO - Setting next_dagrun for example_external_task_marker_child to None
[2021-09-29 06:01:57,239] {logging_mixin.py:109} INFO - [2021-09-29 06:01:57,239] {dag.py:2306} INFO - Setting next_dagrun for example_external_task_marker_parent to None
[2021-09-29 06:01:57,249] {processor.py:170} INFO - Processing /home/airflow/.local/lib/python3.6/site-packages/airflow/example_dags/example_external_task_marker_dag.py took 0.065 seconds
[2021-09-29 06:02:27,633] {processor.py:162} INFO - Started process (PID=653) to work on /home/airflow/.local/lib/python3.6/site-packages/airflow/example_dags/example_external_task_marker_dag.py
[2021-09-29 06:02:27,633] {processor.py:613} INFO - Processing file /home/airflow/.local/lib/python3.6/site-packages/airflow/example_dags/example_external_task_marker_dag.py for tasks to queue
[2021-09-29 06:02:27,634] {logging_mixin.py:109} INFO - [2021-09-29 06:02:27,634] {dagbag.py:496} INFO - Filling up the DagBag from /home/airflow/.local/lib/python3.6/site-packages/airflow/example_dags/example_external_task_marker_dag.py
[2021-09-29 06:02:27,644] {processor.py:623} INFO - DAG(s) dict_keys(['example_external_task_marker_parent', 'example_external_task_marker_child']) retrieved from /home/airflow/.local/lib/python3.6/site-packages/airflow/example_dags/example_external_task_marker_dag.py
[2021-09-29 06:02:27,675] {logging_mixin.py:109} INFO - [2021-09-29 06:02:27,675] {dag.py:1833} INFO - Sync 2 DAGs
[2021-09-29 06:02:27,694] {logging_mixin.py:109} INFO - [2021-09-29 06:02:27,694] {dag.py:2306} INFO - Setting next_dagrun for example_external_task_marker_child to None
[2021-09-29 06:02:27,695] {logging_mixin.py:109} INFO - [2021-09-29 06:02:27,695] {dag.py:2306} INFO - Setting next_dagrun for example_external_task_marker_parent to None
[2021-09-29 06:02:27,712] {processor.py:170} INFO - Processing /home/airflow/.local/lib/python3.6/site-packages/airflow/example_dags/example_external_task_marker_dag.py took 0.082 seconds
[2021-09-29 06:02:58,050] {processor.py:162} INFO - Started process (PID=705) to work on /home/airflow/.local/lib/python3.6/site-packages/airflow/example_dags/example_external_task_marker_dag.py
[2021-09-29 06:02:58,051] {processor.py:613} INFO - Processing file /home/airflow/.local/lib/python3.6/site-packages/airflow/example_dags/example_external_task_marker_dag.py for tasks to queue
[2021-09-29 06:02:58,051] {logging_mixin.py:109} INFO - [2021-09-29 06:02:58,051] {dagbag.py:496} INFO - Filling up the DagBag from /home/airflow/.local/lib/python3.6/site-packages/airflow/example_dags/example_external_task_marker_dag.py
[2021-09-29 06:02:58,071] {processor.py:623} INFO - DAG(s) dict_keys(['example_external_task_marker_parent', 'example_external_task_marker_child']) retrieved from /home/airflow/.local/lib/python3.6/site-packages/airflow/example_dags/example_external_task_marker_dag.py
[2021-09-29 06:02:58,110] {logging_mixin.py:109} INFO - [2021-09-29 06:02:58,110] {dag.py:1833} INFO - Sync 2 DAGs
[2021-09-29 06:02:58,133] {logging_mixin.py:109} INFO - [2021-09-29 06:02:58,133] {dag.py:2306} INFO - Setting next_dagrun for example_external_task_marker_child to None
[2021-09-29 06:02:58,134] {logging_mixin.py:109} INFO - [2021-09-29 06:02:58,134] {dag.py:2306} INFO - Setting next_dagrun for example_external_task_marker_parent to None
[2021-09-29 06:02:58,147] {processor.py:170} INFO - Processing /home/airflow/.local/lib/python3.6/site-packages/airflow/example_dags/example_external_task_marker_dag.py took 0.101 seconds
[2021-09-29 06:03:28,513] {processor.py:162} INFO - Started process (PID=767) to work on /home/airflow/.local/lib/python3.6/site-packages/airflow/example_dags/example_external_task_marker_dag.py
[2021-09-29 06:03:28,514] {processor.py:613} INFO - Processing file /home/airflow/.local/lib/python3.6/site-packages/airflow/example_dags/example_external_task_marker_dag.py for tasks to queue
[2021-09-29 06:03:28,515] {logging_mixin.py:109} INFO - [2021-09-29 06:03:28,515] {dagbag.py:496} INFO - Filling up the DagBag from /home/airflow/.local/lib/python3.6/site-packages/airflow/example_dags/example_external_task_marker_dag.py
[2021-09-29 06:03:28,526] {processor.py:623} INFO - DAG(s) dict_keys(['example_external_task_marker_parent', 'example_external_task_marker_child']) retrieved from /home/airflow/.local/lib/python3.6/site-packages/airflow/example_dags/example_external_task_marker_dag.py
[2021-09-29 06:03:28,553] {logging_mixin.py:109} INFO - [2021-09-29 06:03:28,552] {dag.py:1833} INFO - Sync 2 DAGs
[2021-09-29 06:03:28,570] {logging_mixin.py:109} INFO - [2021-09-29 06:03:28,570] {dag.py:2306} INFO - Setting next_dagrun for example_external_task_marker_child to None
[2021-09-29 06:03:28,571] {logging_mixin.py:109} INFO - [2021-09-29 06:03:28,571] {dag.py:2306} INFO - Setting next_dagrun for example_external_task_marker_parent to None
[2021-09-29 06:03:28,581] {processor.py:170} INFO - Processing /home/airflow/.local/lib/python3.6/site-packages/airflow/example_dags/example_external_task_marker_dag.py took 0.070 seconds
[2021-09-29 06:03:58,858] {processor.py:162} INFO - Started process (PID=821) to work on /home/airflow/.local/lib/python3.6/site-packages/airflow/example_dags/example_external_task_marker_dag.py
[2021-09-29 06:03:58,859] {processor.py:613} INFO - Processing file /home/airflow/.local/lib/python3.6/site-packages/airflow/example_dags/example_external_task_marker_dag.py for tasks to queue
[2021-09-29 06:03:58,859] {logging_mixin.py:109} INFO - [2021-09-29 06:03:58,859] {dagbag.py:496} INFO - Filling up the DagBag from /home/airflow/.local/lib/python3.6/site-packages/airflow/example_dags/example_external_task_marker_dag.py
[2021-09-29 06:03:58,870] {processor.py:623} INFO - DAG(s) dict_keys(['example_external_task_marker_parent', 'example_external_task_marker_child']) retrieved from /home/airflow/.local/lib/python3.6/site-packages/airflow/example_dags/example_external_task_marker_dag.py
[2021-09-29 06:03:58,895] {logging_mixin.py:109} INFO - [2021-09-29 06:03:58,894] {dag.py:1833} INFO - Sync 2 DAGs
[2021-09-29 06:03:58,907] {logging_mixin.py:109} INFO - [2021-09-29 06:03:58,907] {dag.py:2306} INFO - Setting next_dagrun for example_external_task_marker_child to None
[2021-09-29 06:03:58,908] {logging_mixin.py:109} INFO - [2021-09-29 06:03:58,908] {dag.py:2306} INFO - Setting next_dagrun for example_external_task_marker_parent to None
[2021-09-29 06:03:58,918] {processor.py:170} INFO - Processing /home/airflow/.local/lib/python3.6/site-packages/airflow/example_dags/example_external_task_marker_dag.py took 0.062 seconds
[2021-09-29 06:04:29,451] {processor.py:162} INFO - Started process (PID=883) to work on /home/airflow/.local/lib/python3.6/site-packages/airflow/example_dags/example_external_task_marker_dag.py
[2021-09-29 06:04:29,452] {processor.py:613} INFO - Processing file /home/airflow/.local/lib/python3.6/site-packages/airflow/example_dags/example_external_task_marker_dag.py for tasks to queue
[2021-09-29 06:04:29,452] {logging_mixin.py:109} INFO - [2021-09-29 06:04:29,452] {dagbag.py:496} INFO - Filling up the DagBag from /home/airflow/.local/lib/python3.6/site-packages/airflow/example_dags/example_external_task_marker_dag.py
[2021-09-29 06:04:29,463] {processor.py:623} INFO - DAG(s) dict_keys(['example_external_task_marker_parent', 'example_external_task_marker_child']) retrieved from /home/airflow/.local/lib/python3.6/site-packages/airflow/example_dags/example_external_task_marker_dag.py
[2021-09-29 06:04:29,483] {logging_mixin.py:109} INFO - [2021-09-29 06:04:29,483] {dag.py:1833} INFO - Sync 2 DAGs
[2021-09-29 06:04:29,498] {logging_mixin.py:109} INFO - [2021-09-29 06:04:29,498] {dag.py:2306} INFO - Setting next_dagrun for example_external_task_marker_child to None
[2021-09-29 06:04:29,499] {logging_mixin.py:109} INFO - [2021-09-29 06:04:29,499] {dag.py:2306} INFO - Setting next_dagrun for example_external_task_marker_parent to None
[2021-09-29 06:04:29,508] {processor.py:170} INFO - Processing /home/airflow/.local/lib/python3.6/site-packages/airflow/example_dags/example_external_task_marker_dag.py took 0.060 seconds
[2021-09-29 06:04:59,993] {processor.py:162} INFO - Started process (PID=935) to work on /home/airflow/.local/lib/python3.6/site-packages/airflow/example_dags/example_external_task_marker_dag.py
[2021-09-29 06:04:59,994] {processor.py:613} INFO - Processing file /home/airflow/.local/lib/python3.6/site-packages/airflow/example_dags/example_external_task_marker_dag.py for tasks to queue
[2021-09-29 06:04:59,995] {logging_mixin.py:109} INFO - [2021-09-29 06:04:59,995] {dagbag.py:496} INFO - Filling up the DagBag from /home/airflow/.local/lib/python3.6/site-packages/airflow/example_dags/example_external_task_marker_dag.py
[2021-09-29 06:05:00,014] {processor.py:623} INFO - DAG(s) dict_keys(['example_external_task_marker_parent', 'example_external_task_marker_child']) retrieved from /home/airflow/.local/lib/python3.6/site-packages/airflow/example_dags/example_external_task_marker_dag.py
[2021-09-29 06:05:00,042] {logging_mixin.py:109} INFO - [2021-09-29 06:05:00,042] {dag.py:1833} INFO - Sync 2 DAGs
[2021-09-29 06:05:00,062] {logging_mixin.py:109} INFO - [2021-09-29 06:05:00,062] {dag.py:2306} INFO - Setting next_dagrun for example_external_task_marker_child to None
[2021-09-29 06:05:00,063] {logging_mixin.py:109} INFO - [2021-09-29 06:05:00,062] {dag.py:2306} INFO - Setting next_dagrun for example_external_task_marker_parent to None
[2021-09-29 06:05:00,073] {processor.py:170} INFO - Processing /home/airflow/.local/lib/python3.6/site-packages/airflow/example_dags/example_external_task_marker_dag.py took 0.083 seconds
[2021-09-29 06:05:30,685] {processor.py:162} INFO - Started process (PID=998) to work on /home/airflow/.local/lib/python3.6/site-packages/airflow/example_dags/example_external_task_marker_dag.py
[2021-09-29 06:05:30,686] {processor.py:613} INFO - Processing file /home/airflow/.local/lib/python3.6/site-packages/airflow/example_dags/example_external_task_marker_dag.py for tasks to queue
[2021-09-29 06:05:30,687] {logging_mixin.py:109} INFO - [2021-09-29 06:05:30,687] {dagbag.py:496} INFO - Filling up the DagBag from /home/airflow/.local/lib/python3.6/site-packages/airflow/example_dags/example_external_task_marker_dag.py
[2021-09-29 06:05:30,700] {processor.py:623} INFO - DAG(s) dict_keys(['example_external_task_marker_parent', 'example_external_task_marker_child']) retrieved from /home/airflow/.local/lib/python3.6/site-packages/airflow/example_dags/example_external_task_marker_dag.py
[2021-09-29 06:05:30,722] {logging_mixin.py:109} INFO - [2021-09-29 06:05:30,722] {dag.py:1833} INFO - Sync 2 DAGs
[2021-09-29 06:05:30,736] {logging_mixin.py:109} INFO - [2021-09-29 06:05:30,736] {dag.py:2306} INFO - Setting next_dagrun for example_external_task_marker_child to None
[2021-09-29 06:05:30,737] {logging_mixin.py:109} INFO - [2021-09-29 06:05:30,737] {dag.py:2306} INFO - Setting next_dagrun for example_external_task_marker_parent to None
[2021-09-29 06:05:30,753] {processor.py:170} INFO - Processing /home/airflow/.local/lib/python3.6/site-packages/airflow/example_dags/example_external_task_marker_dag.py took 0.071 seconds
[2021-09-29 06:06:01,082] {processor.py:162} INFO - Started process (PID=1062) to work on /home/airflow/.local/lib/python3.6/site-packages/airflow/example_dags/example_external_task_marker_dag.py
[2021-09-29 06:06:01,083] {processor.py:613} INFO - Processing file /home/airflow/.local/lib/python3.6/site-packages/airflow/example_dags/example_external_task_marker_dag.py for tasks to queue
[2021-09-29 06:06:01,084] {logging_mixin.py:109} INFO - [2021-09-29 06:06:01,084] {dagbag.py:496} INFO - Filling up the DagBag from /home/airflow/.local/lib/python3.6/site-packages/airflow/example_dags/example_external_task_marker_dag.py
[2021-09-29 06:06:01,095] {processor.py:623} INFO - DAG(s) dict_keys(['example_external_task_marker_parent', 'example_external_task_marker_child']) retrieved from /home/airflow/.local/lib/python3.6/site-packages/airflow/example_dags/example_external_task_marker_dag.py
[2021-09-29 06:06:01,117] {logging_mixin.py:109} INFO - [2021-09-29 06:06:01,117] {dag.py:1833} INFO - Sync 2 DAGs
[2021-09-29 06:06:01,132] {logging_mixin.py:109} INFO - [2021-09-29 06:06:01,132] {dag.py:2306} INFO - Setting next_dagrun for example_external_task_marker_child to None
[2021-09-29 06:06:01,132] {logging_mixin.py:109} INFO - [2021-09-29 06:06:01,132] {dag.py:2306} INFO - Setting next_dagrun for example_external_task_marker_parent to None
[2021-09-29 06:06:01,149] {processor.py:170} INFO - Processing /home/airflow/.local/lib/python3.6/site-packages/airflow/example_dags/example_external_task_marker_dag.py took 0.068 seconds
[2021-09-29 06:06:31,681] {processor.py:162} INFO - Started process (PID=1116) to work on /home/airflow/.local/lib/python3.6/site-packages/airflow/example_dags/example_external_task_marker_dag.py
[2021-09-29 06:06:31,682] {processor.py:613} INFO - Processing file /home/airflow/.local/lib/python3.6/site-packages/airflow/example_dags/example_external_task_marker_dag.py for tasks to queue
[2021-09-29 06:06:31,682] {logging_mixin.py:109} INFO - [2021-09-29 06:06:31,682] {dagbag.py:496} INFO - Filling up the DagBag from /home/airflow/.local/lib/python3.6/site-packages/airflow/example_dags/example_external_task_marker_dag.py
[2021-09-29 06:06:31,693] {processor.py:623} INFO - DAG(s) dict_keys(['example_external_task_marker_parent', 'example_external_task_marker_child']) retrieved from /home/airflow/.local/lib/python3.6/site-packages/airflow/example_dags/example_external_task_marker_dag.py
[2021-09-29 06:06:31,715] {logging_mixin.py:109} INFO - [2021-09-29 06:06:31,715] {dag.py:1833} INFO - Sync 2 DAGs
[2021-09-29 06:06:31,733] {logging_mixin.py:109} INFO - [2021-09-29 06:06:31,733] {dag.py:2306} INFO - Setting next_dagrun for example_external_task_marker_child to None
[2021-09-29 06:06:31,734] {logging_mixin.py:109} INFO - [2021-09-29 06:06:31,734] {dag.py:2306} INFO - Setting next_dagrun for example_external_task_marker_parent to None
[2021-09-29 06:06:31,744] {processor.py:170} INFO - Processing /home/airflow/.local/lib/python3.6/site-packages/airflow/example_dags/example_external_task_marker_dag.py took 0.065 seconds
[2021-09-29 06:07:01,946] {processor.py:162} INFO - Started process (PID=1178) to work on /home/airflow/.local/lib/python3.6/site-packages/airflow/example_dags/example_external_task_marker_dag.py
[2021-09-29 06:07:01,947] {processor.py:613} INFO - Processing file /home/airflow/.local/lib/python3.6/site-packages/airflow/example_dags/example_external_task_marker_dag.py for tasks to queue
[2021-09-29 06:07:01,947] {logging_mixin.py:109} INFO - [2021-09-29 06:07:01,947] {dagbag.py:496} INFO - Filling up the DagBag from /home/airflow/.local/lib/python3.6/site-packages/airflow/example_dags/example_external_task_marker_dag.py
[2021-09-29 06:07:01,956] {processor.py:623} INFO - DAG(s) dict_keys(['example_external_task_marker_parent', 'example_external_task_marker_child']) retrieved from /home/airflow/.local/lib/python3.6/site-packages/airflow/example_dags/example_external_task_marker_dag.py
[2021-09-29 06:07:01,975] {logging_mixin.py:109} INFO - [2021-09-29 06:07:01,975] {dag.py:1833} INFO - Sync 2 DAGs
[2021-09-29 06:07:01,988] {logging_mixin.py:109} INFO - [2021-09-29 06:07:01,988] {dag.py:2306} INFO - Setting next_dagrun for example_external_task_marker_child to None
[2021-09-29 06:07:01,988] {logging_mixin.py:109} INFO - [2021-09-29 06:07:01,988] {dag.py:2306} INFO - Setting next_dagrun for example_external_task_marker_parent to None
[2021-09-29 06:07:01,997] {processor.py:170} INFO - Processing /home/airflow/.local/lib/python3.6/site-packages/airflow/example_dags/example_external_task_marker_dag.py took 0.052 seconds
[2021-09-29 06:07:32,208] {processor.py:162} INFO - Started process (PID=1230) to work on /home/airflow/.local/lib/python3.6/site-packages/airflow/example_dags/example_external_task_marker_dag.py
[2021-09-29 06:07:32,208] {processor.py:613} INFO - Processing file /home/airflow/.local/lib/python3.6/site-packages/airflow/example_dags/example_external_task_marker_dag.py for tasks to queue
[2021-09-29 06:07:32,209] {logging_mixin.py:109} INFO - [2021-09-29 06:07:32,209] {dagbag.py:496} INFO - Filling up the DagBag from /home/airflow/.local/lib/python3.6/site-packages/airflow/example_dags/example_external_task_marker_dag.py
[2021-09-29 06:07:32,217] {processor.py:623} INFO - DAG(s) dict_keys(['example_external_task_marker_parent', 'example_external_task_marker_child']) retrieved from /home/airflow/.local/lib/python3.6/site-packages/airflow/example_dags/example_external_task_marker_dag.py
[2021-09-29 06:07:32,238] {logging_mixin.py:109} INFO - [2021-09-29 06:07:32,238] {dag.py:1833} INFO - Sync 2 DAGs
[2021-09-29 06:07:32,251] {logging_mixin.py:109} INFO - [2021-09-29 06:07:32,251] {dag.py:2306} INFO - Setting next_dagrun for example_external_task_marker_child to None
[2021-09-29 06:07:32,252] {logging_mixin.py:109} INFO - [2021-09-29 06:07:32,252] {dag.py:2306} INFO - Setting next_dagrun for example_external_task_marker_parent to None
[2021-09-29 06:07:32,263] {processor.py:170} INFO - Processing /home/airflow/.local/lib/python3.6/site-packages/airflow/example_dags/example_external_task_marker_dag.py took 0.057 seconds
[2021-09-29 06:08:02,281] {processor.py:162} INFO - Started process (PID=1293) to work on /home/airflow/.local/lib/python3.6/site-packages/airflow/example_dags/example_external_task_marker_dag.py
[2021-09-29 06:08:02,281] {processor.py:613} INFO - Processing file /home/airflow/.local/lib/python3.6/site-packages/airflow/example_dags/example_external_task_marker_dag.py for tasks to queue
[2021-09-29 06:08:02,282] {logging_mixin.py:109} INFO - [2021-09-29 06:08:02,282] {dagbag.py:496} INFO - Filling up the DagBag from /home/airflow/.local/lib/python3.6/site-packages/airflow/example_dags/example_external_task_marker_dag.py
[2021-09-29 06:08:02,290] {processor.py:623} INFO - DAG(s) dict_keys(['example_external_task_marker_parent', 'example_external_task_marker_child']) retrieved from /home/airflow/.local/lib/python3.6/site-packages/airflow/example_dags/example_external_task_marker_dag.py
[2021-09-29 06:08:02,310] {logging_mixin.py:109} INFO - [2021-09-29 06:08:02,310] {dag.py:1833} INFO - Sync 2 DAGs
[2021-09-29 06:08:02,323] {logging_mixin.py:109} INFO - [2021-09-29 06:08:02,323] {dag.py:2306} INFO - Setting next_dagrun for example_external_task_marker_child to None
[2021-09-29 06:08:02,324] {logging_mixin.py:109} INFO - [2021-09-29 06:08:02,323] {dag.py:2306} INFO - Setting next_dagrun for example_external_task_marker_parent to None
[2021-09-29 06:08:02,333] {processor.py:170} INFO - Processing /home/airflow/.local/lib/python3.6/site-packages/airflow/example_dags/example_external_task_marker_dag.py took 0.054 seconds
[2021-09-29 06:08:32,663] {processor.py:162} INFO - Started process (PID=1347) to work on /home/airflow/.local/lib/python3.6/site-packages/airflow/example_dags/example_external_task_marker_dag.py
[2021-09-29 06:08:32,663] {processor.py:613} INFO - Processing file /home/airflow/.local/lib/python3.6/site-packages/airflow/example_dags/example_external_task_marker_dag.py for tasks to queue
[2021-09-29 06:08:32,664] {logging_mixin.py:109} INFO - [2021-09-29 06:08:32,664] {dagbag.py:496} INFO - Filling up the DagBag from /home/airflow/.local/lib/python3.6/site-packages/airflow/example_dags/example_external_task_marker_dag.py
[2021-09-29 06:08:32,674] {processor.py:623} INFO - DAG(s) dict_keys(['example_external_task_marker_parent', 'example_external_task_marker_child']) retrieved from /home/airflow/.local/lib/python3.6/site-packages/airflow/example_dags/example_external_task_marker_dag.py
[2021-09-29 06:08:32,698] {logging_mixin.py:109} INFO - [2021-09-29 06:08:32,697] {dag.py:1833} INFO - Sync 2 DAGs
[2021-09-29 06:08:32,711] {logging_mixin.py:109} INFO - [2021-09-29 06:08:32,711] {dag.py:2306} INFO - Setting next_dagrun for example_external_task_marker_child to None
[2021-09-29 06:08:32,712] {logging_mixin.py:109} INFO - [2021-09-29 06:08:32,712] {dag.py:2306} INFO - Setting next_dagrun for example_external_task_marker_parent to None
[2021-09-29 06:08:32,722] {processor.py:170} INFO - Processing /home/airflow/.local/lib/python3.6/site-packages/airflow/example_dags/example_external_task_marker_dag.py took 0.062 seconds
[2021-09-29 06:09:03,091] {processor.py:162} INFO - Started process (PID=1409) to work on /home/airflow/.local/lib/python3.6/site-packages/airflow/example_dags/example_external_task_marker_dag.py
[2021-09-29 06:09:03,092] {processor.py:613} INFO - Processing file /home/airflow/.local/lib/python3.6/site-packages/airflow/example_dags/example_external_task_marker_dag.py for tasks to queue
[2021-09-29 06:09:03,093] {logging_mixin.py:109} INFO - [2021-09-29 06:09:03,092] {dagbag.py:496} INFO - Filling up the DagBag from /home/airflow/.local/lib/python3.6/site-packages/airflow/example_dags/example_external_task_marker_dag.py
[2021-09-29 06:09:03,108] {processor.py:623} INFO - DAG(s) dict_keys(['example_external_task_marker_parent', 'example_external_task_marker_child']) retrieved from /home/airflow/.local/lib/python3.6/site-packages/airflow/example_dags/example_external_task_marker_dag.py
[2021-09-29 06:09:03,150] {logging_mixin.py:109} INFO - [2021-09-29 06:09:03,150] {dag.py:1833} INFO - Sync 2 DAGs
[2021-09-29 06:09:03,170] {logging_mixin.py:109} INFO - [2021-09-29 06:09:03,170] {dag.py:2306} INFO - Setting next_dagrun for example_external_task_marker_child to None
[2021-09-29 06:09:03,171] {logging_mixin.py:109} INFO - [2021-09-29 06:09:03,171] {dag.py:2306} INFO - Setting next_dagrun for example_external_task_marker_parent to None
[2021-09-29 06:09:03,189] {processor.py:170} INFO - Processing /home/airflow/.local/lib/python3.6/site-packages/airflow/example_dags/example_external_task_marker_dag.py took 0.101 seconds
[2021-09-29 06:09:33,341] {processor.py:162} INFO - Started process (PID=1471) to work on /home/airflow/.local/lib/python3.6/site-packages/airflow/example_dags/example_external_task_marker_dag.py
[2021-09-29 06:09:33,342] {processor.py:613} INFO - Processing file /home/airflow/.local/lib/python3.6/site-packages/airflow/example_dags/example_external_task_marker_dag.py for tasks to queue
[2021-09-29 06:09:33,343] {logging_mixin.py:109} INFO - [2021-09-29 06:09:33,343] {dagbag.py:496} INFO - Filling up the DagBag from /home/airflow/.local/lib/python3.6/site-packages/airflow/example_dags/example_external_task_marker_dag.py
[2021-09-29 06:09:33,352] {processor.py:623} INFO - DAG(s) dict_keys(['example_external_task_marker_parent', 'example_external_task_marker_child']) retrieved from /home/airflow/.local/lib/python3.6/site-packages/airflow/example_dags/example_external_task_marker_dag.py
[2021-09-29 06:09:33,372] {logging_mixin.py:109} INFO - [2021-09-29 06:09:33,372] {dag.py:1833} INFO - Sync 2 DAGs
[2021-09-29 06:09:33,385] {logging_mixin.py:109} INFO - [2021-09-29 06:09:33,385] {dag.py:2306} INFO - Setting next_dagrun for example_external_task_marker_child to None
[2021-09-29 06:09:33,386] {logging_mixin.py:109} INFO - [2021-09-29 06:09:33,386] {dag.py:2306} INFO - Setting next_dagrun for example_external_task_marker_parent to None
[2021-09-29 06:09:33,395] {processor.py:170} INFO - Processing /home/airflow/.local/lib/python3.6/site-packages/airflow/example_dags/example_external_task_marker_dag.py took 0.056 seconds
[2021-09-29 06:10:03,645] {processor.py:162} INFO - Started process (PID=1525) to work on /home/airflow/.local/lib/python3.6/site-packages/airflow/example_dags/example_external_task_marker_dag.py
[2021-09-29 06:10:03,646] {processor.py:613} INFO - Processing file /home/airflow/.local/lib/python3.6/site-packages/airflow/example_dags/example_external_task_marker_dag.py for tasks to queue
[2021-09-29 06:10:03,646] {logging_mixin.py:109} INFO - [2021-09-29 06:10:03,646] {dagbag.py:496} INFO - Filling up the DagBag from /home/airflow/.local/lib/python3.6/site-packages/airflow/example_dags/example_external_task_marker_dag.py
[2021-09-29 06:10:03,656] {processor.py:623} INFO - DAG(s) dict_keys(['example_external_task_marker_parent', 'example_external_task_marker_child']) retrieved from /home/airflow/.local/lib/python3.6/site-packages/airflow/example_dags/example_external_task_marker_dag.py
[2021-09-29 06:10:03,678] {logging_mixin.py:109} INFO - [2021-09-29 06:10:03,678] {dag.py:1833} INFO - Sync 2 DAGs
[2021-09-29 06:10:03,693] {logging_mixin.py:109} INFO - [2021-09-29 06:10:03,692] {dag.py:2306} INFO - Setting next_dagrun for example_external_task_marker_child to None
[2021-09-29 06:10:03,693] {logging_mixin.py:109} INFO - [2021-09-29 06:10:03,693] {dag.py:2306} INFO - Setting next_dagrun for example_external_task_marker_parent to None
[2021-09-29 06:10:03,702] {processor.py:170} INFO - Processing /home/airflow/.local/lib/python3.6/site-packages/airflow/example_dags/example_external_task_marker_dag.py took 0.059 seconds
[2021-09-29 06:10:34,059] {processor.py:162} INFO - Started process (PID=1588) to work on /home/airflow/.local/lib/python3.6/site-packages/airflow/example_dags/example_external_task_marker_dag.py
[2021-09-29 06:10:34,059] {processor.py:613} INFO - Processing file /home/airflow/.local/lib/python3.6/site-packages/airflow/example_dags/example_external_task_marker_dag.py for tasks to queue
[2021-09-29 06:10:34,060] {logging_mixin.py:109} INFO - [2021-09-29 06:10:34,060] {dagbag.py:496} INFO - Filling up the DagBag from /home/airflow/.local/lib/python3.6/site-packages/airflow/example_dags/example_external_task_marker_dag.py
[2021-09-29 06:10:34,069] {processor.py:623} INFO - DAG(s) dict_keys(['example_external_task_marker_parent', 'example_external_task_marker_child']) retrieved from /home/airflow/.local/lib/python3.6/site-packages/airflow/example_dags/example_external_task_marker_dag.py
[2021-09-29 06:10:34,092] {logging_mixin.py:109} INFO - [2021-09-29 06:10:34,092] {dag.py:1833} INFO - Sync 2 DAGs
[2021-09-29 06:10:34,107] {logging_mixin.py:109} INFO - [2021-09-29 06:10:34,107] {dag.py:2306} INFO - Setting next_dagrun for example_external_task_marker_child to None
[2021-09-29 06:10:34,108] {logging_mixin.py:109} INFO - [2021-09-29 06:10:34,107] {dag.py:2306} INFO - Setting next_dagrun for example_external_task_marker_parent to None
[2021-09-29 06:10:34,116] {processor.py:170} INFO - Processing /home/airflow/.local/lib/python3.6/site-packages/airflow/example_dags/example_external_task_marker_dag.py took 0.060 seconds
[2021-09-29 06:11:04,353] {processor.py:162} INFO - Started process (PID=1640) to work on /home/airflow/.local/lib/python3.6/site-packages/airflow/example_dags/example_external_task_marker_dag.py
[2021-09-29 06:11:04,354] {processor.py:613} INFO - Processing file /home/airflow/.local/lib/python3.6/site-packages/airflow/example_dags/example_external_task_marker_dag.py for tasks to queue
[2021-09-29 06:11:04,354] {logging_mixin.py:109} INFO - [2021-09-29 06:11:04,354] {dagbag.py:496} INFO - Filling up the DagBag from /home/airflow/.local/lib/python3.6/site-packages/airflow/example_dags/example_external_task_marker_dag.py
[2021-09-29 06:11:04,363] {processor.py:623} INFO - DAG(s) dict_keys(['example_external_task_marker_parent', 'example_external_task_marker_child']) retrieved from /home/airflow/.local/lib/python3.6/site-packages/airflow/example_dags/example_external_task_marker_dag.py
[2021-09-29 06:11:04,382] {logging_mixin.py:109} INFO - [2021-09-29 06:11:04,382] {dag.py:1833} INFO - Sync 2 DAGs
[2021-09-29 06:11:04,395] {logging_mixin.py:109} INFO - [2021-09-29 06:11:04,395] {dag.py:2306} INFO - Setting next_dagrun for example_external_task_marker_child to None
[2021-09-29 06:11:04,396] {logging_mixin.py:109} INFO - [2021-09-29 06:11:04,396] {dag.py:2306} INFO - Setting next_dagrun for example_external_task_marker_parent to None
[2021-09-29 06:11:04,404] {processor.py:170} INFO - Processing /home/airflow/.local/lib/python3.6/site-packages/airflow/example_dags/example_external_task_marker_dag.py took 0.053 seconds
[2021-09-29 06:11:34,755] {processor.py:162} INFO - Started process (PID=1703) to work on /home/airflow/.local/lib/python3.6/site-packages/airflow/example_dags/example_external_task_marker_dag.py
[2021-09-29 06:11:34,757] {processor.py:613} INFO - Processing file /home/airflow/.local/lib/python3.6/site-packages/airflow/example_dags/example_external_task_marker_dag.py for tasks to queue
[2021-09-29 06:11:34,757] {logging_mixin.py:109} INFO - [2021-09-29 06:11:34,757] {dagbag.py:496} INFO - Filling up the DagBag from /home/airflow/.local/lib/python3.6/site-packages/airflow/example_dags/example_external_task_marker_dag.py
[2021-09-29 06:11:34,766] {processor.py:623} INFO - DAG(s) dict_keys(['example_external_task_marker_parent', 'example_external_task_marker_child']) retrieved from /home/airflow/.local/lib/python3.6/site-packages/airflow/example_dags/example_external_task_marker_dag.py
[2021-09-29 06:11:34,786] {logging_mixin.py:109} INFO - [2021-09-29 06:11:34,785] {dag.py:1833} INFO - Sync 2 DAGs
[2021-09-29 06:11:34,798] {logging_mixin.py:109} INFO - [2021-09-29 06:11:34,798] {dag.py:2306} INFO - Setting next_dagrun for example_external_task_marker_child to None
[2021-09-29 06:11:34,799] {logging_mixin.py:109} INFO - [2021-09-29 06:11:34,799] {dag.py:2306} INFO - Setting next_dagrun for example_external_task_marker_parent to None
[2021-09-29 06:11:34,807] {processor.py:170} INFO - Processing /home/airflow/.local/lib/python3.6/site-packages/airflow/example_dags/example_external_task_marker_dag.py took 0.053 seconds
[2021-09-29 06:12:04,957] {processor.py:162} INFO - Started process (PID=1764) to work on /home/airflow/.local/lib/python3.6/site-packages/airflow/example_dags/example_external_task_marker_dag.py
[2021-09-29 06:12:04,958] {processor.py:613} INFO - Processing file /home/airflow/.local/lib/python3.6/site-packages/airflow/example_dags/example_external_task_marker_dag.py for tasks to queue
[2021-09-29 06:12:04,958] {logging_mixin.py:109} INFO - [2021-09-29 06:12:04,958] {dagbag.py:496} INFO - Filling up the DagBag from /home/airflow/.local/lib/python3.6/site-packages/airflow/example_dags/example_external_task_marker_dag.py
[2021-09-29 06:12:04,966] {processor.py:623} INFO - DAG(s) dict_keys(['example_external_task_marker_parent', 'example_external_task_marker_child']) retrieved from /home/airflow/.local/lib/python3.6/site-packages/airflow/example_dags/example_external_task_marker_dag.py
[2021-09-29 06:12:04,988] {logging_mixin.py:109} INFO - [2021-09-29 06:12:04,987] {dag.py:1833} INFO - Sync 2 DAGs
[2021-09-29 06:12:05,000] {logging_mixin.py:109} INFO - [2021-09-29 06:12:05,000] {dag.py:2306} INFO - Setting next_dagrun for example_external_task_marker_child to None
[2021-09-29 06:12:05,001] {logging_mixin.py:109} INFO - [2021-09-29 06:12:05,001] {dag.py:2306} INFO - Setting next_dagrun for example_external_task_marker_parent to None
[2021-09-29 06:12:05,009] {processor.py:170} INFO - Processing /home/airflow/.local/lib/python3.6/site-packages/airflow/example_dags/example_external_task_marker_dag.py took 0.054 seconds
[2021-09-29 06:12:35,178] {processor.py:162} INFO - Started process (PID=1817) to work on /home/airflow/.local/lib/python3.6/site-packages/airflow/example_dags/example_external_task_marker_dag.py
[2021-09-29 06:12:35,178] {processor.py:613} INFO - Processing file /home/airflow/.local/lib/python3.6/site-packages/airflow/example_dags/example_external_task_marker_dag.py for tasks to queue
[2021-09-29 06:12:35,179] {logging_mixin.py:109} INFO - [2021-09-29 06:12:35,178] {dagbag.py:496} INFO - Filling up the DagBag from /home/airflow/.local/lib/python3.6/site-packages/airflow/example_dags/example_external_task_marker_dag.py
[2021-09-29 06:12:35,187] {processor.py:623} INFO - DAG(s) dict_keys(['example_external_task_marker_parent', 'example_external_task_marker_child']) retrieved from /home/airflow/.local/lib/python3.6/site-packages/airflow/example_dags/example_external_task_marker_dag.py
[2021-09-29 06:12:35,206] {logging_mixin.py:109} INFO - [2021-09-29 06:12:35,206] {dag.py:1833} INFO - Sync 2 DAGs
[2021-09-29 06:12:35,219] {logging_mixin.py:109} INFO - [2021-09-29 06:12:35,218] {dag.py:2306} INFO - Setting next_dagrun for example_external_task_marker_child to None
[2021-09-29 06:12:35,219] {logging_mixin.py:109} INFO - [2021-09-29 06:12:35,219] {dag.py:2306} INFO - Setting next_dagrun for example_external_task_marker_parent to None
[2021-09-29 06:12:35,228] {processor.py:170} INFO - Processing /home/airflow/.local/lib/python3.6/site-packages/airflow/example_dags/example_external_task_marker_dag.py took 0.052 seconds
