[2021-09-29 05:45:34,370] {processor.py:162} INFO - Started process (PID=113) to work on /home/airflow/.local/lib/python3.6/site-packages/airflow/example_dags/example_branch_python_dop_operator_3.py
[2021-09-29 05:45:34,374] {processor.py:613} INFO - Processing file /home/airflow/.local/lib/python3.6/site-packages/airflow/example_dags/example_branch_python_dop_operator_3.py for tasks to queue
[2021-09-29 05:45:34,375] {logging_mixin.py:109} INFO - [2021-09-29 05:45:34,375] {dagbag.py:496} INFO - Filling up the DagBag from /home/airflow/.local/lib/python3.6/site-packages/airflow/example_dags/example_branch_python_dop_operator_3.py
[2021-09-29 05:45:34,431] {processor.py:623} INFO - DAG(s) dict_keys(['example_branch_dop_operator_v3']) retrieved from /home/airflow/.local/lib/python3.6/site-packages/airflow/example_dags/example_branch_python_dop_operator_3.py
[2021-09-29 05:45:38,465] {logging_mixin.py:109} INFO - [2021-09-29 05:45:38,464] {dag.py:1833} INFO - Sync 1 DAGs
[2021-09-29 05:45:38,483] {logging_mixin.py:109} INFO - [2021-09-29 05:45:38,481] {dag.py:1852} INFO - Creating ORM DAG for example_branch_dop_operator_v3
[2021-09-29 05:45:38,508] {logging_mixin.py:109} INFO - [2021-09-29 05:45:38,507] {dag.py:2306} INFO - Setting next_dagrun for example_branch_dop_operator_v3 to 2021-09-27 00:00:00+00:00
[2021-09-29 05:45:38,528] {processor.py:170} INFO - Processing /home/airflow/.local/lib/python3.6/site-packages/airflow/example_dags/example_branch_python_dop_operator_3.py took 4.163 seconds
[2021-09-29 05:46:14,208] {processor.py:162} INFO - Started process (PID=385) to work on /home/airflow/.local/lib/python3.6/site-packages/airflow/example_dags/example_branch_python_dop_operator_3.py
[2021-09-29 05:46:14,209] {processor.py:613} INFO - Processing file /home/airflow/.local/lib/python3.6/site-packages/airflow/example_dags/example_branch_python_dop_operator_3.py for tasks to queue
[2021-09-29 05:46:14,210] {logging_mixin.py:109} INFO - [2021-09-29 05:46:14,209] {dagbag.py:496} INFO - Filling up the DagBag from /home/airflow/.local/lib/python3.6/site-packages/airflow/example_dags/example_branch_python_dop_operator_3.py
[2021-09-29 05:46:14,228] {processor.py:623} INFO - DAG(s) dict_keys(['example_branch_dop_operator_v3']) retrieved from /home/airflow/.local/lib/python3.6/site-packages/airflow/example_dags/example_branch_python_dop_operator_3.py
[2021-09-29 05:46:14,255] {logging_mixin.py:109} INFO - [2021-09-29 05:46:14,255] {dag.py:1833} INFO - Sync 1 DAGs
[2021-09-29 05:46:14,291] {logging_mixin.py:109} INFO - [2021-09-29 05:46:14,291] {dag.py:2306} INFO - Setting next_dagrun for example_branch_dop_operator_v3 to 2021-09-27 00:00:00+00:00
[2021-09-29 05:46:14,301] {processor.py:170} INFO - Processing /home/airflow/.local/lib/python3.6/site-packages/airflow/example_dags/example_branch_python_dop_operator_3.py took 0.097 seconds
[2021-09-29 05:46:44,649] {processor.py:162} INFO - Started process (PID=444) to work on /home/airflow/.local/lib/python3.6/site-packages/airflow/example_dags/example_branch_python_dop_operator_3.py
[2021-09-29 05:46:44,650] {processor.py:613} INFO - Processing file /home/airflow/.local/lib/python3.6/site-packages/airflow/example_dags/example_branch_python_dop_operator_3.py for tasks to queue
[2021-09-29 05:46:44,650] {logging_mixin.py:109} INFO - [2021-09-29 05:46:44,650] {dagbag.py:496} INFO - Filling up the DagBag from /home/airflow/.local/lib/python3.6/site-packages/airflow/example_dags/example_branch_python_dop_operator_3.py
[2021-09-29 05:46:44,666] {processor.py:623} INFO - DAG(s) dict_keys(['example_branch_dop_operator_v3']) retrieved from /home/airflow/.local/lib/python3.6/site-packages/airflow/example_dags/example_branch_python_dop_operator_3.py
[2021-09-29 05:46:44,688] {logging_mixin.py:109} INFO - [2021-09-29 05:46:44,688] {dag.py:1833} INFO - Sync 1 DAGs
[2021-09-29 05:46:44,712] {logging_mixin.py:109} INFO - [2021-09-29 05:46:44,712] {dag.py:2306} INFO - Setting next_dagrun for example_branch_dop_operator_v3 to 2021-09-27 00:00:00+00:00
[2021-09-29 05:46:44,721] {processor.py:170} INFO - Processing /home/airflow/.local/lib/python3.6/site-packages/airflow/example_dags/example_branch_python_dop_operator_3.py took 0.075 seconds
[2021-09-29 05:47:15,137] {processor.py:162} INFO - Started process (PID=498) to work on /home/airflow/.local/lib/python3.6/site-packages/airflow/example_dags/example_branch_python_dop_operator_3.py
[2021-09-29 05:47:15,138] {processor.py:613} INFO - Processing file /home/airflow/.local/lib/python3.6/site-packages/airflow/example_dags/example_branch_python_dop_operator_3.py for tasks to queue
[2021-09-29 05:47:15,139] {logging_mixin.py:109} INFO - [2021-09-29 05:47:15,139] {dagbag.py:496} INFO - Filling up the DagBag from /home/airflow/.local/lib/python3.6/site-packages/airflow/example_dags/example_branch_python_dop_operator_3.py
[2021-09-29 05:47:15,156] {processor.py:623} INFO - DAG(s) dict_keys(['example_branch_dop_operator_v3']) retrieved from /home/airflow/.local/lib/python3.6/site-packages/airflow/example_dags/example_branch_python_dop_operator_3.py
[2021-09-29 05:47:15,183] {logging_mixin.py:109} INFO - [2021-09-29 05:47:15,183] {dag.py:1833} INFO - Sync 1 DAGs
[2021-09-29 05:47:15,218] {logging_mixin.py:109} INFO - [2021-09-29 05:47:15,218] {dag.py:2306} INFO - Setting next_dagrun for example_branch_dop_operator_v3 to 2021-09-27 00:00:00+00:00
[2021-09-29 05:47:15,233] {processor.py:170} INFO - Processing /home/airflow/.local/lib/python3.6/site-packages/airflow/example_dags/example_branch_python_dop_operator_3.py took 0.098 seconds
[2021-09-29 05:47:45,460] {processor.py:162} INFO - Started process (PID=561) to work on /home/airflow/.local/lib/python3.6/site-packages/airflow/example_dags/example_branch_python_dop_operator_3.py
[2021-09-29 05:47:45,461] {processor.py:613} INFO - Processing file /home/airflow/.local/lib/python3.6/site-packages/airflow/example_dags/example_branch_python_dop_operator_3.py for tasks to queue
[2021-09-29 05:47:45,462] {logging_mixin.py:109} INFO - [2021-09-29 05:47:45,462] {dagbag.py:496} INFO - Filling up the DagBag from /home/airflow/.local/lib/python3.6/site-packages/airflow/example_dags/example_branch_python_dop_operator_3.py
[2021-09-29 05:47:45,474] {processor.py:623} INFO - DAG(s) dict_keys(['example_branch_dop_operator_v3']) retrieved from /home/airflow/.local/lib/python3.6/site-packages/airflow/example_dags/example_branch_python_dop_operator_3.py
[2021-09-29 05:47:45,497] {logging_mixin.py:109} INFO - [2021-09-29 05:47:45,496] {dag.py:1833} INFO - Sync 1 DAGs
[2021-09-29 05:47:45,520] {logging_mixin.py:109} INFO - [2021-09-29 05:47:45,519] {dag.py:2306} INFO - Setting next_dagrun for example_branch_dop_operator_v3 to 2021-09-27 00:00:00+00:00
[2021-09-29 05:47:45,530] {processor.py:170} INFO - Processing /home/airflow/.local/lib/python3.6/site-packages/airflow/example_dags/example_branch_python_dop_operator_3.py took 0.072 seconds
[2021-09-29 05:48:15,887] {processor.py:162} INFO - Started process (PID=614) to work on /home/airflow/.local/lib/python3.6/site-packages/airflow/example_dags/example_branch_python_dop_operator_3.py
[2021-09-29 05:48:15,888] {processor.py:613} INFO - Processing file /home/airflow/.local/lib/python3.6/site-packages/airflow/example_dags/example_branch_python_dop_operator_3.py for tasks to queue
[2021-09-29 05:48:15,888] {logging_mixin.py:109} INFO - [2021-09-29 05:48:15,888] {dagbag.py:496} INFO - Filling up the DagBag from /home/airflow/.local/lib/python3.6/site-packages/airflow/example_dags/example_branch_python_dop_operator_3.py
[2021-09-29 05:48:15,898] {processor.py:623} INFO - DAG(s) dict_keys(['example_branch_dop_operator_v3']) retrieved from /home/airflow/.local/lib/python3.6/site-packages/airflow/example_dags/example_branch_python_dop_operator_3.py
[2021-09-29 05:48:15,919] {logging_mixin.py:109} INFO - [2021-09-29 05:48:15,918] {dag.py:1833} INFO - Sync 1 DAGs
[2021-09-29 05:48:15,944] {logging_mixin.py:109} INFO - [2021-09-29 05:48:15,943] {dag.py:2306} INFO - Setting next_dagrun for example_branch_dop_operator_v3 to 2021-09-27 00:00:00+00:00
[2021-09-29 05:48:15,953] {processor.py:170} INFO - Processing /home/airflow/.local/lib/python3.6/site-packages/airflow/example_dags/example_branch_python_dop_operator_3.py took 0.068 seconds
[2021-09-29 05:48:46,239] {processor.py:162} INFO - Started process (PID=676) to work on /home/airflow/.local/lib/python3.6/site-packages/airflow/example_dags/example_branch_python_dop_operator_3.py
[2021-09-29 05:48:46,239] {processor.py:613} INFO - Processing file /home/airflow/.local/lib/python3.6/site-packages/airflow/example_dags/example_branch_python_dop_operator_3.py for tasks to queue
[2021-09-29 05:48:46,240] {logging_mixin.py:109} INFO - [2021-09-29 05:48:46,240] {dagbag.py:496} INFO - Filling up the DagBag from /home/airflow/.local/lib/python3.6/site-packages/airflow/example_dags/example_branch_python_dop_operator_3.py
[2021-09-29 05:48:46,251] {processor.py:623} INFO - DAG(s) dict_keys(['example_branch_dop_operator_v3']) retrieved from /home/airflow/.local/lib/python3.6/site-packages/airflow/example_dags/example_branch_python_dop_operator_3.py
[2021-09-29 05:48:46,273] {logging_mixin.py:109} INFO - [2021-09-29 05:48:46,273] {dag.py:1833} INFO - Sync 1 DAGs
[2021-09-29 05:48:46,295] {logging_mixin.py:109} INFO - [2021-09-29 05:48:46,295] {dag.py:2306} INFO - Setting next_dagrun for example_branch_dop_operator_v3 to 2021-09-27 00:00:00+00:00
[2021-09-29 05:48:46,305] {processor.py:170} INFO - Processing /home/airflow/.local/lib/python3.6/site-packages/airflow/example_dags/example_branch_python_dop_operator_3.py took 0.068 seconds
[2021-09-29 05:49:16,619] {processor.py:162} INFO - Started process (PID=730) to work on /home/airflow/.local/lib/python3.6/site-packages/airflow/example_dags/example_branch_python_dop_operator_3.py
[2021-09-29 05:49:16,620] {processor.py:613} INFO - Processing file /home/airflow/.local/lib/python3.6/site-packages/airflow/example_dags/example_branch_python_dop_operator_3.py for tasks to queue
[2021-09-29 05:49:16,621] {logging_mixin.py:109} INFO - [2021-09-29 05:49:16,621] {dagbag.py:496} INFO - Filling up the DagBag from /home/airflow/.local/lib/python3.6/site-packages/airflow/example_dags/example_branch_python_dop_operator_3.py
[2021-09-29 05:49:16,637] {processor.py:623} INFO - DAG(s) dict_keys(['example_branch_dop_operator_v3']) retrieved from /home/airflow/.local/lib/python3.6/site-packages/airflow/example_dags/example_branch_python_dop_operator_3.py
[2021-09-29 05:49:16,657] {logging_mixin.py:109} INFO - [2021-09-29 05:49:16,657] {dag.py:1833} INFO - Sync 1 DAGs
[2021-09-29 05:49:16,681] {logging_mixin.py:109} INFO - [2021-09-29 05:49:16,681] {dag.py:2306} INFO - Setting next_dagrun for example_branch_dop_operator_v3 to 2021-09-27 00:00:00+00:00
[2021-09-29 05:49:16,691] {processor.py:170} INFO - Processing /home/airflow/.local/lib/python3.6/site-packages/airflow/example_dags/example_branch_python_dop_operator_3.py took 0.073 seconds
[2021-09-29 05:49:47,089] {processor.py:162} INFO - Started process (PID=793) to work on /home/airflow/.local/lib/python3.6/site-packages/airflow/example_dags/example_branch_python_dop_operator_3.py
[2021-09-29 05:49:47,090] {processor.py:613} INFO - Processing file /home/airflow/.local/lib/python3.6/site-packages/airflow/example_dags/example_branch_python_dop_operator_3.py for tasks to queue
[2021-09-29 05:49:47,090] {logging_mixin.py:109} INFO - [2021-09-29 05:49:47,090] {dagbag.py:496} INFO - Filling up the DagBag from /home/airflow/.local/lib/python3.6/site-packages/airflow/example_dags/example_branch_python_dop_operator_3.py
[2021-09-29 05:49:47,106] {processor.py:623} INFO - DAG(s) dict_keys(['example_branch_dop_operator_v3']) retrieved from /home/airflow/.local/lib/python3.6/site-packages/airflow/example_dags/example_branch_python_dop_operator_3.py
[2021-09-29 05:49:47,128] {logging_mixin.py:109} INFO - [2021-09-29 05:49:47,128] {dag.py:1833} INFO - Sync 1 DAGs
[2021-09-29 05:49:47,154] {logging_mixin.py:109} INFO - [2021-09-29 05:49:47,154] {dag.py:2306} INFO - Setting next_dagrun for example_branch_dop_operator_v3 to 2021-09-27 00:00:00+00:00
[2021-09-29 05:49:47,164] {processor.py:170} INFO - Processing /home/airflow/.local/lib/python3.6/site-packages/airflow/example_dags/example_branch_python_dop_operator_3.py took 0.078 seconds
[2021-09-29 05:53:41,463] {processor.py:162} INFO - Started process (PID=114) to work on /home/airflow/.local/lib/python3.6/site-packages/airflow/example_dags/example_branch_python_dop_operator_3.py
[2021-09-29 05:53:41,464] {processor.py:613} INFO - Processing file /home/airflow/.local/lib/python3.6/site-packages/airflow/example_dags/example_branch_python_dop_operator_3.py for tasks to queue
[2021-09-29 05:53:41,465] {logging_mixin.py:109} INFO - [2021-09-29 05:53:41,465] {dagbag.py:496} INFO - Filling up the DagBag from /home/airflow/.local/lib/python3.6/site-packages/airflow/example_dags/example_branch_python_dop_operator_3.py
[2021-09-29 05:53:41,491] {processor.py:623} INFO - DAG(s) dict_keys(['example_branch_dop_operator_v3']) retrieved from /home/airflow/.local/lib/python3.6/site-packages/airflow/example_dags/example_branch_python_dop_operator_3.py
[2021-09-29 05:53:44,855] {logging_mixin.py:109} INFO - [2021-09-29 05:53:44,853] {dag.py:1833} INFO - Sync 1 DAGs
[2021-09-29 05:53:44,881] {logging_mixin.py:109} INFO - [2021-09-29 05:53:44,879] {dag.py:1852} INFO - Creating ORM DAG for example_branch_dop_operator_v3
[2021-09-29 05:53:44,909] {logging_mixin.py:109} INFO - [2021-09-29 05:53:44,908] {dag.py:2306} INFO - Setting next_dagrun for example_branch_dop_operator_v3 to 2021-09-27 00:00:00+00:00
[2021-09-29 05:53:44,926] {processor.py:170} INFO - Processing /home/airflow/.local/lib/python3.6/site-packages/airflow/example_dags/example_branch_python_dop_operator_3.py took 3.467 seconds
[2021-09-29 05:54:23,260] {processor.py:162} INFO - Started process (PID=390) to work on /home/airflow/.local/lib/python3.6/site-packages/airflow/example_dags/example_branch_python_dop_operator_3.py
[2021-09-29 05:54:23,261] {processor.py:613} INFO - Processing file /home/airflow/.local/lib/python3.6/site-packages/airflow/example_dags/example_branch_python_dop_operator_3.py for tasks to queue
[2021-09-29 05:54:23,262] {logging_mixin.py:109} INFO - [2021-09-29 05:54:23,262] {dagbag.py:496} INFO - Filling up the DagBag from /home/airflow/.local/lib/python3.6/site-packages/airflow/example_dags/example_branch_python_dop_operator_3.py
[2021-09-29 05:54:23,276] {processor.py:623} INFO - DAG(s) dict_keys(['example_branch_dop_operator_v3']) retrieved from /home/airflow/.local/lib/python3.6/site-packages/airflow/example_dags/example_branch_python_dop_operator_3.py
[2021-09-29 05:54:23,301] {logging_mixin.py:109} INFO - [2021-09-29 05:54:23,301] {dag.py:1833} INFO - Sync 1 DAGs
[2021-09-29 05:54:23,338] {logging_mixin.py:109} INFO - [2021-09-29 05:54:23,337] {dag.py:2306} INFO - Setting next_dagrun for example_branch_dop_operator_v3 to 2021-09-27 00:00:00+00:00
[2021-09-29 05:54:23,351] {processor.py:170} INFO - Processing /home/airflow/.local/lib/python3.6/site-packages/airflow/example_dags/example_branch_python_dop_operator_3.py took 0.094 seconds
[2021-09-29 05:54:53,816] {processor.py:162} INFO - Started process (PID=441) to work on /home/airflow/.local/lib/python3.6/site-packages/airflow/example_dags/example_branch_python_dop_operator_3.py
[2021-09-29 05:54:53,817] {processor.py:613} INFO - Processing file /home/airflow/.local/lib/python3.6/site-packages/airflow/example_dags/example_branch_python_dop_operator_3.py for tasks to queue
[2021-09-29 05:54:53,817] {logging_mixin.py:109} INFO - [2021-09-29 05:54:53,817] {dagbag.py:496} INFO - Filling up the DagBag from /home/airflow/.local/lib/python3.6/site-packages/airflow/example_dags/example_branch_python_dop_operator_3.py
[2021-09-29 05:54:53,829] {processor.py:623} INFO - DAG(s) dict_keys(['example_branch_dop_operator_v3']) retrieved from /home/airflow/.local/lib/python3.6/site-packages/airflow/example_dags/example_branch_python_dop_operator_3.py
[2021-09-29 05:54:53,850] {logging_mixin.py:109} INFO - [2021-09-29 05:54:53,850] {dag.py:1833} INFO - Sync 1 DAGs
[2021-09-29 05:54:53,872] {logging_mixin.py:109} INFO - [2021-09-29 05:54:53,872] {dag.py:2306} INFO - Setting next_dagrun for example_branch_dop_operator_v3 to 2021-09-27 00:00:00+00:00
[2021-09-29 05:54:53,881] {processor.py:170} INFO - Processing /home/airflow/.local/lib/python3.6/site-packages/airflow/example_dags/example_branch_python_dop_operator_3.py took 0.067 seconds
[2021-09-29 05:55:24,184] {processor.py:162} INFO - Started process (PID=505) to work on /home/airflow/.local/lib/python3.6/site-packages/airflow/example_dags/example_branch_python_dop_operator_3.py
[2021-09-29 05:55:24,185] {processor.py:613} INFO - Processing file /home/airflow/.local/lib/python3.6/site-packages/airflow/example_dags/example_branch_python_dop_operator_3.py for tasks to queue
[2021-09-29 05:55:24,186] {logging_mixin.py:109} INFO - [2021-09-29 05:55:24,185] {dagbag.py:496} INFO - Filling up the DagBag from /home/airflow/.local/lib/python3.6/site-packages/airflow/example_dags/example_branch_python_dop_operator_3.py
[2021-09-29 05:55:24,200] {processor.py:623} INFO - DAG(s) dict_keys(['example_branch_dop_operator_v3']) retrieved from /home/airflow/.local/lib/python3.6/site-packages/airflow/example_dags/example_branch_python_dop_operator_3.py
[2021-09-29 05:55:24,225] {logging_mixin.py:109} INFO - [2021-09-29 05:55:24,225] {dag.py:1833} INFO - Sync 1 DAGs
[2021-09-29 05:55:24,248] {logging_mixin.py:109} INFO - [2021-09-29 05:55:24,248] {dag.py:2306} INFO - Setting next_dagrun for example_branch_dop_operator_v3 to 2021-09-27 00:00:00+00:00
[2021-09-29 05:55:24,257] {processor.py:170} INFO - Processing /home/airflow/.local/lib/python3.6/site-packages/airflow/example_dags/example_branch_python_dop_operator_3.py took 0.075 seconds
[2021-09-29 05:55:54,562] {processor.py:162} INFO - Started process (PID=557) to work on /home/airflow/.local/lib/python3.6/site-packages/airflow/example_dags/example_branch_python_dop_operator_3.py
[2021-09-29 05:55:54,563] {processor.py:613} INFO - Processing file /home/airflow/.local/lib/python3.6/site-packages/airflow/example_dags/example_branch_python_dop_operator_3.py for tasks to queue
[2021-09-29 05:55:54,564] {logging_mixin.py:109} INFO - [2021-09-29 05:55:54,564] {dagbag.py:496} INFO - Filling up the DagBag from /home/airflow/.local/lib/python3.6/site-packages/airflow/example_dags/example_branch_python_dop_operator_3.py
[2021-09-29 05:55:54,576] {processor.py:623} INFO - DAG(s) dict_keys(['example_branch_dop_operator_v3']) retrieved from /home/airflow/.local/lib/python3.6/site-packages/airflow/example_dags/example_branch_python_dop_operator_3.py
[2021-09-29 05:55:54,596] {logging_mixin.py:109} INFO - [2021-09-29 05:55:54,596] {dag.py:1833} INFO - Sync 1 DAGs
[2021-09-29 05:55:54,620] {logging_mixin.py:109} INFO - [2021-09-29 05:55:54,620] {dag.py:2306} INFO - Setting next_dagrun for example_branch_dop_operator_v3 to 2021-09-27 00:00:00+00:00
[2021-09-29 05:55:54,629] {processor.py:170} INFO - Processing /home/airflow/.local/lib/python3.6/site-packages/airflow/example_dags/example_branch_python_dop_operator_3.py took 0.069 seconds
[2021-09-29 05:56:24,886] {processor.py:162} INFO - Started process (PID=620) to work on /home/airflow/.local/lib/python3.6/site-packages/airflow/example_dags/example_branch_python_dop_operator_3.py
[2021-09-29 05:56:24,887] {processor.py:613} INFO - Processing file /home/airflow/.local/lib/python3.6/site-packages/airflow/example_dags/example_branch_python_dop_operator_3.py for tasks to queue
[2021-09-29 05:56:24,888] {logging_mixin.py:109} INFO - [2021-09-29 05:56:24,888] {dagbag.py:496} INFO - Filling up the DagBag from /home/airflow/.local/lib/python3.6/site-packages/airflow/example_dags/example_branch_python_dop_operator_3.py
[2021-09-29 05:56:24,899] {processor.py:623} INFO - DAG(s) dict_keys(['example_branch_dop_operator_v3']) retrieved from /home/airflow/.local/lib/python3.6/site-packages/airflow/example_dags/example_branch_python_dop_operator_3.py
[2021-09-29 05:56:24,920] {logging_mixin.py:109} INFO - [2021-09-29 05:56:24,920] {dag.py:1833} INFO - Sync 1 DAGs
[2021-09-29 05:56:24,945] {logging_mixin.py:109} INFO - [2021-09-29 05:56:24,945] {dag.py:2306} INFO - Setting next_dagrun for example_branch_dop_operator_v3 to 2021-09-27 00:00:00+00:00
[2021-09-29 05:56:24,955] {processor.py:170} INFO - Processing /home/airflow/.local/lib/python3.6/site-packages/airflow/example_dags/example_branch_python_dop_operator_3.py took 0.070 seconds
[2021-09-29 05:59:47,050] {processor.py:162} INFO - Started process (PID=126) to work on /home/airflow/.local/lib/python3.6/site-packages/airflow/example_dags/example_branch_python_dop_operator_3.py
[2021-09-29 05:59:47,052] {processor.py:613} INFO - Processing file /home/airflow/.local/lib/python3.6/site-packages/airflow/example_dags/example_branch_python_dop_operator_3.py for tasks to queue
[2021-09-29 05:59:47,052] {logging_mixin.py:109} INFO - [2021-09-29 05:59:47,052] {dagbag.py:496} INFO - Filling up the DagBag from /home/airflow/.local/lib/python3.6/site-packages/airflow/example_dags/example_branch_python_dop_operator_3.py
[2021-09-29 05:59:47,071] {processor.py:623} INFO - DAG(s) dict_keys(['example_branch_dop_operator_v3']) retrieved from /home/airflow/.local/lib/python3.6/site-packages/airflow/example_dags/example_branch_python_dop_operator_3.py
[2021-09-29 05:59:50,824] {logging_mixin.py:109} INFO - [2021-09-29 05:59:50,822] {dag.py:1833} INFO - Sync 1 DAGs
[2021-09-29 05:59:50,836] {logging_mixin.py:109} INFO - [2021-09-29 05:59:50,834] {dag.py:1852} INFO - Creating ORM DAG for example_branch_dop_operator_v3
[2021-09-29 05:59:50,868] {logging_mixin.py:109} INFO - [2021-09-29 05:59:50,868] {dag.py:2306} INFO - Setting next_dagrun for example_branch_dop_operator_v3 to 2021-09-27 00:00:00+00:00
[2021-09-29 05:59:50,881] {processor.py:170} INFO - Processing /home/airflow/.local/lib/python3.6/site-packages/airflow/example_dags/example_branch_python_dop_operator_3.py took 3.834 seconds
[2021-09-29 06:00:21,337] {processor.py:162} INFO - Started process (PID=398) to work on /home/airflow/.local/lib/python3.6/site-packages/airflow/example_dags/example_branch_python_dop_operator_3.py
[2021-09-29 06:00:21,338] {processor.py:613} INFO - Processing file /home/airflow/.local/lib/python3.6/site-packages/airflow/example_dags/example_branch_python_dop_operator_3.py for tasks to queue
[2021-09-29 06:00:21,338] {logging_mixin.py:109} INFO - [2021-09-29 06:00:21,338] {dagbag.py:496} INFO - Filling up the DagBag from /home/airflow/.local/lib/python3.6/site-packages/airflow/example_dags/example_branch_python_dop_operator_3.py
[2021-09-29 06:00:21,353] {processor.py:623} INFO - DAG(s) dict_keys(['example_branch_dop_operator_v3']) retrieved from /home/airflow/.local/lib/python3.6/site-packages/airflow/example_dags/example_branch_python_dop_operator_3.py
[2021-09-29 06:00:21,373] {logging_mixin.py:109} INFO - [2021-09-29 06:00:21,373] {dag.py:1833} INFO - Sync 1 DAGs
[2021-09-29 06:00:21,405] {logging_mixin.py:109} INFO - [2021-09-29 06:00:21,405] {dag.py:2306} INFO - Setting next_dagrun for example_branch_dop_operator_v3 to 2021-09-27 00:00:00+00:00
[2021-09-29 06:00:21,418] {processor.py:170} INFO - Processing /home/airflow/.local/lib/python3.6/site-packages/airflow/example_dags/example_branch_python_dop_operator_3.py took 0.084 seconds
[2021-09-29 06:00:51,613] {processor.py:162} INFO - Started process (PID=449) to work on /home/airflow/.local/lib/python3.6/site-packages/airflow/example_dags/example_branch_python_dop_operator_3.py
[2021-09-29 06:00:51,614] {processor.py:613} INFO - Processing file /home/airflow/.local/lib/python3.6/site-packages/airflow/example_dags/example_branch_python_dop_operator_3.py for tasks to queue
[2021-09-29 06:00:51,615] {logging_mixin.py:109} INFO - [2021-09-29 06:00:51,615] {dagbag.py:496} INFO - Filling up the DagBag from /home/airflow/.local/lib/python3.6/site-packages/airflow/example_dags/example_branch_python_dop_operator_3.py
[2021-09-29 06:00:51,627] {processor.py:623} INFO - DAG(s) dict_keys(['example_branch_dop_operator_v3']) retrieved from /home/airflow/.local/lib/python3.6/site-packages/airflow/example_dags/example_branch_python_dop_operator_3.py
[2021-09-29 06:00:51,648] {logging_mixin.py:109} INFO - [2021-09-29 06:00:51,648] {dag.py:1833} INFO - Sync 1 DAGs
[2021-09-29 06:00:51,682] {logging_mixin.py:109} INFO - [2021-09-29 06:00:51,682] {dag.py:2306} INFO - Setting next_dagrun for example_branch_dop_operator_v3 to 2021-09-27 00:00:00+00:00
[2021-09-29 06:00:51,697] {processor.py:170} INFO - Processing /home/airflow/.local/lib/python3.6/site-packages/airflow/example_dags/example_branch_python_dop_operator_3.py took 0.086 seconds
[2021-09-29 06:01:22,465] {processor.py:162} INFO - Started process (PID=513) to work on /home/airflow/.local/lib/python3.6/site-packages/airflow/example_dags/example_branch_python_dop_operator_3.py
[2021-09-29 06:01:22,466] {processor.py:613} INFO - Processing file /home/airflow/.local/lib/python3.6/site-packages/airflow/example_dags/example_branch_python_dop_operator_3.py for tasks to queue
[2021-09-29 06:01:22,467] {logging_mixin.py:109} INFO - [2021-09-29 06:01:22,467] {dagbag.py:496} INFO - Filling up the DagBag from /home/airflow/.local/lib/python3.6/site-packages/airflow/example_dags/example_branch_python_dop_operator_3.py
[2021-09-29 06:01:22,479] {processor.py:623} INFO - DAG(s) dict_keys(['example_branch_dop_operator_v3']) retrieved from /home/airflow/.local/lib/python3.6/site-packages/airflow/example_dags/example_branch_python_dop_operator_3.py
[2021-09-29 06:01:22,500] {logging_mixin.py:109} INFO - [2021-09-29 06:01:22,500] {dag.py:1833} INFO - Sync 1 DAGs
[2021-09-29 06:01:22,522] {logging_mixin.py:109} INFO - [2021-09-29 06:01:22,522] {dag.py:2306} INFO - Setting next_dagrun for example_branch_dop_operator_v3 to 2021-09-27 00:00:00+00:00
[2021-09-29 06:01:22,532] {processor.py:170} INFO - Processing /home/airflow/.local/lib/python3.6/site-packages/airflow/example_dags/example_branch_python_dop_operator_3.py took 0.069 seconds
[2021-09-29 06:01:52,718] {processor.py:162} INFO - Started process (PID=576) to work on /home/airflow/.local/lib/python3.6/site-packages/airflow/example_dags/example_branch_python_dop_operator_3.py
[2021-09-29 06:01:52,719] {processor.py:613} INFO - Processing file /home/airflow/.local/lib/python3.6/site-packages/airflow/example_dags/example_branch_python_dop_operator_3.py for tasks to queue
[2021-09-29 06:01:52,720] {logging_mixin.py:109} INFO - [2021-09-29 06:01:52,720] {dagbag.py:496} INFO - Filling up the DagBag from /home/airflow/.local/lib/python3.6/site-packages/airflow/example_dags/example_branch_python_dop_operator_3.py
[2021-09-29 06:01:52,731] {processor.py:623} INFO - DAG(s) dict_keys(['example_branch_dop_operator_v3']) retrieved from /home/airflow/.local/lib/python3.6/site-packages/airflow/example_dags/example_branch_python_dop_operator_3.py
[2021-09-29 06:01:52,754] {logging_mixin.py:109} INFO - [2021-09-29 06:01:52,754] {dag.py:1833} INFO - Sync 1 DAGs
[2021-09-29 06:01:52,778] {logging_mixin.py:109} INFO - [2021-09-29 06:01:52,778] {dag.py:2306} INFO - Setting next_dagrun for example_branch_dop_operator_v3 to 2021-09-27 00:00:00+00:00
[2021-09-29 06:01:52,787] {processor.py:170} INFO - Processing /home/airflow/.local/lib/python3.6/site-packages/airflow/example_dags/example_branch_python_dop_operator_3.py took 0.071 seconds
[2021-09-29 06:02:23,355] {processor.py:162} INFO - Started process (PID=636) to work on /home/airflow/.local/lib/python3.6/site-packages/airflow/example_dags/example_branch_python_dop_operator_3.py
[2021-09-29 06:02:23,356] {processor.py:613} INFO - Processing file /home/airflow/.local/lib/python3.6/site-packages/airflow/example_dags/example_branch_python_dop_operator_3.py for tasks to queue
[2021-09-29 06:02:23,356] {logging_mixin.py:109} INFO - [2021-09-29 06:02:23,356] {dagbag.py:496} INFO - Filling up the DagBag from /home/airflow/.local/lib/python3.6/site-packages/airflow/example_dags/example_branch_python_dop_operator_3.py
[2021-09-29 06:02:23,370] {processor.py:623} INFO - DAG(s) dict_keys(['example_branch_dop_operator_v3']) retrieved from /home/airflow/.local/lib/python3.6/site-packages/airflow/example_dags/example_branch_python_dop_operator_3.py
[2021-09-29 06:02:23,391] {logging_mixin.py:109} INFO - [2021-09-29 06:02:23,391] {dag.py:1833} INFO - Sync 1 DAGs
[2021-09-29 06:02:23,417] {logging_mixin.py:109} INFO - [2021-09-29 06:02:23,417] {dag.py:2306} INFO - Setting next_dagrun for example_branch_dop_operator_v3 to 2021-09-27 00:00:00+00:00
[2021-09-29 06:02:23,427] {processor.py:170} INFO - Processing /home/airflow/.local/lib/python3.6/site-packages/airflow/example_dags/example_branch_python_dop_operator_3.py took 0.074 seconds
[2021-09-29 06:02:53,563] {processor.py:162} INFO - Started process (PID=698) to work on /home/airflow/.local/lib/python3.6/site-packages/airflow/example_dags/example_branch_python_dop_operator_3.py
[2021-09-29 06:02:53,564] {processor.py:613} INFO - Processing file /home/airflow/.local/lib/python3.6/site-packages/airflow/example_dags/example_branch_python_dop_operator_3.py for tasks to queue
[2021-09-29 06:02:53,565] {logging_mixin.py:109} INFO - [2021-09-29 06:02:53,564] {dagbag.py:496} INFO - Filling up the DagBag from /home/airflow/.local/lib/python3.6/site-packages/airflow/example_dags/example_branch_python_dop_operator_3.py
[2021-09-29 06:02:53,578] {processor.py:623} INFO - DAG(s) dict_keys(['example_branch_dop_operator_v3']) retrieved from /home/airflow/.local/lib/python3.6/site-packages/airflow/example_dags/example_branch_python_dop_operator_3.py
[2021-09-29 06:02:53,603] {logging_mixin.py:109} INFO - [2021-09-29 06:02:53,602] {dag.py:1833} INFO - Sync 1 DAGs
[2021-09-29 06:02:53,629] {logging_mixin.py:109} INFO - [2021-09-29 06:02:53,629] {dag.py:2306} INFO - Setting next_dagrun for example_branch_dop_operator_v3 to 2021-09-27 00:00:00+00:00
[2021-09-29 06:02:53,642] {processor.py:170} INFO - Processing /home/airflow/.local/lib/python3.6/site-packages/airflow/example_dags/example_branch_python_dop_operator_3.py took 0.082 seconds
[2021-09-29 06:03:24,013] {processor.py:162} INFO - Started process (PID=750) to work on /home/airflow/.local/lib/python3.6/site-packages/airflow/example_dags/example_branch_python_dop_operator_3.py
[2021-09-29 06:03:24,014] {processor.py:613} INFO - Processing file /home/airflow/.local/lib/python3.6/site-packages/airflow/example_dags/example_branch_python_dop_operator_3.py for tasks to queue
[2021-09-29 06:03:24,015] {logging_mixin.py:109} INFO - [2021-09-29 06:03:24,015] {dagbag.py:496} INFO - Filling up the DagBag from /home/airflow/.local/lib/python3.6/site-packages/airflow/example_dags/example_branch_python_dop_operator_3.py
[2021-09-29 06:03:24,035] {processor.py:623} INFO - DAG(s) dict_keys(['example_branch_dop_operator_v3']) retrieved from /home/airflow/.local/lib/python3.6/site-packages/airflow/example_dags/example_branch_python_dop_operator_3.py
[2021-09-29 06:03:24,071] {logging_mixin.py:109} INFO - [2021-09-29 06:03:24,071] {dag.py:1833} INFO - Sync 1 DAGs
[2021-09-29 06:03:24,104] {logging_mixin.py:109} INFO - [2021-09-29 06:03:24,104] {dag.py:2306} INFO - Setting next_dagrun for example_branch_dop_operator_v3 to 2021-09-27 00:00:00+00:00
[2021-09-29 06:03:24,118] {processor.py:170} INFO - Processing /home/airflow/.local/lib/python3.6/site-packages/airflow/example_dags/example_branch_python_dop_operator_3.py took 0.108 seconds
[2021-09-29 06:03:54,422] {processor.py:162} INFO - Started process (PID=814) to work on /home/airflow/.local/lib/python3.6/site-packages/airflow/example_dags/example_branch_python_dop_operator_3.py
[2021-09-29 06:03:54,423] {processor.py:613} INFO - Processing file /home/airflow/.local/lib/python3.6/site-packages/airflow/example_dags/example_branch_python_dop_operator_3.py for tasks to queue
[2021-09-29 06:03:54,424] {logging_mixin.py:109} INFO - [2021-09-29 06:03:54,423] {dagbag.py:496} INFO - Filling up the DagBag from /home/airflow/.local/lib/python3.6/site-packages/airflow/example_dags/example_branch_python_dop_operator_3.py
[2021-09-29 06:03:54,438] {processor.py:623} INFO - DAG(s) dict_keys(['example_branch_dop_operator_v3']) retrieved from /home/airflow/.local/lib/python3.6/site-packages/airflow/example_dags/example_branch_python_dop_operator_3.py
[2021-09-29 06:03:54,454] {logging_mixin.py:109} INFO - [2021-09-29 06:03:54,454] {dag.py:1833} INFO - Sync 1 DAGs
[2021-09-29 06:03:54,475] {logging_mixin.py:109} INFO - [2021-09-29 06:03:54,475] {dag.py:2306} INFO - Setting next_dagrun for example_branch_dop_operator_v3 to 2021-09-27 00:00:00+00:00
[2021-09-29 06:03:54,486] {processor.py:170} INFO - Processing /home/airflow/.local/lib/python3.6/site-packages/airflow/example_dags/example_branch_python_dop_operator_3.py took 0.066 seconds
[2021-09-29 06:04:24,955] {processor.py:162} INFO - Started process (PID=866) to work on /home/airflow/.local/lib/python3.6/site-packages/airflow/example_dags/example_branch_python_dop_operator_3.py
[2021-09-29 06:04:24,955] {processor.py:613} INFO - Processing file /home/airflow/.local/lib/python3.6/site-packages/airflow/example_dags/example_branch_python_dop_operator_3.py for tasks to queue
[2021-09-29 06:04:24,956] {logging_mixin.py:109} INFO - [2021-09-29 06:04:24,956] {dagbag.py:496} INFO - Filling up the DagBag from /home/airflow/.local/lib/python3.6/site-packages/airflow/example_dags/example_branch_python_dop_operator_3.py
[2021-09-29 06:04:24,970] {processor.py:623} INFO - DAG(s) dict_keys(['example_branch_dop_operator_v3']) retrieved from /home/airflow/.local/lib/python3.6/site-packages/airflow/example_dags/example_branch_python_dop_operator_3.py
[2021-09-29 06:04:24,985] {logging_mixin.py:109} INFO - [2021-09-29 06:04:24,985] {dag.py:1833} INFO - Sync 1 DAGs
[2021-09-29 06:04:25,005] {logging_mixin.py:109} INFO - [2021-09-29 06:04:25,005] {dag.py:2306} INFO - Setting next_dagrun for example_branch_dop_operator_v3 to 2021-09-27 00:00:00+00:00
[2021-09-29 06:04:25,013] {processor.py:170} INFO - Processing /home/airflow/.local/lib/python3.6/site-packages/airflow/example_dags/example_branch_python_dop_operator_3.py took 0.061 seconds
[2021-09-29 06:04:55,459] {processor.py:162} INFO - Started process (PID=928) to work on /home/airflow/.local/lib/python3.6/site-packages/airflow/example_dags/example_branch_python_dop_operator_3.py
[2021-09-29 06:04:55,460] {processor.py:613} INFO - Processing file /home/airflow/.local/lib/python3.6/site-packages/airflow/example_dags/example_branch_python_dop_operator_3.py for tasks to queue
[2021-09-29 06:04:55,461] {logging_mixin.py:109} INFO - [2021-09-29 06:04:55,461] {dagbag.py:496} INFO - Filling up the DagBag from /home/airflow/.local/lib/python3.6/site-packages/airflow/example_dags/example_branch_python_dop_operator_3.py
[2021-09-29 06:04:55,479] {processor.py:623} INFO - DAG(s) dict_keys(['example_branch_dop_operator_v3']) retrieved from /home/airflow/.local/lib/python3.6/site-packages/airflow/example_dags/example_branch_python_dop_operator_3.py
[2021-09-29 06:04:55,519] {logging_mixin.py:109} INFO - [2021-09-29 06:04:55,519] {dag.py:1833} INFO - Sync 1 DAGs
[2021-09-29 06:04:55,551] {logging_mixin.py:109} INFO - [2021-09-29 06:04:55,551] {dag.py:2306} INFO - Setting next_dagrun for example_branch_dop_operator_v3 to 2021-09-27 00:00:00+00:00
[2021-09-29 06:04:55,562] {processor.py:170} INFO - Processing /home/airflow/.local/lib/python3.6/site-packages/airflow/example_dags/example_branch_python_dop_operator_3.py took 0.105 seconds
[2021-09-29 06:05:26,226] {processor.py:162} INFO - Started process (PID=991) to work on /home/airflow/.local/lib/python3.6/site-packages/airflow/example_dags/example_branch_python_dop_operator_3.py
[2021-09-29 06:05:26,227] {processor.py:613} INFO - Processing file /home/airflow/.local/lib/python3.6/site-packages/airflow/example_dags/example_branch_python_dop_operator_3.py for tasks to queue
[2021-09-29 06:05:26,227] {logging_mixin.py:109} INFO - [2021-09-29 06:05:26,227] {dagbag.py:496} INFO - Filling up the DagBag from /home/airflow/.local/lib/python3.6/site-packages/airflow/example_dags/example_branch_python_dop_operator_3.py
[2021-09-29 06:05:26,244] {processor.py:623} INFO - DAG(s) dict_keys(['example_branch_dop_operator_v3']) retrieved from /home/airflow/.local/lib/python3.6/site-packages/airflow/example_dags/example_branch_python_dop_operator_3.py
[2021-09-29 06:05:26,263] {logging_mixin.py:109} INFO - [2021-09-29 06:05:26,263] {dag.py:1833} INFO - Sync 1 DAGs
[2021-09-29 06:05:26,292] {logging_mixin.py:109} INFO - [2021-09-29 06:05:26,292] {dag.py:2306} INFO - Setting next_dagrun for example_branch_dop_operator_v3 to 2021-09-27 00:00:00+00:00
[2021-09-29 06:05:26,304] {processor.py:170} INFO - Processing /home/airflow/.local/lib/python3.6/site-packages/airflow/example_dags/example_branch_python_dop_operator_3.py took 0.081 seconds
[2021-09-29 06:05:56,661] {processor.py:162} INFO - Started process (PID=1045) to work on /home/airflow/.local/lib/python3.6/site-packages/airflow/example_dags/example_branch_python_dop_operator_3.py
[2021-09-29 06:05:56,661] {processor.py:613} INFO - Processing file /home/airflow/.local/lib/python3.6/site-packages/airflow/example_dags/example_branch_python_dop_operator_3.py for tasks to queue
[2021-09-29 06:05:56,662] {logging_mixin.py:109} INFO - [2021-09-29 06:05:56,662] {dagbag.py:496} INFO - Filling up the DagBag from /home/airflow/.local/lib/python3.6/site-packages/airflow/example_dags/example_branch_python_dop_operator_3.py
[2021-09-29 06:05:56,675] {processor.py:623} INFO - DAG(s) dict_keys(['example_branch_dop_operator_v3']) retrieved from /home/airflow/.local/lib/python3.6/site-packages/airflow/example_dags/example_branch_python_dop_operator_3.py
[2021-09-29 06:05:56,694] {logging_mixin.py:109} INFO - [2021-09-29 06:05:56,694] {dag.py:1833} INFO - Sync 1 DAGs
[2021-09-29 06:05:56,715] {logging_mixin.py:109} INFO - [2021-09-29 06:05:56,715] {dag.py:2306} INFO - Setting next_dagrun for example_branch_dop_operator_v3 to 2021-09-27 00:00:00+00:00
[2021-09-29 06:05:56,724] {processor.py:170} INFO - Processing /home/airflow/.local/lib/python3.6/site-packages/airflow/example_dags/example_branch_python_dop_operator_3.py took 0.066 seconds
[2021-09-29 06:06:27,104] {processor.py:162} INFO - Started process (PID=1109) to work on /home/airflow/.local/lib/python3.6/site-packages/airflow/example_dags/example_branch_python_dop_operator_3.py
[2021-09-29 06:06:27,107] {processor.py:613} INFO - Processing file /home/airflow/.local/lib/python3.6/site-packages/airflow/example_dags/example_branch_python_dop_operator_3.py for tasks to queue
[2021-09-29 06:06:27,108] {logging_mixin.py:109} INFO - [2021-09-29 06:06:27,108] {dagbag.py:496} INFO - Filling up the DagBag from /home/airflow/.local/lib/python3.6/site-packages/airflow/example_dags/example_branch_python_dop_operator_3.py
[2021-09-29 06:06:27,118] {processor.py:623} INFO - DAG(s) dict_keys(['example_branch_dop_operator_v3']) retrieved from /home/airflow/.local/lib/python3.6/site-packages/airflow/example_dags/example_branch_python_dop_operator_3.py
[2021-09-29 06:06:27,136] {logging_mixin.py:109} INFO - [2021-09-29 06:06:27,136] {dag.py:1833} INFO - Sync 1 DAGs
[2021-09-29 06:06:27,156] {logging_mixin.py:109} INFO - [2021-09-29 06:06:27,156] {dag.py:2306} INFO - Setting next_dagrun for example_branch_dop_operator_v3 to 2021-09-27 00:00:00+00:00
[2021-09-29 06:06:27,168] {processor.py:170} INFO - Processing /home/airflow/.local/lib/python3.6/site-packages/airflow/example_dags/example_branch_python_dop_operator_3.py took 0.066 seconds
[2021-09-29 06:06:57,557] {processor.py:162} INFO - Started process (PID=1161) to work on /home/airflow/.local/lib/python3.6/site-packages/airflow/example_dags/example_branch_python_dop_operator_3.py
[2021-09-29 06:06:57,558] {processor.py:613} INFO - Processing file /home/airflow/.local/lib/python3.6/site-packages/airflow/example_dags/example_branch_python_dop_operator_3.py for tasks to queue
[2021-09-29 06:06:57,559] {logging_mixin.py:109} INFO - [2021-09-29 06:06:57,558] {dagbag.py:496} INFO - Filling up the DagBag from /home/airflow/.local/lib/python3.6/site-packages/airflow/example_dags/example_branch_python_dop_operator_3.py
[2021-09-29 06:06:57,568] {processor.py:623} INFO - DAG(s) dict_keys(['example_branch_dop_operator_v3']) retrieved from /home/airflow/.local/lib/python3.6/site-packages/airflow/example_dags/example_branch_python_dop_operator_3.py
[2021-09-29 06:06:57,585] {logging_mixin.py:109} INFO - [2021-09-29 06:06:57,585] {dag.py:1833} INFO - Sync 1 DAGs
[2021-09-29 06:06:57,605] {logging_mixin.py:109} INFO - [2021-09-29 06:06:57,605] {dag.py:2306} INFO - Setting next_dagrun for example_branch_dop_operator_v3 to 2021-09-27 00:00:00+00:00
[2021-09-29 06:06:57,613] {processor.py:170} INFO - Processing /home/airflow/.local/lib/python3.6/site-packages/airflow/example_dags/example_branch_python_dop_operator_3.py took 0.057 seconds
[2021-09-29 06:07:27,813] {processor.py:162} INFO - Started process (PID=1223) to work on /home/airflow/.local/lib/python3.6/site-packages/airflow/example_dags/example_branch_python_dop_operator_3.py
[2021-09-29 06:07:27,813] {processor.py:613} INFO - Processing file /home/airflow/.local/lib/python3.6/site-packages/airflow/example_dags/example_branch_python_dop_operator_3.py for tasks to queue
[2021-09-29 06:07:27,814] {logging_mixin.py:109} INFO - [2021-09-29 06:07:27,814] {dagbag.py:496} INFO - Filling up the DagBag from /home/airflow/.local/lib/python3.6/site-packages/airflow/example_dags/example_branch_python_dop_operator_3.py
[2021-09-29 06:07:27,825] {processor.py:623} INFO - DAG(s) dict_keys(['example_branch_dop_operator_v3']) retrieved from /home/airflow/.local/lib/python3.6/site-packages/airflow/example_dags/example_branch_python_dop_operator_3.py
[2021-09-29 06:07:27,841] {logging_mixin.py:109} INFO - [2021-09-29 06:07:27,841] {dag.py:1833} INFO - Sync 1 DAGs
[2021-09-29 06:07:27,863] {logging_mixin.py:109} INFO - [2021-09-29 06:07:27,863] {dag.py:2306} INFO - Setting next_dagrun for example_branch_dop_operator_v3 to 2021-09-27 00:00:00+00:00
[2021-09-29 06:07:27,873] {processor.py:170} INFO - Processing /home/airflow/.local/lib/python3.6/site-packages/airflow/example_dags/example_branch_python_dop_operator_3.py took 0.062 seconds
[2021-09-29 06:07:57,903] {processor.py:162} INFO - Started process (PID=1276) to work on /home/airflow/.local/lib/python3.6/site-packages/airflow/example_dags/example_branch_python_dop_operator_3.py
[2021-09-29 06:07:57,904] {processor.py:613} INFO - Processing file /home/airflow/.local/lib/python3.6/site-packages/airflow/example_dags/example_branch_python_dop_operator_3.py for tasks to queue
[2021-09-29 06:07:57,904] {logging_mixin.py:109} INFO - [2021-09-29 06:07:57,904] {dagbag.py:496} INFO - Filling up the DagBag from /home/airflow/.local/lib/python3.6/site-packages/airflow/example_dags/example_branch_python_dop_operator_3.py
[2021-09-29 06:07:57,918] {processor.py:623} INFO - DAG(s) dict_keys(['example_branch_dop_operator_v3']) retrieved from /home/airflow/.local/lib/python3.6/site-packages/airflow/example_dags/example_branch_python_dop_operator_3.py
[2021-09-29 06:07:57,938] {logging_mixin.py:109} INFO - [2021-09-29 06:07:57,938] {dag.py:1833} INFO - Sync 1 DAGs
[2021-09-29 06:07:57,983] {logging_mixin.py:109} INFO - [2021-09-29 06:07:57,983] {dag.py:2306} INFO - Setting next_dagrun for example_branch_dop_operator_v3 to 2021-09-27 00:00:00+00:00
[2021-09-29 06:07:57,996] {processor.py:170} INFO - Processing /home/airflow/.local/lib/python3.6/site-packages/airflow/example_dags/example_branch_python_dop_operator_3.py took 0.095 seconds
[2021-09-29 06:08:28,247] {processor.py:162} INFO - Started process (PID=1340) to work on /home/airflow/.local/lib/python3.6/site-packages/airflow/example_dags/example_branch_python_dop_operator_3.py
[2021-09-29 06:08:28,248] {processor.py:613} INFO - Processing file /home/airflow/.local/lib/python3.6/site-packages/airflow/example_dags/example_branch_python_dop_operator_3.py for tasks to queue
[2021-09-29 06:08:28,248] {logging_mixin.py:109} INFO - [2021-09-29 06:08:28,248] {dagbag.py:496} INFO - Filling up the DagBag from /home/airflow/.local/lib/python3.6/site-packages/airflow/example_dags/example_branch_python_dop_operator_3.py
[2021-09-29 06:08:28,265] {processor.py:623} INFO - DAG(s) dict_keys(['example_branch_dop_operator_v3']) retrieved from /home/airflow/.local/lib/python3.6/site-packages/airflow/example_dags/example_branch_python_dop_operator_3.py
[2021-09-29 06:08:28,285] {logging_mixin.py:109} INFO - [2021-09-29 06:08:28,285] {dag.py:1833} INFO - Sync 1 DAGs
[2021-09-29 06:08:28,311] {logging_mixin.py:109} INFO - [2021-09-29 06:08:28,311] {dag.py:2306} INFO - Setting next_dagrun for example_branch_dop_operator_v3 to 2021-09-27 00:00:00+00:00
[2021-09-29 06:08:28,324] {processor.py:170} INFO - Processing /home/airflow/.local/lib/python3.6/site-packages/airflow/example_dags/example_branch_python_dop_operator_3.py took 0.080 seconds
[2021-09-29 06:08:58,709] {processor.py:162} INFO - Started process (PID=1402) to work on /home/airflow/.local/lib/python3.6/site-packages/airflow/example_dags/example_branch_python_dop_operator_3.py
[2021-09-29 06:08:58,710] {processor.py:613} INFO - Processing file /home/airflow/.local/lib/python3.6/site-packages/airflow/example_dags/example_branch_python_dop_operator_3.py for tasks to queue
[2021-09-29 06:08:58,710] {logging_mixin.py:109} INFO - [2021-09-29 06:08:58,710] {dagbag.py:496} INFO - Filling up the DagBag from /home/airflow/.local/lib/python3.6/site-packages/airflow/example_dags/example_branch_python_dop_operator_3.py
[2021-09-29 06:08:58,720] {processor.py:623} INFO - DAG(s) dict_keys(['example_branch_dop_operator_v3']) retrieved from /home/airflow/.local/lib/python3.6/site-packages/airflow/example_dags/example_branch_python_dop_operator_3.py
[2021-09-29 06:08:58,736] {logging_mixin.py:109} INFO - [2021-09-29 06:08:58,736] {dag.py:1833} INFO - Sync 1 DAGs
[2021-09-29 06:08:58,756] {logging_mixin.py:109} INFO - [2021-09-29 06:08:58,756] {dag.py:2306} INFO - Setting next_dagrun for example_branch_dop_operator_v3 to 2021-09-27 00:00:00+00:00
[2021-09-29 06:08:58,764] {processor.py:170} INFO - Processing /home/airflow/.local/lib/python3.6/site-packages/airflow/example_dags/example_branch_python_dop_operator_3.py took 0.057 seconds
[2021-09-29 06:09:29,138] {processor.py:162} INFO - Started process (PID=1455) to work on /home/airflow/.local/lib/python3.6/site-packages/airflow/example_dags/example_branch_python_dop_operator_3.py
[2021-09-29 06:09:29,139] {processor.py:613} INFO - Processing file /home/airflow/.local/lib/python3.6/site-packages/airflow/example_dags/example_branch_python_dop_operator_3.py for tasks to queue
[2021-09-29 06:09:29,139] {logging_mixin.py:109} INFO - [2021-09-29 06:09:29,139] {dagbag.py:496} INFO - Filling up the DagBag from /home/airflow/.local/lib/python3.6/site-packages/airflow/example_dags/example_branch_python_dop_operator_3.py
[2021-09-29 06:09:29,153] {processor.py:623} INFO - DAG(s) dict_keys(['example_branch_dop_operator_v3']) retrieved from /home/airflow/.local/lib/python3.6/site-packages/airflow/example_dags/example_branch_python_dop_operator_3.py
[2021-09-29 06:09:29,170] {logging_mixin.py:109} INFO - [2021-09-29 06:09:29,170] {dag.py:1833} INFO - Sync 1 DAGs
[2021-09-29 06:09:29,192] {logging_mixin.py:109} INFO - [2021-09-29 06:09:29,191] {dag.py:2306} INFO - Setting next_dagrun for example_branch_dop_operator_v3 to 2021-09-27 00:00:00+00:00
[2021-09-29 06:09:29,201] {processor.py:170} INFO - Processing /home/airflow/.local/lib/python3.6/site-packages/airflow/example_dags/example_branch_python_dop_operator_3.py took 0.065 seconds
[2021-09-29 06:09:59,266] {processor.py:162} INFO - Started process (PID=1518) to work on /home/airflow/.local/lib/python3.6/site-packages/airflow/example_dags/example_branch_python_dop_operator_3.py
[2021-09-29 06:09:59,266] {processor.py:613} INFO - Processing file /home/airflow/.local/lib/python3.6/site-packages/airflow/example_dags/example_branch_python_dop_operator_3.py for tasks to queue
[2021-09-29 06:09:59,267] {logging_mixin.py:109} INFO - [2021-09-29 06:09:59,267] {dagbag.py:496} INFO - Filling up the DagBag from /home/airflow/.local/lib/python3.6/site-packages/airflow/example_dags/example_branch_python_dop_operator_3.py
[2021-09-29 06:09:59,280] {processor.py:623} INFO - DAG(s) dict_keys(['example_branch_dop_operator_v3']) retrieved from /home/airflow/.local/lib/python3.6/site-packages/airflow/example_dags/example_branch_python_dop_operator_3.py
[2021-09-29 06:09:59,302] {logging_mixin.py:109} INFO - [2021-09-29 06:09:59,302] {dag.py:1833} INFO - Sync 1 DAGs
[2021-09-29 06:09:59,325] {logging_mixin.py:109} INFO - [2021-09-29 06:09:59,325] {dag.py:2306} INFO - Setting next_dagrun for example_branch_dop_operator_v3 to 2021-09-27 00:00:00+00:00
[2021-09-29 06:09:59,334] {processor.py:170} INFO - Processing /home/airflow/.local/lib/python3.6/site-packages/airflow/example_dags/example_branch_python_dop_operator_3.py took 0.071 seconds
[2021-09-29 06:10:29,675] {processor.py:162} INFO - Started process (PID=1570) to work on /home/airflow/.local/lib/python3.6/site-packages/airflow/example_dags/example_branch_python_dop_operator_3.py
[2021-09-29 06:10:29,676] {processor.py:613} INFO - Processing file /home/airflow/.local/lib/python3.6/site-packages/airflow/example_dags/example_branch_python_dop_operator_3.py for tasks to queue
[2021-09-29 06:10:29,676] {logging_mixin.py:109} INFO - [2021-09-29 06:10:29,676] {dagbag.py:496} INFO - Filling up the DagBag from /home/airflow/.local/lib/python3.6/site-packages/airflow/example_dags/example_branch_python_dop_operator_3.py
[2021-09-29 06:10:29,688] {processor.py:623} INFO - DAG(s) dict_keys(['example_branch_dop_operator_v3']) retrieved from /home/airflow/.local/lib/python3.6/site-packages/airflow/example_dags/example_branch_python_dop_operator_3.py
[2021-09-29 06:10:29,706] {logging_mixin.py:109} INFO - [2021-09-29 06:10:29,706] {dag.py:1833} INFO - Sync 1 DAGs
[2021-09-29 06:10:29,729] {logging_mixin.py:109} INFO - [2021-09-29 06:10:29,728] {dag.py:2306} INFO - Setting next_dagrun for example_branch_dop_operator_v3 to 2021-09-27 00:00:00+00:00
[2021-09-29 06:10:29,737] {processor.py:170} INFO - Processing /home/airflow/.local/lib/python3.6/site-packages/airflow/example_dags/example_branch_python_dop_operator_3.py took 0.064 seconds
[2021-09-29 06:10:59,990] {processor.py:162} INFO - Started process (PID=1633) to work on /home/airflow/.local/lib/python3.6/site-packages/airflow/example_dags/example_branch_python_dop_operator_3.py
[2021-09-29 06:10:59,990] {processor.py:613} INFO - Processing file /home/airflow/.local/lib/python3.6/site-packages/airflow/example_dags/example_branch_python_dop_operator_3.py for tasks to queue
[2021-09-29 06:10:59,991] {logging_mixin.py:109} INFO - [2021-09-29 06:10:59,991] {dagbag.py:496} INFO - Filling up the DagBag from /home/airflow/.local/lib/python3.6/site-packages/airflow/example_dags/example_branch_python_dop_operator_3.py
[2021-09-29 06:11:00,001] {processor.py:623} INFO - DAG(s) dict_keys(['example_branch_dop_operator_v3']) retrieved from /home/airflow/.local/lib/python3.6/site-packages/airflow/example_dags/example_branch_python_dop_operator_3.py
[2021-09-29 06:11:00,016] {logging_mixin.py:109} INFO - [2021-09-29 06:11:00,016] {dag.py:1833} INFO - Sync 1 DAGs
[2021-09-29 06:11:00,036] {logging_mixin.py:109} INFO - [2021-09-29 06:11:00,036] {dag.py:2306} INFO - Setting next_dagrun for example_branch_dop_operator_v3 to 2021-09-27 00:00:00+00:00
[2021-09-29 06:11:00,044] {processor.py:170} INFO - Processing /home/airflow/.local/lib/python3.6/site-packages/airflow/example_dags/example_branch_python_dop_operator_3.py took 0.057 seconds
[2021-09-29 06:11:30,359] {processor.py:162} INFO - Started process (PID=1696) to work on /home/airflow/.local/lib/python3.6/site-packages/airflow/example_dags/example_branch_python_dop_operator_3.py
[2021-09-29 06:11:30,360] {processor.py:613} INFO - Processing file /home/airflow/.local/lib/python3.6/site-packages/airflow/example_dags/example_branch_python_dop_operator_3.py for tasks to queue
[2021-09-29 06:11:30,360] {logging_mixin.py:109} INFO - [2021-09-29 06:11:30,360] {dagbag.py:496} INFO - Filling up the DagBag from /home/airflow/.local/lib/python3.6/site-packages/airflow/example_dags/example_branch_python_dop_operator_3.py
[2021-09-29 06:11:30,376] {processor.py:623} INFO - DAG(s) dict_keys(['example_branch_dop_operator_v3']) retrieved from /home/airflow/.local/lib/python3.6/site-packages/airflow/example_dags/example_branch_python_dop_operator_3.py
[2021-09-29 06:11:30,398] {logging_mixin.py:109} INFO - [2021-09-29 06:11:30,398] {dag.py:1833} INFO - Sync 1 DAGs
[2021-09-29 06:11:30,427] {logging_mixin.py:109} INFO - [2021-09-29 06:11:30,427] {dag.py:2306} INFO - Setting next_dagrun for example_branch_dop_operator_v3 to 2021-09-27 00:00:00+00:00
[2021-09-29 06:11:30,439] {processor.py:170} INFO - Processing /home/airflow/.local/lib/python3.6/site-packages/airflow/example_dags/example_branch_python_dop_operator_3.py took 0.083 seconds
[2021-09-29 06:12:00,559] {processor.py:162} INFO - Started process (PID=1748) to work on /home/airflow/.local/lib/python3.6/site-packages/airflow/example_dags/example_branch_python_dop_operator_3.py
[2021-09-29 06:12:00,560] {processor.py:613} INFO - Processing file /home/airflow/.local/lib/python3.6/site-packages/airflow/example_dags/example_branch_python_dop_operator_3.py for tasks to queue
[2021-09-29 06:12:00,561] {logging_mixin.py:109} INFO - [2021-09-29 06:12:00,561] {dagbag.py:496} INFO - Filling up the DagBag from /home/airflow/.local/lib/python3.6/site-packages/airflow/example_dags/example_branch_python_dop_operator_3.py
[2021-09-29 06:12:00,571] {processor.py:623} INFO - DAG(s) dict_keys(['example_branch_dop_operator_v3']) retrieved from /home/airflow/.local/lib/python3.6/site-packages/airflow/example_dags/example_branch_python_dop_operator_3.py
[2021-09-29 06:12:00,588] {logging_mixin.py:109} INFO - [2021-09-29 06:12:00,588] {dag.py:1833} INFO - Sync 1 DAGs
[2021-09-29 06:12:00,617] {logging_mixin.py:109} INFO - [2021-09-29 06:12:00,617] {dag.py:2306} INFO - Setting next_dagrun for example_branch_dop_operator_v3 to 2021-09-27 00:00:00+00:00
[2021-09-29 06:12:00,627] {processor.py:170} INFO - Processing /home/airflow/.local/lib/python3.6/site-packages/airflow/example_dags/example_branch_python_dop_operator_3.py took 0.070 seconds
[2021-09-29 06:12:30,839] {processor.py:162} INFO - Started process (PID=1811) to work on /home/airflow/.local/lib/python3.6/site-packages/airflow/example_dags/example_branch_python_dop_operator_3.py
[2021-09-29 06:12:30,839] {processor.py:613} INFO - Processing file /home/airflow/.local/lib/python3.6/site-packages/airflow/example_dags/example_branch_python_dop_operator_3.py for tasks to queue
[2021-09-29 06:12:30,840] {logging_mixin.py:109} INFO - [2021-09-29 06:12:30,840] {dagbag.py:496} INFO - Filling up the DagBag from /home/airflow/.local/lib/python3.6/site-packages/airflow/example_dags/example_branch_python_dop_operator_3.py
[2021-09-29 06:12:30,850] {processor.py:623} INFO - DAG(s) dict_keys(['example_branch_dop_operator_v3']) retrieved from /home/airflow/.local/lib/python3.6/site-packages/airflow/example_dags/example_branch_python_dop_operator_3.py
[2021-09-29 06:12:30,867] {logging_mixin.py:109} INFO - [2021-09-29 06:12:30,867] {dag.py:1833} INFO - Sync 1 DAGs
[2021-09-29 06:12:30,888] {logging_mixin.py:109} INFO - [2021-09-29 06:12:30,888] {dag.py:2306} INFO - Setting next_dagrun for example_branch_dop_operator_v3 to 2021-09-27 00:00:00+00:00
[2021-09-29 06:12:30,896] {processor.py:170} INFO - Processing /home/airflow/.local/lib/python3.6/site-packages/airflow/example_dags/example_branch_python_dop_operator_3.py took 0.060 seconds
