[2021-09-29 05:45:33,919] {processor.py:162} INFO - Started process (PID=112) to work on /home/airflow/.local/lib/python3.6/site-packages/airflow/example_dags/example_branch_operator.py
[2021-09-29 05:45:33,920] {processor.py:613} INFO - Processing file /home/airflow/.local/lib/python3.6/site-packages/airflow/example_dags/example_branch_operator.py for tasks to queue
[2021-09-29 05:45:33,921] {logging_mixin.py:109} INFO - [2021-09-29 05:45:33,921] {dagbag.py:496} INFO - Filling up the DagBag from /home/airflow/.local/lib/python3.6/site-packages/airflow/example_dags/example_branch_operator.py
[2021-09-29 05:45:33,949] {processor.py:623} INFO - DAG(s) dict_keys(['example_branch_operator']) retrieved from /home/airflow/.local/lib/python3.6/site-packages/airflow/example_dags/example_branch_operator.py
[2021-09-29 05:45:37,979] {logging_mixin.py:109} INFO - [2021-09-29 05:45:37,976] {dag.py:1833} INFO - Sync 1 DAGs
[2021-09-29 05:45:37,999] {logging_mixin.py:109} INFO - [2021-09-29 05:45:37,996] {dag.py:1852} INFO - Creating ORM DAG for example_branch_operator
[2021-09-29 05:45:38,014] {logging_mixin.py:109} INFO - [2021-09-29 05:45:38,014] {dag.py:2306} INFO - Setting next_dagrun for example_branch_operator to 2021-09-27 00:00:00+00:00
[2021-09-29 05:45:38,035] {processor.py:170} INFO - Processing /home/airflow/.local/lib/python3.6/site-packages/airflow/example_dags/example_branch_operator.py took 4.119 seconds
[2021-09-29 05:46:14,110] {processor.py:162} INFO - Started process (PID=384) to work on /home/airflow/.local/lib/python3.6/site-packages/airflow/example_dags/example_branch_operator.py
[2021-09-29 05:46:14,111] {processor.py:613} INFO - Processing file /home/airflow/.local/lib/python3.6/site-packages/airflow/example_dags/example_branch_operator.py for tasks to queue
[2021-09-29 05:46:14,111] {logging_mixin.py:109} INFO - [2021-09-29 05:46:14,111] {dagbag.py:496} INFO - Filling up the DagBag from /home/airflow/.local/lib/python3.6/site-packages/airflow/example_dags/example_branch_operator.py
[2021-09-29 05:46:14,127] {processor.py:623} INFO - DAG(s) dict_keys(['example_branch_operator']) retrieved from /home/airflow/.local/lib/python3.6/site-packages/airflow/example_dags/example_branch_operator.py
[2021-09-29 05:46:14,156] {logging_mixin.py:109} INFO - [2021-09-29 05:46:14,156] {dag.py:1833} INFO - Sync 1 DAGs
[2021-09-29 05:46:14,180] {logging_mixin.py:109} INFO - [2021-09-29 05:46:14,179] {dag.py:2306} INFO - Setting next_dagrun for example_branch_operator to 2021-09-27 00:00:00+00:00
[2021-09-29 05:46:14,191] {processor.py:170} INFO - Processing /home/airflow/.local/lib/python3.6/site-packages/airflow/example_dags/example_branch_operator.py took 0.084 seconds
[2021-09-29 05:46:44,490] {processor.py:162} INFO - Started process (PID=434) to work on /home/airflow/.local/lib/python3.6/site-packages/airflow/example_dags/example_branch_operator.py
[2021-09-29 05:46:44,490] {processor.py:613} INFO - Processing file /home/airflow/.local/lib/python3.6/site-packages/airflow/example_dags/example_branch_operator.py for tasks to queue
[2021-09-29 05:46:44,491] {logging_mixin.py:109} INFO - [2021-09-29 05:46:44,491] {dagbag.py:496} INFO - Filling up the DagBag from /home/airflow/.local/lib/python3.6/site-packages/airflow/example_dags/example_branch_operator.py
[2021-09-29 05:46:44,507] {processor.py:623} INFO - DAG(s) dict_keys(['example_branch_operator']) retrieved from /home/airflow/.local/lib/python3.6/site-packages/airflow/example_dags/example_branch_operator.py
[2021-09-29 05:46:44,544] {logging_mixin.py:109} INFO - [2021-09-29 05:46:44,544] {dag.py:1833} INFO - Sync 1 DAGs
[2021-09-29 05:46:44,567] {logging_mixin.py:109} INFO - [2021-09-29 05:46:44,567] {dag.py:2306} INFO - Setting next_dagrun for example_branch_operator to 2021-09-27 00:00:00+00:00
[2021-09-29 05:46:44,579] {processor.py:170} INFO - Processing /home/airflow/.local/lib/python3.6/site-packages/airflow/example_dags/example_branch_operator.py took 0.091 seconds
[2021-09-29 05:47:15,105] {processor.py:162} INFO - Started process (PID=497) to work on /home/airflow/.local/lib/python3.6/site-packages/airflow/example_dags/example_branch_operator.py
[2021-09-29 05:47:15,106] {processor.py:613} INFO - Processing file /home/airflow/.local/lib/python3.6/site-packages/airflow/example_dags/example_branch_operator.py for tasks to queue
[2021-09-29 05:47:15,107] {logging_mixin.py:109} INFO - [2021-09-29 05:47:15,106] {dagbag.py:496} INFO - Filling up the DagBag from /home/airflow/.local/lib/python3.6/site-packages/airflow/example_dags/example_branch_operator.py
[2021-09-29 05:47:15,124] {processor.py:623} INFO - DAG(s) dict_keys(['example_branch_operator']) retrieved from /home/airflow/.local/lib/python3.6/site-packages/airflow/example_dags/example_branch_operator.py
[2021-09-29 05:47:15,155] {logging_mixin.py:109} INFO - [2021-09-29 05:47:15,155] {dag.py:1833} INFO - Sync 1 DAGs
[2021-09-29 05:47:15,178] {logging_mixin.py:109} INFO - [2021-09-29 05:47:15,178] {dag.py:2306} INFO - Setting next_dagrun for example_branch_operator to 2021-09-27 00:00:00+00:00
[2021-09-29 05:47:15,192] {processor.py:170} INFO - Processing /home/airflow/.local/lib/python3.6/site-packages/airflow/example_dags/example_branch_operator.py took 0.089 seconds
[2021-09-29 05:47:45,426] {processor.py:162} INFO - Started process (PID=560) to work on /home/airflow/.local/lib/python3.6/site-packages/airflow/example_dags/example_branch_operator.py
[2021-09-29 05:47:45,427] {processor.py:613} INFO - Processing file /home/airflow/.local/lib/python3.6/site-packages/airflow/example_dags/example_branch_operator.py for tasks to queue
[2021-09-29 05:47:45,427] {logging_mixin.py:109} INFO - [2021-09-29 05:47:45,427] {dagbag.py:496} INFO - Filling up the DagBag from /home/airflow/.local/lib/python3.6/site-packages/airflow/example_dags/example_branch_operator.py
[2021-09-29 05:47:45,439] {processor.py:623} INFO - DAG(s) dict_keys(['example_branch_operator']) retrieved from /home/airflow/.local/lib/python3.6/site-packages/airflow/example_dags/example_branch_operator.py
[2021-09-29 05:47:45,462] {logging_mixin.py:109} INFO - [2021-09-29 05:47:45,462] {dag.py:1833} INFO - Sync 1 DAGs
[2021-09-29 05:47:45,480] {logging_mixin.py:109} INFO - [2021-09-29 05:47:45,480] {dag.py:2306} INFO - Setting next_dagrun for example_branch_operator to 2021-09-27 00:00:00+00:00
[2021-09-29 05:47:45,490] {processor.py:170} INFO - Processing /home/airflow/.local/lib/python3.6/site-packages/airflow/example_dags/example_branch_operator.py took 0.066 seconds
[2021-09-29 05:48:15,858] {processor.py:162} INFO - Started process (PID=613) to work on /home/airflow/.local/lib/python3.6/site-packages/airflow/example_dags/example_branch_operator.py
[2021-09-29 05:48:15,859] {processor.py:613} INFO - Processing file /home/airflow/.local/lib/python3.6/site-packages/airflow/example_dags/example_branch_operator.py for tasks to queue
[2021-09-29 05:48:15,859] {logging_mixin.py:109} INFO - [2021-09-29 05:48:15,859] {dagbag.py:496} INFO - Filling up the DagBag from /home/airflow/.local/lib/python3.6/site-packages/airflow/example_dags/example_branch_operator.py
[2021-09-29 05:48:15,875] {processor.py:623} INFO - DAG(s) dict_keys(['example_branch_operator']) retrieved from /home/airflow/.local/lib/python3.6/site-packages/airflow/example_dags/example_branch_operator.py
[2021-09-29 05:48:15,894] {logging_mixin.py:109} INFO - [2021-09-29 05:48:15,894] {dag.py:1833} INFO - Sync 1 DAGs
[2021-09-29 05:48:15,910] {logging_mixin.py:109} INFO - [2021-09-29 05:48:15,910] {dag.py:2306} INFO - Setting next_dagrun for example_branch_operator to 2021-09-27 00:00:00+00:00
[2021-09-29 05:48:15,919] {processor.py:170} INFO - Processing /home/airflow/.local/lib/python3.6/site-packages/airflow/example_dags/example_branch_operator.py took 0.063 seconds
[2021-09-29 05:48:46,208] {processor.py:162} INFO - Started process (PID=675) to work on /home/airflow/.local/lib/python3.6/site-packages/airflow/example_dags/example_branch_operator.py
[2021-09-29 05:48:46,209] {processor.py:613} INFO - Processing file /home/airflow/.local/lib/python3.6/site-packages/airflow/example_dags/example_branch_operator.py for tasks to queue
[2021-09-29 05:48:46,209] {logging_mixin.py:109} INFO - [2021-09-29 05:48:46,209] {dagbag.py:496} INFO - Filling up the DagBag from /home/airflow/.local/lib/python3.6/site-packages/airflow/example_dags/example_branch_operator.py
[2021-09-29 05:48:46,225] {processor.py:623} INFO - DAG(s) dict_keys(['example_branch_operator']) retrieved from /home/airflow/.local/lib/python3.6/site-packages/airflow/example_dags/example_branch_operator.py
[2021-09-29 05:48:46,246] {logging_mixin.py:109} INFO - [2021-09-29 05:48:46,246] {dag.py:1833} INFO - Sync 1 DAGs
[2021-09-29 05:48:46,264] {logging_mixin.py:109} INFO - [2021-09-29 05:48:46,264] {dag.py:2306} INFO - Setting next_dagrun for example_branch_operator to 2021-09-27 00:00:00+00:00
[2021-09-29 05:48:46,275] {processor.py:170} INFO - Processing /home/airflow/.local/lib/python3.6/site-packages/airflow/example_dags/example_branch_operator.py took 0.069 seconds
[2021-09-29 05:49:16,583] {processor.py:162} INFO - Started process (PID=729) to work on /home/airflow/.local/lib/python3.6/site-packages/airflow/example_dags/example_branch_operator.py
[2021-09-29 05:49:16,584] {processor.py:613} INFO - Processing file /home/airflow/.local/lib/python3.6/site-packages/airflow/example_dags/example_branch_operator.py for tasks to queue
[2021-09-29 05:49:16,584] {logging_mixin.py:109} INFO - [2021-09-29 05:49:16,584] {dagbag.py:496} INFO - Filling up the DagBag from /home/airflow/.local/lib/python3.6/site-packages/airflow/example_dags/example_branch_operator.py
[2021-09-29 05:49:16,601] {processor.py:623} INFO - DAG(s) dict_keys(['example_branch_operator']) retrieved from /home/airflow/.local/lib/python3.6/site-packages/airflow/example_dags/example_branch_operator.py
[2021-09-29 05:49:16,620] {logging_mixin.py:109} INFO - [2021-09-29 05:49:16,620] {dag.py:1833} INFO - Sync 1 DAGs
[2021-09-29 05:49:16,637] {logging_mixin.py:109} INFO - [2021-09-29 05:49:16,637] {dag.py:2306} INFO - Setting next_dagrun for example_branch_operator to 2021-09-27 00:00:00+00:00
[2021-09-29 05:49:16,647] {processor.py:170} INFO - Processing /home/airflow/.local/lib/python3.6/site-packages/airflow/example_dags/example_branch_operator.py took 0.066 seconds
[2021-09-29 05:49:47,058] {processor.py:162} INFO - Started process (PID=792) to work on /home/airflow/.local/lib/python3.6/site-packages/airflow/example_dags/example_branch_operator.py
[2021-09-29 05:49:47,059] {processor.py:613} INFO - Processing file /home/airflow/.local/lib/python3.6/site-packages/airflow/example_dags/example_branch_operator.py for tasks to queue
[2021-09-29 05:49:47,059] {logging_mixin.py:109} INFO - [2021-09-29 05:49:47,059] {dagbag.py:496} INFO - Filling up the DagBag from /home/airflow/.local/lib/python3.6/site-packages/airflow/example_dags/example_branch_operator.py
[2021-09-29 05:49:47,075] {processor.py:623} INFO - DAG(s) dict_keys(['example_branch_operator']) retrieved from /home/airflow/.local/lib/python3.6/site-packages/airflow/example_dags/example_branch_operator.py
[2021-09-29 05:49:47,097] {logging_mixin.py:109} INFO - [2021-09-29 05:49:47,097] {dag.py:1833} INFO - Sync 1 DAGs
[2021-09-29 05:49:47,117] {logging_mixin.py:109} INFO - [2021-09-29 05:49:47,117] {dag.py:2306} INFO - Setting next_dagrun for example_branch_operator to 2021-09-27 00:00:00+00:00
[2021-09-29 05:49:47,128] {processor.py:170} INFO - Processing /home/airflow/.local/lib/python3.6/site-packages/airflow/example_dags/example_branch_operator.py took 0.072 seconds
[2021-09-29 05:53:41,216] {processor.py:162} INFO - Started process (PID=107) to work on /home/airflow/.local/lib/python3.6/site-packages/airflow/example_dags/example_branch_operator.py
[2021-09-29 05:53:41,217] {processor.py:613} INFO - Processing file /home/airflow/.local/lib/python3.6/site-packages/airflow/example_dags/example_branch_operator.py for tasks to queue
[2021-09-29 05:53:41,218] {logging_mixin.py:109} INFO - [2021-09-29 05:53:41,218] {dagbag.py:496} INFO - Filling up the DagBag from /home/airflow/.local/lib/python3.6/site-packages/airflow/example_dags/example_branch_operator.py
[2021-09-29 05:53:41,246] {processor.py:623} INFO - DAG(s) dict_keys(['example_branch_operator']) retrieved from /home/airflow/.local/lib/python3.6/site-packages/airflow/example_dags/example_branch_operator.py
[2021-09-29 05:53:44,426] {logging_mixin.py:109} INFO - [2021-09-29 05:53:44,425] {dag.py:1833} INFO - Sync 1 DAGs
[2021-09-29 05:53:44,467] {logging_mixin.py:109} INFO - [2021-09-29 05:53:44,463] {dag.py:1852} INFO - Creating ORM DAG for example_branch_operator
[2021-09-29 05:53:44,493] {logging_mixin.py:109} INFO - [2021-09-29 05:53:44,493] {dag.py:2306} INFO - Setting next_dagrun for example_branch_operator to 2021-09-27 00:00:00+00:00
[2021-09-29 05:53:44,544] {processor.py:170} INFO - Processing /home/airflow/.local/lib/python3.6/site-packages/airflow/example_dags/example_branch_operator.py took 3.332 seconds
[2021-09-29 05:54:23,239] {processor.py:162} INFO - Started process (PID=389) to work on /home/airflow/.local/lib/python3.6/site-packages/airflow/example_dags/example_branch_operator.py
[2021-09-29 05:54:23,240] {processor.py:613} INFO - Processing file /home/airflow/.local/lib/python3.6/site-packages/airflow/example_dags/example_branch_operator.py for tasks to queue
[2021-09-29 05:54:23,241] {logging_mixin.py:109} INFO - [2021-09-29 05:54:23,241] {dagbag.py:496} INFO - Filling up the DagBag from /home/airflow/.local/lib/python3.6/site-packages/airflow/example_dags/example_branch_operator.py
[2021-09-29 05:54:23,258] {processor.py:623} INFO - DAG(s) dict_keys(['example_branch_operator']) retrieved from /home/airflow/.local/lib/python3.6/site-packages/airflow/example_dags/example_branch_operator.py
[2021-09-29 05:54:23,290] {logging_mixin.py:109} INFO - [2021-09-29 05:54:23,289] {dag.py:1833} INFO - Sync 1 DAGs
[2021-09-29 05:54:23,313] {logging_mixin.py:109} INFO - [2021-09-29 05:54:23,313] {dag.py:2306} INFO - Setting next_dagrun for example_branch_operator to 2021-09-27 00:00:00+00:00
[2021-09-29 05:54:23,324] {processor.py:170} INFO - Processing /home/airflow/.local/lib/python3.6/site-packages/airflow/example_dags/example_branch_operator.py took 0.088 seconds
[2021-09-29 05:54:53,778] {processor.py:162} INFO - Started process (PID=440) to work on /home/airflow/.local/lib/python3.6/site-packages/airflow/example_dags/example_branch_operator.py
[2021-09-29 05:54:53,779] {processor.py:613} INFO - Processing file /home/airflow/.local/lib/python3.6/site-packages/airflow/example_dags/example_branch_operator.py for tasks to queue
[2021-09-29 05:54:53,780] {logging_mixin.py:109} INFO - [2021-09-29 05:54:53,780] {dagbag.py:496} INFO - Filling up the DagBag from /home/airflow/.local/lib/python3.6/site-packages/airflow/example_dags/example_branch_operator.py
[2021-09-29 05:54:53,793] {processor.py:623} INFO - DAG(s) dict_keys(['example_branch_operator']) retrieved from /home/airflow/.local/lib/python3.6/site-packages/airflow/example_dags/example_branch_operator.py
[2021-09-29 05:54:53,816] {logging_mixin.py:109} INFO - [2021-09-29 05:54:53,816] {dag.py:1833} INFO - Sync 1 DAGs
[2021-09-29 05:54:53,832] {logging_mixin.py:109} INFO - [2021-09-29 05:54:53,832] {dag.py:2306} INFO - Setting next_dagrun for example_branch_operator to 2021-09-27 00:00:00+00:00
[2021-09-29 05:54:53,840] {processor.py:170} INFO - Processing /home/airflow/.local/lib/python3.6/site-packages/airflow/example_dags/example_branch_operator.py took 0.064 seconds
[2021-09-29 05:55:24,154] {processor.py:162} INFO - Started process (PID=504) to work on /home/airflow/.local/lib/python3.6/site-packages/airflow/example_dags/example_branch_operator.py
[2021-09-29 05:55:24,155] {processor.py:613} INFO - Processing file /home/airflow/.local/lib/python3.6/site-packages/airflow/example_dags/example_branch_operator.py for tasks to queue
[2021-09-29 05:55:24,155] {logging_mixin.py:109} INFO - [2021-09-29 05:55:24,155] {dagbag.py:496} INFO - Filling up the DagBag from /home/airflow/.local/lib/python3.6/site-packages/airflow/example_dags/example_branch_operator.py
[2021-09-29 05:55:24,169] {processor.py:623} INFO - DAG(s) dict_keys(['example_branch_operator']) retrieved from /home/airflow/.local/lib/python3.6/site-packages/airflow/example_dags/example_branch_operator.py
[2021-09-29 05:55:24,195] {logging_mixin.py:109} INFO - [2021-09-29 05:55:24,195] {dag.py:1833} INFO - Sync 1 DAGs
[2021-09-29 05:55:24,217] {logging_mixin.py:109} INFO - [2021-09-29 05:55:24,217] {dag.py:2306} INFO - Setting next_dagrun for example_branch_operator to 2021-09-27 00:00:00+00:00
[2021-09-29 05:55:24,229] {processor.py:170} INFO - Processing /home/airflow/.local/lib/python3.6/site-packages/airflow/example_dags/example_branch_operator.py took 0.077 seconds
[2021-09-29 05:55:54,524] {processor.py:162} INFO - Started process (PID=556) to work on /home/airflow/.local/lib/python3.6/site-packages/airflow/example_dags/example_branch_operator.py
[2021-09-29 05:55:54,525] {processor.py:613} INFO - Processing file /home/airflow/.local/lib/python3.6/site-packages/airflow/example_dags/example_branch_operator.py for tasks to queue
[2021-09-29 05:55:54,526] {logging_mixin.py:109} INFO - [2021-09-29 05:55:54,525] {dagbag.py:496} INFO - Filling up the DagBag from /home/airflow/.local/lib/python3.6/site-packages/airflow/example_dags/example_branch_operator.py
[2021-09-29 05:55:54,540] {processor.py:623} INFO - DAG(s) dict_keys(['example_branch_operator']) retrieved from /home/airflow/.local/lib/python3.6/site-packages/airflow/example_dags/example_branch_operator.py
[2021-09-29 05:55:54,563] {logging_mixin.py:109} INFO - [2021-09-29 05:55:54,562] {dag.py:1833} INFO - Sync 1 DAGs
[2021-09-29 05:55:54,581] {logging_mixin.py:109} INFO - [2021-09-29 05:55:54,580] {dag.py:2306} INFO - Setting next_dagrun for example_branch_operator to 2021-09-27 00:00:00+00:00
[2021-09-29 05:55:54,589] {processor.py:170} INFO - Processing /home/airflow/.local/lib/python3.6/site-packages/airflow/example_dags/example_branch_operator.py took 0.068 seconds
[2021-09-29 05:56:24,871] {processor.py:162} INFO - Started process (PID=619) to work on /home/airflow/.local/lib/python3.6/site-packages/airflow/example_dags/example_branch_operator.py
[2021-09-29 05:56:24,872] {processor.py:613} INFO - Processing file /home/airflow/.local/lib/python3.6/site-packages/airflow/example_dags/example_branch_operator.py for tasks to queue
[2021-09-29 05:56:24,872] {logging_mixin.py:109} INFO - [2021-09-29 05:56:24,872] {dagbag.py:496} INFO - Filling up the DagBag from /home/airflow/.local/lib/python3.6/site-packages/airflow/example_dags/example_branch_operator.py
[2021-09-29 05:56:24,889] {processor.py:623} INFO - DAG(s) dict_keys(['example_branch_operator']) retrieved from /home/airflow/.local/lib/python3.6/site-packages/airflow/example_dags/example_branch_operator.py
[2021-09-29 05:56:24,908] {logging_mixin.py:109} INFO - [2021-09-29 05:56:24,908] {dag.py:1833} INFO - Sync 1 DAGs
[2021-09-29 05:56:24,926] {logging_mixin.py:109} INFO - [2021-09-29 05:56:24,926] {dag.py:2306} INFO - Setting next_dagrun for example_branch_operator to 2021-09-27 00:00:00+00:00
[2021-09-29 05:56:24,936] {processor.py:170} INFO - Processing /home/airflow/.local/lib/python3.6/site-packages/airflow/example_dags/example_branch_operator.py took 0.067 seconds
[2021-09-29 05:59:46,586] {processor.py:162} INFO - Started process (PID=125) to work on /home/airflow/.local/lib/python3.6/site-packages/airflow/example_dags/example_branch_operator.py
[2021-09-29 05:59:46,588] {processor.py:613} INFO - Processing file /home/airflow/.local/lib/python3.6/site-packages/airflow/example_dags/example_branch_operator.py for tasks to queue
[2021-09-29 05:59:46,589] {logging_mixin.py:109} INFO - [2021-09-29 05:59:46,589] {dagbag.py:496} INFO - Filling up the DagBag from /home/airflow/.local/lib/python3.6/site-packages/airflow/example_dags/example_branch_operator.py
[2021-09-29 05:59:46,628] {processor.py:623} INFO - DAG(s) dict_keys(['example_branch_operator']) retrieved from /home/airflow/.local/lib/python3.6/site-packages/airflow/example_dags/example_branch_operator.py
[2021-09-29 05:59:50,534] {logging_mixin.py:109} INFO - [2021-09-29 05:59:50,533] {dag.py:1833} INFO - Sync 1 DAGs
[2021-09-29 05:59:50,549] {logging_mixin.py:109} INFO - [2021-09-29 05:59:50,547] {dag.py:1852} INFO - Creating ORM DAG for example_branch_operator
[2021-09-29 05:59:50,561] {logging_mixin.py:109} INFO - [2021-09-29 05:59:50,561] {dag.py:2306} INFO - Setting next_dagrun for example_branch_operator to 2021-09-27 00:00:00+00:00
[2021-09-29 05:59:50,575] {processor.py:170} INFO - Processing /home/airflow/.local/lib/python3.6/site-packages/airflow/example_dags/example_branch_operator.py took 3.996 seconds
[2021-09-29 06:00:21,297] {processor.py:162} INFO - Started process (PID=397) to work on /home/airflow/.local/lib/python3.6/site-packages/airflow/example_dags/example_branch_operator.py
[2021-09-29 06:00:21,297] {processor.py:613} INFO - Processing file /home/airflow/.local/lib/python3.6/site-packages/airflow/example_dags/example_branch_operator.py for tasks to queue
[2021-09-29 06:00:21,298] {logging_mixin.py:109} INFO - [2021-09-29 06:00:21,298] {dagbag.py:496} INFO - Filling up the DagBag from /home/airflow/.local/lib/python3.6/site-packages/airflow/example_dags/example_branch_operator.py
[2021-09-29 06:00:21,315] {processor.py:623} INFO - DAG(s) dict_keys(['example_branch_operator']) retrieved from /home/airflow/.local/lib/python3.6/site-packages/airflow/example_dags/example_branch_operator.py
[2021-09-29 06:00:21,342] {logging_mixin.py:109} INFO - [2021-09-29 06:00:21,342] {dag.py:1833} INFO - Sync 1 DAGs
[2021-09-29 06:00:21,368] {logging_mixin.py:109} INFO - [2021-09-29 06:00:21,367] {dag.py:2306} INFO - Setting next_dagrun for example_branch_operator to 2021-09-27 00:00:00+00:00
[2021-09-29 06:00:21,385] {processor.py:170} INFO - Processing /home/airflow/.local/lib/python3.6/site-packages/airflow/example_dags/example_branch_operator.py took 0.092 seconds
[2021-09-29 06:00:51,583] {processor.py:162} INFO - Started process (PID=448) to work on /home/airflow/.local/lib/python3.6/site-packages/airflow/example_dags/example_branch_operator.py
[2021-09-29 06:00:51,583] {processor.py:613} INFO - Processing file /home/airflow/.local/lib/python3.6/site-packages/airflow/example_dags/example_branch_operator.py for tasks to queue
[2021-09-29 06:00:51,584] {logging_mixin.py:109} INFO - [2021-09-29 06:00:51,584] {dagbag.py:496} INFO - Filling up the DagBag from /home/airflow/.local/lib/python3.6/site-packages/airflow/example_dags/example_branch_operator.py
[2021-09-29 06:00:51,595] {processor.py:623} INFO - DAG(s) dict_keys(['example_branch_operator']) retrieved from /home/airflow/.local/lib/python3.6/site-packages/airflow/example_dags/example_branch_operator.py
[2021-09-29 06:00:51,616] {logging_mixin.py:109} INFO - [2021-09-29 06:00:51,616] {dag.py:1833} INFO - Sync 1 DAGs
[2021-09-29 06:00:51,633] {logging_mixin.py:109} INFO - [2021-09-29 06:00:51,633] {dag.py:2306} INFO - Setting next_dagrun for example_branch_operator to 2021-09-27 00:00:00+00:00
[2021-09-29 06:00:51,644] {processor.py:170} INFO - Processing /home/airflow/.local/lib/python3.6/site-packages/airflow/example_dags/example_branch_operator.py took 0.063 seconds
[2021-09-29 06:01:22,398] {processor.py:162} INFO - Started process (PID=512) to work on /home/airflow/.local/lib/python3.6/site-packages/airflow/example_dags/example_branch_operator.py
[2021-09-29 06:01:22,399] {processor.py:613} INFO - Processing file /home/airflow/.local/lib/python3.6/site-packages/airflow/example_dags/example_branch_operator.py for tasks to queue
[2021-09-29 06:01:22,399] {logging_mixin.py:109} INFO - [2021-09-29 06:01:22,399] {dagbag.py:496} INFO - Filling up the DagBag from /home/airflow/.local/lib/python3.6/site-packages/airflow/example_dags/example_branch_operator.py
[2021-09-29 06:01:22,413] {processor.py:623} INFO - DAG(s) dict_keys(['example_branch_operator']) retrieved from /home/airflow/.local/lib/python3.6/site-packages/airflow/example_dags/example_branch_operator.py
[2021-09-29 06:01:22,437] {logging_mixin.py:109} INFO - [2021-09-29 06:01:22,437] {dag.py:1833} INFO - Sync 1 DAGs
[2021-09-29 06:01:22,456] {logging_mixin.py:109} INFO - [2021-09-29 06:01:22,456] {dag.py:2306} INFO - Setting next_dagrun for example_branch_operator to 2021-09-27 00:00:00+00:00
[2021-09-29 06:01:22,469] {processor.py:170} INFO - Processing /home/airflow/.local/lib/python3.6/site-packages/airflow/example_dags/example_branch_operator.py took 0.073 seconds
[2021-09-29 06:01:52,664] {processor.py:162} INFO - Started process (PID=575) to work on /home/airflow/.local/lib/python3.6/site-packages/airflow/example_dags/example_branch_operator.py
[2021-09-29 06:01:52,665] {processor.py:613} INFO - Processing file /home/airflow/.local/lib/python3.6/site-packages/airflow/example_dags/example_branch_operator.py for tasks to queue
[2021-09-29 06:01:52,666] {logging_mixin.py:109} INFO - [2021-09-29 06:01:52,666] {dagbag.py:496} INFO - Filling up the DagBag from /home/airflow/.local/lib/python3.6/site-packages/airflow/example_dags/example_branch_operator.py
[2021-09-29 06:01:52,677] {processor.py:623} INFO - DAG(s) dict_keys(['example_branch_operator']) retrieved from /home/airflow/.local/lib/python3.6/site-packages/airflow/example_dags/example_branch_operator.py
[2021-09-29 06:01:52,698] {logging_mixin.py:109} INFO - [2021-09-29 06:01:52,698] {dag.py:1833} INFO - Sync 1 DAGs
[2021-09-29 06:01:52,719] {logging_mixin.py:109} INFO - [2021-09-29 06:01:52,719] {dag.py:2306} INFO - Setting next_dagrun for example_branch_operator to 2021-09-27 00:00:00+00:00
[2021-09-29 06:01:52,730] {processor.py:170} INFO - Processing /home/airflow/.local/lib/python3.6/site-packages/airflow/example_dags/example_branch_operator.py took 0.068 seconds
[2021-09-29 06:02:23,231] {processor.py:162} INFO - Started process (PID=635) to work on /home/airflow/.local/lib/python3.6/site-packages/airflow/example_dags/example_branch_operator.py
[2021-09-29 06:02:23,232] {processor.py:613} INFO - Processing file /home/airflow/.local/lib/python3.6/site-packages/airflow/example_dags/example_branch_operator.py for tasks to queue
[2021-09-29 06:02:23,237] {logging_mixin.py:109} INFO - [2021-09-29 06:02:23,237] {dagbag.py:496} INFO - Filling up the DagBag from /home/airflow/.local/lib/python3.6/site-packages/airflow/example_dags/example_branch_operator.py
[2021-09-29 06:02:23,284] {processor.py:623} INFO - DAG(s) dict_keys(['example_branch_operator']) retrieved from /home/airflow/.local/lib/python3.6/site-packages/airflow/example_dags/example_branch_operator.py
[2021-09-29 06:02:23,310] {logging_mixin.py:109} INFO - [2021-09-29 06:02:23,310] {dag.py:1833} INFO - Sync 1 DAGs
[2021-09-29 06:02:23,333] {logging_mixin.py:109} INFO - [2021-09-29 06:02:23,333] {dag.py:2306} INFO - Setting next_dagrun for example_branch_operator to 2021-09-27 00:00:00+00:00
[2021-09-29 06:02:23,343] {processor.py:170} INFO - Processing /home/airflow/.local/lib/python3.6/site-packages/airflow/example_dags/example_branch_operator.py took 0.125 seconds
[2021-09-29 06:02:53,559] {processor.py:162} INFO - Started process (PID=697) to work on /home/airflow/.local/lib/python3.6/site-packages/airflow/example_dags/example_branch_operator.py
[2021-09-29 06:02:53,560] {processor.py:613} INFO - Processing file /home/airflow/.local/lib/python3.6/site-packages/airflow/example_dags/example_branch_operator.py for tasks to queue
[2021-09-29 06:02:53,560] {logging_mixin.py:109} INFO - [2021-09-29 06:02:53,560] {dagbag.py:496} INFO - Filling up the DagBag from /home/airflow/.local/lib/python3.6/site-packages/airflow/example_dags/example_branch_operator.py
[2021-09-29 06:02:53,578] {processor.py:623} INFO - DAG(s) dict_keys(['example_branch_operator']) retrieved from /home/airflow/.local/lib/python3.6/site-packages/airflow/example_dags/example_branch_operator.py
[2021-09-29 06:02:53,601] {logging_mixin.py:109} INFO - [2021-09-29 06:02:53,601] {dag.py:1833} INFO - Sync 1 DAGs
[2021-09-29 06:02:53,619] {logging_mixin.py:109} INFO - [2021-09-29 06:02:53,619] {dag.py:2306} INFO - Setting next_dagrun for example_branch_operator to 2021-09-27 00:00:00+00:00
[2021-09-29 06:02:53,630] {processor.py:170} INFO - Processing /home/airflow/.local/lib/python3.6/site-packages/airflow/example_dags/example_branch_operator.py took 0.073 seconds
[2021-09-29 06:03:24,005] {processor.py:162} INFO - Started process (PID=749) to work on /home/airflow/.local/lib/python3.6/site-packages/airflow/example_dags/example_branch_operator.py
[2021-09-29 06:03:24,006] {processor.py:613} INFO - Processing file /home/airflow/.local/lib/python3.6/site-packages/airflow/example_dags/example_branch_operator.py for tasks to queue
[2021-09-29 06:03:24,007] {logging_mixin.py:109} INFO - [2021-09-29 06:03:24,007] {dagbag.py:496} INFO - Filling up the DagBag from /home/airflow/.local/lib/python3.6/site-packages/airflow/example_dags/example_branch_operator.py
[2021-09-29 06:03:24,031] {processor.py:623} INFO - DAG(s) dict_keys(['example_branch_operator']) retrieved from /home/airflow/.local/lib/python3.6/site-packages/airflow/example_dags/example_branch_operator.py
[2021-09-29 06:03:24,059] {logging_mixin.py:109} INFO - [2021-09-29 06:03:24,059] {dag.py:1833} INFO - Sync 1 DAGs
[2021-09-29 06:03:24,084] {logging_mixin.py:109} INFO - [2021-09-29 06:03:24,084] {dag.py:2306} INFO - Setting next_dagrun for example_branch_operator to 2021-09-27 00:00:00+00:00
[2021-09-29 06:03:24,099] {processor.py:170} INFO - Processing /home/airflow/.local/lib/python3.6/site-packages/airflow/example_dags/example_branch_operator.py took 0.097 seconds
[2021-09-29 06:03:54,415] {processor.py:162} INFO - Started process (PID=813) to work on /home/airflow/.local/lib/python3.6/site-packages/airflow/example_dags/example_branch_operator.py
[2021-09-29 06:03:54,416] {processor.py:613} INFO - Processing file /home/airflow/.local/lib/python3.6/site-packages/airflow/example_dags/example_branch_operator.py for tasks to queue
[2021-09-29 06:03:54,416] {logging_mixin.py:109} INFO - [2021-09-29 06:03:54,416] {dagbag.py:496} INFO - Filling up the DagBag from /home/airflow/.local/lib/python3.6/site-packages/airflow/example_dags/example_branch_operator.py
[2021-09-29 06:03:54,431] {processor.py:623} INFO - DAG(s) dict_keys(['example_branch_operator']) retrieved from /home/airflow/.local/lib/python3.6/site-packages/airflow/example_dags/example_branch_operator.py
[2021-09-29 06:03:54,451] {logging_mixin.py:109} INFO - [2021-09-29 06:03:54,451] {dag.py:1833} INFO - Sync 1 DAGs
[2021-09-29 06:03:54,468] {logging_mixin.py:109} INFO - [2021-09-29 06:03:54,468] {dag.py:2306} INFO - Setting next_dagrun for example_branch_operator to 2021-09-27 00:00:00+00:00
[2021-09-29 06:03:54,477] {processor.py:170} INFO - Processing /home/airflow/.local/lib/python3.6/site-packages/airflow/example_dags/example_branch_operator.py took 0.064 seconds
[2021-09-29 06:04:24,882] {processor.py:162} INFO - Started process (PID=865) to work on /home/airflow/.local/lib/python3.6/site-packages/airflow/example_dags/example_branch_operator.py
[2021-09-29 06:04:24,882] {processor.py:613} INFO - Processing file /home/airflow/.local/lib/python3.6/site-packages/airflow/example_dags/example_branch_operator.py for tasks to queue
[2021-09-29 06:04:24,883] {logging_mixin.py:109} INFO - [2021-09-29 06:04:24,883] {dagbag.py:496} INFO - Filling up the DagBag from /home/airflow/.local/lib/python3.6/site-packages/airflow/example_dags/example_branch_operator.py
[2021-09-29 06:04:24,897] {processor.py:623} INFO - DAG(s) dict_keys(['example_branch_operator']) retrieved from /home/airflow/.local/lib/python3.6/site-packages/airflow/example_dags/example_branch_operator.py
[2021-09-29 06:04:24,917] {logging_mixin.py:109} INFO - [2021-09-29 06:04:24,917] {dag.py:1833} INFO - Sync 1 DAGs
[2021-09-29 06:04:24,939] {logging_mixin.py:109} INFO - [2021-09-29 06:04:24,939] {dag.py:2306} INFO - Setting next_dagrun for example_branch_operator to 2021-09-27 00:00:00+00:00
[2021-09-29 06:04:24,950] {processor.py:170} INFO - Processing /home/airflow/.local/lib/python3.6/site-packages/airflow/example_dags/example_branch_operator.py took 0.071 seconds
[2021-09-29 06:04:55,451] {processor.py:162} INFO - Started process (PID=927) to work on /home/airflow/.local/lib/python3.6/site-packages/airflow/example_dags/example_branch_operator.py
[2021-09-29 06:04:55,452] {processor.py:613} INFO - Processing file /home/airflow/.local/lib/python3.6/site-packages/airflow/example_dags/example_branch_operator.py for tasks to queue
[2021-09-29 06:04:55,452] {logging_mixin.py:109} INFO - [2021-09-29 06:04:55,452] {dagbag.py:496} INFO - Filling up the DagBag from /home/airflow/.local/lib/python3.6/site-packages/airflow/example_dags/example_branch_operator.py
[2021-09-29 06:04:55,473] {processor.py:623} INFO - DAG(s) dict_keys(['example_branch_operator']) retrieved from /home/airflow/.local/lib/python3.6/site-packages/airflow/example_dags/example_branch_operator.py
[2021-09-29 06:04:55,496] {logging_mixin.py:109} INFO - [2021-09-29 06:04:55,496] {dag.py:1833} INFO - Sync 1 DAGs
[2021-09-29 06:04:55,516] {logging_mixin.py:109} INFO - [2021-09-29 06:04:55,516] {dag.py:2306} INFO - Setting next_dagrun for example_branch_operator to 2021-09-27 00:00:00+00:00
[2021-09-29 06:04:55,528] {processor.py:170} INFO - Processing /home/airflow/.local/lib/python3.6/site-packages/airflow/example_dags/example_branch_operator.py took 0.080 seconds
[2021-09-29 06:05:26,095] {processor.py:162} INFO - Started process (PID=990) to work on /home/airflow/.local/lib/python3.6/site-packages/airflow/example_dags/example_branch_operator.py
[2021-09-29 06:05:26,097] {processor.py:613} INFO - Processing file /home/airflow/.local/lib/python3.6/site-packages/airflow/example_dags/example_branch_operator.py for tasks to queue
[2021-09-29 06:05:26,098] {logging_mixin.py:109} INFO - [2021-09-29 06:05:26,098] {dagbag.py:496} INFO - Filling up the DagBag from /home/airflow/.local/lib/python3.6/site-packages/airflow/example_dags/example_branch_operator.py
[2021-09-29 06:05:26,121] {processor.py:623} INFO - DAG(s) dict_keys(['example_branch_operator']) retrieved from /home/airflow/.local/lib/python3.6/site-packages/airflow/example_dags/example_branch_operator.py
[2021-09-29 06:05:26,152] {logging_mixin.py:109} INFO - [2021-09-29 06:05:26,152] {dag.py:1833} INFO - Sync 1 DAGs
[2021-09-29 06:05:26,176] {logging_mixin.py:109} INFO - [2021-09-29 06:05:26,176] {dag.py:2306} INFO - Setting next_dagrun for example_branch_operator to 2021-09-27 00:00:00+00:00
[2021-09-29 06:05:26,188] {processor.py:170} INFO - Processing /home/airflow/.local/lib/python3.6/site-packages/airflow/example_dags/example_branch_operator.py took 0.097 seconds
[2021-09-29 06:05:56,583] {processor.py:162} INFO - Started process (PID=1044) to work on /home/airflow/.local/lib/python3.6/site-packages/airflow/example_dags/example_branch_operator.py
[2021-09-29 06:05:56,584] {processor.py:613} INFO - Processing file /home/airflow/.local/lib/python3.6/site-packages/airflow/example_dags/example_branch_operator.py for tasks to queue
[2021-09-29 06:05:56,584] {logging_mixin.py:109} INFO - [2021-09-29 06:05:56,584] {dagbag.py:496} INFO - Filling up the DagBag from /home/airflow/.local/lib/python3.6/site-packages/airflow/example_dags/example_branch_operator.py
[2021-09-29 06:05:56,600] {processor.py:623} INFO - DAG(s) dict_keys(['example_branch_operator']) retrieved from /home/airflow/.local/lib/python3.6/site-packages/airflow/example_dags/example_branch_operator.py
[2021-09-29 06:05:56,622] {logging_mixin.py:109} INFO - [2021-09-29 06:05:56,622] {dag.py:1833} INFO - Sync 1 DAGs
[2021-09-29 06:05:56,644] {logging_mixin.py:109} INFO - [2021-09-29 06:05:56,643] {dag.py:2306} INFO - Setting next_dagrun for example_branch_operator to 2021-09-27 00:00:00+00:00
[2021-09-29 06:05:56,654] {processor.py:170} INFO - Processing /home/airflow/.local/lib/python3.6/site-packages/airflow/example_dags/example_branch_operator.py took 0.073 seconds
[2021-09-29 06:06:27,087] {processor.py:162} INFO - Started process (PID=1108) to work on /home/airflow/.local/lib/python3.6/site-packages/airflow/example_dags/example_branch_operator.py
[2021-09-29 06:06:27,090] {processor.py:613} INFO - Processing file /home/airflow/.local/lib/python3.6/site-packages/airflow/example_dags/example_branch_operator.py for tasks to queue
[2021-09-29 06:06:27,090] {logging_mixin.py:109} INFO - [2021-09-29 06:06:27,090] {dagbag.py:496} INFO - Filling up the DagBag from /home/airflow/.local/lib/python3.6/site-packages/airflow/example_dags/example_branch_operator.py
[2021-09-29 06:06:27,103] {processor.py:623} INFO - DAG(s) dict_keys(['example_branch_operator']) retrieved from /home/airflow/.local/lib/python3.6/site-packages/airflow/example_dags/example_branch_operator.py
[2021-09-29 06:06:27,121] {logging_mixin.py:109} INFO - [2021-09-29 06:06:27,121] {dag.py:1833} INFO - Sync 1 DAGs
[2021-09-29 06:06:27,137] {logging_mixin.py:109} INFO - [2021-09-29 06:06:27,137] {dag.py:2306} INFO - Setting next_dagrun for example_branch_operator to 2021-09-27 00:00:00+00:00
[2021-09-29 06:06:27,149] {processor.py:170} INFO - Processing /home/airflow/.local/lib/python3.6/site-packages/airflow/example_dags/example_branch_operator.py took 0.065 seconds
[2021-09-29 06:06:57,497] {processor.py:162} INFO - Started process (PID=1160) to work on /home/airflow/.local/lib/python3.6/site-packages/airflow/example_dags/example_branch_operator.py
[2021-09-29 06:06:57,498] {processor.py:613} INFO - Processing file /home/airflow/.local/lib/python3.6/site-packages/airflow/example_dags/example_branch_operator.py for tasks to queue
[2021-09-29 06:06:57,499] {logging_mixin.py:109} INFO - [2021-09-29 06:06:57,498] {dagbag.py:496} INFO - Filling up the DagBag from /home/airflow/.local/lib/python3.6/site-packages/airflow/example_dags/example_branch_operator.py
[2021-09-29 06:06:57,510] {processor.py:623} INFO - DAG(s) dict_keys(['example_branch_operator']) retrieved from /home/airflow/.local/lib/python3.6/site-packages/airflow/example_dags/example_branch_operator.py
[2021-09-29 06:06:57,528] {logging_mixin.py:109} INFO - [2021-09-29 06:06:57,528] {dag.py:1833} INFO - Sync 1 DAGs
[2021-09-29 06:06:57,543] {logging_mixin.py:109} INFO - [2021-09-29 06:06:57,543] {dag.py:2306} INFO - Setting next_dagrun for example_branch_operator to 2021-09-27 00:00:00+00:00
[2021-09-29 06:06:57,553] {processor.py:170} INFO - Processing /home/airflow/.local/lib/python3.6/site-packages/airflow/example_dags/example_branch_operator.py took 0.057 seconds
[2021-09-29 06:07:27,743] {processor.py:162} INFO - Started process (PID=1222) to work on /home/airflow/.local/lib/python3.6/site-packages/airflow/example_dags/example_branch_operator.py
[2021-09-29 06:07:27,744] {processor.py:613} INFO - Processing file /home/airflow/.local/lib/python3.6/site-packages/airflow/example_dags/example_branch_operator.py for tasks to queue
[2021-09-29 06:07:27,745] {logging_mixin.py:109} INFO - [2021-09-29 06:07:27,744] {dagbag.py:496} INFO - Filling up the DagBag from /home/airflow/.local/lib/python3.6/site-packages/airflow/example_dags/example_branch_operator.py
[2021-09-29 06:07:27,761] {processor.py:623} INFO - DAG(s) dict_keys(['example_branch_operator']) retrieved from /home/airflow/.local/lib/python3.6/site-packages/airflow/example_dags/example_branch_operator.py
[2021-09-29 06:07:27,784] {logging_mixin.py:109} INFO - [2021-09-29 06:07:27,784] {dag.py:1833} INFO - Sync 1 DAGs
[2021-09-29 06:07:27,801] {logging_mixin.py:109} INFO - [2021-09-29 06:07:27,801] {dag.py:2306} INFO - Setting next_dagrun for example_branch_operator to 2021-09-27 00:00:00+00:00
[2021-09-29 06:07:27,809] {processor.py:170} INFO - Processing /home/airflow/.local/lib/python3.6/site-packages/airflow/example_dags/example_branch_operator.py took 0.070 seconds
[2021-09-29 06:07:57,842] {processor.py:162} INFO - Started process (PID=1275) to work on /home/airflow/.local/lib/python3.6/site-packages/airflow/example_dags/example_branch_operator.py
[2021-09-29 06:07:57,842] {processor.py:613} INFO - Processing file /home/airflow/.local/lib/python3.6/site-packages/airflow/example_dags/example_branch_operator.py for tasks to queue
[2021-09-29 06:07:57,843] {logging_mixin.py:109} INFO - [2021-09-29 06:07:57,843] {dagbag.py:496} INFO - Filling up the DagBag from /home/airflow/.local/lib/python3.6/site-packages/airflow/example_dags/example_branch_operator.py
[2021-09-29 06:07:57,854] {processor.py:623} INFO - DAG(s) dict_keys(['example_branch_operator']) retrieved from /home/airflow/.local/lib/python3.6/site-packages/airflow/example_dags/example_branch_operator.py
[2021-09-29 06:07:57,872] {logging_mixin.py:109} INFO - [2021-09-29 06:07:57,872] {dag.py:1833} INFO - Sync 1 DAGs
[2021-09-29 06:07:57,888] {logging_mixin.py:109} INFO - [2021-09-29 06:07:57,888] {dag.py:2306} INFO - Setting next_dagrun for example_branch_operator to 2021-09-27 00:00:00+00:00
[2021-09-29 06:07:57,898] {processor.py:170} INFO - Processing /home/airflow/.local/lib/python3.6/site-packages/airflow/example_dags/example_branch_operator.py took 0.058 seconds
[2021-09-29 06:08:28,229] {processor.py:162} INFO - Started process (PID=1339) to work on /home/airflow/.local/lib/python3.6/site-packages/airflow/example_dags/example_branch_operator.py
[2021-09-29 06:08:28,230] {processor.py:613} INFO - Processing file /home/airflow/.local/lib/python3.6/site-packages/airflow/example_dags/example_branch_operator.py for tasks to queue
[2021-09-29 06:08:28,232] {logging_mixin.py:109} INFO - [2021-09-29 06:08:28,231] {dagbag.py:496} INFO - Filling up the DagBag from /home/airflow/.local/lib/python3.6/site-packages/airflow/example_dags/example_branch_operator.py
[2021-09-29 06:08:28,250] {processor.py:623} INFO - DAG(s) dict_keys(['example_branch_operator']) retrieved from /home/airflow/.local/lib/python3.6/site-packages/airflow/example_dags/example_branch_operator.py
[2021-09-29 06:08:28,274] {logging_mixin.py:109} INFO - [2021-09-29 06:08:28,274] {dag.py:1833} INFO - Sync 1 DAGs
[2021-09-29 06:08:28,292] {logging_mixin.py:109} INFO - [2021-09-29 06:08:28,292] {dag.py:2306} INFO - Setting next_dagrun for example_branch_operator to 2021-09-27 00:00:00+00:00
[2021-09-29 06:08:28,304] {processor.py:170} INFO - Processing /home/airflow/.local/lib/python3.6/site-packages/airflow/example_dags/example_branch_operator.py took 0.078 seconds
[2021-09-29 06:08:58,647] {processor.py:162} INFO - Started process (PID=1401) to work on /home/airflow/.local/lib/python3.6/site-packages/airflow/example_dags/example_branch_operator.py
[2021-09-29 06:08:58,647] {processor.py:613} INFO - Processing file /home/airflow/.local/lib/python3.6/site-packages/airflow/example_dags/example_branch_operator.py for tasks to queue
[2021-09-29 06:08:58,648] {logging_mixin.py:109} INFO - [2021-09-29 06:08:58,648] {dagbag.py:496} INFO - Filling up the DagBag from /home/airflow/.local/lib/python3.6/site-packages/airflow/example_dags/example_branch_operator.py
[2021-09-29 06:08:58,659] {processor.py:623} INFO - DAG(s) dict_keys(['example_branch_operator']) retrieved from /home/airflow/.local/lib/python3.6/site-packages/airflow/example_dags/example_branch_operator.py
[2021-09-29 06:08:58,679] {logging_mixin.py:109} INFO - [2021-09-29 06:08:58,679] {dag.py:1833} INFO - Sync 1 DAGs
[2021-09-29 06:08:58,695] {logging_mixin.py:109} INFO - [2021-09-29 06:08:58,695] {dag.py:2306} INFO - Setting next_dagrun for example_branch_operator to 2021-09-27 00:00:00+00:00
[2021-09-29 06:08:58,705] {processor.py:170} INFO - Processing /home/airflow/.local/lib/python3.6/site-packages/airflow/example_dags/example_branch_operator.py took 0.060 seconds
[2021-09-29 06:09:29,073] {processor.py:162} INFO - Started process (PID=1454) to work on /home/airflow/.local/lib/python3.6/site-packages/airflow/example_dags/example_branch_operator.py
[2021-09-29 06:09:29,074] {processor.py:613} INFO - Processing file /home/airflow/.local/lib/python3.6/site-packages/airflow/example_dags/example_branch_operator.py for tasks to queue
[2021-09-29 06:09:29,074] {logging_mixin.py:109} INFO - [2021-09-29 06:09:29,074] {dagbag.py:496} INFO - Filling up the DagBag from /home/airflow/.local/lib/python3.6/site-packages/airflow/example_dags/example_branch_operator.py
[2021-09-29 06:09:29,086] {processor.py:623} INFO - DAG(s) dict_keys(['example_branch_operator']) retrieved from /home/airflow/.local/lib/python3.6/site-packages/airflow/example_dags/example_branch_operator.py
[2021-09-29 06:09:29,105] {logging_mixin.py:109} INFO - [2021-09-29 06:09:29,105] {dag.py:1833} INFO - Sync 1 DAGs
[2021-09-29 06:09:29,122] {logging_mixin.py:109} INFO - [2021-09-29 06:09:29,122] {dag.py:2306} INFO - Setting next_dagrun for example_branch_operator to 2021-09-27 00:00:00+00:00
[2021-09-29 06:09:29,135] {processor.py:170} INFO - Processing /home/airflow/.local/lib/python3.6/site-packages/airflow/example_dags/example_branch_operator.py took 0.065 seconds
[2021-09-29 06:09:59,205] {processor.py:162} INFO - Started process (PID=1517) to work on /home/airflow/.local/lib/python3.6/site-packages/airflow/example_dags/example_branch_operator.py
[2021-09-29 06:09:59,206] {processor.py:613} INFO - Processing file /home/airflow/.local/lib/python3.6/site-packages/airflow/example_dags/example_branch_operator.py for tasks to queue
[2021-09-29 06:09:59,206] {logging_mixin.py:109} INFO - [2021-09-29 06:09:59,206] {dagbag.py:496} INFO - Filling up the DagBag from /home/airflow/.local/lib/python3.6/site-packages/airflow/example_dags/example_branch_operator.py
[2021-09-29 06:09:59,218] {processor.py:623} INFO - DAG(s) dict_keys(['example_branch_operator']) retrieved from /home/airflow/.local/lib/python3.6/site-packages/airflow/example_dags/example_branch_operator.py
[2021-09-29 06:09:59,236] {logging_mixin.py:109} INFO - [2021-09-29 06:09:59,236] {dag.py:1833} INFO - Sync 1 DAGs
[2021-09-29 06:09:59,251] {logging_mixin.py:109} INFO - [2021-09-29 06:09:59,251] {dag.py:2306} INFO - Setting next_dagrun for example_branch_operator to 2021-09-27 00:00:00+00:00
[2021-09-29 06:09:59,260] {processor.py:170} INFO - Processing /home/airflow/.local/lib/python3.6/site-packages/airflow/example_dags/example_branch_operator.py took 0.057 seconds
[2021-09-29 06:10:29,601] {processor.py:162} INFO - Started process (PID=1569) to work on /home/airflow/.local/lib/python3.6/site-packages/airflow/example_dags/example_branch_operator.py
[2021-09-29 06:10:29,602] {processor.py:613} INFO - Processing file /home/airflow/.local/lib/python3.6/site-packages/airflow/example_dags/example_branch_operator.py for tasks to queue
[2021-09-29 06:10:29,603] {logging_mixin.py:109} INFO - [2021-09-29 06:10:29,603] {dagbag.py:496} INFO - Filling up the DagBag from /home/airflow/.local/lib/python3.6/site-packages/airflow/example_dags/example_branch_operator.py
[2021-09-29 06:10:29,615] {processor.py:623} INFO - DAG(s) dict_keys(['example_branch_operator']) retrieved from /home/airflow/.local/lib/python3.6/site-packages/airflow/example_dags/example_branch_operator.py
[2021-09-29 06:10:29,641] {logging_mixin.py:109} INFO - [2021-09-29 06:10:29,641] {dag.py:1833} INFO - Sync 1 DAGs
[2021-09-29 06:10:29,675] {logging_mixin.py:109} INFO - [2021-09-29 06:10:29,674] {dag.py:2306} INFO - Setting next_dagrun for example_branch_operator to 2021-09-27 00:00:00+00:00
[2021-09-29 06:10:29,694] {processor.py:170} INFO - Processing /home/airflow/.local/lib/python3.6/site-packages/airflow/example_dags/example_branch_operator.py took 0.095 seconds
[2021-09-29 06:10:59,929] {processor.py:162} INFO - Started process (PID=1632) to work on /home/airflow/.local/lib/python3.6/site-packages/airflow/example_dags/example_branch_operator.py
[2021-09-29 06:10:59,930] {processor.py:613} INFO - Processing file /home/airflow/.local/lib/python3.6/site-packages/airflow/example_dags/example_branch_operator.py for tasks to queue
[2021-09-29 06:10:59,930] {logging_mixin.py:109} INFO - [2021-09-29 06:10:59,930] {dagbag.py:496} INFO - Filling up the DagBag from /home/airflow/.local/lib/python3.6/site-packages/airflow/example_dags/example_branch_operator.py
[2021-09-29 06:10:59,942] {processor.py:623} INFO - DAG(s) dict_keys(['example_branch_operator']) retrieved from /home/airflow/.local/lib/python3.6/site-packages/airflow/example_dags/example_branch_operator.py
[2021-09-29 06:10:59,962] {logging_mixin.py:109} INFO - [2021-09-29 06:10:59,962] {dag.py:1833} INFO - Sync 1 DAGs
[2021-09-29 06:10:59,977] {logging_mixin.py:109} INFO - [2021-09-29 06:10:59,977] {dag.py:2306} INFO - Setting next_dagrun for example_branch_operator to 2021-09-27 00:00:00+00:00
[2021-09-29 06:10:59,988] {processor.py:170} INFO - Processing /home/airflow/.local/lib/python3.6/site-packages/airflow/example_dags/example_branch_operator.py took 0.061 seconds
[2021-09-29 06:11:30,341] {processor.py:162} INFO - Started process (PID=1695) to work on /home/airflow/.local/lib/python3.6/site-packages/airflow/example_dags/example_branch_operator.py
[2021-09-29 06:11:30,342] {processor.py:613} INFO - Processing file /home/airflow/.local/lib/python3.6/site-packages/airflow/example_dags/example_branch_operator.py for tasks to queue
[2021-09-29 06:11:30,343] {logging_mixin.py:109} INFO - [2021-09-29 06:11:30,342] {dagbag.py:496} INFO - Filling up the DagBag from /home/airflow/.local/lib/python3.6/site-packages/airflow/example_dags/example_branch_operator.py
[2021-09-29 06:11:30,361] {processor.py:623} INFO - DAG(s) dict_keys(['example_branch_operator']) retrieved from /home/airflow/.local/lib/python3.6/site-packages/airflow/example_dags/example_branch_operator.py
[2021-09-29 06:11:30,394] {logging_mixin.py:109} INFO - [2021-09-29 06:11:30,394] {dag.py:1833} INFO - Sync 1 DAGs
[2021-09-29 06:11:30,417] {logging_mixin.py:109} INFO - [2021-09-29 06:11:30,417] {dag.py:2306} INFO - Setting next_dagrun for example_branch_operator to 2021-09-27 00:00:00+00:00
[2021-09-29 06:11:30,429] {processor.py:170} INFO - Processing /home/airflow/.local/lib/python3.6/site-packages/airflow/example_dags/example_branch_operator.py took 0.091 seconds
[2021-09-29 06:12:00,556] {processor.py:162} INFO - Started process (PID=1747) to work on /home/airflow/.local/lib/python3.6/site-packages/airflow/example_dags/example_branch_operator.py
[2021-09-29 06:12:00,558] {processor.py:613} INFO - Processing file /home/airflow/.local/lib/python3.6/site-packages/airflow/example_dags/example_branch_operator.py for tasks to queue
[2021-09-29 06:12:00,558] {logging_mixin.py:109} INFO - [2021-09-29 06:12:00,558] {dagbag.py:496} INFO - Filling up the DagBag from /home/airflow/.local/lib/python3.6/site-packages/airflow/example_dags/example_branch_operator.py
[2021-09-29 06:12:00,571] {processor.py:623} INFO - DAG(s) dict_keys(['example_branch_operator']) retrieved from /home/airflow/.local/lib/python3.6/site-packages/airflow/example_dags/example_branch_operator.py
[2021-09-29 06:12:00,590] {logging_mixin.py:109} INFO - [2021-09-29 06:12:00,590] {dag.py:1833} INFO - Sync 1 DAGs
[2021-09-29 06:12:00,610] {logging_mixin.py:109} INFO - [2021-09-29 06:12:00,610] {dag.py:2306} INFO - Setting next_dagrun for example_branch_operator to 2021-09-27 00:00:00+00:00
[2021-09-29 06:12:00,622] {processor.py:170} INFO - Processing /home/airflow/.local/lib/python3.6/site-packages/airflow/example_dags/example_branch_operator.py took 0.068 seconds
[2021-09-29 06:12:30,778] {processor.py:162} INFO - Started process (PID=1810) to work on /home/airflow/.local/lib/python3.6/site-packages/airflow/example_dags/example_branch_operator.py
[2021-09-29 06:12:30,779] {processor.py:613} INFO - Processing file /home/airflow/.local/lib/python3.6/site-packages/airflow/example_dags/example_branch_operator.py for tasks to queue
[2021-09-29 06:12:30,779] {logging_mixin.py:109} INFO - [2021-09-29 06:12:30,779] {dagbag.py:496} INFO - Filling up the DagBag from /home/airflow/.local/lib/python3.6/site-packages/airflow/example_dags/example_branch_operator.py
[2021-09-29 06:12:30,791] {processor.py:623} INFO - DAG(s) dict_keys(['example_branch_operator']) retrieved from /home/airflow/.local/lib/python3.6/site-packages/airflow/example_dags/example_branch_operator.py
[2021-09-29 06:12:30,813] {logging_mixin.py:109} INFO - [2021-09-29 06:12:30,813] {dag.py:1833} INFO - Sync 1 DAGs
[2021-09-29 06:12:30,830] {logging_mixin.py:109} INFO - [2021-09-29 06:12:30,829] {dag.py:2306} INFO - Setting next_dagrun for example_branch_operator to 2021-09-27 00:00:00+00:00
[2021-09-29 06:12:30,840] {processor.py:170} INFO - Processing /home/airflow/.local/lib/python3.6/site-packages/airflow/example_dags/example_branch_operator.py took 0.064 seconds
