[2021-09-29 05:46:11,213] {processor.py:162} INFO - Started process (PID=359) to work on /home/airflow/.local/lib/python3.6/site-packages/airflow/example_dags/tutorial_taskflow_api_etl.py
[2021-09-29 05:46:11,215] {processor.py:613} INFO - Processing file /home/airflow/.local/lib/python3.6/site-packages/airflow/example_dags/tutorial_taskflow_api_etl.py for tasks to queue
[2021-09-29 05:46:11,215] {logging_mixin.py:109} INFO - [2021-09-29 05:46:11,215] {dagbag.py:496} INFO - Filling up the DagBag from /home/airflow/.local/lib/python3.6/site-packages/airflow/example_dags/tutorial_taskflow_api_etl.py
[2021-09-29 05:46:11,240] {processor.py:623} INFO - DAG(s) dict_keys(['tutorial_taskflow_api_etl']) retrieved from /home/airflow/.local/lib/python3.6/site-packages/airflow/example_dags/tutorial_taskflow_api_etl.py
[2021-09-29 05:46:13,632] {logging_mixin.py:109} INFO - [2021-09-29 05:46:13,631] {dag.py:1833} INFO - Sync 1 DAGs
[2021-09-29 05:46:13,643] {logging_mixin.py:109} INFO - [2021-09-29 05:46:13,642] {dag.py:1852} INFO - Creating ORM DAG for tutorial_taskflow_api_etl
[2021-09-29 05:46:13,649] {logging_mixin.py:109} INFO - [2021-09-29 05:46:13,649] {dag.py:2306} INFO - Setting next_dagrun for tutorial_taskflow_api_etl to None
[2021-09-29 05:46:13,664] {processor.py:170} INFO - Processing /home/airflow/.local/lib/python3.6/site-packages/airflow/example_dags/tutorial_taskflow_api_etl.py took 2.454 seconds
[2021-09-29 05:46:44,496] {processor.py:162} INFO - Started process (PID=435) to work on /home/airflow/.local/lib/python3.6/site-packages/airflow/example_dags/tutorial_taskflow_api_etl.py
[2021-09-29 05:46:44,497] {processor.py:613} INFO - Processing file /home/airflow/.local/lib/python3.6/site-packages/airflow/example_dags/tutorial_taskflow_api_etl.py for tasks to queue
[2021-09-29 05:46:44,497] {logging_mixin.py:109} INFO - [2021-09-29 05:46:44,497] {dagbag.py:496} INFO - Filling up the DagBag from /home/airflow/.local/lib/python3.6/site-packages/airflow/example_dags/tutorial_taskflow_api_etl.py
[2021-09-29 05:46:44,515] {processor.py:623} INFO - DAG(s) dict_keys(['tutorial_taskflow_api_etl']) retrieved from /home/airflow/.local/lib/python3.6/site-packages/airflow/example_dags/tutorial_taskflow_api_etl.py
[2021-09-29 05:46:44,788] {logging_mixin.py:109} INFO - [2021-09-29 05:46:44,788] {dag.py:1833} INFO - Sync 1 DAGs
[2021-09-29 05:46:44,801] {logging_mixin.py:109} INFO - [2021-09-29 05:46:44,800] {dag.py:2306} INFO - Setting next_dagrun for tutorial_taskflow_api_etl to None
[2021-09-29 05:46:44,811] {processor.py:170} INFO - Processing /home/airflow/.local/lib/python3.6/site-packages/airflow/example_dags/tutorial_taskflow_api_etl.py took 0.318 seconds
[2021-09-29 05:47:15,250] {processor.py:162} INFO - Started process (PID=500) to work on /home/airflow/.local/lib/python3.6/site-packages/airflow/example_dags/tutorial_taskflow_api_etl.py
[2021-09-29 05:47:15,251] {processor.py:613} INFO - Processing file /home/airflow/.local/lib/python3.6/site-packages/airflow/example_dags/tutorial_taskflow_api_etl.py for tasks to queue
[2021-09-29 05:47:15,251] {logging_mixin.py:109} INFO - [2021-09-29 05:47:15,251] {dagbag.py:496} INFO - Filling up the DagBag from /home/airflow/.local/lib/python3.6/site-packages/airflow/example_dags/tutorial_taskflow_api_etl.py
[2021-09-29 05:47:15,267] {processor.py:623} INFO - DAG(s) dict_keys(['tutorial_taskflow_api_etl']) retrieved from /home/airflow/.local/lib/python3.6/site-packages/airflow/example_dags/tutorial_taskflow_api_etl.py
[2021-09-29 05:47:15,467] {logging_mixin.py:109} INFO - [2021-09-29 05:47:15,467] {dag.py:1833} INFO - Sync 1 DAGs
[2021-09-29 05:47:15,483] {logging_mixin.py:109} INFO - [2021-09-29 05:47:15,483] {dag.py:2306} INFO - Setting next_dagrun for tutorial_taskflow_api_etl to None
[2021-09-29 05:47:15,493] {processor.py:170} INFO - Processing /home/airflow/.local/lib/python3.6/site-packages/airflow/example_dags/tutorial_taskflow_api_etl.py took 0.246 seconds
[2021-09-29 05:47:45,570] {processor.py:162} INFO - Started process (PID=564) to work on /home/airflow/.local/lib/python3.6/site-packages/airflow/example_dags/tutorial_taskflow_api_etl.py
[2021-09-29 05:47:45,572] {processor.py:613} INFO - Processing file /home/airflow/.local/lib/python3.6/site-packages/airflow/example_dags/tutorial_taskflow_api_etl.py for tasks to queue
[2021-09-29 05:47:45,572] {logging_mixin.py:109} INFO - [2021-09-29 05:47:45,572] {dagbag.py:496} INFO - Filling up the DagBag from /home/airflow/.local/lib/python3.6/site-packages/airflow/example_dags/tutorial_taskflow_api_etl.py
[2021-09-29 05:47:45,588] {processor.py:623} INFO - DAG(s) dict_keys(['tutorial_taskflow_api_etl']) retrieved from /home/airflow/.local/lib/python3.6/site-packages/airflow/example_dags/tutorial_taskflow_api_etl.py
[2021-09-29 05:47:45,774] {logging_mixin.py:109} INFO - [2021-09-29 05:47:45,774] {dag.py:1833} INFO - Sync 1 DAGs
[2021-09-29 05:47:45,786] {logging_mixin.py:109} INFO - [2021-09-29 05:47:45,786] {dag.py:2306} INFO - Setting next_dagrun for tutorial_taskflow_api_etl to None
[2021-09-29 05:47:45,796] {processor.py:170} INFO - Processing /home/airflow/.local/lib/python3.6/site-packages/airflow/example_dags/tutorial_taskflow_api_etl.py took 0.228 seconds
[2021-09-29 05:48:16,013] {processor.py:162} INFO - Started process (PID=618) to work on /home/airflow/.local/lib/python3.6/site-packages/airflow/example_dags/tutorial_taskflow_api_etl.py
[2021-09-29 05:48:16,014] {processor.py:613} INFO - Processing file /home/airflow/.local/lib/python3.6/site-packages/airflow/example_dags/tutorial_taskflow_api_etl.py for tasks to queue
[2021-09-29 05:48:16,015] {logging_mixin.py:109} INFO - [2021-09-29 05:48:16,015] {dagbag.py:496} INFO - Filling up the DagBag from /home/airflow/.local/lib/python3.6/site-packages/airflow/example_dags/tutorial_taskflow_api_etl.py
[2021-09-29 05:48:16,034] {processor.py:623} INFO - DAG(s) dict_keys(['tutorial_taskflow_api_etl']) retrieved from /home/airflow/.local/lib/python3.6/site-packages/airflow/example_dags/tutorial_taskflow_api_etl.py
[2021-09-29 05:48:16,219] {logging_mixin.py:109} INFO - [2021-09-29 05:48:16,219] {dag.py:1833} INFO - Sync 1 DAGs
[2021-09-29 05:48:16,231] {logging_mixin.py:109} INFO - [2021-09-29 05:48:16,231] {dag.py:2306} INFO - Setting next_dagrun for tutorial_taskflow_api_etl to None
[2021-09-29 05:48:16,242] {processor.py:170} INFO - Processing /home/airflow/.local/lib/python3.6/site-packages/airflow/example_dags/tutorial_taskflow_api_etl.py took 0.231 seconds
[2021-09-29 05:48:46,368] {processor.py:162} INFO - Started process (PID=680) to work on /home/airflow/.local/lib/python3.6/site-packages/airflow/example_dags/tutorial_taskflow_api_etl.py
[2021-09-29 05:48:46,369] {processor.py:613} INFO - Processing file /home/airflow/.local/lib/python3.6/site-packages/airflow/example_dags/tutorial_taskflow_api_etl.py for tasks to queue
[2021-09-29 05:48:46,370] {logging_mixin.py:109} INFO - [2021-09-29 05:48:46,370] {dagbag.py:496} INFO - Filling up the DagBag from /home/airflow/.local/lib/python3.6/site-packages/airflow/example_dags/tutorial_taskflow_api_etl.py
[2021-09-29 05:48:46,386] {processor.py:623} INFO - DAG(s) dict_keys(['tutorial_taskflow_api_etl']) retrieved from /home/airflow/.local/lib/python3.6/site-packages/airflow/example_dags/tutorial_taskflow_api_etl.py
[2021-09-29 05:48:46,588] {logging_mixin.py:109} INFO - [2021-09-29 05:48:46,588] {dag.py:1833} INFO - Sync 1 DAGs
[2021-09-29 05:48:46,604] {logging_mixin.py:109} INFO - [2021-09-29 05:48:46,604] {dag.py:2306} INFO - Setting next_dagrun for tutorial_taskflow_api_etl to None
[2021-09-29 05:48:46,615] {processor.py:170} INFO - Processing /home/airflow/.local/lib/python3.6/site-packages/airflow/example_dags/tutorial_taskflow_api_etl.py took 0.250 seconds
[2021-09-29 05:49:16,820] {processor.py:162} INFO - Started process (PID=734) to work on /home/airflow/.local/lib/python3.6/site-packages/airflow/example_dags/tutorial_taskflow_api_etl.py
[2021-09-29 05:49:16,822] {processor.py:613} INFO - Processing file /home/airflow/.local/lib/python3.6/site-packages/airflow/example_dags/tutorial_taskflow_api_etl.py for tasks to queue
[2021-09-29 05:49:16,822] {logging_mixin.py:109} INFO - [2021-09-29 05:49:16,822] {dagbag.py:496} INFO - Filling up the DagBag from /home/airflow/.local/lib/python3.6/site-packages/airflow/example_dags/tutorial_taskflow_api_etl.py
[2021-09-29 05:49:16,860] {processor.py:623} INFO - DAG(s) dict_keys(['tutorial_taskflow_api_etl']) retrieved from /home/airflow/.local/lib/python3.6/site-packages/airflow/example_dags/tutorial_taskflow_api_etl.py
[2021-09-29 05:49:17,082] {logging_mixin.py:109} INFO - [2021-09-29 05:49:17,082] {dag.py:1833} INFO - Sync 1 DAGs
[2021-09-29 05:49:17,097] {logging_mixin.py:109} INFO - [2021-09-29 05:49:17,097] {dag.py:2306} INFO - Setting next_dagrun for tutorial_taskflow_api_etl to None
[2021-09-29 05:49:17,109] {processor.py:170} INFO - Processing /home/airflow/.local/lib/python3.6/site-packages/airflow/example_dags/tutorial_taskflow_api_etl.py took 0.292 seconds
[2021-09-29 05:49:47,241] {processor.py:162} INFO - Started process (PID=797) to work on /home/airflow/.local/lib/python3.6/site-packages/airflow/example_dags/tutorial_taskflow_api_etl.py
[2021-09-29 05:49:47,242] {processor.py:613} INFO - Processing file /home/airflow/.local/lib/python3.6/site-packages/airflow/example_dags/tutorial_taskflow_api_etl.py for tasks to queue
[2021-09-29 05:49:47,242] {logging_mixin.py:109} INFO - [2021-09-29 05:49:47,242] {dagbag.py:496} INFO - Filling up the DagBag from /home/airflow/.local/lib/python3.6/site-packages/airflow/example_dags/tutorial_taskflow_api_etl.py
[2021-09-29 05:49:47,264] {processor.py:623} INFO - DAG(s) dict_keys(['tutorial_taskflow_api_etl']) retrieved from /home/airflow/.local/lib/python3.6/site-packages/airflow/example_dags/tutorial_taskflow_api_etl.py
[2021-09-29 05:49:47,501] {logging_mixin.py:109} INFO - [2021-09-29 05:49:47,501] {dag.py:1833} INFO - Sync 1 DAGs
[2021-09-29 05:49:47,513] {logging_mixin.py:109} INFO - [2021-09-29 05:49:47,513] {dag.py:2306} INFO - Setting next_dagrun for tutorial_taskflow_api_etl to None
[2021-09-29 05:49:47,524] {processor.py:170} INFO - Processing /home/airflow/.local/lib/python3.6/site-packages/airflow/example_dags/tutorial_taskflow_api_etl.py took 0.286 seconds
[2021-09-29 05:54:20,420] {processor.py:162} INFO - Started process (PID=355) to work on /home/airflow/.local/lib/python3.6/site-packages/airflow/example_dags/tutorial_taskflow_api_etl.py
[2021-09-29 05:54:20,420] {processor.py:613} INFO - Processing file /home/airflow/.local/lib/python3.6/site-packages/airflow/example_dags/tutorial_taskflow_api_etl.py for tasks to queue
[2021-09-29 05:54:20,421] {logging_mixin.py:109} INFO - [2021-09-29 05:54:20,421] {dagbag.py:496} INFO - Filling up the DagBag from /home/airflow/.local/lib/python3.6/site-packages/airflow/example_dags/tutorial_taskflow_api_etl.py
[2021-09-29 05:54:20,436] {processor.py:623} INFO - DAG(s) dict_keys(['tutorial_taskflow_api_etl']) retrieved from /home/airflow/.local/lib/python3.6/site-packages/airflow/example_dags/tutorial_taskflow_api_etl.py
[2021-09-29 05:54:22,836] {logging_mixin.py:109} INFO - [2021-09-29 05:54:22,834] {dag.py:1833} INFO - Sync 1 DAGs
[2021-09-29 05:54:22,850] {logging_mixin.py:109} INFO - [2021-09-29 05:54:22,848] {dag.py:1852} INFO - Creating ORM DAG for tutorial_taskflow_api_etl
[2021-09-29 05:54:22,857] {logging_mixin.py:109} INFO - [2021-09-29 05:54:22,857] {dag.py:2306} INFO - Setting next_dagrun for tutorial_taskflow_api_etl to None
[2021-09-29 05:54:22,871] {processor.py:170} INFO - Processing /home/airflow/.local/lib/python3.6/site-packages/airflow/example_dags/tutorial_taskflow_api_etl.py took 2.453 seconds
[2021-09-29 05:54:53,893] {processor.py:162} INFO - Started process (PID=443) to work on /home/airflow/.local/lib/python3.6/site-packages/airflow/example_dags/tutorial_taskflow_api_etl.py
[2021-09-29 05:54:53,894] {processor.py:613} INFO - Processing file /home/airflow/.local/lib/python3.6/site-packages/airflow/example_dags/tutorial_taskflow_api_etl.py for tasks to queue
[2021-09-29 05:54:53,895] {logging_mixin.py:109} INFO - [2021-09-29 05:54:53,894] {dagbag.py:496} INFO - Filling up the DagBag from /home/airflow/.local/lib/python3.6/site-packages/airflow/example_dags/tutorial_taskflow_api_etl.py
[2021-09-29 05:54:53,907] {processor.py:623} INFO - DAG(s) dict_keys(['tutorial_taskflow_api_etl']) retrieved from /home/airflow/.local/lib/python3.6/site-packages/airflow/example_dags/tutorial_taskflow_api_etl.py
[2021-09-29 05:54:54,097] {logging_mixin.py:109} INFO - [2021-09-29 05:54:54,097] {dag.py:1833} INFO - Sync 1 DAGs
[2021-09-29 05:54:54,108] {logging_mixin.py:109} INFO - [2021-09-29 05:54:54,108] {dag.py:2306} INFO - Setting next_dagrun for tutorial_taskflow_api_etl to None
[2021-09-29 05:54:54,119] {processor.py:170} INFO - Processing /home/airflow/.local/lib/python3.6/site-packages/airflow/example_dags/tutorial_taskflow_api_etl.py took 0.227 seconds
[2021-09-29 05:55:24,278] {processor.py:162} INFO - Started process (PID=507) to work on /home/airflow/.local/lib/python3.6/site-packages/airflow/example_dags/tutorial_taskflow_api_etl.py
[2021-09-29 05:55:24,279] {processor.py:613} INFO - Processing file /home/airflow/.local/lib/python3.6/site-packages/airflow/example_dags/tutorial_taskflow_api_etl.py for tasks to queue
[2021-09-29 05:55:24,279] {logging_mixin.py:109} INFO - [2021-09-29 05:55:24,279] {dagbag.py:496} INFO - Filling up the DagBag from /home/airflow/.local/lib/python3.6/site-packages/airflow/example_dags/tutorial_taskflow_api_etl.py
[2021-09-29 05:55:24,302] {processor.py:623} INFO - DAG(s) dict_keys(['tutorial_taskflow_api_etl']) retrieved from /home/airflow/.local/lib/python3.6/site-packages/airflow/example_dags/tutorial_taskflow_api_etl.py
[2021-09-29 05:55:24,506] {logging_mixin.py:109} INFO - [2021-09-29 05:55:24,506] {dag.py:1833} INFO - Sync 1 DAGs
[2021-09-29 05:55:24,523] {logging_mixin.py:109} INFO - [2021-09-29 05:55:24,522] {dag.py:2306} INFO - Setting next_dagrun for tutorial_taskflow_api_etl to None
[2021-09-29 05:55:24,535] {processor.py:170} INFO - Processing /home/airflow/.local/lib/python3.6/site-packages/airflow/example_dags/tutorial_taskflow_api_etl.py took 0.262 seconds
[2021-09-29 05:55:54,642] {processor.py:162} INFO - Started process (PID=559) to work on /home/airflow/.local/lib/python3.6/site-packages/airflow/example_dags/tutorial_taskflow_api_etl.py
[2021-09-29 05:55:54,643] {processor.py:613} INFO - Processing file /home/airflow/.local/lib/python3.6/site-packages/airflow/example_dags/tutorial_taskflow_api_etl.py for tasks to queue
[2021-09-29 05:55:54,644] {logging_mixin.py:109} INFO - [2021-09-29 05:55:54,644] {dagbag.py:496} INFO - Filling up the DagBag from /home/airflow/.local/lib/python3.6/site-packages/airflow/example_dags/tutorial_taskflow_api_etl.py
[2021-09-29 05:55:54,659] {processor.py:623} INFO - DAG(s) dict_keys(['tutorial_taskflow_api_etl']) retrieved from /home/airflow/.local/lib/python3.6/site-packages/airflow/example_dags/tutorial_taskflow_api_etl.py
[2021-09-29 05:55:54,850] {logging_mixin.py:109} INFO - [2021-09-29 05:55:54,850] {dag.py:1833} INFO - Sync 1 DAGs
[2021-09-29 05:55:54,862] {logging_mixin.py:109} INFO - [2021-09-29 05:55:54,861] {dag.py:2306} INFO - Setting next_dagrun for tutorial_taskflow_api_etl to None
[2021-09-29 05:55:54,871] {processor.py:170} INFO - Processing /home/airflow/.local/lib/python3.6/site-packages/airflow/example_dags/tutorial_taskflow_api_etl.py took 0.231 seconds
[2021-09-29 05:56:24,969] {processor.py:162} INFO - Started process (PID=622) to work on /home/airflow/.local/lib/python3.6/site-packages/airflow/example_dags/tutorial_taskflow_api_etl.py
[2021-09-29 05:56:24,970] {processor.py:613} INFO - Processing file /home/airflow/.local/lib/python3.6/site-packages/airflow/example_dags/tutorial_taskflow_api_etl.py for tasks to queue
[2021-09-29 05:56:24,971] {logging_mixin.py:109} INFO - [2021-09-29 05:56:24,971] {dagbag.py:496} INFO - Filling up the DagBag from /home/airflow/.local/lib/python3.6/site-packages/airflow/example_dags/tutorial_taskflow_api_etl.py
[2021-09-29 05:56:24,993] {processor.py:623} INFO - DAG(s) dict_keys(['tutorial_taskflow_api_etl']) retrieved from /home/airflow/.local/lib/python3.6/site-packages/airflow/example_dags/tutorial_taskflow_api_etl.py
[2021-09-29 05:56:25,186] {logging_mixin.py:109} INFO - [2021-09-29 05:56:25,186] {dag.py:1833} INFO - Sync 1 DAGs
[2021-09-29 05:56:25,199] {logging_mixin.py:109} INFO - [2021-09-29 05:56:25,199] {dag.py:2306} INFO - Setting next_dagrun for tutorial_taskflow_api_etl to None
[2021-09-29 05:56:25,214] {processor.py:170} INFO - Processing /home/airflow/.local/lib/python3.6/site-packages/airflow/example_dags/tutorial_taskflow_api_etl.py took 0.247 seconds
[2021-09-29 06:00:17,935] {processor.py:162} INFO - Started process (PID=373) to work on /home/airflow/.local/lib/python3.6/site-packages/airflow/example_dags/tutorial_taskflow_api_etl.py
[2021-09-29 06:00:17,936] {processor.py:613} INFO - Processing file /home/airflow/.local/lib/python3.6/site-packages/airflow/example_dags/tutorial_taskflow_api_etl.py for tasks to queue
[2021-09-29 06:00:17,937] {logging_mixin.py:109} INFO - [2021-09-29 06:00:17,937] {dagbag.py:496} INFO - Filling up the DagBag from /home/airflow/.local/lib/python3.6/site-packages/airflow/example_dags/tutorial_taskflow_api_etl.py
[2021-09-29 06:00:17,962] {processor.py:623} INFO - DAG(s) dict_keys(['tutorial_taskflow_api_etl']) retrieved from /home/airflow/.local/lib/python3.6/site-packages/airflow/example_dags/tutorial_taskflow_api_etl.py
[2021-09-29 06:00:20,754] {logging_mixin.py:109} INFO - [2021-09-29 06:00:20,753] {dag.py:1833} INFO - Sync 1 DAGs
[2021-09-29 06:00:20,765] {logging_mixin.py:109} INFO - [2021-09-29 06:00:20,764] {dag.py:1852} INFO - Creating ORM DAG for tutorial_taskflow_api_etl
[2021-09-29 06:00:20,770] {logging_mixin.py:109} INFO - [2021-09-29 06:00:20,770] {dag.py:2306} INFO - Setting next_dagrun for tutorial_taskflow_api_etl to None
[2021-09-29 06:00:20,787] {processor.py:170} INFO - Processing /home/airflow/.local/lib/python3.6/site-packages/airflow/example_dags/tutorial_taskflow_api_etl.py took 2.856 seconds
[2021-09-29 06:00:51,658] {processor.py:162} INFO - Started process (PID=450) to work on /home/airflow/.local/lib/python3.6/site-packages/airflow/example_dags/tutorial_taskflow_api_etl.py
[2021-09-29 06:00:51,659] {processor.py:613} INFO - Processing file /home/airflow/.local/lib/python3.6/site-packages/airflow/example_dags/tutorial_taskflow_api_etl.py for tasks to queue
[2021-09-29 06:00:51,660] {logging_mixin.py:109} INFO - [2021-09-29 06:00:51,659] {dagbag.py:496} INFO - Filling up the DagBag from /home/airflow/.local/lib/python3.6/site-packages/airflow/example_dags/tutorial_taskflow_api_etl.py
[2021-09-29 06:00:51,679] {processor.py:623} INFO - DAG(s) dict_keys(['tutorial_taskflow_api_etl']) retrieved from /home/airflow/.local/lib/python3.6/site-packages/airflow/example_dags/tutorial_taskflow_api_etl.py
[2021-09-29 06:00:51,988] {logging_mixin.py:109} INFO - [2021-09-29 06:00:51,988] {dag.py:1833} INFO - Sync 1 DAGs
[2021-09-29 06:00:52,006] {logging_mixin.py:109} INFO - [2021-09-29 06:00:52,006] {dag.py:2306} INFO - Setting next_dagrun for tutorial_taskflow_api_etl to None
[2021-09-29 06:00:52,020] {processor.py:170} INFO - Processing /home/airflow/.local/lib/python3.6/site-packages/airflow/example_dags/tutorial_taskflow_api_etl.py took 0.364 seconds
[2021-09-29 06:01:22,482] {processor.py:162} INFO - Started process (PID=514) to work on /home/airflow/.local/lib/python3.6/site-packages/airflow/example_dags/tutorial_taskflow_api_etl.py
[2021-09-29 06:01:22,483] {processor.py:613} INFO - Processing file /home/airflow/.local/lib/python3.6/site-packages/airflow/example_dags/tutorial_taskflow_api_etl.py for tasks to queue
[2021-09-29 06:01:22,484] {logging_mixin.py:109} INFO - [2021-09-29 06:01:22,484] {dagbag.py:496} INFO - Filling up the DagBag from /home/airflow/.local/lib/python3.6/site-packages/airflow/example_dags/tutorial_taskflow_api_etl.py
[2021-09-29 06:01:22,498] {processor.py:623} INFO - DAG(s) dict_keys(['tutorial_taskflow_api_etl']) retrieved from /home/airflow/.local/lib/python3.6/site-packages/airflow/example_dags/tutorial_taskflow_api_etl.py
[2021-09-29 06:01:22,700] {logging_mixin.py:109} INFO - [2021-09-29 06:01:22,700] {dag.py:1833} INFO - Sync 1 DAGs
[2021-09-29 06:01:22,712] {logging_mixin.py:109} INFO - [2021-09-29 06:01:22,712] {dag.py:2306} INFO - Setting next_dagrun for tutorial_taskflow_api_etl to None
[2021-09-29 06:01:22,722] {processor.py:170} INFO - Processing /home/airflow/.local/lib/python3.6/site-packages/airflow/example_dags/tutorial_taskflow_api_etl.py took 0.242 seconds
[2021-09-29 06:01:52,745] {processor.py:162} INFO - Started process (PID=577) to work on /home/airflow/.local/lib/python3.6/site-packages/airflow/example_dags/tutorial_taskflow_api_etl.py
[2021-09-29 06:01:52,747] {processor.py:613} INFO - Processing file /home/airflow/.local/lib/python3.6/site-packages/airflow/example_dags/tutorial_taskflow_api_etl.py for tasks to queue
[2021-09-29 06:01:52,747] {logging_mixin.py:109} INFO - [2021-09-29 06:01:52,747] {dagbag.py:496} INFO - Filling up the DagBag from /home/airflow/.local/lib/python3.6/site-packages/airflow/example_dags/tutorial_taskflow_api_etl.py
[2021-09-29 06:01:52,762] {processor.py:623} INFO - DAG(s) dict_keys(['tutorial_taskflow_api_etl']) retrieved from /home/airflow/.local/lib/python3.6/site-packages/airflow/example_dags/tutorial_taskflow_api_etl.py
[2021-09-29 06:01:53,017] {logging_mixin.py:109} INFO - [2021-09-29 06:01:53,016] {dag.py:1833} INFO - Sync 1 DAGs
[2021-09-29 06:01:53,033] {logging_mixin.py:109} INFO - [2021-09-29 06:01:53,032] {dag.py:2306} INFO - Setting next_dagrun for tutorial_taskflow_api_etl to None
[2021-09-29 06:01:53,048] {processor.py:170} INFO - Processing /home/airflow/.local/lib/python3.6/site-packages/airflow/example_dags/tutorial_taskflow_api_etl.py took 0.305 seconds
[2021-09-29 06:02:23,440] {processor.py:162} INFO - Started process (PID=637) to work on /home/airflow/.local/lib/python3.6/site-packages/airflow/example_dags/tutorial_taskflow_api_etl.py
[2021-09-29 06:02:23,441] {processor.py:613} INFO - Processing file /home/airflow/.local/lib/python3.6/site-packages/airflow/example_dags/tutorial_taskflow_api_etl.py for tasks to queue
[2021-09-29 06:02:23,441] {logging_mixin.py:109} INFO - [2021-09-29 06:02:23,441] {dagbag.py:496} INFO - Filling up the DagBag from /home/airflow/.local/lib/python3.6/site-packages/airflow/example_dags/tutorial_taskflow_api_etl.py
[2021-09-29 06:02:23,458] {processor.py:623} INFO - DAG(s) dict_keys(['tutorial_taskflow_api_etl']) retrieved from /home/airflow/.local/lib/python3.6/site-packages/airflow/example_dags/tutorial_taskflow_api_etl.py
[2021-09-29 06:02:23,675] {logging_mixin.py:109} INFO - [2021-09-29 06:02:23,675] {dag.py:1833} INFO - Sync 1 DAGs
[2021-09-29 06:02:23,691] {logging_mixin.py:109} INFO - [2021-09-29 06:02:23,691] {dag.py:2306} INFO - Setting next_dagrun for tutorial_taskflow_api_etl to None
[2021-09-29 06:02:23,705] {processor.py:170} INFO - Processing /home/airflow/.local/lib/python3.6/site-packages/airflow/example_dags/tutorial_taskflow_api_etl.py took 0.267 seconds
[2021-09-29 06:02:54,650] {processor.py:162} INFO - Started process (PID=699) to work on /home/airflow/.local/lib/python3.6/site-packages/airflow/example_dags/tutorial_taskflow_api_etl.py
[2021-09-29 06:02:54,651] {processor.py:613} INFO - Processing file /home/airflow/.local/lib/python3.6/site-packages/airflow/example_dags/tutorial_taskflow_api_etl.py for tasks to queue
[2021-09-29 06:02:54,652] {logging_mixin.py:109} INFO - [2021-09-29 06:02:54,652] {dagbag.py:496} INFO - Filling up the DagBag from /home/airflow/.local/lib/python3.6/site-packages/airflow/example_dags/tutorial_taskflow_api_etl.py
[2021-09-29 06:02:54,669] {processor.py:623} INFO - DAG(s) dict_keys(['tutorial_taskflow_api_etl']) retrieved from /home/airflow/.local/lib/python3.6/site-packages/airflow/example_dags/tutorial_taskflow_api_etl.py
[2021-09-29 06:02:54,873] {logging_mixin.py:109} INFO - [2021-09-29 06:02:54,873] {dag.py:1833} INFO - Sync 1 DAGs
[2021-09-29 06:02:54,885] {logging_mixin.py:109} INFO - [2021-09-29 06:02:54,885] {dag.py:2306} INFO - Setting next_dagrun for tutorial_taskflow_api_etl to None
[2021-09-29 06:02:54,896] {processor.py:170} INFO - Processing /home/airflow/.local/lib/python3.6/site-packages/airflow/example_dags/tutorial_taskflow_api_etl.py took 0.248 seconds
[2021-09-29 06:03:25,124] {processor.py:162} INFO - Started process (PID=751) to work on /home/airflow/.local/lib/python3.6/site-packages/airflow/example_dags/tutorial_taskflow_api_etl.py
[2021-09-29 06:03:25,125] {processor.py:613} INFO - Processing file /home/airflow/.local/lib/python3.6/site-packages/airflow/example_dags/tutorial_taskflow_api_etl.py for tasks to queue
[2021-09-29 06:03:25,126] {logging_mixin.py:109} INFO - [2021-09-29 06:03:25,125] {dagbag.py:496} INFO - Filling up the DagBag from /home/airflow/.local/lib/python3.6/site-packages/airflow/example_dags/tutorial_taskflow_api_etl.py
[2021-09-29 06:03:25,148] {processor.py:623} INFO - DAG(s) dict_keys(['tutorial_taskflow_api_etl']) retrieved from /home/airflow/.local/lib/python3.6/site-packages/airflow/example_dags/tutorial_taskflow_api_etl.py
[2021-09-29 06:03:25,378] {logging_mixin.py:109} INFO - [2021-09-29 06:03:25,378] {dag.py:1833} INFO - Sync 1 DAGs
[2021-09-29 06:03:25,391] {logging_mixin.py:109} INFO - [2021-09-29 06:03:25,391] {dag.py:2306} INFO - Setting next_dagrun for tutorial_taskflow_api_etl to None
[2021-09-29 06:03:25,402] {processor.py:170} INFO - Processing /home/airflow/.local/lib/python3.6/site-packages/airflow/example_dags/tutorial_taskflow_api_etl.py took 0.282 seconds
[2021-09-29 06:03:55,493] {processor.py:162} INFO - Started process (PID=815) to work on /home/airflow/.local/lib/python3.6/site-packages/airflow/example_dags/tutorial_taskflow_api_etl.py
[2021-09-29 06:03:55,494] {processor.py:613} INFO - Processing file /home/airflow/.local/lib/python3.6/site-packages/airflow/example_dags/tutorial_taskflow_api_etl.py for tasks to queue
[2021-09-29 06:03:55,495] {logging_mixin.py:109} INFO - [2021-09-29 06:03:55,494] {dagbag.py:496} INFO - Filling up the DagBag from /home/airflow/.local/lib/python3.6/site-packages/airflow/example_dags/tutorial_taskflow_api_etl.py
[2021-09-29 06:03:55,511] {processor.py:623} INFO - DAG(s) dict_keys(['tutorial_taskflow_api_etl']) retrieved from /home/airflow/.local/lib/python3.6/site-packages/airflow/example_dags/tutorial_taskflow_api_etl.py
[2021-09-29 06:03:55,707] {logging_mixin.py:109} INFO - [2021-09-29 06:03:55,707] {dag.py:1833} INFO - Sync 1 DAGs
[2021-09-29 06:03:55,720] {logging_mixin.py:109} INFO - [2021-09-29 06:03:55,720] {dag.py:2306} INFO - Setting next_dagrun for tutorial_taskflow_api_etl to None
[2021-09-29 06:03:55,730] {processor.py:170} INFO - Processing /home/airflow/.local/lib/python3.6/site-packages/airflow/example_dags/tutorial_taskflow_api_etl.py took 0.239 seconds
[2021-09-29 06:04:25,971] {processor.py:162} INFO - Started process (PID=874) to work on /home/airflow/.local/lib/python3.6/site-packages/airflow/example_dags/tutorial_taskflow_api_etl.py
[2021-09-29 06:04:25,971] {processor.py:613} INFO - Processing file /home/airflow/.local/lib/python3.6/site-packages/airflow/example_dags/tutorial_taskflow_api_etl.py for tasks to queue
[2021-09-29 06:04:25,972] {logging_mixin.py:109} INFO - [2021-09-29 06:04:25,972] {dagbag.py:496} INFO - Filling up the DagBag from /home/airflow/.local/lib/python3.6/site-packages/airflow/example_dags/tutorial_taskflow_api_etl.py
[2021-09-29 06:04:25,999] {processor.py:623} INFO - DAG(s) dict_keys(['tutorial_taskflow_api_etl']) retrieved from /home/airflow/.local/lib/python3.6/site-packages/airflow/example_dags/tutorial_taskflow_api_etl.py
[2021-09-29 06:04:26,278] {logging_mixin.py:109} INFO - [2021-09-29 06:04:26,278] {dag.py:1833} INFO - Sync 1 DAGs
[2021-09-29 06:04:26,291] {logging_mixin.py:109} INFO - [2021-09-29 06:04:26,291] {dag.py:2306} INFO - Setting next_dagrun for tutorial_taskflow_api_etl to None
[2021-09-29 06:04:26,302] {processor.py:170} INFO - Processing /home/airflow/.local/lib/python3.6/site-packages/airflow/example_dags/tutorial_taskflow_api_etl.py took 0.335 seconds
[2021-09-29 06:04:56,548] {processor.py:162} INFO - Started process (PID=929) to work on /home/airflow/.local/lib/python3.6/site-packages/airflow/example_dags/tutorial_taskflow_api_etl.py
[2021-09-29 06:04:56,549] {processor.py:613} INFO - Processing file /home/airflow/.local/lib/python3.6/site-packages/airflow/example_dags/tutorial_taskflow_api_etl.py for tasks to queue
[2021-09-29 06:04:56,550] {logging_mixin.py:109} INFO - [2021-09-29 06:04:56,550] {dagbag.py:496} INFO - Filling up the DagBag from /home/airflow/.local/lib/python3.6/site-packages/airflow/example_dags/tutorial_taskflow_api_etl.py
[2021-09-29 06:04:56,571] {processor.py:623} INFO - DAG(s) dict_keys(['tutorial_taskflow_api_etl']) retrieved from /home/airflow/.local/lib/python3.6/site-packages/airflow/example_dags/tutorial_taskflow_api_etl.py
[2021-09-29 06:04:56,801] {logging_mixin.py:109} INFO - [2021-09-29 06:04:56,801] {dag.py:1833} INFO - Sync 1 DAGs
[2021-09-29 06:04:56,815] {logging_mixin.py:109} INFO - [2021-09-29 06:04:56,815] {dag.py:2306} INFO - Setting next_dagrun for tutorial_taskflow_api_etl to None
[2021-09-29 06:04:56,828] {processor.py:170} INFO - Processing /home/airflow/.local/lib/python3.6/site-packages/airflow/example_dags/tutorial_taskflow_api_etl.py took 0.284 seconds
[2021-09-29 06:05:27,232] {processor.py:162} INFO - Started process (PID=992) to work on /home/airflow/.local/lib/python3.6/site-packages/airflow/example_dags/tutorial_taskflow_api_etl.py
[2021-09-29 06:05:27,233] {processor.py:613} INFO - Processing file /home/airflow/.local/lib/python3.6/site-packages/airflow/example_dags/tutorial_taskflow_api_etl.py for tasks to queue
[2021-09-29 06:05:27,234] {logging_mixin.py:109} INFO - [2021-09-29 06:05:27,234] {dagbag.py:496} INFO - Filling up the DagBag from /home/airflow/.local/lib/python3.6/site-packages/airflow/example_dags/tutorial_taskflow_api_etl.py
[2021-09-29 06:05:27,254] {processor.py:623} INFO - DAG(s) dict_keys(['tutorial_taskflow_api_etl']) retrieved from /home/airflow/.local/lib/python3.6/site-packages/airflow/example_dags/tutorial_taskflow_api_etl.py
[2021-09-29 06:05:27,518] {logging_mixin.py:109} INFO - [2021-09-29 06:05:27,518] {dag.py:1833} INFO - Sync 1 DAGs
[2021-09-29 06:05:27,534] {logging_mixin.py:109} INFO - [2021-09-29 06:05:27,533] {dag.py:2306} INFO - Setting next_dagrun for tutorial_taskflow_api_etl to None
[2021-09-29 06:05:27,546] {processor.py:170} INFO - Processing /home/airflow/.local/lib/python3.6/site-packages/airflow/example_dags/tutorial_taskflow_api_etl.py took 0.317 seconds
[2021-09-29 06:05:57,671] {processor.py:162} INFO - Started process (PID=1046) to work on /home/airflow/.local/lib/python3.6/site-packages/airflow/example_dags/tutorial_taskflow_api_etl.py
[2021-09-29 06:05:57,671] {processor.py:613} INFO - Processing file /home/airflow/.local/lib/python3.6/site-packages/airflow/example_dags/tutorial_taskflow_api_etl.py for tasks to queue
[2021-09-29 06:05:57,672] {logging_mixin.py:109} INFO - [2021-09-29 06:05:57,672] {dagbag.py:496} INFO - Filling up the DagBag from /home/airflow/.local/lib/python3.6/site-packages/airflow/example_dags/tutorial_taskflow_api_etl.py
[2021-09-29 06:05:57,692] {processor.py:623} INFO - DAG(s) dict_keys(['tutorial_taskflow_api_etl']) retrieved from /home/airflow/.local/lib/python3.6/site-packages/airflow/example_dags/tutorial_taskflow_api_etl.py
[2021-09-29 06:05:57,918] {logging_mixin.py:109} INFO - [2021-09-29 06:05:57,918] {dag.py:1833} INFO - Sync 1 DAGs
[2021-09-29 06:05:57,935] {logging_mixin.py:109} INFO - [2021-09-29 06:05:57,934] {dag.py:2306} INFO - Setting next_dagrun for tutorial_taskflow_api_etl to None
[2021-09-29 06:05:57,949] {processor.py:170} INFO - Processing /home/airflow/.local/lib/python3.6/site-packages/airflow/example_dags/tutorial_taskflow_api_etl.py took 0.280 seconds
[2021-09-29 06:06:28,174] {processor.py:162} INFO - Started process (PID=1110) to work on /home/airflow/.local/lib/python3.6/site-packages/airflow/example_dags/tutorial_taskflow_api_etl.py
[2021-09-29 06:06:28,180] {processor.py:613} INFO - Processing file /home/airflow/.local/lib/python3.6/site-packages/airflow/example_dags/tutorial_taskflow_api_etl.py for tasks to queue
[2021-09-29 06:06:28,181] {logging_mixin.py:109} INFO - [2021-09-29 06:06:28,181] {dagbag.py:496} INFO - Filling up the DagBag from /home/airflow/.local/lib/python3.6/site-packages/airflow/example_dags/tutorial_taskflow_api_etl.py
[2021-09-29 06:06:28,204] {processor.py:623} INFO - DAG(s) dict_keys(['tutorial_taskflow_api_etl']) retrieved from /home/airflow/.local/lib/python3.6/site-packages/airflow/example_dags/tutorial_taskflow_api_etl.py
[2021-09-29 06:06:28,529] {logging_mixin.py:109} INFO - [2021-09-29 06:06:28,529] {dag.py:1833} INFO - Sync 1 DAGs
[2021-09-29 06:06:28,542] {logging_mixin.py:109} INFO - [2021-09-29 06:06:28,542] {dag.py:2306} INFO - Setting next_dagrun for tutorial_taskflow_api_etl to None
[2021-09-29 06:06:28,553] {processor.py:170} INFO - Processing /home/airflow/.local/lib/python3.6/site-packages/airflow/example_dags/tutorial_taskflow_api_etl.py took 0.383 seconds
[2021-09-29 06:06:58,567] {processor.py:162} INFO - Started process (PID=1162) to work on /home/airflow/.local/lib/python3.6/site-packages/airflow/example_dags/tutorial_taskflow_api_etl.py
[2021-09-29 06:06:58,568] {processor.py:613} INFO - Processing file /home/airflow/.local/lib/python3.6/site-packages/airflow/example_dags/tutorial_taskflow_api_etl.py for tasks to queue
[2021-09-29 06:06:58,569] {logging_mixin.py:109} INFO - [2021-09-29 06:06:58,568] {dagbag.py:496} INFO - Filling up the DagBag from /home/airflow/.local/lib/python3.6/site-packages/airflow/example_dags/tutorial_taskflow_api_etl.py
[2021-09-29 06:06:58,583] {processor.py:623} INFO - DAG(s) dict_keys(['tutorial_taskflow_api_etl']) retrieved from /home/airflow/.local/lib/python3.6/site-packages/airflow/example_dags/tutorial_taskflow_api_etl.py
[2021-09-29 06:06:58,772] {logging_mixin.py:109} INFO - [2021-09-29 06:06:58,772] {dag.py:1833} INFO - Sync 1 DAGs
[2021-09-29 06:06:58,785] {logging_mixin.py:109} INFO - [2021-09-29 06:06:58,785] {dag.py:2306} INFO - Setting next_dagrun for tutorial_taskflow_api_etl to None
[2021-09-29 06:06:58,796] {processor.py:170} INFO - Processing /home/airflow/.local/lib/python3.6/site-packages/airflow/example_dags/tutorial_taskflow_api_etl.py took 0.230 seconds
[2021-09-29 06:07:28,827] {processor.py:162} INFO - Started process (PID=1224) to work on /home/airflow/.local/lib/python3.6/site-packages/airflow/example_dags/tutorial_taskflow_api_etl.py
[2021-09-29 06:07:28,827] {processor.py:613} INFO - Processing file /home/airflow/.local/lib/python3.6/site-packages/airflow/example_dags/tutorial_taskflow_api_etl.py for tasks to queue
[2021-09-29 06:07:28,828] {logging_mixin.py:109} INFO - [2021-09-29 06:07:28,828] {dagbag.py:496} INFO - Filling up the DagBag from /home/airflow/.local/lib/python3.6/site-packages/airflow/example_dags/tutorial_taskflow_api_etl.py
[2021-09-29 06:07:28,841] {processor.py:623} INFO - DAG(s) dict_keys(['tutorial_taskflow_api_etl']) retrieved from /home/airflow/.local/lib/python3.6/site-packages/airflow/example_dags/tutorial_taskflow_api_etl.py
[2021-09-29 06:07:29,022] {logging_mixin.py:109} INFO - [2021-09-29 06:07:29,022] {dag.py:1833} INFO - Sync 1 DAGs
[2021-09-29 06:07:29,034] {logging_mixin.py:109} INFO - [2021-09-29 06:07:29,034] {dag.py:2306} INFO - Setting next_dagrun for tutorial_taskflow_api_etl to None
[2021-09-29 06:07:29,069] {processor.py:170} INFO - Processing /home/airflow/.local/lib/python3.6/site-packages/airflow/example_dags/tutorial_taskflow_api_etl.py took 0.245 seconds
[2021-09-29 06:07:59,921] {processor.py:162} INFO - Started process (PID=1288) to work on /home/airflow/.local/lib/python3.6/site-packages/airflow/example_dags/tutorial_taskflow_api_etl.py
[2021-09-29 06:07:59,922] {processor.py:613} INFO - Processing file /home/airflow/.local/lib/python3.6/site-packages/airflow/example_dags/tutorial_taskflow_api_etl.py for tasks to queue
[2021-09-29 06:07:59,922] {logging_mixin.py:109} INFO - [2021-09-29 06:07:59,922] {dagbag.py:496} INFO - Filling up the DagBag from /home/airflow/.local/lib/python3.6/site-packages/airflow/example_dags/tutorial_taskflow_api_etl.py
[2021-09-29 06:07:59,936] {processor.py:623} INFO - DAG(s) dict_keys(['tutorial_taskflow_api_etl']) retrieved from /home/airflow/.local/lib/python3.6/site-packages/airflow/example_dags/tutorial_taskflow_api_etl.py
[2021-09-29 06:08:00,146] {logging_mixin.py:109} INFO - [2021-09-29 06:08:00,145] {dag.py:1833} INFO - Sync 1 DAGs
[2021-09-29 06:08:00,162] {logging_mixin.py:109} INFO - [2021-09-29 06:08:00,162] {dag.py:2306} INFO - Setting next_dagrun for tutorial_taskflow_api_etl to None
[2021-09-29 06:08:00,175] {processor.py:170} INFO - Processing /home/airflow/.local/lib/python3.6/site-packages/airflow/example_dags/tutorial_taskflow_api_etl.py took 0.257 seconds
[2021-09-29 06:08:30,352] {processor.py:162} INFO - Started process (PID=1343) to work on /home/airflow/.local/lib/python3.6/site-packages/airflow/example_dags/tutorial_taskflow_api_etl.py
[2021-09-29 06:08:30,353] {processor.py:613} INFO - Processing file /home/airflow/.local/lib/python3.6/site-packages/airflow/example_dags/tutorial_taskflow_api_etl.py for tasks to queue
[2021-09-29 06:08:30,353] {logging_mixin.py:109} INFO - [2021-09-29 06:08:30,353] {dagbag.py:496} INFO - Filling up the DagBag from /home/airflow/.local/lib/python3.6/site-packages/airflow/example_dags/tutorial_taskflow_api_etl.py
[2021-09-29 06:08:30,367] {processor.py:623} INFO - DAG(s) dict_keys(['tutorial_taskflow_api_etl']) retrieved from /home/airflow/.local/lib/python3.6/site-packages/airflow/example_dags/tutorial_taskflow_api_etl.py
[2021-09-29 06:08:30,546] {logging_mixin.py:109} INFO - [2021-09-29 06:08:30,545] {dag.py:1833} INFO - Sync 1 DAGs
[2021-09-29 06:08:30,557] {logging_mixin.py:109} INFO - [2021-09-29 06:08:30,557] {dag.py:2306} INFO - Setting next_dagrun for tutorial_taskflow_api_etl to None
[2021-09-29 06:08:30,567] {processor.py:170} INFO - Processing /home/airflow/.local/lib/python3.6/site-packages/airflow/example_dags/tutorial_taskflow_api_etl.py took 0.216 seconds
[2021-09-29 06:09:00,802] {processor.py:162} INFO - Started process (PID=1406) to work on /home/airflow/.local/lib/python3.6/site-packages/airflow/example_dags/tutorial_taskflow_api_etl.py
[2021-09-29 06:09:00,803] {processor.py:613} INFO - Processing file /home/airflow/.local/lib/python3.6/site-packages/airflow/example_dags/tutorial_taskflow_api_etl.py for tasks to queue
[2021-09-29 06:09:00,803] {logging_mixin.py:109} INFO - [2021-09-29 06:09:00,803] {dagbag.py:496} INFO - Filling up the DagBag from /home/airflow/.local/lib/python3.6/site-packages/airflow/example_dags/tutorial_taskflow_api_etl.py
[2021-09-29 06:09:00,817] {processor.py:623} INFO - DAG(s) dict_keys(['tutorial_taskflow_api_etl']) retrieved from /home/airflow/.local/lib/python3.6/site-packages/airflow/example_dags/tutorial_taskflow_api_etl.py
[2021-09-29 06:09:01,036] {logging_mixin.py:109} INFO - [2021-09-29 06:09:01,035] {dag.py:1833} INFO - Sync 1 DAGs
[2021-09-29 06:09:01,049] {logging_mixin.py:109} INFO - [2021-09-29 06:09:01,049] {dag.py:2306} INFO - Setting next_dagrun for tutorial_taskflow_api_etl to None
[2021-09-29 06:09:01,060] {processor.py:170} INFO - Processing /home/airflow/.local/lib/python3.6/site-packages/airflow/example_dags/tutorial_taskflow_api_etl.py took 0.261 seconds
[2021-09-29 06:09:31,227] {processor.py:162} INFO - Started process (PID=1459) to work on /home/airflow/.local/lib/python3.6/site-packages/airflow/example_dags/tutorial_taskflow_api_etl.py
[2021-09-29 06:09:31,228] {processor.py:613} INFO - Processing file /home/airflow/.local/lib/python3.6/site-packages/airflow/example_dags/tutorial_taskflow_api_etl.py for tasks to queue
[2021-09-29 06:09:31,229] {logging_mixin.py:109} INFO - [2021-09-29 06:09:31,229] {dagbag.py:496} INFO - Filling up the DagBag from /home/airflow/.local/lib/python3.6/site-packages/airflow/example_dags/tutorial_taskflow_api_etl.py
[2021-09-29 06:09:31,243] {processor.py:623} INFO - DAG(s) dict_keys(['tutorial_taskflow_api_etl']) retrieved from /home/airflow/.local/lib/python3.6/site-packages/airflow/example_dags/tutorial_taskflow_api_etl.py
[2021-09-29 06:09:31,424] {logging_mixin.py:109} INFO - [2021-09-29 06:09:31,424] {dag.py:1833} INFO - Sync 1 DAGs
[2021-09-29 06:09:31,437] {logging_mixin.py:109} INFO - [2021-09-29 06:09:31,436] {dag.py:2306} INFO - Setting next_dagrun for tutorial_taskflow_api_etl to None
[2021-09-29 06:09:31,447] {processor.py:170} INFO - Processing /home/airflow/.local/lib/python3.6/site-packages/airflow/example_dags/tutorial_taskflow_api_etl.py took 0.223 seconds
[2021-09-29 06:10:01,634] {processor.py:162} INFO - Started process (PID=1523) to work on /home/airflow/.local/lib/python3.6/site-packages/airflow/example_dags/tutorial_taskflow_api_etl.py
[2021-09-29 06:10:01,635] {processor.py:613} INFO - Processing file /home/airflow/.local/lib/python3.6/site-packages/airflow/example_dags/tutorial_taskflow_api_etl.py for tasks to queue
[2021-09-29 06:10:01,636] {logging_mixin.py:109} INFO - [2021-09-29 06:10:01,636] {dagbag.py:496} INFO - Filling up the DagBag from /home/airflow/.local/lib/python3.6/site-packages/airflow/example_dags/tutorial_taskflow_api_etl.py
[2021-09-29 06:10:01,654] {processor.py:623} INFO - DAG(s) dict_keys(['tutorial_taskflow_api_etl']) retrieved from /home/airflow/.local/lib/python3.6/site-packages/airflow/example_dags/tutorial_taskflow_api_etl.py
[2021-09-29 06:10:01,835] {logging_mixin.py:109} INFO - [2021-09-29 06:10:01,835] {dag.py:1833} INFO - Sync 1 DAGs
[2021-09-29 06:10:01,848] {logging_mixin.py:109} INFO - [2021-09-29 06:10:01,848] {dag.py:2306} INFO - Setting next_dagrun for tutorial_taskflow_api_etl to None
[2021-09-29 06:10:01,857] {processor.py:170} INFO - Processing /home/airflow/.local/lib/python3.6/site-packages/airflow/example_dags/tutorial_taskflow_api_etl.py took 0.226 seconds
[2021-09-29 06:10:32,051] {processor.py:162} INFO - Started process (PID=1586) to work on /home/airflow/.local/lib/python3.6/site-packages/airflow/example_dags/tutorial_taskflow_api_etl.py
[2021-09-29 06:10:32,051] {processor.py:613} INFO - Processing file /home/airflow/.local/lib/python3.6/site-packages/airflow/example_dags/tutorial_taskflow_api_etl.py for tasks to queue
[2021-09-29 06:10:32,052] {logging_mixin.py:109} INFO - [2021-09-29 06:10:32,052] {dagbag.py:496} INFO - Filling up the DagBag from /home/airflow/.local/lib/python3.6/site-packages/airflow/example_dags/tutorial_taskflow_api_etl.py
[2021-09-29 06:10:32,066] {processor.py:623} INFO - DAG(s) dict_keys(['tutorial_taskflow_api_etl']) retrieved from /home/airflow/.local/lib/python3.6/site-packages/airflow/example_dags/tutorial_taskflow_api_etl.py
[2021-09-29 06:10:32,270] {logging_mixin.py:109} INFO - [2021-09-29 06:10:32,270] {dag.py:1833} INFO - Sync 1 DAGs
[2021-09-29 06:10:32,288] {logging_mixin.py:109} INFO - [2021-09-29 06:10:32,288] {dag.py:2306} INFO - Setting next_dagrun for tutorial_taskflow_api_etl to None
[2021-09-29 06:10:32,300] {processor.py:170} INFO - Processing /home/airflow/.local/lib/python3.6/site-packages/airflow/example_dags/tutorial_taskflow_api_etl.py took 0.251 seconds
[2021-09-29 06:11:02,344] {processor.py:162} INFO - Started process (PID=1638) to work on /home/airflow/.local/lib/python3.6/site-packages/airflow/example_dags/tutorial_taskflow_api_etl.py
[2021-09-29 06:11:02,344] {processor.py:613} INFO - Processing file /home/airflow/.local/lib/python3.6/site-packages/airflow/example_dags/tutorial_taskflow_api_etl.py for tasks to queue
[2021-09-29 06:11:02,345] {logging_mixin.py:109} INFO - [2021-09-29 06:11:02,345] {dagbag.py:496} INFO - Filling up the DagBag from /home/airflow/.local/lib/python3.6/site-packages/airflow/example_dags/tutorial_taskflow_api_etl.py
[2021-09-29 06:11:02,358] {processor.py:623} INFO - DAG(s) dict_keys(['tutorial_taskflow_api_etl']) retrieved from /home/airflow/.local/lib/python3.6/site-packages/airflow/example_dags/tutorial_taskflow_api_etl.py
[2021-09-29 06:11:02,544] {logging_mixin.py:109} INFO - [2021-09-29 06:11:02,544] {dag.py:1833} INFO - Sync 1 DAGs
[2021-09-29 06:11:02,557] {logging_mixin.py:109} INFO - [2021-09-29 06:11:02,556] {dag.py:2306} INFO - Setting next_dagrun for tutorial_taskflow_api_etl to None
[2021-09-29 06:11:02,566] {processor.py:170} INFO - Processing /home/airflow/.local/lib/python3.6/site-packages/airflow/example_dags/tutorial_taskflow_api_etl.py took 0.224 seconds
[2021-09-29 06:11:32,747] {processor.py:162} INFO - Started process (PID=1701) to work on /home/airflow/.local/lib/python3.6/site-packages/airflow/example_dags/tutorial_taskflow_api_etl.py
[2021-09-29 06:11:32,748] {processor.py:613} INFO - Processing file /home/airflow/.local/lib/python3.6/site-packages/airflow/example_dags/tutorial_taskflow_api_etl.py for tasks to queue
[2021-09-29 06:11:32,748] {logging_mixin.py:109} INFO - [2021-09-29 06:11:32,748] {dagbag.py:496} INFO - Filling up the DagBag from /home/airflow/.local/lib/python3.6/site-packages/airflow/example_dags/tutorial_taskflow_api_etl.py
[2021-09-29 06:11:32,760] {processor.py:623} INFO - DAG(s) dict_keys(['tutorial_taskflow_api_etl']) retrieved from /home/airflow/.local/lib/python3.6/site-packages/airflow/example_dags/tutorial_taskflow_api_etl.py
[2021-09-29 06:11:32,936] {logging_mixin.py:109} INFO - [2021-09-29 06:11:32,936] {dag.py:1833} INFO - Sync 1 DAGs
[2021-09-29 06:11:32,949] {logging_mixin.py:109} INFO - [2021-09-29 06:11:32,948] {dag.py:2306} INFO - Setting next_dagrun for tutorial_taskflow_api_etl to None
[2021-09-29 06:11:32,959] {processor.py:170} INFO - Processing /home/airflow/.local/lib/python3.6/site-packages/airflow/example_dags/tutorial_taskflow_api_etl.py took 0.214 seconds
[2021-09-29 06:12:03,724] {processor.py:162} INFO - Started process (PID=1752) to work on /home/airflow/.local/lib/python3.6/site-packages/airflow/example_dags/tutorial_taskflow_api_etl.py
[2021-09-29 06:12:03,725] {processor.py:613} INFO - Processing file /home/airflow/.local/lib/python3.6/site-packages/airflow/example_dags/tutorial_taskflow_api_etl.py for tasks to queue
[2021-09-29 06:12:03,725] {logging_mixin.py:109} INFO - [2021-09-29 06:12:03,725] {dagbag.py:496} INFO - Filling up the DagBag from /home/airflow/.local/lib/python3.6/site-packages/airflow/example_dags/tutorial_taskflow_api_etl.py
[2021-09-29 06:12:03,738] {processor.py:623} INFO - DAG(s) dict_keys(['tutorial_taskflow_api_etl']) retrieved from /home/airflow/.local/lib/python3.6/site-packages/airflow/example_dags/tutorial_taskflow_api_etl.py
[2021-09-29 06:12:03,916] {logging_mixin.py:109} INFO - [2021-09-29 06:12:03,916] {dag.py:1833} INFO - Sync 1 DAGs
[2021-09-29 06:12:03,929] {logging_mixin.py:109} INFO - [2021-09-29 06:12:03,929] {dag.py:2306} INFO - Setting next_dagrun for tutorial_taskflow_api_etl to None
[2021-09-29 06:12:03,941] {processor.py:170} INFO - Processing /home/airflow/.local/lib/python3.6/site-packages/airflow/example_dags/tutorial_taskflow_api_etl.py took 0.219 seconds
[2021-09-29 06:12:34,940] {processor.py:162} INFO - Started process (PID=1815) to work on /home/airflow/.local/lib/python3.6/site-packages/airflow/example_dags/tutorial_taskflow_api_etl.py
[2021-09-29 06:12:34,941] {processor.py:613} INFO - Processing file /home/airflow/.local/lib/python3.6/site-packages/airflow/example_dags/tutorial_taskflow_api_etl.py for tasks to queue
[2021-09-29 06:12:34,941] {logging_mixin.py:109} INFO - [2021-09-29 06:12:34,941] {dagbag.py:496} INFO - Filling up the DagBag from /home/airflow/.local/lib/python3.6/site-packages/airflow/example_dags/tutorial_taskflow_api_etl.py
[2021-09-29 06:12:34,953] {processor.py:623} INFO - DAG(s) dict_keys(['tutorial_taskflow_api_etl']) retrieved from /home/airflow/.local/lib/python3.6/site-packages/airflow/example_dags/tutorial_taskflow_api_etl.py
[2021-09-29 06:12:35,141] {logging_mixin.py:109} INFO - [2021-09-29 06:12:35,141] {dag.py:1833} INFO - Sync 1 DAGs
[2021-09-29 06:12:35,158] {logging_mixin.py:109} INFO - [2021-09-29 06:12:35,158] {dag.py:2306} INFO - Setting next_dagrun for tutorial_taskflow_api_etl to None
[2021-09-29 06:12:35,168] {processor.py:170} INFO - Processing /home/airflow/.local/lib/python3.6/site-packages/airflow/example_dags/tutorial_taskflow_api_etl.py took 0.230 seconds
