[2021-09-29 05:46:12,223] {processor.py:162} INFO - Started process (PID=368) to work on /home/airflow/.local/lib/python3.6/site-packages/airflow/example_dags/tutorial_taskflow_api_etl_virtualenv.py
[2021-09-29 05:46:12,224] {processor.py:613} INFO - Processing file /home/airflow/.local/lib/python3.6/site-packages/airflow/example_dags/tutorial_taskflow_api_etl_virtualenv.py for tasks to queue
[2021-09-29 05:46:12,224] {logging_mixin.py:109} INFO - [2021-09-29 05:46:12,224] {dagbag.py:496} INFO - Filling up the DagBag from /home/airflow/.local/lib/python3.6/site-packages/airflow/example_dags/tutorial_taskflow_api_etl_virtualenv.py
[2021-09-29 05:46:12,242] {processor.py:623} INFO - DAG(s) dict_keys(['tutorial_taskflow_api_etl_virtualenv']) retrieved from /home/airflow/.local/lib/python3.6/site-packages/airflow/example_dags/tutorial_taskflow_api_etl_virtualenv.py
[2021-09-29 05:46:14,560] {logging_mixin.py:109} INFO - [2021-09-29 05:46:14,559] {dag.py:1833} INFO - Sync 1 DAGs
[2021-09-29 05:46:14,569] {logging_mixin.py:109} INFO - [2021-09-29 05:46:14,568] {dag.py:1852} INFO - Creating ORM DAG for tutorial_taskflow_api_etl_virtualenv
[2021-09-29 05:46:14,575] {logging_mixin.py:109} INFO - [2021-09-29 05:46:14,575] {dag.py:2306} INFO - Setting next_dagrun for tutorial_taskflow_api_etl_virtualenv to None
[2021-09-29 05:46:14,587] {processor.py:170} INFO - Processing /home/airflow/.local/lib/python3.6/site-packages/airflow/example_dags/tutorial_taskflow_api_etl_virtualenv.py took 2.368 seconds
[2021-09-29 05:46:44,826] {processor.py:162} INFO - Started process (PID=449) to work on /home/airflow/.local/lib/python3.6/site-packages/airflow/example_dags/tutorial_taskflow_api_etl_virtualenv.py
[2021-09-29 05:46:44,827] {processor.py:613} INFO - Processing file /home/airflow/.local/lib/python3.6/site-packages/airflow/example_dags/tutorial_taskflow_api_etl_virtualenv.py for tasks to queue
[2021-09-29 05:46:44,828] {logging_mixin.py:109} INFO - [2021-09-29 05:46:44,828] {dagbag.py:496} INFO - Filling up the DagBag from /home/airflow/.local/lib/python3.6/site-packages/airflow/example_dags/tutorial_taskflow_api_etl_virtualenv.py
[2021-09-29 05:46:44,842] {processor.py:623} INFO - DAG(s) dict_keys(['tutorial_taskflow_api_etl_virtualenv']) retrieved from /home/airflow/.local/lib/python3.6/site-packages/airflow/example_dags/tutorial_taskflow_api_etl_virtualenv.py
[2021-09-29 05:46:45,119] {logging_mixin.py:109} INFO - [2021-09-29 05:46:45,119] {dag.py:1833} INFO - Sync 1 DAGs
[2021-09-29 05:46:45,138] {logging_mixin.py:109} INFO - [2021-09-29 05:46:45,138] {dag.py:2306} INFO - Setting next_dagrun for tutorial_taskflow_api_etl_virtualenv to None
[2021-09-29 05:46:45,151] {processor.py:170} INFO - Processing /home/airflow/.local/lib/python3.6/site-packages/airflow/example_dags/tutorial_taskflow_api_etl_virtualenv.py took 0.327 seconds
[2021-09-29 05:47:15,507] {processor.py:162} INFO - Started process (PID=503) to work on /home/airflow/.local/lib/python3.6/site-packages/airflow/example_dags/tutorial_taskflow_api_etl_virtualenv.py
[2021-09-29 05:47:15,507] {processor.py:613} INFO - Processing file /home/airflow/.local/lib/python3.6/site-packages/airflow/example_dags/tutorial_taskflow_api_etl_virtualenv.py for tasks to queue
[2021-09-29 05:47:15,508] {logging_mixin.py:109} INFO - [2021-09-29 05:47:15,508] {dagbag.py:496} INFO - Filling up the DagBag from /home/airflow/.local/lib/python3.6/site-packages/airflow/example_dags/tutorial_taskflow_api_etl_virtualenv.py
[2021-09-29 05:47:15,522] {processor.py:623} INFO - DAG(s) dict_keys(['tutorial_taskflow_api_etl_virtualenv']) retrieved from /home/airflow/.local/lib/python3.6/site-packages/airflow/example_dags/tutorial_taskflow_api_etl_virtualenv.py
[2021-09-29 05:47:15,543] {logging_mixin.py:109} INFO - [2021-09-29 05:47:15,543] {dag.py:1833} INFO - Sync 1 DAGs
[2021-09-29 05:47:15,557] {logging_mixin.py:109} INFO - [2021-09-29 05:47:15,557] {dag.py:2306} INFO - Setting next_dagrun for tutorial_taskflow_api_etl_virtualenv to None
[2021-09-29 05:47:15,566] {processor.py:170} INFO - Processing /home/airflow/.local/lib/python3.6/site-packages/airflow/example_dags/tutorial_taskflow_api_etl_virtualenv.py took 0.062 seconds
[2021-09-29 05:47:45,810] {processor.py:162} INFO - Started process (PID=566) to work on /home/airflow/.local/lib/python3.6/site-packages/airflow/example_dags/tutorial_taskflow_api_etl_virtualenv.py
[2021-09-29 05:47:45,811] {processor.py:613} INFO - Processing file /home/airflow/.local/lib/python3.6/site-packages/airflow/example_dags/tutorial_taskflow_api_etl_virtualenv.py for tasks to queue
[2021-09-29 05:47:45,812] {logging_mixin.py:109} INFO - [2021-09-29 05:47:45,812] {dagbag.py:496} INFO - Filling up the DagBag from /home/airflow/.local/lib/python3.6/site-packages/airflow/example_dags/tutorial_taskflow_api_etl_virtualenv.py
[2021-09-29 05:47:45,828] {processor.py:623} INFO - DAG(s) dict_keys(['tutorial_taskflow_api_etl_virtualenv']) retrieved from /home/airflow/.local/lib/python3.6/site-packages/airflow/example_dags/tutorial_taskflow_api_etl_virtualenv.py
[2021-09-29 05:47:46,075] {logging_mixin.py:109} INFO - [2021-09-29 05:47:46,075] {dag.py:1833} INFO - Sync 1 DAGs
[2021-09-29 05:47:46,091] {logging_mixin.py:109} INFO - [2021-09-29 05:47:46,091] {dag.py:2306} INFO - Setting next_dagrun for tutorial_taskflow_api_etl_virtualenv to None
[2021-09-29 05:47:46,103] {processor.py:170} INFO - Processing /home/airflow/.local/lib/python3.6/site-packages/airflow/example_dags/tutorial_taskflow_api_etl_virtualenv.py took 0.295 seconds
[2021-09-29 05:48:16,247] {processor.py:162} INFO - Started process (PID=619) to work on /home/airflow/.local/lib/python3.6/site-packages/airflow/example_dags/tutorial_taskflow_api_etl_virtualenv.py
[2021-09-29 05:48:16,247] {processor.py:613} INFO - Processing file /home/airflow/.local/lib/python3.6/site-packages/airflow/example_dags/tutorial_taskflow_api_etl_virtualenv.py for tasks to queue
[2021-09-29 05:48:16,248] {logging_mixin.py:109} INFO - [2021-09-29 05:48:16,248] {dagbag.py:496} INFO - Filling up the DagBag from /home/airflow/.local/lib/python3.6/site-packages/airflow/example_dags/tutorial_taskflow_api_etl_virtualenv.py
[2021-09-29 05:48:16,266] {processor.py:623} INFO - DAG(s) dict_keys(['tutorial_taskflow_api_etl_virtualenv']) retrieved from /home/airflow/.local/lib/python3.6/site-packages/airflow/example_dags/tutorial_taskflow_api_etl_virtualenv.py
[2021-09-29 05:48:16,434] {logging_mixin.py:109} INFO - [2021-09-29 05:48:16,434] {dag.py:1833} INFO - Sync 1 DAGs
[2021-09-29 05:48:16,445] {logging_mixin.py:109} INFO - [2021-09-29 05:48:16,445] {dag.py:2306} INFO - Setting next_dagrun for tutorial_taskflow_api_etl_virtualenv to None
[2021-09-29 05:48:16,454] {processor.py:170} INFO - Processing /home/airflow/.local/lib/python3.6/site-packages/airflow/example_dags/tutorial_taskflow_api_etl_virtualenv.py took 0.209 seconds
[2021-09-29 05:48:46,624] {processor.py:162} INFO - Started process (PID=681) to work on /home/airflow/.local/lib/python3.6/site-packages/airflow/example_dags/tutorial_taskflow_api_etl_virtualenv.py
[2021-09-29 05:48:46,625] {processor.py:613} INFO - Processing file /home/airflow/.local/lib/python3.6/site-packages/airflow/example_dags/tutorial_taskflow_api_etl_virtualenv.py for tasks to queue
[2021-09-29 05:48:46,626] {logging_mixin.py:109} INFO - [2021-09-29 05:48:46,626] {dagbag.py:496} INFO - Filling up the DagBag from /home/airflow/.local/lib/python3.6/site-packages/airflow/example_dags/tutorial_taskflow_api_etl_virtualenv.py
[2021-09-29 05:48:46,653] {processor.py:623} INFO - DAG(s) dict_keys(['tutorial_taskflow_api_etl_virtualenv']) retrieved from /home/airflow/.local/lib/python3.6/site-packages/airflow/example_dags/tutorial_taskflow_api_etl_virtualenv.py
[2021-09-29 05:48:46,871] {logging_mixin.py:109} INFO - [2021-09-29 05:48:46,871] {dag.py:1833} INFO - Sync 1 DAGs
[2021-09-29 05:48:46,883] {logging_mixin.py:109} INFO - [2021-09-29 05:48:46,883] {dag.py:2306} INFO - Setting next_dagrun for tutorial_taskflow_api_etl_virtualenv to None
[2021-09-29 05:48:46,893] {processor.py:170} INFO - Processing /home/airflow/.local/lib/python3.6/site-packages/airflow/example_dags/tutorial_taskflow_api_etl_virtualenv.py took 0.272 seconds
[2021-09-29 05:49:17,094] {processor.py:162} INFO - Started process (PID=735) to work on /home/airflow/.local/lib/python3.6/site-packages/airflow/example_dags/tutorial_taskflow_api_etl_virtualenv.py
[2021-09-29 05:49:17,095] {processor.py:613} INFO - Processing file /home/airflow/.local/lib/python3.6/site-packages/airflow/example_dags/tutorial_taskflow_api_etl_virtualenv.py for tasks to queue
[2021-09-29 05:49:17,095] {logging_mixin.py:109} INFO - [2021-09-29 05:49:17,095] {dagbag.py:496} INFO - Filling up the DagBag from /home/airflow/.local/lib/python3.6/site-packages/airflow/example_dags/tutorial_taskflow_api_etl_virtualenv.py
[2021-09-29 05:49:17,114] {processor.py:623} INFO - DAG(s) dict_keys(['tutorial_taskflow_api_etl_virtualenv']) retrieved from /home/airflow/.local/lib/python3.6/site-packages/airflow/example_dags/tutorial_taskflow_api_etl_virtualenv.py
[2021-09-29 05:49:17,330] {logging_mixin.py:109} INFO - [2021-09-29 05:49:17,330] {dag.py:1833} INFO - Sync 1 DAGs
[2021-09-29 05:49:17,343] {logging_mixin.py:109} INFO - [2021-09-29 05:49:17,343] {dag.py:2306} INFO - Setting next_dagrun for tutorial_taskflow_api_etl_virtualenv to None
[2021-09-29 05:49:17,353] {processor.py:170} INFO - Processing /home/airflow/.local/lib/python3.6/site-packages/airflow/example_dags/tutorial_taskflow_api_etl_virtualenv.py took 0.262 seconds
[2021-09-29 05:49:47,499] {processor.py:162} INFO - Started process (PID=798) to work on /home/airflow/.local/lib/python3.6/site-packages/airflow/example_dags/tutorial_taskflow_api_etl_virtualenv.py
[2021-09-29 05:49:47,500] {processor.py:613} INFO - Processing file /home/airflow/.local/lib/python3.6/site-packages/airflow/example_dags/tutorial_taskflow_api_etl_virtualenv.py for tasks to queue
[2021-09-29 05:49:47,500] {logging_mixin.py:109} INFO - [2021-09-29 05:49:47,500] {dagbag.py:496} INFO - Filling up the DagBag from /home/airflow/.local/lib/python3.6/site-packages/airflow/example_dags/tutorial_taskflow_api_etl_virtualenv.py
[2021-09-29 05:49:47,518] {processor.py:623} INFO - DAG(s) dict_keys(['tutorial_taskflow_api_etl_virtualenv']) retrieved from /home/airflow/.local/lib/python3.6/site-packages/airflow/example_dags/tutorial_taskflow_api_etl_virtualenv.py
[2021-09-29 05:49:47,708] {logging_mixin.py:109} INFO - [2021-09-29 05:49:47,708] {dag.py:1833} INFO - Sync 1 DAGs
[2021-09-29 05:49:47,722] {logging_mixin.py:109} INFO - [2021-09-29 05:49:47,722] {dag.py:2306} INFO - Setting next_dagrun for tutorial_taskflow_api_etl_virtualenv to None
[2021-09-29 05:49:47,732] {processor.py:170} INFO - Processing /home/airflow/.local/lib/python3.6/site-packages/airflow/example_dags/tutorial_taskflow_api_etl_virtualenv.py took 0.235 seconds
[2021-09-29 05:54:20,656] {processor.py:162} INFO - Started process (PID=356) to work on /home/airflow/.local/lib/python3.6/site-packages/airflow/example_dags/tutorial_taskflow_api_etl_virtualenv.py
[2021-09-29 05:54:20,656] {processor.py:613} INFO - Processing file /home/airflow/.local/lib/python3.6/site-packages/airflow/example_dags/tutorial_taskflow_api_etl_virtualenv.py for tasks to queue
[2021-09-29 05:54:20,657] {logging_mixin.py:109} INFO - [2021-09-29 05:54:20,657] {dagbag.py:496} INFO - Filling up the DagBag from /home/airflow/.local/lib/python3.6/site-packages/airflow/example_dags/tutorial_taskflow_api_etl_virtualenv.py
[2021-09-29 05:54:20,673] {processor.py:623} INFO - DAG(s) dict_keys(['tutorial_taskflow_api_etl_virtualenv']) retrieved from /home/airflow/.local/lib/python3.6/site-packages/airflow/example_dags/tutorial_taskflow_api_etl_virtualenv.py
[2021-09-29 05:54:23,089] {logging_mixin.py:109} INFO - [2021-09-29 05:54:23,087] {dag.py:1833} INFO - Sync 1 DAGs
[2021-09-29 05:54:23,101] {logging_mixin.py:109} INFO - [2021-09-29 05:54:23,099] {dag.py:1852} INFO - Creating ORM DAG for tutorial_taskflow_api_etl_virtualenv
[2021-09-29 05:54:23,106] {logging_mixin.py:109} INFO - [2021-09-29 05:54:23,106] {dag.py:2306} INFO - Setting next_dagrun for tutorial_taskflow_api_etl_virtualenv to None
[2021-09-29 05:54:23,118] {processor.py:170} INFO - Processing /home/airflow/.local/lib/python3.6/site-packages/airflow/example_dags/tutorial_taskflow_api_etl_virtualenv.py took 2.465 seconds
[2021-09-29 05:54:53,931] {processor.py:162} INFO - Started process (PID=444) to work on /home/airflow/.local/lib/python3.6/site-packages/airflow/example_dags/tutorial_taskflow_api_etl_virtualenv.py
[2021-09-29 05:54:53,932] {processor.py:613} INFO - Processing file /home/airflow/.local/lib/python3.6/site-packages/airflow/example_dags/tutorial_taskflow_api_etl_virtualenv.py for tasks to queue
[2021-09-29 05:54:53,933] {logging_mixin.py:109} INFO - [2021-09-29 05:54:53,932] {dagbag.py:496} INFO - Filling up the DagBag from /home/airflow/.local/lib/python3.6/site-packages/airflow/example_dags/tutorial_taskflow_api_etl_virtualenv.py
[2021-09-29 05:54:53,945] {processor.py:623} INFO - DAG(s) dict_keys(['tutorial_taskflow_api_etl_virtualenv']) retrieved from /home/airflow/.local/lib/python3.6/site-packages/airflow/example_dags/tutorial_taskflow_api_etl_virtualenv.py
[2021-09-29 05:54:54,139] {logging_mixin.py:109} INFO - [2021-09-29 05:54:54,139] {dag.py:1833} INFO - Sync 1 DAGs
[2021-09-29 05:54:54,159] {logging_mixin.py:109} INFO - [2021-09-29 05:54:54,159] {dag.py:2306} INFO - Setting next_dagrun for tutorial_taskflow_api_etl_virtualenv to None
[2021-09-29 05:54:54,174] {processor.py:170} INFO - Processing /home/airflow/.local/lib/python3.6/site-packages/airflow/example_dags/tutorial_taskflow_api_etl_virtualenv.py took 0.244 seconds
[2021-09-29 05:55:24,335] {processor.py:162} INFO - Started process (PID=508) to work on /home/airflow/.local/lib/python3.6/site-packages/airflow/example_dags/tutorial_taskflow_api_etl_virtualenv.py
[2021-09-29 05:55:24,335] {processor.py:613} INFO - Processing file /home/airflow/.local/lib/python3.6/site-packages/airflow/example_dags/tutorial_taskflow_api_etl_virtualenv.py for tasks to queue
[2021-09-29 05:55:24,336] {logging_mixin.py:109} INFO - [2021-09-29 05:55:24,336] {dagbag.py:496} INFO - Filling up the DagBag from /home/airflow/.local/lib/python3.6/site-packages/airflow/example_dags/tutorial_taskflow_api_etl_virtualenv.py
[2021-09-29 05:55:24,350] {processor.py:623} INFO - DAG(s) dict_keys(['tutorial_taskflow_api_etl_virtualenv']) retrieved from /home/airflow/.local/lib/python3.6/site-packages/airflow/example_dags/tutorial_taskflow_api_etl_virtualenv.py
[2021-09-29 05:55:24,567] {logging_mixin.py:109} INFO - [2021-09-29 05:55:24,567] {dag.py:1833} INFO - Sync 1 DAGs
[2021-09-29 05:55:24,582] {logging_mixin.py:109} INFO - [2021-09-29 05:55:24,582] {dag.py:2306} INFO - Setting next_dagrun for tutorial_taskflow_api_etl_virtualenv to None
[2021-09-29 05:55:24,594] {processor.py:170} INFO - Processing /home/airflow/.local/lib/python3.6/site-packages/airflow/example_dags/tutorial_taskflow_api_etl_virtualenv.py took 0.261 seconds
[2021-09-29 05:55:54,685] {processor.py:162} INFO - Started process (PID=560) to work on /home/airflow/.local/lib/python3.6/site-packages/airflow/example_dags/tutorial_taskflow_api_etl_virtualenv.py
[2021-09-29 05:55:54,686] {processor.py:613} INFO - Processing file /home/airflow/.local/lib/python3.6/site-packages/airflow/example_dags/tutorial_taskflow_api_etl_virtualenv.py for tasks to queue
[2021-09-29 05:55:54,687] {logging_mixin.py:109} INFO - [2021-09-29 05:55:54,687] {dagbag.py:496} INFO - Filling up the DagBag from /home/airflow/.local/lib/python3.6/site-packages/airflow/example_dags/tutorial_taskflow_api_etl_virtualenv.py
[2021-09-29 05:55:54,702] {processor.py:623} INFO - DAG(s) dict_keys(['tutorial_taskflow_api_etl_virtualenv']) retrieved from /home/airflow/.local/lib/python3.6/site-packages/airflow/example_dags/tutorial_taskflow_api_etl_virtualenv.py
[2021-09-29 05:55:54,876] {logging_mixin.py:109} INFO - [2021-09-29 05:55:54,876] {dag.py:1833} INFO - Sync 1 DAGs
[2021-09-29 05:55:54,888] {logging_mixin.py:109} INFO - [2021-09-29 05:55:54,888] {dag.py:2306} INFO - Setting next_dagrun for tutorial_taskflow_api_etl_virtualenv to None
[2021-09-29 05:55:54,900] {processor.py:170} INFO - Processing /home/airflow/.local/lib/python3.6/site-packages/airflow/example_dags/tutorial_taskflow_api_etl_virtualenv.py took 0.217 seconds
[2021-09-29 05:56:25,038] {processor.py:162} INFO - Started process (PID=623) to work on /home/airflow/.local/lib/python3.6/site-packages/airflow/example_dags/tutorial_taskflow_api_etl_virtualenv.py
[2021-09-29 05:56:25,039] {processor.py:613} INFO - Processing file /home/airflow/.local/lib/python3.6/site-packages/airflow/example_dags/tutorial_taskflow_api_etl_virtualenv.py for tasks to queue
[2021-09-29 05:56:25,040] {logging_mixin.py:109} INFO - [2021-09-29 05:56:25,039] {dagbag.py:496} INFO - Filling up the DagBag from /home/airflow/.local/lib/python3.6/site-packages/airflow/example_dags/tutorial_taskflow_api_etl_virtualenv.py
[2021-09-29 05:56:25,061] {processor.py:623} INFO - DAG(s) dict_keys(['tutorial_taskflow_api_etl_virtualenv']) retrieved from /home/airflow/.local/lib/python3.6/site-packages/airflow/example_dags/tutorial_taskflow_api_etl_virtualenv.py
[2021-09-29 05:56:25,265] {logging_mixin.py:109} INFO - [2021-09-29 05:56:25,265] {dag.py:1833} INFO - Sync 1 DAGs
[2021-09-29 05:56:25,277] {logging_mixin.py:109} INFO - [2021-09-29 05:56:25,277] {dag.py:2306} INFO - Setting next_dagrun for tutorial_taskflow_api_etl_virtualenv to None
[2021-09-29 05:56:25,287] {processor.py:170} INFO - Processing /home/airflow/.local/lib/python3.6/site-packages/airflow/example_dags/tutorial_taskflow_api_etl_virtualenv.py took 0.252 seconds
[2021-09-29 06:00:18,386] {processor.py:162} INFO - Started process (PID=381) to work on /home/airflow/.local/lib/python3.6/site-packages/airflow/example_dags/tutorial_taskflow_api_etl_virtualenv.py
[2021-09-29 06:00:18,387] {processor.py:613} INFO - Processing file /home/airflow/.local/lib/python3.6/site-packages/airflow/example_dags/tutorial_taskflow_api_etl_virtualenv.py for tasks to queue
[2021-09-29 06:00:18,387] {logging_mixin.py:109} INFO - [2021-09-29 06:00:18,387] {dagbag.py:496} INFO - Filling up the DagBag from /home/airflow/.local/lib/python3.6/site-packages/airflow/example_dags/tutorial_taskflow_api_etl_virtualenv.py
[2021-09-29 06:00:18,406] {processor.py:623} INFO - DAG(s) dict_keys(['tutorial_taskflow_api_etl_virtualenv']) retrieved from /home/airflow/.local/lib/python3.6/site-packages/airflow/example_dags/tutorial_taskflow_api_etl_virtualenv.py
[2021-09-29 06:00:21,220] {logging_mixin.py:109} INFO - [2021-09-29 06:00:21,219] {dag.py:1833} INFO - Sync 1 DAGs
[2021-09-29 06:00:21,236] {logging_mixin.py:109} INFO - [2021-09-29 06:00:21,234] {dag.py:1852} INFO - Creating ORM DAG for tutorial_taskflow_api_etl_virtualenv
[2021-09-29 06:00:21,244] {logging_mixin.py:109} INFO - [2021-09-29 06:00:21,244] {dag.py:2306} INFO - Setting next_dagrun for tutorial_taskflow_api_etl_virtualenv to None
[2021-09-29 06:00:21,262] {processor.py:170} INFO - Processing /home/airflow/.local/lib/python3.6/site-packages/airflow/example_dags/tutorial_taskflow_api_etl_virtualenv.py took 2.880 seconds
[2021-09-29 06:00:51,736] {processor.py:162} INFO - Started process (PID=457) to work on /home/airflow/.local/lib/python3.6/site-packages/airflow/example_dags/tutorial_taskflow_api_etl_virtualenv.py
[2021-09-29 06:00:51,738] {processor.py:613} INFO - Processing file /home/airflow/.local/lib/python3.6/site-packages/airflow/example_dags/tutorial_taskflow_api_etl_virtualenv.py for tasks to queue
[2021-09-29 06:00:51,738] {logging_mixin.py:109} INFO - [2021-09-29 06:00:51,738] {dagbag.py:496} INFO - Filling up the DagBag from /home/airflow/.local/lib/python3.6/site-packages/airflow/example_dags/tutorial_taskflow_api_etl_virtualenv.py
[2021-09-29 06:00:51,756] {processor.py:623} INFO - DAG(s) dict_keys(['tutorial_taskflow_api_etl_virtualenv']) retrieved from /home/airflow/.local/lib/python3.6/site-packages/airflow/example_dags/tutorial_taskflow_api_etl_virtualenv.py
[2021-09-29 06:00:52,041] {logging_mixin.py:109} INFO - [2021-09-29 06:00:52,041] {dag.py:1833} INFO - Sync 1 DAGs
[2021-09-29 06:00:52,056] {logging_mixin.py:109} INFO - [2021-09-29 06:00:52,056] {dag.py:2306} INFO - Setting next_dagrun for tutorial_taskflow_api_etl_virtualenv to None
[2021-09-29 06:00:52,068] {processor.py:170} INFO - Processing /home/airflow/.local/lib/python3.6/site-packages/airflow/example_dags/tutorial_taskflow_api_etl_virtualenv.py took 0.334 seconds
[2021-09-29 06:01:22,546] {processor.py:162} INFO - Started process (PID=515) to work on /home/airflow/.local/lib/python3.6/site-packages/airflow/example_dags/tutorial_taskflow_api_etl_virtualenv.py
[2021-09-29 06:01:22,546] {processor.py:613} INFO - Processing file /home/airflow/.local/lib/python3.6/site-packages/airflow/example_dags/tutorial_taskflow_api_etl_virtualenv.py for tasks to queue
[2021-09-29 06:01:22,547] {logging_mixin.py:109} INFO - [2021-09-29 06:01:22,547] {dagbag.py:496} INFO - Filling up the DagBag from /home/airflow/.local/lib/python3.6/site-packages/airflow/example_dags/tutorial_taskflow_api_etl_virtualenv.py
[2021-09-29 06:01:22,561] {processor.py:623} INFO - DAG(s) dict_keys(['tutorial_taskflow_api_etl_virtualenv']) retrieved from /home/airflow/.local/lib/python3.6/site-packages/airflow/example_dags/tutorial_taskflow_api_etl_virtualenv.py
[2021-09-29 06:01:22,756] {logging_mixin.py:109} INFO - [2021-09-29 06:01:22,756] {dag.py:1833} INFO - Sync 1 DAGs
[2021-09-29 06:01:22,770] {logging_mixin.py:109} INFO - [2021-09-29 06:01:22,769] {dag.py:2306} INFO - Setting next_dagrun for tutorial_taskflow_api_etl_virtualenv to None
[2021-09-29 06:01:22,781] {processor.py:170} INFO - Processing /home/airflow/.local/lib/python3.6/site-packages/airflow/example_dags/tutorial_taskflow_api_etl_virtualenv.py took 0.238 seconds
[2021-09-29 06:01:52,801] {processor.py:162} INFO - Started process (PID=578) to work on /home/airflow/.local/lib/python3.6/site-packages/airflow/example_dags/tutorial_taskflow_api_etl_virtualenv.py
[2021-09-29 06:01:52,802] {processor.py:613} INFO - Processing file /home/airflow/.local/lib/python3.6/site-packages/airflow/example_dags/tutorial_taskflow_api_etl_virtualenv.py for tasks to queue
[2021-09-29 06:01:52,803] {logging_mixin.py:109} INFO - [2021-09-29 06:01:52,803] {dagbag.py:496} INFO - Filling up the DagBag from /home/airflow/.local/lib/python3.6/site-packages/airflow/example_dags/tutorial_taskflow_api_etl_virtualenv.py
[2021-09-29 06:01:52,818] {processor.py:623} INFO - DAG(s) dict_keys(['tutorial_taskflow_api_etl_virtualenv']) retrieved from /home/airflow/.local/lib/python3.6/site-packages/airflow/example_dags/tutorial_taskflow_api_etl_virtualenv.py
[2021-09-29 06:01:53,005] {logging_mixin.py:109} INFO - [2021-09-29 06:01:53,005] {dag.py:1833} INFO - Sync 1 DAGs
[2021-09-29 06:01:53,019] {logging_mixin.py:109} INFO - [2021-09-29 06:01:53,019] {dag.py:2306} INFO - Setting next_dagrun for tutorial_taskflow_api_etl_virtualenv to None
[2021-09-29 06:01:53,032] {processor.py:170} INFO - Processing /home/airflow/.local/lib/python3.6/site-packages/airflow/example_dags/tutorial_taskflow_api_etl_virtualenv.py took 0.233 seconds
[2021-09-29 06:02:23,721] {processor.py:162} INFO - Started process (PID=638) to work on /home/airflow/.local/lib/python3.6/site-packages/airflow/example_dags/tutorial_taskflow_api_etl_virtualenv.py
[2021-09-29 06:02:23,722] {processor.py:613} INFO - Processing file /home/airflow/.local/lib/python3.6/site-packages/airflow/example_dags/tutorial_taskflow_api_etl_virtualenv.py for tasks to queue
[2021-09-29 06:02:23,723] {logging_mixin.py:109} INFO - [2021-09-29 06:02:23,723] {dagbag.py:496} INFO - Filling up the DagBag from /home/airflow/.local/lib/python3.6/site-packages/airflow/example_dags/tutorial_taskflow_api_etl_virtualenv.py
[2021-09-29 06:02:23,746] {processor.py:623} INFO - DAG(s) dict_keys(['tutorial_taskflow_api_etl_virtualenv']) retrieved from /home/airflow/.local/lib/python3.6/site-packages/airflow/example_dags/tutorial_taskflow_api_etl_virtualenv.py
[2021-09-29 06:02:24,055] {logging_mixin.py:109} INFO - [2021-09-29 06:02:24,055] {dag.py:1833} INFO - Sync 1 DAGs
[2021-09-29 06:02:24,073] {logging_mixin.py:109} INFO - [2021-09-29 06:02:24,073] {dag.py:2306} INFO - Setting next_dagrun for tutorial_taskflow_api_etl_virtualenv to None
[2021-09-29 06:02:24,087] {processor.py:170} INFO - Processing /home/airflow/.local/lib/python3.6/site-packages/airflow/example_dags/tutorial_taskflow_api_etl_virtualenv.py took 0.369 seconds
[2021-09-29 06:02:54,653] {processor.py:162} INFO - Started process (PID=700) to work on /home/airflow/.local/lib/python3.6/site-packages/airflow/example_dags/tutorial_taskflow_api_etl_virtualenv.py
[2021-09-29 06:02:54,654] {processor.py:613} INFO - Processing file /home/airflow/.local/lib/python3.6/site-packages/airflow/example_dags/tutorial_taskflow_api_etl_virtualenv.py for tasks to queue
[2021-09-29 06:02:54,655] {logging_mixin.py:109} INFO - [2021-09-29 06:02:54,655] {dagbag.py:496} INFO - Filling up the DagBag from /home/airflow/.local/lib/python3.6/site-packages/airflow/example_dags/tutorial_taskflow_api_etl_virtualenv.py
[2021-09-29 06:02:54,673] {processor.py:623} INFO - DAG(s) dict_keys(['tutorial_taskflow_api_etl_virtualenv']) retrieved from /home/airflow/.local/lib/python3.6/site-packages/airflow/example_dags/tutorial_taskflow_api_etl_virtualenv.py
[2021-09-29 06:02:54,890] {logging_mixin.py:109} INFO - [2021-09-29 06:02:54,890] {dag.py:1833} INFO - Sync 1 DAGs
[2021-09-29 06:02:54,904] {logging_mixin.py:109} INFO - [2021-09-29 06:02:54,904] {dag.py:2306} INFO - Setting next_dagrun for tutorial_taskflow_api_etl_virtualenv to None
[2021-09-29 06:02:54,915] {processor.py:170} INFO - Processing /home/airflow/.local/lib/python3.6/site-packages/airflow/example_dags/tutorial_taskflow_api_etl_virtualenv.py took 0.264 seconds
[2021-09-29 06:03:25,128] {processor.py:162} INFO - Started process (PID=752) to work on /home/airflow/.local/lib/python3.6/site-packages/airflow/example_dags/tutorial_taskflow_api_etl_virtualenv.py
[2021-09-29 06:03:25,129] {processor.py:613} INFO - Processing file /home/airflow/.local/lib/python3.6/site-packages/airflow/example_dags/tutorial_taskflow_api_etl_virtualenv.py for tasks to queue
[2021-09-29 06:03:25,130] {logging_mixin.py:109} INFO - [2021-09-29 06:03:25,130] {dagbag.py:496} INFO - Filling up the DagBag from /home/airflow/.local/lib/python3.6/site-packages/airflow/example_dags/tutorial_taskflow_api_etl_virtualenv.py
[2021-09-29 06:03:25,155] {processor.py:623} INFO - DAG(s) dict_keys(['tutorial_taskflow_api_etl_virtualenv']) retrieved from /home/airflow/.local/lib/python3.6/site-packages/airflow/example_dags/tutorial_taskflow_api_etl_virtualenv.py
[2021-09-29 06:03:25,383] {logging_mixin.py:109} INFO - [2021-09-29 06:03:25,383] {dag.py:1833} INFO - Sync 1 DAGs
[2021-09-29 06:03:25,397] {logging_mixin.py:109} INFO - [2021-09-29 06:03:25,397] {dag.py:2306} INFO - Setting next_dagrun for tutorial_taskflow_api_etl_virtualenv to None
[2021-09-29 06:03:25,409] {processor.py:170} INFO - Processing /home/airflow/.local/lib/python3.6/site-packages/airflow/example_dags/tutorial_taskflow_api_etl_virtualenv.py took 0.284 seconds
[2021-09-29 06:03:55,497] {processor.py:162} INFO - Started process (PID=816) to work on /home/airflow/.local/lib/python3.6/site-packages/airflow/example_dags/tutorial_taskflow_api_etl_virtualenv.py
[2021-09-29 06:03:55,498] {processor.py:613} INFO - Processing file /home/airflow/.local/lib/python3.6/site-packages/airflow/example_dags/tutorial_taskflow_api_etl_virtualenv.py for tasks to queue
[2021-09-29 06:03:55,498] {logging_mixin.py:109} INFO - [2021-09-29 06:03:55,498] {dagbag.py:496} INFO - Filling up the DagBag from /home/airflow/.local/lib/python3.6/site-packages/airflow/example_dags/tutorial_taskflow_api_etl_virtualenv.py
[2021-09-29 06:03:55,515] {processor.py:623} INFO - DAG(s) dict_keys(['tutorial_taskflow_api_etl_virtualenv']) retrieved from /home/airflow/.local/lib/python3.6/site-packages/airflow/example_dags/tutorial_taskflow_api_etl_virtualenv.py
[2021-09-29 06:03:55,708] {logging_mixin.py:109} INFO - [2021-09-29 06:03:55,708] {dag.py:1833} INFO - Sync 1 DAGs
[2021-09-29 06:03:55,720] {logging_mixin.py:109} INFO - [2021-09-29 06:03:55,720] {dag.py:2306} INFO - Setting next_dagrun for tutorial_taskflow_api_etl_virtualenv to None
[2021-09-29 06:03:55,730] {processor.py:170} INFO - Processing /home/airflow/.local/lib/python3.6/site-packages/airflow/example_dags/tutorial_taskflow_api_etl_virtualenv.py took 0.235 seconds
[2021-09-29 06:04:25,974] {processor.py:162} INFO - Started process (PID=875) to work on /home/airflow/.local/lib/python3.6/site-packages/airflow/example_dags/tutorial_taskflow_api_etl_virtualenv.py
[2021-09-29 06:04:25,976] {processor.py:613} INFO - Processing file /home/airflow/.local/lib/python3.6/site-packages/airflow/example_dags/tutorial_taskflow_api_etl_virtualenv.py for tasks to queue
[2021-09-29 06:04:25,977] {logging_mixin.py:109} INFO - [2021-09-29 06:04:25,976] {dagbag.py:496} INFO - Filling up the DagBag from /home/airflow/.local/lib/python3.6/site-packages/airflow/example_dags/tutorial_taskflow_api_etl_virtualenv.py
[2021-09-29 06:04:26,005] {processor.py:623} INFO - DAG(s) dict_keys(['tutorial_taskflow_api_etl_virtualenv']) retrieved from /home/airflow/.local/lib/python3.6/site-packages/airflow/example_dags/tutorial_taskflow_api_etl_virtualenv.py
[2021-09-29 06:04:26,306] {logging_mixin.py:109} INFO - [2021-09-29 06:04:26,305] {dag.py:1833} INFO - Sync 1 DAGs
[2021-09-29 06:04:26,326] {logging_mixin.py:109} INFO - [2021-09-29 06:04:26,326] {dag.py:2306} INFO - Setting next_dagrun for tutorial_taskflow_api_etl_virtualenv to None
[2021-09-29 06:04:26,339] {processor.py:170} INFO - Processing /home/airflow/.local/lib/python3.6/site-packages/airflow/example_dags/tutorial_taskflow_api_etl_virtualenv.py took 0.369 seconds
[2021-09-29 06:04:56,553] {processor.py:162} INFO - Started process (PID=930) to work on /home/airflow/.local/lib/python3.6/site-packages/airflow/example_dags/tutorial_taskflow_api_etl_virtualenv.py
[2021-09-29 06:04:56,553] {processor.py:613} INFO - Processing file /home/airflow/.local/lib/python3.6/site-packages/airflow/example_dags/tutorial_taskflow_api_etl_virtualenv.py for tasks to queue
[2021-09-29 06:04:56,554] {logging_mixin.py:109} INFO - [2021-09-29 06:04:56,554] {dagbag.py:496} INFO - Filling up the DagBag from /home/airflow/.local/lib/python3.6/site-packages/airflow/example_dags/tutorial_taskflow_api_etl_virtualenv.py
[2021-09-29 06:04:56,574] {processor.py:623} INFO - DAG(s) dict_keys(['tutorial_taskflow_api_etl_virtualenv']) retrieved from /home/airflow/.local/lib/python3.6/site-packages/airflow/example_dags/tutorial_taskflow_api_etl_virtualenv.py
[2021-09-29 06:04:56,828] {logging_mixin.py:109} INFO - [2021-09-29 06:04:56,827] {dag.py:1833} INFO - Sync 1 DAGs
[2021-09-29 06:04:56,842] {logging_mixin.py:109} INFO - [2021-09-29 06:04:56,842] {dag.py:2306} INFO - Setting next_dagrun for tutorial_taskflow_api_etl_virtualenv to None
[2021-09-29 06:04:56,855] {processor.py:170} INFO - Processing /home/airflow/.local/lib/python3.6/site-packages/airflow/example_dags/tutorial_taskflow_api_etl_virtualenv.py took 0.305 seconds
[2021-09-29 06:05:27,236] {processor.py:162} INFO - Started process (PID=993) to work on /home/airflow/.local/lib/python3.6/site-packages/airflow/example_dags/tutorial_taskflow_api_etl_virtualenv.py
[2021-09-29 06:05:27,237] {processor.py:613} INFO - Processing file /home/airflow/.local/lib/python3.6/site-packages/airflow/example_dags/tutorial_taskflow_api_etl_virtualenv.py for tasks to queue
[2021-09-29 06:05:27,238] {logging_mixin.py:109} INFO - [2021-09-29 06:05:27,237] {dagbag.py:496} INFO - Filling up the DagBag from /home/airflow/.local/lib/python3.6/site-packages/airflow/example_dags/tutorial_taskflow_api_etl_virtualenv.py
[2021-09-29 06:05:27,257] {processor.py:623} INFO - DAG(s) dict_keys(['tutorial_taskflow_api_etl_virtualenv']) retrieved from /home/airflow/.local/lib/python3.6/site-packages/airflow/example_dags/tutorial_taskflow_api_etl_virtualenv.py
[2021-09-29 06:05:27,525] {logging_mixin.py:109} INFO - [2021-09-29 06:05:27,525] {dag.py:1833} INFO - Sync 1 DAGs
[2021-09-29 06:05:27,540] {logging_mixin.py:109} INFO - [2021-09-29 06:05:27,539] {dag.py:2306} INFO - Setting next_dagrun for tutorial_taskflow_api_etl_virtualenv to None
[2021-09-29 06:05:27,553] {processor.py:170} INFO - Processing /home/airflow/.local/lib/python3.6/site-packages/airflow/example_dags/tutorial_taskflow_api_etl_virtualenv.py took 0.320 seconds
[2021-09-29 06:05:57,674] {processor.py:162} INFO - Started process (PID=1047) to work on /home/airflow/.local/lib/python3.6/site-packages/airflow/example_dags/tutorial_taskflow_api_etl_virtualenv.py
[2021-09-29 06:05:57,675] {processor.py:613} INFO - Processing file /home/airflow/.local/lib/python3.6/site-packages/airflow/example_dags/tutorial_taskflow_api_etl_virtualenv.py for tasks to queue
[2021-09-29 06:05:57,675] {logging_mixin.py:109} INFO - [2021-09-29 06:05:57,675] {dagbag.py:496} INFO - Filling up the DagBag from /home/airflow/.local/lib/python3.6/site-packages/airflow/example_dags/tutorial_taskflow_api_etl_virtualenv.py
[2021-09-29 06:05:57,694] {processor.py:623} INFO - DAG(s) dict_keys(['tutorial_taskflow_api_etl_virtualenv']) retrieved from /home/airflow/.local/lib/python3.6/site-packages/airflow/example_dags/tutorial_taskflow_api_etl_virtualenv.py
[2021-09-29 06:05:57,928] {logging_mixin.py:109} INFO - [2021-09-29 06:05:57,927] {dag.py:1833} INFO - Sync 1 DAGs
[2021-09-29 06:05:57,944] {logging_mixin.py:109} INFO - [2021-09-29 06:05:57,944] {dag.py:2306} INFO - Setting next_dagrun for tutorial_taskflow_api_etl_virtualenv to None
[2021-09-29 06:05:57,958] {processor.py:170} INFO - Processing /home/airflow/.local/lib/python3.6/site-packages/airflow/example_dags/tutorial_taskflow_api_etl_virtualenv.py took 0.287 seconds
[2021-09-29 06:06:28,174] {processor.py:162} INFO - Started process (PID=1111) to work on /home/airflow/.local/lib/python3.6/site-packages/airflow/example_dags/tutorial_taskflow_api_etl_virtualenv.py
[2021-09-29 06:06:28,181] {processor.py:613} INFO - Processing file /home/airflow/.local/lib/python3.6/site-packages/airflow/example_dags/tutorial_taskflow_api_etl_virtualenv.py for tasks to queue
[2021-09-29 06:06:28,182] {logging_mixin.py:109} INFO - [2021-09-29 06:06:28,182] {dagbag.py:496} INFO - Filling up the DagBag from /home/airflow/.local/lib/python3.6/site-packages/airflow/example_dags/tutorial_taskflow_api_etl_virtualenv.py
[2021-09-29 06:06:28,202] {processor.py:623} INFO - DAG(s) dict_keys(['tutorial_taskflow_api_etl_virtualenv']) retrieved from /home/airflow/.local/lib/python3.6/site-packages/airflow/example_dags/tutorial_taskflow_api_etl_virtualenv.py
[2021-09-29 06:06:28,544] {logging_mixin.py:109} INFO - [2021-09-29 06:06:28,544] {dag.py:1833} INFO - Sync 1 DAGs
[2021-09-29 06:06:28,560] {logging_mixin.py:109} INFO - [2021-09-29 06:06:28,560] {dag.py:2306} INFO - Setting next_dagrun for tutorial_taskflow_api_etl_virtualenv to None
[2021-09-29 06:06:28,572] {processor.py:170} INFO - Processing /home/airflow/.local/lib/python3.6/site-packages/airflow/example_dags/tutorial_taskflow_api_etl_virtualenv.py took 0.402 seconds
[2021-09-29 06:06:58,627] {processor.py:162} INFO - Started process (PID=1163) to work on /home/airflow/.local/lib/python3.6/site-packages/airflow/example_dags/tutorial_taskflow_api_etl_virtualenv.py
[2021-09-29 06:06:58,628] {processor.py:613} INFO - Processing file /home/airflow/.local/lib/python3.6/site-packages/airflow/example_dags/tutorial_taskflow_api_etl_virtualenv.py for tasks to queue
[2021-09-29 06:06:58,628] {logging_mixin.py:109} INFO - [2021-09-29 06:06:58,628] {dagbag.py:496} INFO - Filling up the DagBag from /home/airflow/.local/lib/python3.6/site-packages/airflow/example_dags/tutorial_taskflow_api_etl_virtualenv.py
[2021-09-29 06:06:58,641] {processor.py:623} INFO - DAG(s) dict_keys(['tutorial_taskflow_api_etl_virtualenv']) retrieved from /home/airflow/.local/lib/python3.6/site-packages/airflow/example_dags/tutorial_taskflow_api_etl_virtualenv.py
[2021-09-29 06:06:58,866] {logging_mixin.py:109} INFO - [2021-09-29 06:06:58,866] {dag.py:1833} INFO - Sync 1 DAGs
[2021-09-29 06:06:58,877] {logging_mixin.py:109} INFO - [2021-09-29 06:06:58,877] {dag.py:2306} INFO - Setting next_dagrun for tutorial_taskflow_api_etl_virtualenv to None
[2021-09-29 06:06:58,887] {processor.py:170} INFO - Processing /home/airflow/.local/lib/python3.6/site-packages/airflow/example_dags/tutorial_taskflow_api_etl_virtualenv.py took 0.262 seconds
[2021-09-29 06:07:28,913] {processor.py:162} INFO - Started process (PID=1226) to work on /home/airflow/.local/lib/python3.6/site-packages/airflow/example_dags/tutorial_taskflow_api_etl_virtualenv.py
[2021-09-29 06:07:28,913] {processor.py:613} INFO - Processing file /home/airflow/.local/lib/python3.6/site-packages/airflow/example_dags/tutorial_taskflow_api_etl_virtualenv.py for tasks to queue
[2021-09-29 06:07:28,914] {logging_mixin.py:109} INFO - [2021-09-29 06:07:28,914] {dagbag.py:496} INFO - Filling up the DagBag from /home/airflow/.local/lib/python3.6/site-packages/airflow/example_dags/tutorial_taskflow_api_etl_virtualenv.py
[2021-09-29 06:07:28,926] {processor.py:623} INFO - DAG(s) dict_keys(['tutorial_taskflow_api_etl_virtualenv']) retrieved from /home/airflow/.local/lib/python3.6/site-packages/airflow/example_dags/tutorial_taskflow_api_etl_virtualenv.py
[2021-09-29 06:07:29,116] {logging_mixin.py:109} INFO - [2021-09-29 06:07:29,116] {dag.py:1833} INFO - Sync 1 DAGs
[2021-09-29 06:07:29,130] {logging_mixin.py:109} INFO - [2021-09-29 06:07:29,130] {dag.py:2306} INFO - Setting next_dagrun for tutorial_taskflow_api_etl_virtualenv to None
[2021-09-29 06:07:29,147] {processor.py:170} INFO - Processing /home/airflow/.local/lib/python3.6/site-packages/airflow/example_dags/tutorial_taskflow_api_etl_virtualenv.py took 0.237 seconds
[2021-09-29 06:07:59,924] {processor.py:162} INFO - Started process (PID=1289) to work on /home/airflow/.local/lib/python3.6/site-packages/airflow/example_dags/tutorial_taskflow_api_etl_virtualenv.py
[2021-09-29 06:07:59,924] {processor.py:613} INFO - Processing file /home/airflow/.local/lib/python3.6/site-packages/airflow/example_dags/tutorial_taskflow_api_etl_virtualenv.py for tasks to queue
[2021-09-29 06:07:59,925] {logging_mixin.py:109} INFO - [2021-09-29 06:07:59,925] {dagbag.py:496} INFO - Filling up the DagBag from /home/airflow/.local/lib/python3.6/site-packages/airflow/example_dags/tutorial_taskflow_api_etl_virtualenv.py
[2021-09-29 06:07:59,942] {processor.py:623} INFO - DAG(s) dict_keys(['tutorial_taskflow_api_etl_virtualenv']) retrieved from /home/airflow/.local/lib/python3.6/site-packages/airflow/example_dags/tutorial_taskflow_api_etl_virtualenv.py
[2021-09-29 06:08:00,177] {logging_mixin.py:109} INFO - [2021-09-29 06:08:00,177] {dag.py:1833} INFO - Sync 1 DAGs
[2021-09-29 06:08:00,196] {logging_mixin.py:109} INFO - [2021-09-29 06:08:00,195] {dag.py:2306} INFO - Setting next_dagrun for tutorial_taskflow_api_etl_virtualenv to None
[2021-09-29 06:08:00,209] {processor.py:170} INFO - Processing /home/airflow/.local/lib/python3.6/site-packages/airflow/example_dags/tutorial_taskflow_api_etl_virtualenv.py took 0.288 seconds
[2021-09-29 06:08:30,429] {processor.py:162} INFO - Started process (PID=1344) to work on /home/airflow/.local/lib/python3.6/site-packages/airflow/example_dags/tutorial_taskflow_api_etl_virtualenv.py
[2021-09-29 06:08:30,429] {processor.py:613} INFO - Processing file /home/airflow/.local/lib/python3.6/site-packages/airflow/example_dags/tutorial_taskflow_api_etl_virtualenv.py for tasks to queue
[2021-09-29 06:08:30,430] {logging_mixin.py:109} INFO - [2021-09-29 06:08:30,430] {dagbag.py:496} INFO - Filling up the DagBag from /home/airflow/.local/lib/python3.6/site-packages/airflow/example_dags/tutorial_taskflow_api_etl_virtualenv.py
[2021-09-29 06:08:30,447] {processor.py:623} INFO - DAG(s) dict_keys(['tutorial_taskflow_api_etl_virtualenv']) retrieved from /home/airflow/.local/lib/python3.6/site-packages/airflow/example_dags/tutorial_taskflow_api_etl_virtualenv.py
[2021-09-29 06:08:30,627] {logging_mixin.py:109} INFO - [2021-09-29 06:08:30,627] {dag.py:1833} INFO - Sync 1 DAGs
[2021-09-29 06:08:30,639] {logging_mixin.py:109} INFO - [2021-09-29 06:08:30,639] {dag.py:2306} INFO - Setting next_dagrun for tutorial_taskflow_api_etl_virtualenv to None
[2021-09-29 06:08:30,649] {processor.py:170} INFO - Processing /home/airflow/.local/lib/python3.6/site-packages/airflow/example_dags/tutorial_taskflow_api_etl_virtualenv.py took 0.222 seconds
[2021-09-29 06:09:00,815] {processor.py:162} INFO - Started process (PID=1407) to work on /home/airflow/.local/lib/python3.6/site-packages/airflow/example_dags/tutorial_taskflow_api_etl_virtualenv.py
[2021-09-29 06:09:00,816] {processor.py:613} INFO - Processing file /home/airflow/.local/lib/python3.6/site-packages/airflow/example_dags/tutorial_taskflow_api_etl_virtualenv.py for tasks to queue
[2021-09-29 06:09:00,817] {logging_mixin.py:109} INFO - [2021-09-29 06:09:00,817] {dagbag.py:496} INFO - Filling up the DagBag from /home/airflow/.local/lib/python3.6/site-packages/airflow/example_dags/tutorial_taskflow_api_etl_virtualenv.py
[2021-09-29 06:09:00,835] {processor.py:623} INFO - DAG(s) dict_keys(['tutorial_taskflow_api_etl_virtualenv']) retrieved from /home/airflow/.local/lib/python3.6/site-packages/airflow/example_dags/tutorial_taskflow_api_etl_virtualenv.py
[2021-09-29 06:09:01,043] {logging_mixin.py:109} INFO - [2021-09-29 06:09:01,043] {dag.py:1833} INFO - Sync 1 DAGs
[2021-09-29 06:09:01,058] {logging_mixin.py:109} INFO - [2021-09-29 06:09:01,058] {dag.py:2306} INFO - Setting next_dagrun for tutorial_taskflow_api_etl_virtualenv to None
[2021-09-29 06:09:01,072] {processor.py:170} INFO - Processing /home/airflow/.local/lib/python3.6/site-packages/airflow/example_dags/tutorial_taskflow_api_etl_virtualenv.py took 0.259 seconds
[2021-09-29 06:09:31,244] {processor.py:162} INFO - Started process (PID=1460) to work on /home/airflow/.local/lib/python3.6/site-packages/airflow/example_dags/tutorial_taskflow_api_etl_virtualenv.py
[2021-09-29 06:09:31,246] {processor.py:613} INFO - Processing file /home/airflow/.local/lib/python3.6/site-packages/airflow/example_dags/tutorial_taskflow_api_etl_virtualenv.py for tasks to queue
[2021-09-29 06:09:31,247] {logging_mixin.py:109} INFO - [2021-09-29 06:09:31,246] {dagbag.py:496} INFO - Filling up the DagBag from /home/airflow/.local/lib/python3.6/site-packages/airflow/example_dags/tutorial_taskflow_api_etl_virtualenv.py
[2021-09-29 06:09:31,261] {processor.py:623} INFO - DAG(s) dict_keys(['tutorial_taskflow_api_etl_virtualenv']) retrieved from /home/airflow/.local/lib/python3.6/site-packages/airflow/example_dags/tutorial_taskflow_api_etl_virtualenv.py
[2021-09-29 06:09:31,279] {logging_mixin.py:109} INFO - [2021-09-29 06:09:31,279] {dag.py:1833} INFO - Sync 1 DAGs
[2021-09-29 06:09:31,292] {logging_mixin.py:109} INFO - [2021-09-29 06:09:31,292] {dag.py:2306} INFO - Setting next_dagrun for tutorial_taskflow_api_etl_virtualenv to None
[2021-09-29 06:09:31,302] {processor.py:170} INFO - Processing /home/airflow/.local/lib/python3.6/site-packages/airflow/example_dags/tutorial_taskflow_api_etl_virtualenv.py took 0.059 seconds
[2021-09-29 06:10:01,391] {processor.py:162} INFO - Started process (PID=1522) to work on /home/airflow/.local/lib/python3.6/site-packages/airflow/example_dags/tutorial_taskflow_api_etl_virtualenv.py
[2021-09-29 06:10:01,392] {processor.py:613} INFO - Processing file /home/airflow/.local/lib/python3.6/site-packages/airflow/example_dags/tutorial_taskflow_api_etl_virtualenv.py for tasks to queue
[2021-09-29 06:10:01,393] {logging_mixin.py:109} INFO - [2021-09-29 06:10:01,392] {dagbag.py:496} INFO - Filling up the DagBag from /home/airflow/.local/lib/python3.6/site-packages/airflow/example_dags/tutorial_taskflow_api_etl_virtualenv.py
[2021-09-29 06:10:01,409] {processor.py:623} INFO - DAG(s) dict_keys(['tutorial_taskflow_api_etl_virtualenv']) retrieved from /home/airflow/.local/lib/python3.6/site-packages/airflow/example_dags/tutorial_taskflow_api_etl_virtualenv.py
[2021-09-29 06:10:01,593] {logging_mixin.py:109} INFO - [2021-09-29 06:10:01,593] {dag.py:1833} INFO - Sync 1 DAGs
[2021-09-29 06:10:01,608] {logging_mixin.py:109} INFO - [2021-09-29 06:10:01,608] {dag.py:2306} INFO - Setting next_dagrun for tutorial_taskflow_api_etl_virtualenv to None
[2021-09-29 06:10:01,617] {processor.py:170} INFO - Processing /home/airflow/.local/lib/python3.6/site-packages/airflow/example_dags/tutorial_taskflow_api_etl_virtualenv.py took 0.229 seconds
[2021-09-29 06:10:31,805] {processor.py:162} INFO - Started process (PID=1585) to work on /home/airflow/.local/lib/python3.6/site-packages/airflow/example_dags/tutorial_taskflow_api_etl_virtualenv.py
[2021-09-29 06:10:31,805] {processor.py:613} INFO - Processing file /home/airflow/.local/lib/python3.6/site-packages/airflow/example_dags/tutorial_taskflow_api_etl_virtualenv.py for tasks to queue
[2021-09-29 06:10:31,806] {logging_mixin.py:109} INFO - [2021-09-29 06:10:31,806] {dagbag.py:496} INFO - Filling up the DagBag from /home/airflow/.local/lib/python3.6/site-packages/airflow/example_dags/tutorial_taskflow_api_etl_virtualenv.py
[2021-09-29 06:10:31,821] {processor.py:623} INFO - DAG(s) dict_keys(['tutorial_taskflow_api_etl_virtualenv']) retrieved from /home/airflow/.local/lib/python3.6/site-packages/airflow/example_dags/tutorial_taskflow_api_etl_virtualenv.py
[2021-09-29 06:10:32,010] {logging_mixin.py:109} INFO - [2021-09-29 06:10:32,010] {dag.py:1833} INFO - Sync 1 DAGs
[2021-09-29 06:10:32,026] {logging_mixin.py:109} INFO - [2021-09-29 06:10:32,025] {dag.py:2306} INFO - Setting next_dagrun for tutorial_taskflow_api_etl_virtualenv to None
[2021-09-29 06:10:32,037] {processor.py:170} INFO - Processing /home/airflow/.local/lib/python3.6/site-packages/airflow/example_dags/tutorial_taskflow_api_etl_virtualenv.py took 0.235 seconds
[2021-09-29 06:11:02,079] {processor.py:162} INFO - Started process (PID=1637) to work on /home/airflow/.local/lib/python3.6/site-packages/airflow/example_dags/tutorial_taskflow_api_etl_virtualenv.py
[2021-09-29 06:11:02,081] {processor.py:613} INFO - Processing file /home/airflow/.local/lib/python3.6/site-packages/airflow/example_dags/tutorial_taskflow_api_etl_virtualenv.py for tasks to queue
[2021-09-29 06:11:02,082] {logging_mixin.py:109} INFO - [2021-09-29 06:11:02,081] {dagbag.py:496} INFO - Filling up the DagBag from /home/airflow/.local/lib/python3.6/site-packages/airflow/example_dags/tutorial_taskflow_api_etl_virtualenv.py
[2021-09-29 06:11:02,097] {processor.py:623} INFO - DAG(s) dict_keys(['tutorial_taskflow_api_etl_virtualenv']) retrieved from /home/airflow/.local/lib/python3.6/site-packages/airflow/example_dags/tutorial_taskflow_api_etl_virtualenv.py
[2021-09-29 06:11:02,305] {logging_mixin.py:109} INFO - [2021-09-29 06:11:02,304] {dag.py:1833} INFO - Sync 1 DAGs
[2021-09-29 06:11:02,319] {logging_mixin.py:109} INFO - [2021-09-29 06:11:02,319] {dag.py:2306} INFO - Setting next_dagrun for tutorial_taskflow_api_etl_virtualenv to None
[2021-09-29 06:11:02,331] {processor.py:170} INFO - Processing /home/airflow/.local/lib/python3.6/site-packages/airflow/example_dags/tutorial_taskflow_api_etl_virtualenv.py took 0.254 seconds
[2021-09-29 06:11:32,530] {processor.py:162} INFO - Started process (PID=1700) to work on /home/airflow/.local/lib/python3.6/site-packages/airflow/example_dags/tutorial_taskflow_api_etl_virtualenv.py
[2021-09-29 06:11:32,530] {processor.py:613} INFO - Processing file /home/airflow/.local/lib/python3.6/site-packages/airflow/example_dags/tutorial_taskflow_api_etl_virtualenv.py for tasks to queue
[2021-09-29 06:11:32,531] {logging_mixin.py:109} INFO - [2021-09-29 06:11:32,531] {dagbag.py:496} INFO - Filling up the DagBag from /home/airflow/.local/lib/python3.6/site-packages/airflow/example_dags/tutorial_taskflow_api_etl_virtualenv.py
[2021-09-29 06:11:32,543] {processor.py:623} INFO - DAG(s) dict_keys(['tutorial_taskflow_api_etl_virtualenv']) retrieved from /home/airflow/.local/lib/python3.6/site-packages/airflow/example_dags/tutorial_taskflow_api_etl_virtualenv.py
[2021-09-29 06:11:32,713] {logging_mixin.py:109} INFO - [2021-09-29 06:11:32,713] {dag.py:1833} INFO - Sync 1 DAGs
[2021-09-29 06:11:32,726] {logging_mixin.py:109} INFO - [2021-09-29 06:11:32,726] {dag.py:2306} INFO - Setting next_dagrun for tutorial_taskflow_api_etl_virtualenv to None
[2021-09-29 06:11:32,735] {processor.py:170} INFO - Processing /home/airflow/.local/lib/python3.6/site-packages/airflow/example_dags/tutorial_taskflow_api_etl_virtualenv.py took 0.207 seconds
[2021-09-29 06:12:03,727] {processor.py:162} INFO - Started process (PID=1753) to work on /home/airflow/.local/lib/python3.6/site-packages/airflow/example_dags/tutorial_taskflow_api_etl_virtualenv.py
[2021-09-29 06:12:03,728] {processor.py:613} INFO - Processing file /home/airflow/.local/lib/python3.6/site-packages/airflow/example_dags/tutorial_taskflow_api_etl_virtualenv.py for tasks to queue
[2021-09-29 06:12:03,728] {logging_mixin.py:109} INFO - [2021-09-29 06:12:03,728] {dagbag.py:496} INFO - Filling up the DagBag from /home/airflow/.local/lib/python3.6/site-packages/airflow/example_dags/tutorial_taskflow_api_etl_virtualenv.py
[2021-09-29 06:12:03,741] {processor.py:623} INFO - DAG(s) dict_keys(['tutorial_taskflow_api_etl_virtualenv']) retrieved from /home/airflow/.local/lib/python3.6/site-packages/airflow/example_dags/tutorial_taskflow_api_etl_virtualenv.py
[2021-09-29 06:12:03,930] {logging_mixin.py:109} INFO - [2021-09-29 06:12:03,929] {dag.py:1833} INFO - Sync 1 DAGs
[2021-09-29 06:12:03,946] {logging_mixin.py:109} INFO - [2021-09-29 06:12:03,946] {dag.py:2306} INFO - Setting next_dagrun for tutorial_taskflow_api_etl_virtualenv to None
[2021-09-29 06:12:03,956] {processor.py:170} INFO - Processing /home/airflow/.local/lib/python3.6/site-packages/airflow/example_dags/tutorial_taskflow_api_etl_virtualenv.py took 0.231 seconds
[2021-09-29 06:12:34,942] {processor.py:162} INFO - Started process (PID=1816) to work on /home/airflow/.local/lib/python3.6/site-packages/airflow/example_dags/tutorial_taskflow_api_etl_virtualenv.py
[2021-09-29 06:12:34,943] {processor.py:613} INFO - Processing file /home/airflow/.local/lib/python3.6/site-packages/airflow/example_dags/tutorial_taskflow_api_etl_virtualenv.py for tasks to queue
[2021-09-29 06:12:34,943] {logging_mixin.py:109} INFO - [2021-09-29 06:12:34,943] {dagbag.py:496} INFO - Filling up the DagBag from /home/airflow/.local/lib/python3.6/site-packages/airflow/example_dags/tutorial_taskflow_api_etl_virtualenv.py
[2021-09-29 06:12:34,956] {processor.py:623} INFO - DAG(s) dict_keys(['tutorial_taskflow_api_etl_virtualenv']) retrieved from /home/airflow/.local/lib/python3.6/site-packages/airflow/example_dags/tutorial_taskflow_api_etl_virtualenv.py
[2021-09-29 06:12:35,138] {logging_mixin.py:109} INFO - [2021-09-29 06:12:35,138] {dag.py:1833} INFO - Sync 1 DAGs
[2021-09-29 06:12:35,154] {logging_mixin.py:109} INFO - [2021-09-29 06:12:35,154] {dag.py:2306} INFO - Setting next_dagrun for tutorial_taskflow_api_etl_virtualenv to None
[2021-09-29 06:12:35,165] {processor.py:170} INFO - Processing /home/airflow/.local/lib/python3.6/site-packages/airflow/example_dags/tutorial_taskflow_api_etl_virtualenv.py took 0.224 seconds
