[2021-09-29 05:46:08,422] {processor.py:162} INFO - Started process (PID=329) to work on /home/airflow/.local/lib/python3.6/site-packages/airflow/example_dags/tutorial.py
[2021-09-29 05:46:08,423] {processor.py:613} INFO - Processing file /home/airflow/.local/lib/python3.6/site-packages/airflow/example_dags/tutorial.py for tasks to queue
[2021-09-29 05:46:08,424] {logging_mixin.py:109} INFO - [2021-09-29 05:46:08,424] {dagbag.py:496} INFO - Filling up the DagBag from /home/airflow/.local/lib/python3.6/site-packages/airflow/example_dags/tutorial.py
[2021-09-29 05:46:08,441] {processor.py:623} INFO - DAG(s) dict_keys(['tutorial']) retrieved from /home/airflow/.local/lib/python3.6/site-packages/airflow/example_dags/tutorial.py
[2021-09-29 05:46:11,140] {logging_mixin.py:109} INFO - [2021-09-29 05:46:11,138] {dag.py:1833} INFO - Sync 1 DAGs
[2021-09-29 05:46:11,156] {logging_mixin.py:109} INFO - [2021-09-29 05:46:11,154] {dag.py:1852} INFO - Creating ORM DAG for tutorial
[2021-09-29 05:46:11,163] {logging_mixin.py:109} INFO - [2021-09-29 05:46:11,163] {dag.py:2306} INFO - Setting next_dagrun for tutorial to 2021-09-27 00:00:00+00:00
[2021-09-29 05:46:11,179] {processor.py:170} INFO - Processing /home/airflow/.local/lib/python3.6/site-packages/airflow/example_dags/tutorial.py took 2.760 seconds
[2021-09-29 05:46:41,234] {processor.py:162} INFO - Started process (PID=427) to work on /home/airflow/.local/lib/python3.6/site-packages/airflow/example_dags/tutorial.py
[2021-09-29 05:46:41,234] {processor.py:613} INFO - Processing file /home/airflow/.local/lib/python3.6/site-packages/airflow/example_dags/tutorial.py for tasks to queue
[2021-09-29 05:46:41,235] {logging_mixin.py:109} INFO - [2021-09-29 05:46:41,235] {dagbag.py:496} INFO - Filling up the DagBag from /home/airflow/.local/lib/python3.6/site-packages/airflow/example_dags/tutorial.py
[2021-09-29 05:46:41,243] {processor.py:623} INFO - DAG(s) dict_keys(['tutorial']) retrieved from /home/airflow/.local/lib/python3.6/site-packages/airflow/example_dags/tutorial.py
[2021-09-29 05:46:41,261] {logging_mixin.py:109} INFO - [2021-09-29 05:46:41,261] {dag.py:1833} INFO - Sync 1 DAGs
[2021-09-29 05:46:41,275] {logging_mixin.py:109} INFO - [2021-09-29 05:46:41,275] {dag.py:2306} INFO - Setting next_dagrun for tutorial to 2021-09-27 00:00:00+00:00
[2021-09-29 05:46:41,284] {processor.py:170} INFO - Processing /home/airflow/.local/lib/python3.6/site-packages/airflow/example_dags/tutorial.py took 0.052 seconds
[2021-09-29 05:47:11,840] {processor.py:162} INFO - Started process (PID=490) to work on /home/airflow/.local/lib/python3.6/site-packages/airflow/example_dags/tutorial.py
[2021-09-29 05:47:11,841] {processor.py:613} INFO - Processing file /home/airflow/.local/lib/python3.6/site-packages/airflow/example_dags/tutorial.py for tasks to queue
[2021-09-29 05:47:11,841] {logging_mixin.py:109} INFO - [2021-09-29 05:47:11,841] {dagbag.py:496} INFO - Filling up the DagBag from /home/airflow/.local/lib/python3.6/site-packages/airflow/example_dags/tutorial.py
[2021-09-29 05:47:11,851] {processor.py:623} INFO - DAG(s) dict_keys(['tutorial']) retrieved from /home/airflow/.local/lib/python3.6/site-packages/airflow/example_dags/tutorial.py
[2021-09-29 05:47:11,871] {logging_mixin.py:109} INFO - [2021-09-29 05:47:11,870] {dag.py:1833} INFO - Sync 1 DAGs
[2021-09-29 05:47:11,891] {logging_mixin.py:109} INFO - [2021-09-29 05:47:11,891] {dag.py:2306} INFO - Setting next_dagrun for tutorial to 2021-09-27 00:00:00+00:00
[2021-09-29 05:47:11,901] {processor.py:170} INFO - Processing /home/airflow/.local/lib/python3.6/site-packages/airflow/example_dags/tutorial.py took 0.063 seconds
[2021-09-29 05:47:42,185] {processor.py:162} INFO - Started process (PID=543) to work on /home/airflow/.local/lib/python3.6/site-packages/airflow/example_dags/tutorial.py
[2021-09-29 05:47:42,186] {processor.py:613} INFO - Processing file /home/airflow/.local/lib/python3.6/site-packages/airflow/example_dags/tutorial.py for tasks to queue
[2021-09-29 05:47:42,187] {logging_mixin.py:109} INFO - [2021-09-29 05:47:42,186] {dagbag.py:496} INFO - Filling up the DagBag from /home/airflow/.local/lib/python3.6/site-packages/airflow/example_dags/tutorial.py
[2021-09-29 05:47:42,195] {processor.py:623} INFO - DAG(s) dict_keys(['tutorial']) retrieved from /home/airflow/.local/lib/python3.6/site-packages/airflow/example_dags/tutorial.py
[2021-09-29 05:47:42,216] {logging_mixin.py:109} INFO - [2021-09-29 05:47:42,216] {dag.py:1833} INFO - Sync 1 DAGs
[2021-09-29 05:47:42,233] {logging_mixin.py:109} INFO - [2021-09-29 05:47:42,233] {dag.py:2306} INFO - Setting next_dagrun for tutorial to 2021-09-27 00:00:00+00:00
[2021-09-29 05:47:42,241] {processor.py:170} INFO - Processing /home/airflow/.local/lib/python3.6/site-packages/airflow/example_dags/tutorial.py took 0.058 seconds
[2021-09-29 05:48:12,622] {processor.py:162} INFO - Started process (PID=606) to work on /home/airflow/.local/lib/python3.6/site-packages/airflow/example_dags/tutorial.py
[2021-09-29 05:48:12,623] {processor.py:613} INFO - Processing file /home/airflow/.local/lib/python3.6/site-packages/airflow/example_dags/tutorial.py for tasks to queue
[2021-09-29 05:48:12,624] {logging_mixin.py:109} INFO - [2021-09-29 05:48:12,624] {dagbag.py:496} INFO - Filling up the DagBag from /home/airflow/.local/lib/python3.6/site-packages/airflow/example_dags/tutorial.py
[2021-09-29 05:48:12,637] {processor.py:623} INFO - DAG(s) dict_keys(['tutorial']) retrieved from /home/airflow/.local/lib/python3.6/site-packages/airflow/example_dags/tutorial.py
[2021-09-29 05:48:12,663] {logging_mixin.py:109} INFO - [2021-09-29 05:48:12,663] {dag.py:1833} INFO - Sync 1 DAGs
[2021-09-29 05:48:12,681] {logging_mixin.py:109} INFO - [2021-09-29 05:48:12,681] {dag.py:2306} INFO - Setting next_dagrun for tutorial to 2021-09-27 00:00:00+00:00
[2021-09-29 05:48:12,694] {processor.py:170} INFO - Processing /home/airflow/.local/lib/python3.6/site-packages/airflow/example_dags/tutorial.py took 0.075 seconds
[2021-09-29 05:48:42,965] {processor.py:162} INFO - Started process (PID=658) to work on /home/airflow/.local/lib/python3.6/site-packages/airflow/example_dags/tutorial.py
[2021-09-29 05:48:42,965] {processor.py:613} INFO - Processing file /home/airflow/.local/lib/python3.6/site-packages/airflow/example_dags/tutorial.py for tasks to queue
[2021-09-29 05:48:42,966] {logging_mixin.py:109} INFO - [2021-09-29 05:48:42,966] {dagbag.py:496} INFO - Filling up the DagBag from /home/airflow/.local/lib/python3.6/site-packages/airflow/example_dags/tutorial.py
[2021-09-29 05:48:42,977] {processor.py:623} INFO - DAG(s) dict_keys(['tutorial']) retrieved from /home/airflow/.local/lib/python3.6/site-packages/airflow/example_dags/tutorial.py
[2021-09-29 05:48:42,997] {logging_mixin.py:109} INFO - [2021-09-29 05:48:42,996] {dag.py:1833} INFO - Sync 1 DAGs
[2021-09-29 05:48:43,010] {logging_mixin.py:109} INFO - [2021-09-29 05:48:43,009] {dag.py:2306} INFO - Setting next_dagrun for tutorial to 2021-09-27 00:00:00+00:00
[2021-09-29 05:48:43,018] {processor.py:170} INFO - Processing /home/airflow/.local/lib/python3.6/site-packages/airflow/example_dags/tutorial.py took 0.055 seconds
[2021-09-29 05:49:13,338] {processor.py:162} INFO - Started process (PID=722) to work on /home/airflow/.local/lib/python3.6/site-packages/airflow/example_dags/tutorial.py
[2021-09-29 05:49:13,339] {processor.py:613} INFO - Processing file /home/airflow/.local/lib/python3.6/site-packages/airflow/example_dags/tutorial.py for tasks to queue
[2021-09-29 05:49:13,340] {logging_mixin.py:109} INFO - [2021-09-29 05:49:13,340] {dagbag.py:496} INFO - Filling up the DagBag from /home/airflow/.local/lib/python3.6/site-packages/airflow/example_dags/tutorial.py
[2021-09-29 05:49:13,349] {processor.py:623} INFO - DAG(s) dict_keys(['tutorial']) retrieved from /home/airflow/.local/lib/python3.6/site-packages/airflow/example_dags/tutorial.py
[2021-09-29 05:49:13,369] {logging_mixin.py:109} INFO - [2021-09-29 05:49:13,369] {dag.py:1833} INFO - Sync 1 DAGs
[2021-09-29 05:49:13,383] {logging_mixin.py:109} INFO - [2021-09-29 05:49:13,383] {dag.py:2306} INFO - Setting next_dagrun for tutorial to 2021-09-27 00:00:00+00:00
[2021-09-29 05:49:13,391] {processor.py:170} INFO - Processing /home/airflow/.local/lib/python3.6/site-packages/airflow/example_dags/tutorial.py took 0.057 seconds
[2021-09-29 05:49:43,763] {processor.py:162} INFO - Started process (PID=782) to work on /home/airflow/.local/lib/python3.6/site-packages/airflow/example_dags/tutorial.py
[2021-09-29 05:49:43,764] {processor.py:613} INFO - Processing file /home/airflow/.local/lib/python3.6/site-packages/airflow/example_dags/tutorial.py for tasks to queue
[2021-09-29 05:49:43,764] {logging_mixin.py:109} INFO - [2021-09-29 05:49:43,764] {dagbag.py:496} INFO - Filling up the DagBag from /home/airflow/.local/lib/python3.6/site-packages/airflow/example_dags/tutorial.py
[2021-09-29 05:49:43,779] {processor.py:623} INFO - DAG(s) dict_keys(['tutorial']) retrieved from /home/airflow/.local/lib/python3.6/site-packages/airflow/example_dags/tutorial.py
[2021-09-29 05:49:43,816] {logging_mixin.py:109} INFO - [2021-09-29 05:49:43,816] {dag.py:1833} INFO - Sync 1 DAGs
[2021-09-29 05:49:43,835] {logging_mixin.py:109} INFO - [2021-09-29 05:49:43,835] {dag.py:2306} INFO - Setting next_dagrun for tutorial to 2021-09-27 00:00:00+00:00
[2021-09-29 05:49:43,849] {processor.py:170} INFO - Processing /home/airflow/.local/lib/python3.6/site-packages/airflow/example_dags/tutorial.py took 0.089 seconds
[2021-09-29 05:54:16,381] {processor.py:162} INFO - Started process (PID=337) to work on /home/airflow/.local/lib/python3.6/site-packages/airflow/example_dags/tutorial.py
[2021-09-29 05:54:16,388] {processor.py:613} INFO - Processing file /home/airflow/.local/lib/python3.6/site-packages/airflow/example_dags/tutorial.py for tasks to queue
[2021-09-29 05:54:16,388] {logging_mixin.py:109} INFO - [2021-09-29 05:54:16,388] {dagbag.py:496} INFO - Filling up the DagBag from /home/airflow/.local/lib/python3.6/site-packages/airflow/example_dags/tutorial.py
[2021-09-29 05:54:16,446] {processor.py:623} INFO - DAG(s) dict_keys(['tutorial']) retrieved from /home/airflow/.local/lib/python3.6/site-packages/airflow/example_dags/tutorial.py
[2021-09-29 05:54:20,368] {logging_mixin.py:109} INFO - [2021-09-29 05:54:20,367] {dag.py:1833} INFO - Sync 1 DAGs
[2021-09-29 05:54:20,379] {logging_mixin.py:109} INFO - [2021-09-29 05:54:20,378] {dag.py:1852} INFO - Creating ORM DAG for tutorial
[2021-09-29 05:54:20,385] {logging_mixin.py:109} INFO - [2021-09-29 05:54:20,385] {dag.py:2306} INFO - Setting next_dagrun for tutorial to 2021-09-27 00:00:00+00:00
[2021-09-29 05:54:20,396] {processor.py:170} INFO - Processing /home/airflow/.local/lib/python3.6/site-packages/airflow/example_dags/tutorial.py took 4.034 seconds
[2021-09-29 05:54:50,541] {processor.py:162} INFO - Started process (PID=433) to work on /home/airflow/.local/lib/python3.6/site-packages/airflow/example_dags/tutorial.py
[2021-09-29 05:54:50,542] {processor.py:613} INFO - Processing file /home/airflow/.local/lib/python3.6/site-packages/airflow/example_dags/tutorial.py for tasks to queue
[2021-09-29 05:54:50,542] {logging_mixin.py:109} INFO - [2021-09-29 05:54:50,542] {dagbag.py:496} INFO - Filling up the DagBag from /home/airflow/.local/lib/python3.6/site-packages/airflow/example_dags/tutorial.py
[2021-09-29 05:54:50,554] {processor.py:623} INFO - DAG(s) dict_keys(['tutorial']) retrieved from /home/airflow/.local/lib/python3.6/site-packages/airflow/example_dags/tutorial.py
[2021-09-29 05:54:50,575] {logging_mixin.py:109} INFO - [2021-09-29 05:54:50,575] {dag.py:1833} INFO - Sync 1 DAGs
[2021-09-29 05:54:50,595] {logging_mixin.py:109} INFO - [2021-09-29 05:54:50,595] {dag.py:2306} INFO - Setting next_dagrun for tutorial to 2021-09-27 00:00:00+00:00
[2021-09-29 05:54:50,605] {processor.py:170} INFO - Processing /home/airflow/.local/lib/python3.6/site-packages/airflow/example_dags/tutorial.py took 0.066 seconds
[2021-09-29 05:55:20,894] {processor.py:162} INFO - Started process (PID=486) to work on /home/airflow/.local/lib/python3.6/site-packages/airflow/example_dags/tutorial.py
[2021-09-29 05:55:20,895] {processor.py:613} INFO - Processing file /home/airflow/.local/lib/python3.6/site-packages/airflow/example_dags/tutorial.py for tasks to queue
[2021-09-29 05:55:20,895] {logging_mixin.py:109} INFO - [2021-09-29 05:55:20,895] {dagbag.py:496} INFO - Filling up the DagBag from /home/airflow/.local/lib/python3.6/site-packages/airflow/example_dags/tutorial.py
[2021-09-29 05:55:20,905] {processor.py:623} INFO - DAG(s) dict_keys(['tutorial']) retrieved from /home/airflow/.local/lib/python3.6/site-packages/airflow/example_dags/tutorial.py
[2021-09-29 05:55:20,925] {logging_mixin.py:109} INFO - [2021-09-29 05:55:20,924] {dag.py:1833} INFO - Sync 1 DAGs
[2021-09-29 05:55:20,945] {logging_mixin.py:109} INFO - [2021-09-29 05:55:20,945] {dag.py:2306} INFO - Setting next_dagrun for tutorial to 2021-09-27 00:00:00+00:00
[2021-09-29 05:55:20,962] {processor.py:170} INFO - Processing /home/airflow/.local/lib/python3.6/site-packages/airflow/example_dags/tutorial.py took 0.070 seconds
[2021-09-29 05:55:51,294] {processor.py:162} INFO - Started process (PID=549) to work on /home/airflow/.local/lib/python3.6/site-packages/airflow/example_dags/tutorial.py
[2021-09-29 05:55:51,295] {processor.py:613} INFO - Processing file /home/airflow/.local/lib/python3.6/site-packages/airflow/example_dags/tutorial.py for tasks to queue
[2021-09-29 05:55:51,296] {logging_mixin.py:109} INFO - [2021-09-29 05:55:51,296] {dagbag.py:496} INFO - Filling up the DagBag from /home/airflow/.local/lib/python3.6/site-packages/airflow/example_dags/tutorial.py
[2021-09-29 05:55:51,304] {processor.py:623} INFO - DAG(s) dict_keys(['tutorial']) retrieved from /home/airflow/.local/lib/python3.6/site-packages/airflow/example_dags/tutorial.py
[2021-09-29 05:55:51,321] {logging_mixin.py:109} INFO - [2021-09-29 05:55:51,321] {dag.py:1833} INFO - Sync 1 DAGs
[2021-09-29 05:55:51,336] {logging_mixin.py:109} INFO - [2021-09-29 05:55:51,336] {dag.py:2306} INFO - Setting next_dagrun for tutorial to 2021-09-27 00:00:00+00:00
[2021-09-29 05:55:51,344] {processor.py:170} INFO - Processing /home/airflow/.local/lib/python3.6/site-packages/airflow/example_dags/tutorial.py took 0.052 seconds
[2021-09-29 05:56:21,700] {processor.py:162} INFO - Started process (PID=612) to work on /home/airflow/.local/lib/python3.6/site-packages/airflow/example_dags/tutorial.py
[2021-09-29 05:56:21,700] {processor.py:613} INFO - Processing file /home/airflow/.local/lib/python3.6/site-packages/airflow/example_dags/tutorial.py for tasks to queue
[2021-09-29 05:56:21,701] {logging_mixin.py:109} INFO - [2021-09-29 05:56:21,701] {dagbag.py:496} INFO - Filling up the DagBag from /home/airflow/.local/lib/python3.6/site-packages/airflow/example_dags/tutorial.py
[2021-09-29 05:56:21,714] {processor.py:623} INFO - DAG(s) dict_keys(['tutorial']) retrieved from /home/airflow/.local/lib/python3.6/site-packages/airflow/example_dags/tutorial.py
[2021-09-29 05:56:21,742] {logging_mixin.py:109} INFO - [2021-09-29 05:56:21,742] {dag.py:1833} INFO - Sync 1 DAGs
[2021-09-29 05:56:21,774] {logging_mixin.py:109} INFO - [2021-09-29 05:56:21,773] {dag.py:2306} INFO - Setting next_dagrun for tutorial to 2021-09-27 00:00:00+00:00
[2021-09-29 05:56:21,790] {processor.py:170} INFO - Processing /home/airflow/.local/lib/python3.6/site-packages/airflow/example_dags/tutorial.py took 0.094 seconds
[2021-09-29 05:56:51,974] {processor.py:162} INFO - Started process (PID=665) to work on /home/airflow/.local/lib/python3.6/site-packages/airflow/example_dags/tutorial.py
[2021-09-29 05:56:51,975] {processor.py:613} INFO - Processing file /home/airflow/.local/lib/python3.6/site-packages/airflow/example_dags/tutorial.py for tasks to queue
[2021-09-29 05:56:51,976] {logging_mixin.py:109} INFO - [2021-09-29 05:56:51,976] {dagbag.py:496} INFO - Filling up the DagBag from /home/airflow/.local/lib/python3.6/site-packages/airflow/example_dags/tutorial.py
[2021-09-29 05:56:51,992] {processor.py:623} INFO - DAG(s) dict_keys(['tutorial']) retrieved from /home/airflow/.local/lib/python3.6/site-packages/airflow/example_dags/tutorial.py
[2021-09-29 05:56:52,052] {logging_mixin.py:109} INFO - [2021-09-29 05:56:52,052] {dag.py:1833} INFO - Sync 1 DAGs
[2021-09-29 05:56:52,083] {logging_mixin.py:109} INFO - [2021-09-29 05:56:52,083] {dag.py:2306} INFO - Setting next_dagrun for tutorial to 2021-09-27 00:00:00+00:00
[2021-09-29 05:56:52,097] {processor.py:170} INFO - Processing /home/airflow/.local/lib/python3.6/site-packages/airflow/example_dags/tutorial.py took 0.144 seconds
[2021-09-29 06:00:15,409] {processor.py:162} INFO - Started process (PID=344) to work on /home/airflow/.local/lib/python3.6/site-packages/airflow/example_dags/tutorial.py
[2021-09-29 06:00:15,409] {processor.py:613} INFO - Processing file /home/airflow/.local/lib/python3.6/site-packages/airflow/example_dags/tutorial.py for tasks to queue
[2021-09-29 06:00:15,410] {logging_mixin.py:109} INFO - [2021-09-29 06:00:15,410] {dagbag.py:496} INFO - Filling up the DagBag from /home/airflow/.local/lib/python3.6/site-packages/airflow/example_dags/tutorial.py
[2021-09-29 06:00:15,420] {processor.py:623} INFO - DAG(s) dict_keys(['tutorial']) retrieved from /home/airflow/.local/lib/python3.6/site-packages/airflow/example_dags/tutorial.py
[2021-09-29 06:00:17,845] {logging_mixin.py:109} INFO - [2021-09-29 06:00:17,842] {dag.py:1833} INFO - Sync 1 DAGs
[2021-09-29 06:00:17,877] {logging_mixin.py:109} INFO - [2021-09-29 06:00:17,876] {dag.py:1852} INFO - Creating ORM DAG for tutorial
[2021-09-29 06:00:17,884] {logging_mixin.py:109} INFO - [2021-09-29 06:00:17,884] {dag.py:2306} INFO - Setting next_dagrun for tutorial to 2021-09-27 00:00:00+00:00
[2021-09-29 06:00:17,901] {processor.py:170} INFO - Processing /home/airflow/.local/lib/python3.6/site-packages/airflow/example_dags/tutorial.py took 2.495 seconds
[2021-09-29 06:00:48,362] {processor.py:162} INFO - Started process (PID=441) to work on /home/airflow/.local/lib/python3.6/site-packages/airflow/example_dags/tutorial.py
[2021-09-29 06:00:48,363] {processor.py:613} INFO - Processing file /home/airflow/.local/lib/python3.6/site-packages/airflow/example_dags/tutorial.py for tasks to queue
[2021-09-29 06:00:48,363] {logging_mixin.py:109} INFO - [2021-09-29 06:00:48,363] {dagbag.py:496} INFO - Filling up the DagBag from /home/airflow/.local/lib/python3.6/site-packages/airflow/example_dags/tutorial.py
[2021-09-29 06:00:48,373] {processor.py:623} INFO - DAG(s) dict_keys(['tutorial']) retrieved from /home/airflow/.local/lib/python3.6/site-packages/airflow/example_dags/tutorial.py
[2021-09-29 06:00:48,391] {logging_mixin.py:109} INFO - [2021-09-29 06:00:48,391] {dag.py:1833} INFO - Sync 1 DAGs
[2021-09-29 06:00:48,406] {logging_mixin.py:109} INFO - [2021-09-29 06:00:48,405] {dag.py:2306} INFO - Setting next_dagrun for tutorial to 2021-09-27 00:00:00+00:00
[2021-09-29 06:00:48,414] {processor.py:170} INFO - Processing /home/airflow/.local/lib/python3.6/site-packages/airflow/example_dags/tutorial.py took 0.054 seconds
[2021-09-29 06:01:19,081] {processor.py:162} INFO - Started process (PID=505) to work on /home/airflow/.local/lib/python3.6/site-packages/airflow/example_dags/tutorial.py
[2021-09-29 06:01:19,082] {processor.py:613} INFO - Processing file /home/airflow/.local/lib/python3.6/site-packages/airflow/example_dags/tutorial.py for tasks to queue
[2021-09-29 06:01:19,085] {logging_mixin.py:109} INFO - [2021-09-29 06:01:19,085] {dagbag.py:496} INFO - Filling up the DagBag from /home/airflow/.local/lib/python3.6/site-packages/airflow/example_dags/tutorial.py
[2021-09-29 06:01:19,114] {processor.py:623} INFO - DAG(s) dict_keys(['tutorial']) retrieved from /home/airflow/.local/lib/python3.6/site-packages/airflow/example_dags/tutorial.py
[2021-09-29 06:01:19,153] {logging_mixin.py:109} INFO - [2021-09-29 06:01:19,153] {dag.py:1833} INFO - Sync 1 DAGs
[2021-09-29 06:01:19,218] {logging_mixin.py:109} INFO - [2021-09-29 06:01:19,218] {dag.py:2306} INFO - Setting next_dagrun for tutorial to 2021-09-27 00:00:00+00:00
[2021-09-29 06:01:19,242] {processor.py:170} INFO - Processing /home/airflow/.local/lib/python3.6/site-packages/airflow/example_dags/tutorial.py took 0.164 seconds
[2021-09-29 06:01:49,491] {processor.py:162} INFO - Started process (PID=558) to work on /home/airflow/.local/lib/python3.6/site-packages/airflow/example_dags/tutorial.py
[2021-09-29 06:01:49,492] {processor.py:613} INFO - Processing file /home/airflow/.local/lib/python3.6/site-packages/airflow/example_dags/tutorial.py for tasks to queue
[2021-09-29 06:01:49,492] {logging_mixin.py:109} INFO - [2021-09-29 06:01:49,492] {dagbag.py:496} INFO - Filling up the DagBag from /home/airflow/.local/lib/python3.6/site-packages/airflow/example_dags/tutorial.py
[2021-09-29 06:01:49,503] {processor.py:623} INFO - DAG(s) dict_keys(['tutorial']) retrieved from /home/airflow/.local/lib/python3.6/site-packages/airflow/example_dags/tutorial.py
[2021-09-29 06:01:49,523] {logging_mixin.py:109} INFO - [2021-09-29 06:01:49,523] {dag.py:1833} INFO - Sync 1 DAGs
[2021-09-29 06:01:49,541] {logging_mixin.py:109} INFO - [2021-09-29 06:01:49,541] {dag.py:2306} INFO - Setting next_dagrun for tutorial to 2021-09-27 00:00:00+00:00
[2021-09-29 06:01:49,552] {processor.py:170} INFO - Processing /home/airflow/.local/lib/python3.6/site-packages/airflow/example_dags/tutorial.py took 0.064 seconds
[2021-09-29 06:02:19,783] {processor.py:162} INFO - Started process (PID=621) to work on /home/airflow/.local/lib/python3.6/site-packages/airflow/example_dags/tutorial.py
[2021-09-29 06:02:19,785] {processor.py:613} INFO - Processing file /home/airflow/.local/lib/python3.6/site-packages/airflow/example_dags/tutorial.py for tasks to queue
[2021-09-29 06:02:19,785] {logging_mixin.py:109} INFO - [2021-09-29 06:02:19,785] {dagbag.py:496} INFO - Filling up the DagBag from /home/airflow/.local/lib/python3.6/site-packages/airflow/example_dags/tutorial.py
[2021-09-29 06:02:19,801] {processor.py:623} INFO - DAG(s) dict_keys(['tutorial']) retrieved from /home/airflow/.local/lib/python3.6/site-packages/airflow/example_dags/tutorial.py
[2021-09-29 06:02:19,828] {logging_mixin.py:109} INFO - [2021-09-29 06:02:19,828] {dag.py:1833} INFO - Sync 1 DAGs
[2021-09-29 06:02:19,842] {logging_mixin.py:109} INFO - [2021-09-29 06:02:19,842] {dag.py:2306} INFO - Setting next_dagrun for tutorial to 2021-09-27 00:00:00+00:00
[2021-09-29 06:02:19,853] {processor.py:170} INFO - Processing /home/airflow/.local/lib/python3.6/site-packages/airflow/example_dags/tutorial.py took 0.073 seconds
[2021-09-29 06:02:50,257] {processor.py:162} INFO - Started process (PID=681) to work on /home/airflow/.local/lib/python3.6/site-packages/airflow/example_dags/tutorial.py
[2021-09-29 06:02:50,258] {processor.py:613} INFO - Processing file /home/airflow/.local/lib/python3.6/site-packages/airflow/example_dags/tutorial.py for tasks to queue
[2021-09-29 06:02:50,259] {logging_mixin.py:109} INFO - [2021-09-29 06:02:50,259] {dagbag.py:496} INFO - Filling up the DagBag from /home/airflow/.local/lib/python3.6/site-packages/airflow/example_dags/tutorial.py
[2021-09-29 06:02:50,275] {processor.py:623} INFO - DAG(s) dict_keys(['tutorial']) retrieved from /home/airflow/.local/lib/python3.6/site-packages/airflow/example_dags/tutorial.py
[2021-09-29 06:02:50,303] {logging_mixin.py:109} INFO - [2021-09-29 06:02:50,303] {dag.py:1833} INFO - Sync 1 DAGs
[2021-09-29 06:02:50,319] {logging_mixin.py:109} INFO - [2021-09-29 06:02:50,319] {dag.py:2306} INFO - Setting next_dagrun for tutorial to 2021-09-27 00:00:00+00:00
[2021-09-29 06:02:50,330] {processor.py:170} INFO - Processing /home/airflow/.local/lib/python3.6/site-packages/airflow/example_dags/tutorial.py took 0.076 seconds
[2021-09-29 06:03:20,727] {processor.py:162} INFO - Started process (PID=743) to work on /home/airflow/.local/lib/python3.6/site-packages/airflow/example_dags/tutorial.py
[2021-09-29 06:03:20,728] {processor.py:613} INFO - Processing file /home/airflow/.local/lib/python3.6/site-packages/airflow/example_dags/tutorial.py for tasks to queue
[2021-09-29 06:03:20,728] {logging_mixin.py:109} INFO - [2021-09-29 06:03:20,728] {dagbag.py:496} INFO - Filling up the DagBag from /home/airflow/.local/lib/python3.6/site-packages/airflow/example_dags/tutorial.py
[2021-09-29 06:03:20,738] {processor.py:623} INFO - DAG(s) dict_keys(['tutorial']) retrieved from /home/airflow/.local/lib/python3.6/site-packages/airflow/example_dags/tutorial.py
[2021-09-29 06:03:20,760] {logging_mixin.py:109} INFO - [2021-09-29 06:03:20,760] {dag.py:1833} INFO - Sync 1 DAGs
[2021-09-29 06:03:20,773] {logging_mixin.py:109} INFO - [2021-09-29 06:03:20,773] {dag.py:2306} INFO - Setting next_dagrun for tutorial to 2021-09-27 00:00:00+00:00
[2021-09-29 06:03:20,786] {processor.py:170} INFO - Processing /home/airflow/.local/lib/python3.6/site-packages/airflow/example_dags/tutorial.py took 0.061 seconds
[2021-09-29 06:03:51,175] {processor.py:162} INFO - Started process (PID=807) to work on /home/airflow/.local/lib/python3.6/site-packages/airflow/example_dags/tutorial.py
[2021-09-29 06:03:51,176] {processor.py:613} INFO - Processing file /home/airflow/.local/lib/python3.6/site-packages/airflow/example_dags/tutorial.py for tasks to queue
[2021-09-29 06:03:51,177] {logging_mixin.py:109} INFO - [2021-09-29 06:03:51,177] {dagbag.py:496} INFO - Filling up the DagBag from /home/airflow/.local/lib/python3.6/site-packages/airflow/example_dags/tutorial.py
[2021-09-29 06:03:51,191] {processor.py:623} INFO - DAG(s) dict_keys(['tutorial']) retrieved from /home/airflow/.local/lib/python3.6/site-packages/airflow/example_dags/tutorial.py
[2021-09-29 06:03:51,218] {logging_mixin.py:109} INFO - [2021-09-29 06:03:51,218] {dag.py:1833} INFO - Sync 1 DAGs
[2021-09-29 06:03:51,237] {logging_mixin.py:109} INFO - [2021-09-29 06:03:51,236] {dag.py:2306} INFO - Setting next_dagrun for tutorial to 2021-09-27 00:00:00+00:00
[2021-09-29 06:03:51,249] {processor.py:170} INFO - Processing /home/airflow/.local/lib/python3.6/site-packages/airflow/example_dags/tutorial.py took 0.076 seconds
[2021-09-29 06:04:21,626] {processor.py:162} INFO - Started process (PID=859) to work on /home/airflow/.local/lib/python3.6/site-packages/airflow/example_dags/tutorial.py
[2021-09-29 06:04:21,627] {processor.py:613} INFO - Processing file /home/airflow/.local/lib/python3.6/site-packages/airflow/example_dags/tutorial.py for tasks to queue
[2021-09-29 06:04:21,628] {logging_mixin.py:109} INFO - [2021-09-29 06:04:21,628] {dagbag.py:496} INFO - Filling up the DagBag from /home/airflow/.local/lib/python3.6/site-packages/airflow/example_dags/tutorial.py
[2021-09-29 06:04:21,641] {processor.py:623} INFO - DAG(s) dict_keys(['tutorial']) retrieved from /home/airflow/.local/lib/python3.6/site-packages/airflow/example_dags/tutorial.py
[2021-09-29 06:04:21,676] {logging_mixin.py:109} INFO - [2021-09-29 06:04:21,676] {dag.py:1833} INFO - Sync 1 DAGs
[2021-09-29 06:04:21,692] {logging_mixin.py:109} INFO - [2021-09-29 06:04:21,692] {dag.py:2306} INFO - Setting next_dagrun for tutorial to 2021-09-27 00:00:00+00:00
[2021-09-29 06:04:21,702] {processor.py:170} INFO - Processing /home/airflow/.local/lib/python3.6/site-packages/airflow/example_dags/tutorial.py took 0.078 seconds
[2021-09-29 06:04:52,207] {processor.py:162} INFO - Started process (PID=921) to work on /home/airflow/.local/lib/python3.6/site-packages/airflow/example_dags/tutorial.py
[2021-09-29 06:04:52,208] {processor.py:613} INFO - Processing file /home/airflow/.local/lib/python3.6/site-packages/airflow/example_dags/tutorial.py for tasks to queue
[2021-09-29 06:04:52,208] {logging_mixin.py:109} INFO - [2021-09-29 06:04:52,208] {dagbag.py:496} INFO - Filling up the DagBag from /home/airflow/.local/lib/python3.6/site-packages/airflow/example_dags/tutorial.py
[2021-09-29 06:04:52,220] {processor.py:623} INFO - DAG(s) dict_keys(['tutorial']) retrieved from /home/airflow/.local/lib/python3.6/site-packages/airflow/example_dags/tutorial.py
[2021-09-29 06:04:52,238] {logging_mixin.py:109} INFO - [2021-09-29 06:04:52,238] {dag.py:1833} INFO - Sync 1 DAGs
[2021-09-29 06:04:52,253] {logging_mixin.py:109} INFO - [2021-09-29 06:04:52,252] {dag.py:2306} INFO - Setting next_dagrun for tutorial to 2021-09-27 00:00:00+00:00
[2021-09-29 06:04:52,270] {processor.py:170} INFO - Processing /home/airflow/.local/lib/python3.6/site-packages/airflow/example_dags/tutorial.py took 0.066 seconds
[2021-09-29 06:05:22,781] {processor.py:162} INFO - Started process (PID=974) to work on /home/airflow/.local/lib/python3.6/site-packages/airflow/example_dags/tutorial.py
[2021-09-29 06:05:22,783] {processor.py:613} INFO - Processing file /home/airflow/.local/lib/python3.6/site-packages/airflow/example_dags/tutorial.py for tasks to queue
[2021-09-29 06:05:22,783] {logging_mixin.py:109} INFO - [2021-09-29 06:05:22,783] {dagbag.py:496} INFO - Filling up the DagBag from /home/airflow/.local/lib/python3.6/site-packages/airflow/example_dags/tutorial.py
[2021-09-29 06:05:22,802] {processor.py:623} INFO - DAG(s) dict_keys(['tutorial']) retrieved from /home/airflow/.local/lib/python3.6/site-packages/airflow/example_dags/tutorial.py
[2021-09-29 06:05:22,825] {logging_mixin.py:109} INFO - [2021-09-29 06:05:22,825] {dag.py:1833} INFO - Sync 1 DAGs
[2021-09-29 06:05:22,840] {logging_mixin.py:109} INFO - [2021-09-29 06:05:22,839] {dag.py:2306} INFO - Setting next_dagrun for tutorial to 2021-09-27 00:00:00+00:00
[2021-09-29 06:05:22,850] {processor.py:170} INFO - Processing /home/airflow/.local/lib/python3.6/site-packages/airflow/example_dags/tutorial.py took 0.073 seconds
[2021-09-29 06:05:53,345] {processor.py:162} INFO - Started process (PID=1038) to work on /home/airflow/.local/lib/python3.6/site-packages/airflow/example_dags/tutorial.py
[2021-09-29 06:05:53,346] {processor.py:613} INFO - Processing file /home/airflow/.local/lib/python3.6/site-packages/airflow/example_dags/tutorial.py for tasks to queue
[2021-09-29 06:05:53,347] {logging_mixin.py:109} INFO - [2021-09-29 06:05:53,347] {dagbag.py:496} INFO - Filling up the DagBag from /home/airflow/.local/lib/python3.6/site-packages/airflow/example_dags/tutorial.py
[2021-09-29 06:05:53,366] {processor.py:623} INFO - DAG(s) dict_keys(['tutorial']) retrieved from /home/airflow/.local/lib/python3.6/site-packages/airflow/example_dags/tutorial.py
[2021-09-29 06:05:53,387] {logging_mixin.py:109} INFO - [2021-09-29 06:05:53,387] {dag.py:1833} INFO - Sync 1 DAGs
[2021-09-29 06:05:53,402] {logging_mixin.py:109} INFO - [2021-09-29 06:05:53,402] {dag.py:2306} INFO - Setting next_dagrun for tutorial to 2021-09-27 00:00:00+00:00
[2021-09-29 06:05:53,412] {processor.py:170} INFO - Processing /home/airflow/.local/lib/python3.6/site-packages/airflow/example_dags/tutorial.py took 0.070 seconds
[2021-09-29 06:06:23,873] {processor.py:162} INFO - Started process (PID=1091) to work on /home/airflow/.local/lib/python3.6/site-packages/airflow/example_dags/tutorial.py
[2021-09-29 06:06:23,876] {processor.py:613} INFO - Processing file /home/airflow/.local/lib/python3.6/site-packages/airflow/example_dags/tutorial.py for tasks to queue
[2021-09-29 06:06:23,876] {logging_mixin.py:109} INFO - [2021-09-29 06:06:23,876] {dagbag.py:496} INFO - Filling up the DagBag from /home/airflow/.local/lib/python3.6/site-packages/airflow/example_dags/tutorial.py
[2021-09-29 06:06:23,885] {processor.py:623} INFO - DAG(s) dict_keys(['tutorial']) retrieved from /home/airflow/.local/lib/python3.6/site-packages/airflow/example_dags/tutorial.py
[2021-09-29 06:06:23,903] {logging_mixin.py:109} INFO - [2021-09-29 06:06:23,903] {dag.py:1833} INFO - Sync 1 DAGs
[2021-09-29 06:06:23,916] {logging_mixin.py:109} INFO - [2021-09-29 06:06:23,916] {dag.py:2306} INFO - Setting next_dagrun for tutorial to 2021-09-27 00:00:00+00:00
[2021-09-29 06:06:23,926] {processor.py:170} INFO - Processing /home/airflow/.local/lib/python3.6/site-packages/airflow/example_dags/tutorial.py took 0.055 seconds
[2021-09-29 06:06:54,354] {processor.py:162} INFO - Started process (PID=1154) to work on /home/airflow/.local/lib/python3.6/site-packages/airflow/example_dags/tutorial.py
[2021-09-29 06:06:54,355] {processor.py:613} INFO - Processing file /home/airflow/.local/lib/python3.6/site-packages/airflow/example_dags/tutorial.py for tasks to queue
[2021-09-29 06:06:54,356] {logging_mixin.py:109} INFO - [2021-09-29 06:06:54,356] {dagbag.py:496} INFO - Filling up the DagBag from /home/airflow/.local/lib/python3.6/site-packages/airflow/example_dags/tutorial.py
[2021-09-29 06:06:54,365] {processor.py:623} INFO - DAG(s) dict_keys(['tutorial']) retrieved from /home/airflow/.local/lib/python3.6/site-packages/airflow/example_dags/tutorial.py
[2021-09-29 06:06:54,382] {logging_mixin.py:109} INFO - [2021-09-29 06:06:54,382] {dag.py:1833} INFO - Sync 1 DAGs
[2021-09-29 06:06:54,394] {logging_mixin.py:109} INFO - [2021-09-29 06:06:54,394] {dag.py:2306} INFO - Setting next_dagrun for tutorial to 2021-09-27 00:00:00+00:00
[2021-09-29 06:06:54,410] {processor.py:170} INFO - Processing /home/airflow/.local/lib/python3.6/site-packages/airflow/example_dags/tutorial.py took 0.057 seconds
[2021-09-29 06:07:24,517] {processor.py:162} INFO - Started process (PID=1216) to work on /home/airflow/.local/lib/python3.6/site-packages/airflow/example_dags/tutorial.py
[2021-09-29 06:07:24,517] {processor.py:613} INFO - Processing file /home/airflow/.local/lib/python3.6/site-packages/airflow/example_dags/tutorial.py for tasks to queue
[2021-09-29 06:07:24,518] {logging_mixin.py:109} INFO - [2021-09-29 06:07:24,518] {dagbag.py:496} INFO - Filling up the DagBag from /home/airflow/.local/lib/python3.6/site-packages/airflow/example_dags/tutorial.py
[2021-09-29 06:07:24,528] {processor.py:623} INFO - DAG(s) dict_keys(['tutorial']) retrieved from /home/airflow/.local/lib/python3.6/site-packages/airflow/example_dags/tutorial.py
[2021-09-29 06:07:24,549] {logging_mixin.py:109} INFO - [2021-09-29 06:07:24,549] {dag.py:1833} INFO - Sync 1 DAGs
[2021-09-29 06:07:24,564] {logging_mixin.py:109} INFO - [2021-09-29 06:07:24,564] {dag.py:2306} INFO - Setting next_dagrun for tutorial to 2021-09-27 00:00:00+00:00
[2021-09-29 06:07:24,574] {processor.py:170} INFO - Processing /home/airflow/.local/lib/python3.6/site-packages/airflow/example_dags/tutorial.py took 0.060 seconds
[2021-09-29 06:07:54,683] {processor.py:162} INFO - Started process (PID=1269) to work on /home/airflow/.local/lib/python3.6/site-packages/airflow/example_dags/tutorial.py
[2021-09-29 06:07:54,684] {processor.py:613} INFO - Processing file /home/airflow/.local/lib/python3.6/site-packages/airflow/example_dags/tutorial.py for tasks to queue
[2021-09-29 06:07:54,684] {logging_mixin.py:109} INFO - [2021-09-29 06:07:54,684] {dagbag.py:496} INFO - Filling up the DagBag from /home/airflow/.local/lib/python3.6/site-packages/airflow/example_dags/tutorial.py
[2021-09-29 06:07:54,693] {processor.py:623} INFO - DAG(s) dict_keys(['tutorial']) retrieved from /home/airflow/.local/lib/python3.6/site-packages/airflow/example_dags/tutorial.py
[2021-09-29 06:07:54,715] {logging_mixin.py:109} INFO - [2021-09-29 06:07:54,715] {dag.py:1833} INFO - Sync 1 DAGs
[2021-09-29 06:07:54,728] {logging_mixin.py:109} INFO - [2021-09-29 06:07:54,728] {dag.py:2306} INFO - Setting next_dagrun for tutorial to 2021-09-27 00:00:00+00:00
[2021-09-29 06:07:54,737] {processor.py:170} INFO - Processing /home/airflow/.local/lib/python3.6/site-packages/airflow/example_dags/tutorial.py took 0.056 seconds
[2021-09-29 06:08:24,939] {processor.py:162} INFO - Started process (PID=1333) to work on /home/airflow/.local/lib/python3.6/site-packages/airflow/example_dags/tutorial.py
[2021-09-29 06:08:24,939] {processor.py:613} INFO - Processing file /home/airflow/.local/lib/python3.6/site-packages/airflow/example_dags/tutorial.py for tasks to queue
[2021-09-29 06:08:24,940] {logging_mixin.py:109} INFO - [2021-09-29 06:08:24,940] {dagbag.py:496} INFO - Filling up the DagBag from /home/airflow/.local/lib/python3.6/site-packages/airflow/example_dags/tutorial.py
[2021-09-29 06:08:24,951] {processor.py:623} INFO - DAG(s) dict_keys(['tutorial']) retrieved from /home/airflow/.local/lib/python3.6/site-packages/airflow/example_dags/tutorial.py
[2021-09-29 06:08:24,976] {logging_mixin.py:109} INFO - [2021-09-29 06:08:24,976] {dag.py:1833} INFO - Sync 1 DAGs
[2021-09-29 06:08:24,997] {logging_mixin.py:109} INFO - [2021-09-29 06:08:24,996] {dag.py:2306} INFO - Setting next_dagrun for tutorial to 2021-09-27 00:00:00+00:00
[2021-09-29 06:08:25,009] {processor.py:170} INFO - Processing /home/airflow/.local/lib/python3.6/site-packages/airflow/example_dags/tutorial.py took 0.073 seconds
[2021-09-29 06:08:55,432] {processor.py:162} INFO - Started process (PID=1385) to work on /home/airflow/.local/lib/python3.6/site-packages/airflow/example_dags/tutorial.py
[2021-09-29 06:08:55,433] {processor.py:613} INFO - Processing file /home/airflow/.local/lib/python3.6/site-packages/airflow/example_dags/tutorial.py for tasks to queue
[2021-09-29 06:08:55,434] {logging_mixin.py:109} INFO - [2021-09-29 06:08:55,434] {dagbag.py:496} INFO - Filling up the DagBag from /home/airflow/.local/lib/python3.6/site-packages/airflow/example_dags/tutorial.py
[2021-09-29 06:08:55,445] {processor.py:623} INFO - DAG(s) dict_keys(['tutorial']) retrieved from /home/airflow/.local/lib/python3.6/site-packages/airflow/example_dags/tutorial.py
[2021-09-29 06:08:55,463] {logging_mixin.py:109} INFO - [2021-09-29 06:08:55,462] {dag.py:1833} INFO - Sync 1 DAGs
[2021-09-29 06:08:55,476] {logging_mixin.py:109} INFO - [2021-09-29 06:08:55,476] {dag.py:2306} INFO - Setting next_dagrun for tutorial to 2021-09-27 00:00:00+00:00
[2021-09-29 06:08:55,484] {processor.py:170} INFO - Processing /home/airflow/.local/lib/python3.6/site-packages/airflow/example_dags/tutorial.py took 0.055 seconds
[2021-09-29 06:09:25,857] {processor.py:162} INFO - Started process (PID=1448) to work on /home/airflow/.local/lib/python3.6/site-packages/airflow/example_dags/tutorial.py
[2021-09-29 06:09:25,858] {processor.py:613} INFO - Processing file /home/airflow/.local/lib/python3.6/site-packages/airflow/example_dags/tutorial.py for tasks to queue
[2021-09-29 06:09:25,858] {logging_mixin.py:109} INFO - [2021-09-29 06:09:25,858] {dagbag.py:496} INFO - Filling up the DagBag from /home/airflow/.local/lib/python3.6/site-packages/airflow/example_dags/tutorial.py
[2021-09-29 06:09:25,870] {processor.py:623} INFO - DAG(s) dict_keys(['tutorial']) retrieved from /home/airflow/.local/lib/python3.6/site-packages/airflow/example_dags/tutorial.py
[2021-09-29 06:09:25,890] {logging_mixin.py:109} INFO - [2021-09-29 06:09:25,890] {dag.py:1833} INFO - Sync 1 DAGs
[2021-09-29 06:09:25,906] {logging_mixin.py:109} INFO - [2021-09-29 06:09:25,906] {dag.py:2306} INFO - Setting next_dagrun for tutorial to 2021-09-27 00:00:00+00:00
[2021-09-29 06:09:25,918] {processor.py:170} INFO - Processing /home/airflow/.local/lib/python3.6/site-packages/airflow/example_dags/tutorial.py took 0.064 seconds
[2021-09-29 06:09:56,024] {processor.py:162} INFO - Started process (PID=1511) to work on /home/airflow/.local/lib/python3.6/site-packages/airflow/example_dags/tutorial.py
[2021-09-29 06:09:56,025] {processor.py:613} INFO - Processing file /home/airflow/.local/lib/python3.6/site-packages/airflow/example_dags/tutorial.py for tasks to queue
[2021-09-29 06:09:56,025] {logging_mixin.py:109} INFO - [2021-09-29 06:09:56,025] {dagbag.py:496} INFO - Filling up the DagBag from /home/airflow/.local/lib/python3.6/site-packages/airflow/example_dags/tutorial.py
[2021-09-29 06:09:56,041] {processor.py:623} INFO - DAG(s) dict_keys(['tutorial']) retrieved from /home/airflow/.local/lib/python3.6/site-packages/airflow/example_dags/tutorial.py
[2021-09-29 06:09:56,070] {logging_mixin.py:109} INFO - [2021-09-29 06:09:56,070] {dag.py:1833} INFO - Sync 1 DAGs
[2021-09-29 06:09:56,089] {logging_mixin.py:109} INFO - [2021-09-29 06:09:56,089] {dag.py:2306} INFO - Setting next_dagrun for tutorial to 2021-09-27 00:00:00+00:00
[2021-09-29 06:09:56,102] {processor.py:170} INFO - Processing /home/airflow/.local/lib/python3.6/site-packages/airflow/example_dags/tutorial.py took 0.080 seconds
[2021-09-29 06:10:26,274] {processor.py:162} INFO - Started process (PID=1563) to work on /home/airflow/.local/lib/python3.6/site-packages/airflow/example_dags/tutorial.py
[2021-09-29 06:10:26,275] {processor.py:613} INFO - Processing file /home/airflow/.local/lib/python3.6/site-packages/airflow/example_dags/tutorial.py for tasks to queue
[2021-09-29 06:10:26,275] {logging_mixin.py:109} INFO - [2021-09-29 06:10:26,275] {dagbag.py:496} INFO - Filling up the DagBag from /home/airflow/.local/lib/python3.6/site-packages/airflow/example_dags/tutorial.py
[2021-09-29 06:10:26,290] {processor.py:623} INFO - DAG(s) dict_keys(['tutorial']) retrieved from /home/airflow/.local/lib/python3.6/site-packages/airflow/example_dags/tutorial.py
[2021-09-29 06:10:26,317] {logging_mixin.py:109} INFO - [2021-09-29 06:10:26,317] {dag.py:1833} INFO - Sync 1 DAGs
[2021-09-29 06:10:26,340] {logging_mixin.py:109} INFO - [2021-09-29 06:10:26,340] {dag.py:2306} INFO - Setting next_dagrun for tutorial to 2021-09-27 00:00:00+00:00
[2021-09-29 06:10:26,355] {processor.py:170} INFO - Processing /home/airflow/.local/lib/python3.6/site-packages/airflow/example_dags/tutorial.py took 0.083 seconds
[2021-09-29 06:10:56,660] {processor.py:162} INFO - Started process (PID=1626) to work on /home/airflow/.local/lib/python3.6/site-packages/airflow/example_dags/tutorial.py
[2021-09-29 06:10:56,661] {processor.py:613} INFO - Processing file /home/airflow/.local/lib/python3.6/site-packages/airflow/example_dags/tutorial.py for tasks to queue
[2021-09-29 06:10:56,661] {logging_mixin.py:109} INFO - [2021-09-29 06:10:56,661] {dagbag.py:496} INFO - Filling up the DagBag from /home/airflow/.local/lib/python3.6/site-packages/airflow/example_dags/tutorial.py
[2021-09-29 06:10:56,670] {processor.py:623} INFO - DAG(s) dict_keys(['tutorial']) retrieved from /home/airflow/.local/lib/python3.6/site-packages/airflow/example_dags/tutorial.py
[2021-09-29 06:10:56,689] {logging_mixin.py:109} INFO - [2021-09-29 06:10:56,689] {dag.py:1833} INFO - Sync 1 DAGs
[2021-09-29 06:10:56,702] {logging_mixin.py:109} INFO - [2021-09-29 06:10:56,702] {dag.py:2306} INFO - Setting next_dagrun for tutorial to 2021-09-27 00:00:00+00:00
[2021-09-29 06:10:56,710] {processor.py:170} INFO - Processing /home/airflow/.local/lib/python3.6/site-packages/airflow/example_dags/tutorial.py took 0.052 seconds
[2021-09-29 06:11:26,984] {processor.py:162} INFO - Started process (PID=1679) to work on /home/airflow/.local/lib/python3.6/site-packages/airflow/example_dags/tutorial.py
[2021-09-29 06:11:26,985] {processor.py:613} INFO - Processing file /home/airflow/.local/lib/python3.6/site-packages/airflow/example_dags/tutorial.py for tasks to queue
[2021-09-29 06:11:26,986] {logging_mixin.py:109} INFO - [2021-09-29 06:11:26,985] {dagbag.py:496} INFO - Filling up the DagBag from /home/airflow/.local/lib/python3.6/site-packages/airflow/example_dags/tutorial.py
[2021-09-29 06:11:27,001] {processor.py:623} INFO - DAG(s) dict_keys(['tutorial']) retrieved from /home/airflow/.local/lib/python3.6/site-packages/airflow/example_dags/tutorial.py
[2021-09-29 06:11:27,037] {logging_mixin.py:109} INFO - [2021-09-29 06:11:27,037] {dag.py:1833} INFO - Sync 1 DAGs
[2021-09-29 06:11:27,058] {logging_mixin.py:109} INFO - [2021-09-29 06:11:27,057] {dag.py:2306} INFO - Setting next_dagrun for tutorial to 2021-09-27 00:00:00+00:00
[2021-09-29 06:11:27,067] {processor.py:170} INFO - Processing /home/airflow/.local/lib/python3.6/site-packages/airflow/example_dags/tutorial.py took 0.086 seconds
[2021-09-29 06:11:57,278] {processor.py:162} INFO - Started process (PID=1740) to work on /home/airflow/.local/lib/python3.6/site-packages/airflow/example_dags/tutorial.py
[2021-09-29 06:11:57,279] {processor.py:613} INFO - Processing file /home/airflow/.local/lib/python3.6/site-packages/airflow/example_dags/tutorial.py for tasks to queue
[2021-09-29 06:11:57,279] {logging_mixin.py:109} INFO - [2021-09-29 06:11:57,279] {dagbag.py:496} INFO - Filling up the DagBag from /home/airflow/.local/lib/python3.6/site-packages/airflow/example_dags/tutorial.py
[2021-09-29 06:11:57,288] {processor.py:623} INFO - DAG(s) dict_keys(['tutorial']) retrieved from /home/airflow/.local/lib/python3.6/site-packages/airflow/example_dags/tutorial.py
[2021-09-29 06:11:57,307] {logging_mixin.py:109} INFO - [2021-09-29 06:11:57,307] {dag.py:1833} INFO - Sync 1 DAGs
[2021-09-29 06:11:57,323] {logging_mixin.py:109} INFO - [2021-09-29 06:11:57,323] {dag.py:2306} INFO - Setting next_dagrun for tutorial to 2021-09-27 00:00:00+00:00
[2021-09-29 06:11:57,340] {processor.py:170} INFO - Processing /home/airflow/.local/lib/python3.6/site-packages/airflow/example_dags/tutorial.py took 0.065 seconds
[2021-09-29 06:12:27,571] {processor.py:162} INFO - Started process (PID=1803) to work on /home/airflow/.local/lib/python3.6/site-packages/airflow/example_dags/tutorial.py
[2021-09-29 06:12:27,572] {processor.py:613} INFO - Processing file /home/airflow/.local/lib/python3.6/site-packages/airflow/example_dags/tutorial.py for tasks to queue
[2021-09-29 06:12:27,572] {logging_mixin.py:109} INFO - [2021-09-29 06:12:27,572] {dagbag.py:496} INFO - Filling up the DagBag from /home/airflow/.local/lib/python3.6/site-packages/airflow/example_dags/tutorial.py
[2021-09-29 06:12:27,581] {processor.py:623} INFO - DAG(s) dict_keys(['tutorial']) retrieved from /home/airflow/.local/lib/python3.6/site-packages/airflow/example_dags/tutorial.py
[2021-09-29 06:12:27,600] {logging_mixin.py:109} INFO - [2021-09-29 06:12:27,600] {dag.py:1833} INFO - Sync 1 DAGs
[2021-09-29 06:12:27,613] {logging_mixin.py:109} INFO - [2021-09-29 06:12:27,612] {dag.py:2306} INFO - Setting next_dagrun for tutorial to 2021-09-27 00:00:00+00:00
[2021-09-29 06:12:27,629] {processor.py:170} INFO - Processing /home/airflow/.local/lib/python3.6/site-packages/airflow/example_dags/tutorial.py took 0.059 seconds
[2021-09-29 06:12:57,766] {processor.py:162} INFO - Started process (PID=1855) to work on /home/airflow/.local/lib/python3.6/site-packages/airflow/example_dags/tutorial.py
[2021-09-29 06:12:57,767] {processor.py:613} INFO - Processing file /home/airflow/.local/lib/python3.6/site-packages/airflow/example_dags/tutorial.py for tasks to queue
[2021-09-29 06:12:57,767] {logging_mixin.py:109} INFO - [2021-09-29 06:12:57,767] {dagbag.py:496} INFO - Filling up the DagBag from /home/airflow/.local/lib/python3.6/site-packages/airflow/example_dags/tutorial.py
[2021-09-29 06:12:57,779] {processor.py:623} INFO - DAG(s) dict_keys(['tutorial']) retrieved from /home/airflow/.local/lib/python3.6/site-packages/airflow/example_dags/tutorial.py
[2021-09-29 06:12:57,797] {logging_mixin.py:109} INFO - [2021-09-29 06:12:57,797] {dag.py:1833} INFO - Sync 1 DAGs
[2021-09-29 06:12:57,811] {logging_mixin.py:109} INFO - [2021-09-29 06:12:57,811] {dag.py:2306} INFO - Setting next_dagrun for tutorial to 2021-09-27 00:00:00+00:00
[2021-09-29 06:12:57,824] {processor.py:170} INFO - Processing /home/airflow/.local/lib/python3.6/site-packages/airflow/example_dags/tutorial.py took 0.059 seconds
