[2021-08-26 06:35:13,929] {taskinstance.py:903} INFO - Dependencies all met for <TaskInstance: trigger_airbyte_dbt_job.airbyte_example 2021-08-26T06:35:12.717172+00:00 [queued]>
[2021-08-26 06:35:13,954] {taskinstance.py:903} INFO - Dependencies all met for <TaskInstance: trigger_airbyte_dbt_job.airbyte_example 2021-08-26T06:35:12.717172+00:00 [queued]>
[2021-08-26 06:35:13,954] {taskinstance.py:1094} INFO - 
--------------------------------------------------------------------------------
[2021-08-26 06:35:13,954] {taskinstance.py:1095} INFO - Starting attempt 1 of 1
[2021-08-26 06:35:13,954] {taskinstance.py:1096} INFO - 
--------------------------------------------------------------------------------
[2021-08-26 06:35:13,963] {taskinstance.py:1114} INFO - Executing <Task(AirbyteTriggerSyncOperator): airbyte_example> on 2021-08-26T06:35:12.717172+00:00
[2021-08-26 06:35:13,968] {standard_task_runner.py:52} INFO - Started process 3763 to run task
[2021-08-26 06:35:13,971] {standard_task_runner.py:76} INFO - Running: ['***', 'tasks', 'run', 'trigger_airbyte_dbt_job', 'airbyte_example', '2021-08-26T06:35:12.717172+00:00', '--job-id', '10', '--pool', 'default_pool', '--raw', '--subdir', 'DAGS_FOLDER/dag_airbyte_dbt.py', '--cfg-path', '/tmp/tmp6dmry9ca', '--error-file', '/tmp/tmpreeou7cj']
[2021-08-26 06:35:13,971] {standard_task_runner.py:77} INFO - Job 10: Subtask airbyte_example
[2021-08-26 06:35:14,002] {logging_mixin.py:109} INFO - Running <TaskInstance: trigger_airbyte_dbt_job.airbyte_example 2021-08-26T06:35:12.717172+00:00 [running]> on host bf40e4a9e66e
[2021-08-26 06:35:14,041] {taskinstance.py:1253} INFO - Exporting the following env vars:
AIRFLOW_CTX_DAG_OWNER=***
AIRFLOW_CTX_DAG_ID=trigger_airbyte_dbt_job
AIRFLOW_CTX_TASK_ID=airbyte_example
AIRFLOW_CTX_EXECUTION_DATE=2021-08-26T06:35:12.717172+00:00
AIRFLOW_CTX_DAG_RUN_ID=manual__2021-08-26T06:35:12.717172+00:00
[2021-08-26 06:35:14,049] {base.py:79} INFO - Using connection to: id: airbyte_example. Host: host.docker.internal, Port: 8000, Schema: , Login: None, Password: None, extra: {}
[2021-08-26 06:35:14,051] {http.py:140} INFO - Sending 'POST' to url: http://host.docker.internal:8000/api/v1/connections/sync
[2021-08-26 06:35:14,070] {airbyte.py:77} INFO - Job 5 was submitted to Airbyte Server
[2021-08-26 06:35:14,071] {airbyte.py:79} INFO - Waiting for job 5 to complete
[2021-08-26 06:35:17,080] {base.py:79} INFO - Using connection to: id: airbyte_example. Host: host.docker.internal, Port: 8000, Schema: , Login: None, Password: None, extra: {}
[2021-08-26 06:35:17,081] {http.py:140} INFO - Sending 'POST' to url: http://host.docker.internal:8000/api/v1/jobs/get
[2021-08-26 06:35:20,096] {base.py:79} INFO - Using connection to: id: airbyte_example. Host: host.docker.internal, Port: 8000, Schema: , Login: None, Password: None, extra: {}
[2021-08-26 06:35:20,096] {http.py:140} INFO - Sending 'POST' to url: http://host.docker.internal:8000/api/v1/jobs/get
[2021-08-26 06:35:23,113] {base.py:79} INFO - Using connection to: id: airbyte_example. Host: host.docker.internal, Port: 8000, Schema: , Login: None, Password: None, extra: {}
[2021-08-26 06:35:23,115] {http.py:140} INFO - Sending 'POST' to url: http://host.docker.internal:8000/api/v1/jobs/get
[2021-08-26 06:35:26,152] {base.py:79} INFO - Using connection to: id: airbyte_example. Host: host.docker.internal, Port: 8000, Schema: , Login: None, Password: None, extra: {}
[2021-08-26 06:35:26,153] {http.py:140} INFO - Sending 'POST' to url: http://host.docker.internal:8000/api/v1/jobs/get
[2021-08-26 06:35:29,166] {base.py:79} INFO - Using connection to: id: airbyte_example. Host: host.docker.internal, Port: 8000, Schema: , Login: None, Password: None, extra: {}
[2021-08-26 06:35:29,167] {http.py:140} INFO - Sending 'POST' to url: http://host.docker.internal:8000/api/v1/jobs/get
[2021-08-26 06:35:32,180] {base.py:79} INFO - Using connection to: id: airbyte_example. Host: host.docker.internal, Port: 8000, Schema: , Login: None, Password: None, extra: {}
[2021-08-26 06:35:32,180] {http.py:140} INFO - Sending 'POST' to url: http://host.docker.internal:8000/api/v1/jobs/get
[2021-08-26 06:35:35,193] {base.py:79} INFO - Using connection to: id: airbyte_example. Host: host.docker.internal, Port: 8000, Schema: , Login: None, Password: None, extra: {}
[2021-08-26 06:35:35,194] {http.py:140} INFO - Sending 'POST' to url: http://host.docker.internal:8000/api/v1/jobs/get
[2021-08-26 06:35:38,211] {base.py:79} INFO - Using connection to: id: airbyte_example. Host: host.docker.internal, Port: 8000, Schema: , Login: None, Password: None, extra: {}
[2021-08-26 06:35:38,211] {http.py:140} INFO - Sending 'POST' to url: http://host.docker.internal:8000/api/v1/jobs/get
[2021-08-26 06:35:41,226] {base.py:79} INFO - Using connection to: id: airbyte_example. Host: host.docker.internal, Port: 8000, Schema: , Login: None, Password: None, extra: {}
[2021-08-26 06:35:41,226] {http.py:140} INFO - Sending 'POST' to url: http://host.docker.internal:8000/api/v1/jobs/get
[2021-08-26 06:35:44,240] {base.py:79} INFO - Using connection to: id: airbyte_example. Host: host.docker.internal, Port: 8000, Schema: , Login: None, Password: None, extra: {}
[2021-08-26 06:35:44,241] {http.py:140} INFO - Sending 'POST' to url: http://host.docker.internal:8000/api/v1/jobs/get
[2021-08-26 06:35:47,261] {base.py:79} INFO - Using connection to: id: airbyte_example. Host: host.docker.internal, Port: 8000, Schema: , Login: None, Password: None, extra: {}
[2021-08-26 06:35:47,262] {http.py:140} INFO - Sending 'POST' to url: http://host.docker.internal:8000/api/v1/jobs/get
[2021-08-26 06:35:50,277] {base.py:79} INFO - Using connection to: id: airbyte_example. Host: host.docker.internal, Port: 8000, Schema: , Login: None, Password: None, extra: {}
[2021-08-26 06:35:50,278] {http.py:140} INFO - Sending 'POST' to url: http://host.docker.internal:8000/api/v1/jobs/get
[2021-08-26 06:35:53,295] {base.py:79} INFO - Using connection to: id: airbyte_example. Host: host.docker.internal, Port: 8000, Schema: , Login: None, Password: None, extra: {}
[2021-08-26 06:35:53,296] {http.py:140} INFO - Sending 'POST' to url: http://host.docker.internal:8000/api/v1/jobs/get
[2021-08-26 06:35:56,316] {base.py:79} INFO - Using connection to: id: airbyte_example. Host: host.docker.internal, Port: 8000, Schema: , Login: None, Password: None, extra: {}
[2021-08-26 06:35:56,317] {http.py:140} INFO - Sending 'POST' to url: http://host.docker.internal:8000/api/v1/jobs/get
[2021-08-26 06:35:59,329] {base.py:79} INFO - Using connection to: id: airbyte_example. Host: host.docker.internal, Port: 8000, Schema: , Login: None, Password: None, extra: {}
[2021-08-26 06:35:59,330] {http.py:140} INFO - Sending 'POST' to url: http://host.docker.internal:8000/api/v1/jobs/get
[2021-08-26 06:35:59,336] {airbyte.py:81} INFO - Job 5 completed successfully
[2021-08-26 06:35:59,354] {taskinstance.py:1218} INFO - Marking task as SUCCESS. dag_id=trigger_airbyte_dbt_job, task_id=airbyte_example, execution_date=20210826T063512, start_date=20210826T063513, end_date=20210826T063559
[2021-08-26 06:35:59,394] {local_task_job.py:151} INFO - Task exited with return code 0
[2021-08-26 06:35:59,413] {local_task_job.py:261} INFO - 0 downstream tasks scheduled from follow-on schedule check
